INFO:root:gNodeB 'W1140' has been launched with 3 cells.
INFO:root:gNodeB 'W1320' has been launched with 3 cells.
INFO:root:gNodeB 'W2018' has been launched with 3 cells.
INFO:root:Cell 'Ax1242' has been created in gNodeB 'W1140' with max capacity 10.
INFO:root:Cell 'BX1453' has been created in gNodeB 'W1140' with max capacity 10.
INFO:root:Cell 'CX1352' has been created in gNodeB 'W1140' with max capacity 10.
INFO:root:Cell 'AX1112' has been created in gNodeB 'W1320' with max capacity 10.
INFO:root:Cell 'BX1334' has been created in gNodeB 'W1320' with max capacity 10.
INFO:root:Cell 'CX1873' has been created in gNodeB 'W1320' with max capacity 10.
INFO:root:Cell 'AX9980' has been created in gNodeB 'W2018' with max capacity 10.
INFO:root:Cell 'BX1230' has been created in gNodeB 'W2018' with max capacity 10.
INFO:root:Cell 'CX5103' has been created in gNodeB 'W2018' with max capacity 10.
INFO:root:Cell 'Ax1242' has been added to gNodeB 'W1140'.
INFO:root:Cell 'BX1453' has been added to gNodeB 'W1140'.
INFO:root:Cell 'CX1352' has been added to gNodeB 'W1140'.
INFO:root:Cell 'AX1112' has been added to gNodeB 'W1320'.
INFO:root:Cell 'BX1334' has been added to gNodeB 'W1320'.
INFO:root:Cell 'CX1873' has been added to gNodeB 'W1320'.
INFO:root:Cell 'AX9980' has been added to gNodeB 'W2018'.
INFO:root:Cell 'BX1230' has been added to gNodeB 'W2018'.
INFO:root:Cell 'CX5103' has been added to gNodeB 'W2018'.
INFO:root:UE 'UE1' has been attached to Cell 'CX1352'.
INFO:root:gNodeB 'W1140' has been launched with 3 cells.
INFO:root:gNodeB 'W1320' has been launched with 3 cells.
INFO:root:gNodeB 'W2018' has been launched with 3 cells.
INFO:root:Cell 'Ax1242' has been created in gNodeB 'W1140' with max capacity 10.
INFO:root:Cell 'BX1453' has been created in gNodeB 'W1140' with max capacity 10.
INFO:root:Cell 'CX1352' has been created in gNodeB 'W1140' with max capacity 10.
INFO:root:Cell 'AX1112' has been created in gNodeB 'W1320' with max capacity 10.
INFO:root:Cell 'BX1334' has been created in gNodeB 'W1320' with max capacity 10.
INFO:root:Cell 'CX1873' has been created in gNodeB 'W1320' with max capacity 10.
INFO:root:Cell 'AX9980' has been created in gNodeB 'W2018' with max capacity 10.
INFO:root:Cell 'BX1230' has been created in gNodeB 'W2018' with max capacity 10.
INFO:root:Cell 'CX5103' has been created in gNodeB 'W2018' with max capacity 10.
INFO:root:Cell 'Ax1242' has been added to gNodeB 'W1140'.
INFO:root:Cell 'BX1453' has been added to gNodeB 'W1140'.
INFO:root:Cell 'CX1352' has been added to gNodeB 'W1140'.
INFO:root:Cell 'AX1112' has been added to gNodeB 'W1320'.
INFO:root:Cell 'BX1334' has been added to gNodeB 'W1320'.
INFO:root:Cell 'CX1873' has been added to gNodeB 'W1320'.
INFO:root:Cell 'AX9980' has been added to gNodeB 'W2018'.
INFO:root:Cell 'BX1230' has been added to gNodeB 'W2018'.
INFO:root:Cell 'CX5103' has been added to gNodeB 'W2018'.
INFO:root:UE 'UE1' has been attached to Cell 'BX1453'.
INFO:root:gNodeB 'W1140' has been launched with 3 cells.
INFO:root:gNodeB 'W1320' has been launched with 3 cells.
INFO:root:gNodeB 'W2018' has been launched with 3 cells.
INFO:root:Cell 'Ax1242' has been created in gNodeB 'W1140' with max capacity 10.
INFO:root:Cell 'BX1453' has been created in gNodeB 'W1140' with max capacity 10.
INFO:root:Cell 'CX1352' has been created in gNodeB 'W1140' with max capacity 10.
INFO:root:Cell 'AX1112' has been created in gNodeB 'W1320' with max capacity 10.
INFO:root:Cell 'BX1334' has been created in gNodeB 'W1320' with max capacity 10.
INFO:root:Cell 'CX1873' has been created in gNodeB 'W1320' with max capacity 10.
INFO:root:Cell 'AX9980' has been created in gNodeB 'W2018' with max capacity 10.
INFO:root:Cell 'BX1230' has been created in gNodeB 'W2018' with max capacity 10.
INFO:root:Cell 'CX5103' has been created in gNodeB 'W2018' with max capacity 10.
INFO:root:Cell 'Ax1242' has been added to gNodeB 'W1140'.
INFO:root:Cell 'BX1453' has been added to gNodeB 'W1140'.
INFO:root:Cell 'CX1352' has been added to gNodeB 'W1140'.
INFO:root:Cell 'AX1112' has been added to gNodeB 'W1320'.
INFO:root:Cell 'BX1334' has been added to gNodeB 'W1320'.
INFO:root:Cell 'CX1873' has been added to gNodeB 'W1320'.
INFO:root:Cell 'AX9980' has been added to gNodeB 'W2018'.
INFO:root:Cell 'BX1230' has been added to gNodeB 'W2018'.
INFO:root:Cell 'CX5103' has been added to gNodeB 'W2018'.
INFO:root:UE 'UE1' has been attached to Cell 'AX1112'.
