2023-12-11 12:19:22 - INFO - Testing cell load logging.
2023-12-11 12:19:22 - INFO - Cell Ax1242 @ gNodeB W1140 - Load: 30.0%
2023-12-11 12:19:22 - INFO - Cell BX1453 @ gNodeB W1140 - Load: 20.0%
2023-12-11 12:19:22 - INFO - Cell CX1352 @ gNodeB W1140 - Load: 15.0%
2023-12-11 12:19:22 - INFO - Testing cell load logging.
2023-12-11 12:19:22 - INFO - Cell AX1112 @ gNodeB W1320 - Load: 15.0%
2023-12-11 12:19:22 - INFO - Cell BX1334 @ gNodeB W1320 - Load: 20.0%
2023-12-11 12:19:22 - INFO - Cell CX1873 @ gNodeB W1320 - Load: 15.0%
2023-12-11 12:19:22 - INFO - Testing cell load logging.
2023-12-11 12:19:22 - INFO - Cell AX9980 @ gNodeB W2018 - Load: 40.0%
2023-12-11 12:19:22 - INFO - Cell BX1230 @ gNodeB W2018 - Load: 25.0%
2023-12-11 12:19:22 - INFO - Cell CX5103 @ gNodeB W2018 - Load: 20.0%
2023-12-11 12:19:27 - INFO - Testing cell load logging.
2023-12-11 12:19:27 - INFO - Cell Ax1242 @ gNodeB W1140 - Load: 30.0%
2023-12-11 12:19:27 - INFO - Cell BX1453 @ gNodeB W1140 - Load: 20.0%
2023-12-11 12:19:27 - INFO - Cell CX1352 @ gNodeB W1140 - Load: 15.0%
2023-12-11 12:19:27 - INFO - Testing cell load logging.
2023-12-11 12:19:27 - INFO - Cell AX1112 @ gNodeB W1320 - Load: 15.0%
2023-12-11 12:19:27 - INFO - Cell BX1334 @ gNodeB W1320 - Load: 20.0%
2023-12-11 12:19:27 - INFO - Cell CX1873 @ gNodeB W1320 - Load: 15.0%
2023-12-11 12:19:27 - INFO - Testing cell load logging.
2023-12-11 12:19:27 - INFO - Cell AX9980 @ gNodeB W2018 - Load: 40.0%
2023-12-11 12:19:27 - INFO - Cell BX1230 @ gNodeB W2018 - Load: 25.0%
2023-12-11 12:19:27 - INFO - Cell CX5103 @ gNodeB W2018 - Load: 20.0%
2023-12-11 12:19:32 - INFO - Testing cell load logging.
2023-12-11 12:19:32 - INFO - Cell Ax1242 @ gNodeB W1140 - Load: 30.0%
2023-12-11 12:19:32 - INFO - Cell BX1453 @ gNodeB W1140 - Load: 20.0%
2023-12-11 12:19:32 - INFO - Cell CX1352 @ gNodeB W1140 - Load: 15.0%
2023-12-11 12:19:32 - INFO - Testing cell load logging.
2023-12-11 12:19:32 - INFO - Cell AX1112 @ gNodeB W1320 - Load: 15.0%
2023-12-11 12:19:32 - INFO - Cell BX1334 @ gNodeB W1320 - Load: 20.0%
2023-12-11 12:19:32 - INFO - Cell CX1873 @ gNodeB W1320 - Load: 15.0%
2023-12-11 12:19:32 - INFO - Testing cell load logging.
2023-12-11 12:19:32 - INFO - Cell AX9980 @ gNodeB W2018 - Load: 40.0%
2023-12-11 12:19:32 - INFO - Cell BX1230 @ gNodeB W2018 - Load: 25.0%
2023-12-11 12:19:32 - INFO - Cell CX5103 @ gNodeB W2018 - Load: 20.0%
2023-12-11 12:19:37 - INFO - Testing cell load logging.
2023-12-11 12:19:37 - INFO - Cell Ax1242 @ gNodeB W1140 - Load: 30.0%
2023-12-11 12:19:37 - INFO - Cell BX1453 @ gNodeB W1140 - Load: 20.0%
2023-12-11 12:19:37 - INFO - Cell CX1352 @ gNodeB W1140 - Load: 15.0%
2023-12-11 12:19:37 - INFO - Testing cell load logging.
2023-12-11 12:19:37 - INFO - Cell AX1112 @ gNodeB W1320 - Load: 15.0%
2023-12-11 12:19:37 - INFO - Cell BX1334 @ gNodeB W1320 - Load: 20.0%
2023-12-11 12:19:37 - INFO - Cell CX1873 @ gNodeB W1320 - Load: 15.0%
2023-12-11 12:19:37 - INFO - Testing cell load logging.
2023-12-11 12:19:37 - INFO - Cell AX9980 @ gNodeB W2018 - Load: 40.0%
2023-12-11 12:19:37 - INFO - Cell BX1230 @ gNodeB W2018 - Load: 25.0%
2023-12-11 12:19:37 - INFO - Cell CX5103 @ gNodeB W2018 - Load: 20.0%
2023-12-11 12:19:42 - INFO - Testing cell load logging.
2023-12-11 12:19:42 - INFO - Cell Ax1242 @ gNodeB W1140 - Load: 30.0%
2023-12-11 12:19:42 - INFO - Cell BX1453 @ gNodeB W1140 - Load: 20.0%
2023-12-11 12:19:42 - INFO - Cell CX1352 @ gNodeB W1140 - Load: 15.0%
2023-12-11 12:19:42 - INFO - Testing cell load logging.
2023-12-11 12:19:42 - INFO - Cell AX1112 @ gNodeB W1320 - Load: 15.0%
2023-12-11 12:19:42 - INFO - Cell BX1334 @ gNodeB W1320 - Load: 20.0%
2023-12-11 12:19:42 - INFO - Cell CX1873 @ gNodeB W1320 - Load: 15.0%
2023-12-11 12:19:42 - INFO - Testing cell load logging.
2023-12-11 12:19:42 - INFO - Cell AX9980 @ gNodeB W2018 - Load: 40.0%
2023-12-11 12:19:42 - INFO - Cell BX1230 @ gNodeB W2018 - Load: 25.0%
2023-12-11 12:19:42 - INFO - Cell CX5103 @ gNodeB W2018 - Load: 20.0%
2023-12-11 12:19:47 - INFO - Testing cell load logging.
2023-12-11 12:19:47 - INFO - Cell Ax1242 @ gNodeB W1140 - Load: 30.0%
2023-12-11 12:19:47 - INFO - Cell BX1453 @ gNodeB W1140 - Load: 20.0%
2023-12-11 12:19:47 - INFO - Cell CX1352 @ gNodeB W1140 - Load: 15.0%
2023-12-11 12:19:47 - INFO - Testing cell load logging.
2023-12-11 12:19:47 - INFO - Cell AX1112 @ gNodeB W1320 - Load: 15.0%
2023-12-11 12:19:47 - INFO - Cell BX1334 @ gNodeB W1320 - Load: 20.0%
2023-12-11 12:19:47 - INFO - Cell CX1873 @ gNodeB W1320 - Load: 15.0%
2023-12-11 12:19:47 - INFO - Testing cell load logging.
2023-12-11 12:19:47 - INFO - Cell AX9980 @ gNodeB W2018 - Load: 40.0%
2023-12-11 12:19:47 - INFO - Cell BX1230 @ gNodeB W2018 - Load: 25.0%
2023-12-11 12:19:47 - INFO - Cell CX5103 @ gNodeB W2018 - Load: 20.0%
2023-12-11 12:19:52 - INFO - Testing cell load logging.
2023-12-11 12:19:52 - INFO - Cell Ax1242 @ gNodeB W1140 - Load: 30.0%
2023-12-11 12:19:52 - INFO - Cell BX1453 @ gNodeB W1140 - Load: 20.0%
2023-12-11 12:19:52 - INFO - Cell CX1352 @ gNodeB W1140 - Load: 15.0%
2023-12-11 12:19:52 - INFO - Testing cell load logging.
2023-12-11 12:19:52 - INFO - Cell AX1112 @ gNodeB W1320 - Load: 15.0%
2023-12-11 12:19:52 - INFO - Cell BX1334 @ gNodeB W1320 - Load: 20.0%
2023-12-11 12:19:52 - INFO - Cell CX1873 @ gNodeB W1320 - Load: 15.0%
2023-12-11 12:19:52 - INFO - Testing cell load logging.
2023-12-11 12:19:52 - INFO - Cell AX9980 @ gNodeB W2018 - Load: 40.0%
2023-12-11 12:19:52 - INFO - Cell BX1230 @ gNodeB W2018 - Load: 25.0%
2023-12-11 12:19:52 - INFO - Cell CX5103 @ gNodeB W2018 - Load: 20.0%
2023-12-11 12:36:15 - INFO - Testing cell load logging.
2023-12-11 12:36:15 - INFO - Cell Ax1242 @ gNodeB W1140 - Load: 15.0%
2023-12-11 12:36:15 - INFO - Cell BX1453 @ gNodeB W1140 - Load: 25.0%
2023-12-11 12:36:15 - INFO - Cell CX1352 @ gNodeB W1140 - Load: 15.0%
2023-12-11 12:36:15 - INFO - Testing cell load logging.
2023-12-11 12:36:15 - INFO - Cell AX1112 @ gNodeB W1320 - Load: 25.0%
2023-12-11 12:36:15 - INFO - Cell BX1334 @ gNodeB W1320 - Load: 40.0%
2023-12-11 12:36:15 - INFO - Cell CX1873 @ gNodeB W1320 - Load: 25.0%
2023-12-11 12:36:15 - INFO - Testing cell load logging.
2023-12-11 12:36:15 - INFO - Cell AX9980 @ gNodeB W2018 - Load: 15.0%
2023-12-11 12:36:15 - INFO - Cell BX1230 @ gNodeB W2018 - Load: 15.0%
2023-12-11 12:36:15 - INFO - Cell CX5103 @ gNodeB W2018 - Load: 25.0%
2023-12-11 12:36:20 - INFO - Testing cell load logging.
2023-12-11 12:36:20 - INFO - Cell Ax1242 @ gNodeB W1140 - Load: 15.0%
2023-12-11 12:36:20 - INFO - Cell BX1453 @ gNodeB W1140 - Load: 25.0%
2023-12-11 12:36:20 - INFO - Cell CX1352 @ gNodeB W1140 - Load: 15.0%
2023-12-11 12:36:20 - INFO - Testing cell load logging.
2023-12-11 12:36:20 - INFO - Cell AX1112 @ gNodeB W1320 - Load: 25.0%
2023-12-11 12:36:20 - INFO - Cell BX1334 @ gNodeB W1320 - Load: 40.0%
2023-12-11 12:36:20 - INFO - Cell CX1873 @ gNodeB W1320 - Load: 25.0%
2023-12-11 12:36:20 - INFO - Testing cell load logging.
2023-12-11 12:36:20 - INFO - Cell AX9980 @ gNodeB W2018 - Load: 15.0%
2023-12-11 12:36:20 - INFO - Cell BX1230 @ gNodeB W2018 - Load: 15.0%
2023-12-11 12:36:20 - INFO - Cell CX5103 @ gNodeB W2018 - Load: 25.0%
2023-12-11 12:36:25 - INFO - Testing cell load logging.
2023-12-11 12:36:25 - INFO - Cell Ax1242 @ gNodeB W1140 - Load: 15.0%
2023-12-11 12:36:25 - INFO - Cell BX1453 @ gNodeB W1140 - Load: 25.0%
2023-12-11 12:36:25 - INFO - Cell CX1352 @ gNodeB W1140 - Load: 15.0%
2023-12-11 12:36:25 - INFO - Testing cell load logging.
2023-12-11 12:36:25 - INFO - Cell AX1112 @ gNodeB W1320 - Load: 25.0%
2023-12-11 12:36:25 - INFO - Cell BX1334 @ gNodeB W1320 - Load: 40.0%
2023-12-11 12:36:25 - INFO - Cell CX1873 @ gNodeB W1320 - Load: 25.0%
2023-12-11 12:36:25 - INFO - Testing cell load logging.
2023-12-11 12:36:25 - INFO - Cell AX9980 @ gNodeB W2018 - Load: 15.0%
2023-12-11 12:36:25 - INFO - Cell BX1230 @ gNodeB W2018 - Load: 15.0%
2023-12-11 12:36:25 - INFO - Cell CX5103 @ gNodeB W2018 - Load: 25.0%
2023-12-11 12:36:30 - INFO - Testing cell load logging.
2023-12-11 12:36:30 - INFO - Cell Ax1242 @ gNodeB W1140 - Load: 15.0%
2023-12-11 12:36:30 - INFO - Cell BX1453 @ gNodeB W1140 - Load: 25.0%
2023-12-11 12:36:30 - INFO - Cell CX1352 @ gNodeB W1140 - Load: 15.0%
2023-12-11 12:36:30 - INFO - Testing cell load logging.
2023-12-11 12:36:30 - INFO - Cell AX1112 @ gNodeB W1320 - Load: 25.0%
2023-12-11 12:36:30 - INFO - Cell BX1334 @ gNodeB W1320 - Load: 40.0%
2023-12-11 12:36:30 - INFO - Cell CX1873 @ gNodeB W1320 - Load: 25.0%
2023-12-11 12:36:30 - INFO - Testing cell load logging.
2023-12-11 12:36:30 - INFO - Cell AX9980 @ gNodeB W2018 - Load: 15.0%
2023-12-11 12:36:30 - INFO - Cell BX1230 @ gNodeB W2018 - Load: 15.0%
2023-12-11 12:36:30 - INFO - Cell CX5103 @ gNodeB W2018 - Load: 25.0%
2023-12-11 12:36:35 - INFO - Testing cell load logging.
2023-12-11 12:36:35 - INFO - Cell Ax1242 @ gNodeB W1140 - Load: 15.0%
2023-12-11 12:36:35 - INFO - Cell BX1453 @ gNodeB W1140 - Load: 25.0%
2023-12-11 12:36:35 - INFO - Cell CX1352 @ gNodeB W1140 - Load: 15.0%
2023-12-11 12:36:35 - INFO - Testing cell load logging.
2023-12-11 12:36:35 - INFO - Cell AX1112 @ gNodeB W1320 - Load: 25.0%
2023-12-11 12:36:35 - INFO - Cell BX1334 @ gNodeB W1320 - Load: 40.0%
2023-12-11 12:36:35 - INFO - Cell CX1873 @ gNodeB W1320 - Load: 25.0%
2023-12-11 12:36:35 - INFO - Testing cell load logging.
2023-12-11 12:36:35 - INFO - Cell AX9980 @ gNodeB W2018 - Load: 15.0%
2023-12-11 12:36:35 - INFO - Cell BX1230 @ gNodeB W2018 - Load: 15.0%
2023-12-11 12:36:35 - INFO - Cell CX5103 @ gNodeB W2018 - Load: 25.0%
2023-12-11 12:36:40 - INFO - Testing cell load logging.
2023-12-11 12:36:40 - INFO - Cell Ax1242 @ gNodeB W1140 - Load: 15.0%
2023-12-11 12:36:40 - INFO - Cell BX1453 @ gNodeB W1140 - Load: 25.0%
2023-12-11 12:36:40 - INFO - Cell CX1352 @ gNodeB W1140 - Load: 15.0%
2023-12-11 12:36:40 - INFO - Testing cell load logging.
2023-12-11 12:36:40 - INFO - Cell AX1112 @ gNodeB W1320 - Load: 25.0%
2023-12-11 12:36:40 - INFO - Cell BX1334 @ gNodeB W1320 - Load: 40.0%
2023-12-11 12:36:40 - INFO - Cell CX1873 @ gNodeB W1320 - Load: 25.0%
2023-12-11 12:36:40 - INFO - Testing cell load logging.
2023-12-11 12:36:40 - INFO - Cell AX9980 @ gNodeB W2018 - Load: 15.0%
2023-12-11 12:36:40 - INFO - Cell BX1230 @ gNodeB W2018 - Load: 15.0%
2023-12-11 12:36:40 - INFO - Cell CX5103 @ gNodeB W2018 - Load: 25.0%
2023-12-11 12:36:45 - INFO - Testing cell load logging.
2023-12-11 12:36:45 - INFO - Cell Ax1242 @ gNodeB W1140 - Load: 15.0%
2023-12-11 12:36:45 - INFO - Cell BX1453 @ gNodeB W1140 - Load: 25.0%
2023-12-11 12:36:45 - INFO - Cell CX1352 @ gNodeB W1140 - Load: 15.0%
2023-12-11 12:36:45 - INFO - Testing cell load logging.
2023-12-11 12:36:45 - INFO - Cell AX1112 @ gNodeB W1320 - Load: 25.0%
2023-12-11 12:36:45 - INFO - Cell BX1334 @ gNodeB W1320 - Load: 40.0%
2023-12-11 12:36:45 - INFO - Cell CX1873 @ gNodeB W1320 - Load: 25.0%
2023-12-11 12:36:45 - INFO - Testing cell load logging.
2023-12-11 12:36:45 - INFO - Cell AX9980 @ gNodeB W2018 - Load: 15.0%
2023-12-11 12:36:45 - INFO - Cell BX1230 @ gNodeB W2018 - Load: 15.0%
2023-12-11 12:36:45 - INFO - Cell CX5103 @ gNodeB W2018 - Load: 25.0%
2023-12-11 12:36:50 - INFO - Testing cell load logging.
2023-12-11 12:36:50 - INFO - Cell Ax1242 @ gNodeB W1140 - Load: 15.0%
2023-12-11 12:36:50 - INFO - Cell BX1453 @ gNodeB W1140 - Load: 25.0%
2023-12-11 12:36:50 - INFO - Cell CX1352 @ gNodeB W1140 - Load: 15.0%
2023-12-11 12:36:50 - INFO - Testing cell load logging.
2023-12-11 12:36:50 - INFO - Cell AX1112 @ gNodeB W1320 - Load: 25.0%
2023-12-11 12:36:50 - INFO - Cell BX1334 @ gNodeB W1320 - Load: 40.0%
2023-12-11 12:36:50 - INFO - Cell CX1873 @ gNodeB W1320 - Load: 25.0%
2023-12-11 12:36:50 - INFO - Testing cell load logging.
2023-12-11 12:36:50 - INFO - Cell AX9980 @ gNodeB W2018 - Load: 15.0%
2023-12-11 12:36:50 - INFO - Cell BX1230 @ gNodeB W2018 - Load: 15.0%
2023-12-11 12:36:50 - INFO - Cell CX5103 @ gNodeB W2018 - Load: 25.0%
2023-12-11 12:46:40 - INFO - Testing cell load logging.
2023-12-11 12:46:40 - INFO - Cell Ax1242 @ gNodeB W1140 - Load: 35.0%
2023-12-11 12:46:40 - INFO - Cell BX1453 @ gNodeB W1140 - Load: 35.0%
2023-12-11 12:46:40 - INFO - Cell CX1352 @ gNodeB W1140 - Load: 30.0%
2023-12-11 12:46:40 - INFO - Testing cell load logging.
2023-12-11 12:46:40 - INFO - Cell AX1112 @ gNodeB W1320 - Load: 30.0%
2023-12-11 12:46:40 - INFO - Cell BX1334 @ gNodeB W1320 - Load: 5.0%
2023-12-11 12:46:40 - INFO - Cell CX1873 @ gNodeB W1320 - Load: 25.0%
2023-12-11 12:46:40 - INFO - Testing cell load logging.
2023-12-11 12:46:40 - INFO - Cell AX9980 @ gNodeB W2018 - Load: 5.0%
2023-12-11 12:46:40 - INFO - Cell BX1230 @ gNodeB W2018 - Load: 25.0%
2023-12-11 12:46:40 - INFO - Cell CX5103 @ gNodeB W2018 - Load: 10.0%
2023-12-11 12:46:45 - INFO - Testing cell load logging.
2023-12-11 12:46:45 - INFO - Cell Ax1242 @ gNodeB W1140 - Load: 35.0%
2023-12-11 12:46:45 - INFO - Cell BX1453 @ gNodeB W1140 - Load: 35.0%
2023-12-11 12:46:45 - INFO - Cell CX1352 @ gNodeB W1140 - Load: 30.0%
2023-12-11 12:46:45 - INFO - Testing cell load logging.
2023-12-11 12:46:45 - INFO - Cell AX1112 @ gNodeB W1320 - Load: 30.0%
2023-12-11 12:46:45 - INFO - Cell BX1334 @ gNodeB W1320 - Load: 5.0%
2023-12-11 12:46:45 - INFO - Cell CX1873 @ gNodeB W1320 - Load: 25.0%
2023-12-11 12:46:45 - INFO - Testing cell load logging.
2023-12-11 12:46:45 - INFO - Cell AX9980 @ gNodeB W2018 - Load: 5.0%
2023-12-11 12:46:45 - INFO - Cell BX1230 @ gNodeB W2018 - Load: 25.0%
2023-12-11 12:46:45 - INFO - Cell CX5103 @ gNodeB W2018 - Load: 10.0%
2023-12-11 12:46:50 - INFO - Testing cell load logging.
2023-12-11 12:46:50 - INFO - Cell Ax1242 @ gNodeB W1140 - Load: 35.0%
2023-12-11 12:46:50 - INFO - Cell BX1453 @ gNodeB W1140 - Load: 35.0%
2023-12-11 12:46:50 - INFO - Cell CX1352 @ gNodeB W1140 - Load: 30.0%
2023-12-11 12:46:50 - INFO - Testing cell load logging.
2023-12-11 12:46:50 - INFO - Cell AX1112 @ gNodeB W1320 - Load: 30.0%
2023-12-11 12:46:50 - INFO - Cell BX1334 @ gNodeB W1320 - Load: 5.0%
2023-12-11 12:46:50 - INFO - Cell CX1873 @ gNodeB W1320 - Load: 25.0%
2023-12-11 12:46:50 - INFO - Testing cell load logging.
2023-12-11 12:46:50 - INFO - Cell AX9980 @ gNodeB W2018 - Load: 5.0%
2023-12-11 12:46:50 - INFO - Cell BX1230 @ gNodeB W2018 - Load: 25.0%
2023-12-11 12:46:50 - INFO - Cell CX5103 @ gNodeB W2018 - Load: 10.0%
2023-12-11 12:46:55 - INFO - Testing cell load logging.
2023-12-11 12:46:55 - INFO - Cell Ax1242 @ gNodeB W1140 - Load: 35.0%
2023-12-11 12:46:55 - INFO - Cell BX1453 @ gNodeB W1140 - Load: 35.0%
2023-12-11 12:46:55 - INFO - Cell CX1352 @ gNodeB W1140 - Load: 30.0%
2023-12-11 12:46:55 - INFO - Testing cell load logging.
2023-12-11 12:46:55 - INFO - Cell AX1112 @ gNodeB W1320 - Load: 30.0%
2023-12-11 12:46:55 - INFO - Cell BX1334 @ gNodeB W1320 - Load: 5.0%
2023-12-11 12:46:55 - INFO - Cell CX1873 @ gNodeB W1320 - Load: 25.0%
2023-12-11 12:46:55 - INFO - Testing cell load logging.
2023-12-11 12:46:55 - INFO - Cell AX9980 @ gNodeB W2018 - Load: 5.0%
2023-12-11 12:46:55 - INFO - Cell BX1230 @ gNodeB W2018 - Load: 25.0%
2023-12-11 12:46:55 - INFO - Cell CX5103 @ gNodeB W2018 - Load: 10.0%
2023-12-11 12:47:00 - INFO - Testing cell load logging.
2023-12-11 12:47:00 - INFO - Cell Ax1242 @ gNodeB W1140 - Load: 35.0%
2023-12-11 12:47:00 - INFO - Cell BX1453 @ gNodeB W1140 - Load: 35.0%
2023-12-11 12:47:00 - INFO - Cell CX1352 @ gNodeB W1140 - Load: 30.0%
2023-12-11 12:47:00 - INFO - Testing cell load logging.
2023-12-11 12:47:00 - INFO - Cell AX1112 @ gNodeB W1320 - Load: 30.0%
2023-12-11 12:47:00 - INFO - Cell BX1334 @ gNodeB W1320 - Load: 5.0%
2023-12-11 12:47:00 - INFO - Cell CX1873 @ gNodeB W1320 - Load: 25.0%
2023-12-11 12:47:00 - INFO - Testing cell load logging.
2023-12-11 12:47:00 - INFO - Cell AX9980 @ gNodeB W2018 - Load: 5.0%
2023-12-11 12:47:00 - INFO - Cell BX1230 @ gNodeB W2018 - Load: 25.0%
2023-12-11 12:47:00 - INFO - Cell CX5103 @ gNodeB W2018 - Load: 10.0%
2023-12-11 12:47:05 - INFO - Testing cell load logging.
2023-12-11 12:47:05 - INFO - Cell Ax1242 @ gNodeB W1140 - Load: 35.0%
2023-12-11 12:47:05 - INFO - Cell BX1453 @ gNodeB W1140 - Load: 35.0%
2023-12-11 12:47:05 - INFO - Cell CX1352 @ gNodeB W1140 - Load: 30.0%
2023-12-11 12:47:05 - INFO - Testing cell load logging.
2023-12-11 12:47:05 - INFO - Cell AX1112 @ gNodeB W1320 - Load: 30.0%
2023-12-11 12:47:05 - INFO - Cell BX1334 @ gNodeB W1320 - Load: 5.0%
2023-12-11 12:47:05 - INFO - Cell CX1873 @ gNodeB W1320 - Load: 25.0%
2023-12-11 12:47:05 - INFO - Testing cell load logging.
2023-12-11 12:47:05 - INFO - Cell AX9980 @ gNodeB W2018 - Load: 5.0%
2023-12-11 12:47:05 - INFO - Cell BX1230 @ gNodeB W2018 - Load: 25.0%
2023-12-11 12:47:05 - INFO - Cell CX5103 @ gNodeB W2018 - Load: 10.0%
2023-12-11 12:47:10 - INFO - Testing cell load logging.
2023-12-11 12:47:10 - INFO - Cell Ax1242 @ gNodeB W1140 - Load: 35.0%
2023-12-11 12:47:10 - INFO - Cell BX1453 @ gNodeB W1140 - Load: 35.0%
2023-12-11 12:47:10 - INFO - Cell CX1352 @ gNodeB W1140 - Load: 30.0%
2023-12-11 12:47:10 - INFO - Testing cell load logging.
2023-12-11 12:47:10 - INFO - Cell AX1112 @ gNodeB W1320 - Load: 30.0%
2023-12-11 12:47:10 - INFO - Cell BX1334 @ gNodeB W1320 - Load: 5.0%
2023-12-11 12:47:10 - INFO - Cell CX1873 @ gNodeB W1320 - Load: 25.0%
2023-12-11 12:47:10 - INFO - Testing cell load logging.
2023-12-11 12:47:10 - INFO - Cell AX9980 @ gNodeB W2018 - Load: 5.0%
2023-12-11 12:47:10 - INFO - Cell BX1230 @ gNodeB W2018 - Load: 25.0%
2023-12-11 12:47:10 - INFO - Cell CX5103 @ gNodeB W2018 - Load: 10.0%
2023-12-11 12:47:15 - INFO - Testing cell load logging.
2023-12-11 12:47:15 - INFO - Cell Ax1242 @ gNodeB W1140 - Load: 35.0%
2023-12-11 12:47:15 - INFO - Cell BX1453 @ gNodeB W1140 - Load: 35.0%
2023-12-11 12:47:15 - INFO - Cell CX1352 @ gNodeB W1140 - Load: 30.0%
2023-12-11 12:47:15 - INFO - Testing cell load logging.
2023-12-11 12:47:15 - INFO - Cell AX1112 @ gNodeB W1320 - Load: 30.0%
2023-12-11 12:47:15 - INFO - Cell BX1334 @ gNodeB W1320 - Load: 5.0%
2023-12-11 12:47:15 - INFO - Cell CX1873 @ gNodeB W1320 - Load: 25.0%
2023-12-11 12:47:15 - INFO - Testing cell load logging.
2023-12-11 12:47:15 - INFO - Cell AX9980 @ gNodeB W2018 - Load: 5.0%
2023-12-11 12:47:15 - INFO - Cell BX1230 @ gNodeB W2018 - Load: 25.0%
2023-12-11 12:47:15 - INFO - Cell CX5103 @ gNodeB W2018 - Load: 10.0%
2023-12-11 12:47:20 - INFO - Testing cell load logging.
2023-12-11 12:47:20 - INFO - Cell Ax1242 @ gNodeB W1140 - Load: 35.0%
2023-12-11 12:47:20 - INFO - Cell BX1453 @ gNodeB W1140 - Load: 35.0%
2023-12-11 12:47:20 - INFO - Cell CX1352 @ gNodeB W1140 - Load: 30.0%
2023-12-11 12:47:20 - INFO - Testing cell load logging.
2023-12-11 12:47:20 - INFO - Cell AX1112 @ gNodeB W1320 - Load: 30.0%
2023-12-11 12:47:20 - INFO - Cell BX1334 @ gNodeB W1320 - Load: 5.0%
2023-12-11 12:47:20 - INFO - Cell CX1873 @ gNodeB W1320 - Load: 25.0%
2023-12-11 12:47:20 - INFO - Testing cell load logging.
2023-12-11 12:47:20 - INFO - Cell AX9980 @ gNodeB W2018 - Load: 5.0%
2023-12-11 12:47:20 - INFO - Cell BX1230 @ gNodeB W2018 - Load: 25.0%
2023-12-11 12:47:20 - INFO - Cell CX5103 @ gNodeB W2018 - Load: 10.0%
