2023-12-10 22:40:54 - INFO - UE initialized with ID UE1 at 2023-12-10 22:40:54.885539
2023-12-10 22:40:55 - INFO - UE with ID UE1 added to Cell CX5103 at 2023-12-10 22:40:55.887528
2023-12-10 22:40:55 - INFO - UE initialized with ID UE1 at 2023-12-10 22:40:55.894396
2023-12-10 22:40:56 - INFO - UE with ID UE1 added to Cell BX1230 at 2023-12-10 22:40:56.895772
2023-12-10 22:40:56 - INFO - UE initialized with ID UE2 at 2023-12-10 22:40:56.901439
2023-12-10 22:40:57 - INFO - UE with ID UE1 added to Cell BX1334 at 2023-12-10 22:40:57.902286
2023-12-10 22:40:57 - INFO - UE initialized with ID UE3 at 2023-12-10 22:40:57.909300
2023-12-10 22:40:58 - INFO - UE with ID UE1 added to Cell BX1334 at 2023-12-10 22:40:58.910164
2023-12-10 22:40:58 - INFO - UE initialized with ID UE4 at 2023-12-10 22:40:58.915961
2023-12-10 22:40:59 - INFO - UE with ID UE1 added to Cell AX9980 at 2023-12-10 22:40:59.916518
2023-12-10 22:40:59 - INFO - UE initialized with ID UE5 at 2023-12-10 22:40:59.921266
2023-12-10 22:41:00 - INFO - UE with ID UE1 added to Cell AX1112 at 2023-12-10 22:41:00.922642
2023-12-10 22:41:00 - INFO - UE initialized with ID UE6 at 2023-12-10 22:41:00.928229
2023-12-10 22:41:01 - INFO - UE with ID UE1 added to Cell BX1334 at 2023-12-10 22:41:01.929253
2023-12-10 22:41:01 - INFO - UE initialized with ID UE7 at 2023-12-10 22:41:01.935141
2023-12-10 22:41:02 - INFO - UE with ID UE1 added to Cell Ax1242 at 2023-12-10 22:41:02.935822
2023-12-10 22:41:02 - INFO - UE initialized with ID UE8 at 2023-12-10 22:41:02.941029
2023-12-10 22:41:03 - INFO - UE with ID UE1 added to Cell CX1352 at 2023-12-10 22:41:03.942009
2023-12-10 22:41:03 - INFO - UE initialized with ID UE9 at 2023-12-10 22:41:03.946655
2023-12-10 22:41:04 - INFO - UE with ID UE1 added to Cell CX1873 at 2023-12-10 22:41:04.947584
2023-12-10 22:41:04 - INFO - UE initialized with ID UE10 at 2023-12-10 22:41:04.952799
2023-12-10 22:41:05 - INFO - UE with ID UE1 added to Cell Ax1242 at 2023-12-10 22:41:05.953835
2023-12-10 22:41:05 - INFO - UE initialized with ID UE11 at 2023-12-10 22:41:05.959066
2023-12-10 22:41:06 - INFO - UE with ID UE1 added to Cell AX9980 at 2023-12-10 22:41:06.960242
2023-12-10 22:41:06 - INFO - UE initialized with ID UE12 at 2023-12-10 22:41:06.965411
2023-12-10 22:41:07 - INFO - UE with ID UE1 added to Cell BX1334 at 2023-12-10 22:41:07.966974
2023-12-10 22:41:07 - INFO - UE initialized with ID UE13 at 2023-12-10 22:41:07.974098
2023-12-10 22:41:08 - INFO - UE with ID UE1 added to Cell CX5103 at 2023-12-10 22:41:08.976015
2023-12-10 22:41:08 - INFO - UE initialized with ID UE14 at 2023-12-10 22:41:08.980572
2023-12-10 22:41:09 - INFO - UE with ID UE1 added to Cell AX1112 at 2023-12-10 22:41:09.981711
2023-12-10 22:41:09 - INFO - UE initialized with ID UE15 at 2023-12-10 22:41:09.986941
2023-12-10 22:41:10 - INFO - UE with ID UE1 added to Cell BX1230 at 2023-12-10 22:41:10.987980
2023-12-10 22:41:10 - INFO - UE initialized with ID UE16 at 2023-12-10 22:41:10.993697
2023-12-10 22:41:11 - INFO - UE with ID UE1 added to Cell BX1453 at 2023-12-10 22:41:11.994742
2023-12-10 22:41:11 - INFO - UE initialized with ID UE17 at 2023-12-10 22:41:11.999674
2023-12-10 22:41:13 - INFO - UE with ID UE1 added to Cell CX5103 at 2023-12-10 22:41:13.001261
2023-12-10 22:41:13 - INFO - UE initialized with ID UE18 at 2023-12-10 22:41:13.007084
2023-12-10 22:41:14 - INFO - UE with ID UE1 added to Cell CX5103 at 2023-12-10 22:41:14.008457
2023-12-10 22:41:14 - INFO - UE initialized with ID UE19 at 2023-12-10 22:41:14.013036
2023-12-10 22:41:15 - INFO - UE with ID UE1 added to Cell CX5103 at 2023-12-10 22:41:15.014418
2023-12-10 22:41:15 - INFO - UE initialized with ID UE20 at 2023-12-10 22:41:15.019997
2023-12-10 22:41:16 - INFO - UE with ID UE1 added to Cell CX5103 at 2023-12-10 22:41:16.021136
2023-12-10 22:41:16 - INFO - UE initialized with ID UE21 at 2023-12-10 22:41:16.026745
2023-12-10 22:41:17 - INFO - UE with ID UE1 added to Cell BX1453 at 2023-12-10 22:41:17.027363
2023-12-10 22:41:17 - INFO - UE initialized with ID UE22 at 2023-12-10 22:41:17.033022
2023-12-10 22:41:18 - INFO - UE with ID UE1 added to Cell CX1352 at 2023-12-10 22:41:18.033789
2023-12-10 22:41:18 - INFO - UE initialized with ID UE23 at 2023-12-10 22:41:18.039572
2023-12-10 22:41:19 - INFO - UE with ID UE1 added to Cell Ax1242 at 2023-12-10 22:41:19.040837
2023-12-10 22:41:19 - INFO - UE initialized with ID UE24 at 2023-12-10 22:41:19.046082
2023-12-10 22:41:20 - INFO - UE with ID UE1 added to Cell BX1230 at 2023-12-10 22:41:20.046789
2023-12-10 22:41:20 - INFO - UE initialized with ID UE25 at 2023-12-10 22:41:20.052508
2023-12-10 22:41:21 - INFO - UE with ID UE1 added to Cell CX1352 at 2023-12-10 22:41:21.054017
2023-12-10 22:41:21 - INFO - UE initialized with ID UE26 at 2023-12-10 22:41:21.059288
2023-12-10 22:41:22 - INFO - UE with ID UE1 added to Cell BX1453 at 2023-12-10 22:41:22.060568
2023-12-10 22:41:22 - INFO - UE initialized with ID UE27 at 2023-12-10 22:41:22.065749
2023-12-10 22:41:23 - INFO - UE with ID UE1 added to Cell BX1453 at 2023-12-10 22:41:23.067082
2023-12-10 22:41:23 - INFO - UE initialized with ID UE28 at 2023-12-10 22:41:23.073033
2023-12-10 22:41:24 - INFO - UE with ID UE1 added to Cell CX1352 at 2023-12-10 22:41:24.074384
2023-12-10 22:41:24 - INFO - UE initialized with ID UE29 at 2023-12-10 22:41:24.079755
2023-12-10 22:41:25 - INFO - UE with ID UE1 added to Cell AX9980 at 2023-12-10 22:41:25.081075
2023-12-10 22:41:25 - INFO - UE initialized with ID UE30 at 2023-12-10 22:41:25.086419
2023-12-10 22:41:26 - INFO - UE with ID UE1 added to Cell AX1112 at 2023-12-10 22:41:26.087354
2023-12-10 22:41:26 - INFO - UE initialized with ID UE31 at 2023-12-10 22:41:26.093049
2023-12-10 22:41:27 - INFO - UE with ID UE1 added to Cell Ax1242 at 2023-12-10 22:41:27.094301
2023-12-10 22:41:27 - INFO - UE initialized with ID UE32 at 2023-12-10 22:41:27.100086
2023-12-10 22:41:28 - INFO - UE with ID UE1 added to Cell BX1334 at 2023-12-10 22:41:28.101197
2023-12-10 22:41:28 - INFO - UE initialized with ID UE33 at 2023-12-10 22:41:28.107090
2023-12-10 22:41:29 - INFO - UE with ID UE1 added to Cell CX1873 at 2023-12-10 22:41:29.107943
2023-12-10 22:41:29 - INFO - UE initialized with ID UE34 at 2023-12-10 22:41:29.113895
2023-12-10 22:41:30 - INFO - UE with ID UE1 added to Cell CX1352 at 2023-12-10 22:41:30.115708
2023-12-10 22:41:30 - INFO - UE initialized with ID UE35 at 2023-12-10 22:41:30.121355
2023-12-10 22:41:31 - INFO - UE with ID UE1 added to Cell CX1352 at 2023-12-10 22:41:31.122459
2023-12-10 22:41:31 - INFO - UE initialized with ID UE36 at 2023-12-10 22:41:31.128216
2023-12-10 22:41:32 - INFO - UE with ID UE1 added to Cell Ax1242 at 2023-12-10 22:41:32.129533
2023-12-10 22:41:32 - INFO - UE initialized with ID UE37 at 2023-12-10 22:41:32.135151
2023-12-10 22:41:33 - INFO - UE with ID UE1 added to Cell CX5103 at 2023-12-10 22:41:33.136169
2023-12-10 22:41:33 - INFO - UE initialized with ID UE38 at 2023-12-10 22:41:33.141966
2023-12-10 22:41:34 - INFO - UE with ID UE1 added to Cell CX5103 at 2023-12-10 22:41:34.143162
2023-12-10 22:41:34 - INFO - UE initialized with ID UE39 at 2023-12-10 22:41:34.148435
2023-12-10 22:41:35 - INFO - UE with ID UE1 added to Cell Ax1242 at 2023-12-10 22:41:35.149413
2023-12-10 22:49:40 - INFO - UE initialized with ID UE1 at 2023-12-10 22:49:40.320501
2023-12-10 22:49:41 - INFO - UE with ID UE1 added to Cell BX1334 at 2023-12-10 22:49:41.322469
2023-12-10 22:49:41 - INFO - UE initialized with ID UE1 at 2023-12-10 22:49:41.328698
2023-12-10 22:49:42 - INFO - UE with ID UE1 added to Cell BX1334 at 2023-12-10 22:49:42.329673
2023-12-10 22:49:42 - INFO - UE initialized with ID UE2 at 2023-12-10 22:49:42.334837
2023-12-10 22:49:43 - INFO - UE with ID UE1 added to Cell Ax1242 at 2023-12-10 22:49:43.335787
2023-12-10 22:49:43 - INFO - UE initialized with ID UE3 at 2023-12-10 22:49:43.342719
2023-12-10 22:49:44 - INFO - UE with ID UE1 added to Cell BX1230 at 2023-12-10 22:49:44.343673
2023-12-10 22:49:44 - INFO - UE initialized with ID UE4 at 2023-12-10 22:49:44.348825
2023-12-10 22:49:45 - INFO - UE with ID UE1 added to Cell CX5103 at 2023-12-10 22:49:45.350183
2023-12-10 22:49:45 - INFO - UE initialized with ID UE5 at 2023-12-10 22:49:45.355760
2023-12-10 22:49:46 - INFO - UE with ID UE1 added to Cell CX1873 at 2023-12-10 22:49:46.357187
2023-12-10 22:49:46 - INFO - UE initialized with ID UE6 at 2023-12-10 22:49:46.362229
2023-12-10 22:49:47 - INFO - UE with ID UE1 added to Cell BX1230 at 2023-12-10 22:49:47.364011
2023-12-10 22:49:47 - INFO - UE initialized with ID UE7 at 2023-12-10 22:49:47.369112
2023-12-10 22:49:48 - INFO - UE with ID UE1 added to Cell BX1230 at 2023-12-10 22:49:48.370093
2023-12-10 22:49:48 - INFO - UE initialized with ID UE8 at 2023-12-10 22:49:48.375336
2023-12-10 22:49:49 - INFO - UE with ID UE1 added to Cell BX1230 at 2023-12-10 22:49:49.376243
2023-12-10 22:49:49 - INFO - UE initialized with ID UE9 at 2023-12-10 22:49:49.381361
2023-12-10 22:49:50 - INFO - UE with ID UE1 added to Cell CX5103 at 2023-12-10 22:49:50.382502
2023-12-10 22:49:50 - INFO - UE initialized with ID UE10 at 2023-12-10 22:49:50.387121
2023-12-10 22:49:51 - INFO - UE with ID UE1 added to Cell AX1112 at 2023-12-10 22:49:51.388092
2023-12-10 22:49:51 - INFO - UE initialized with ID UE11 at 2023-12-10 22:49:51.393887
2023-12-10 22:49:52 - INFO - UE with ID UE1 added to Cell CX5103 at 2023-12-10 22:49:52.395250
2023-12-10 22:49:52 - INFO - UE initialized with ID UE12 at 2023-12-10 22:49:52.400543
2023-12-10 22:49:53 - INFO - UE with ID UE1 added to Cell BX1230 at 2023-12-10 22:49:53.402084
2023-12-10 22:49:53 - INFO - UE initialized with ID UE13 at 2023-12-10 22:49:53.407279
2023-12-10 22:49:54 - INFO - UE with ID UE1 added to Cell CX1352 at 2023-12-10 22:49:54.408299
2023-12-10 22:49:54 - INFO - UE initialized with ID UE14 at 2023-12-10 22:49:54.414007
2023-12-10 22:49:55 - INFO - UE with ID UE1 added to Cell CX5103 at 2023-12-10 22:49:55.415159
2023-12-10 22:49:55 - INFO - UE initialized with ID UE15 at 2023-12-10 22:49:55.420221
2023-12-10 22:49:56 - INFO - UE with ID UE1 added to Cell AX1112 at 2023-12-10 22:49:56.421425
2023-12-10 22:49:56 - INFO - UE initialized with ID UE16 at 2023-12-10 22:49:56.427191
2023-12-10 22:49:57 - INFO - UE with ID UE1 added to Cell BX1453 at 2023-12-10 22:49:57.428034
2023-12-10 22:49:57 - INFO - UE initialized with ID UE17 at 2023-12-10 22:49:57.432542
2023-12-10 22:49:58 - INFO - UE with ID UE1 added to Cell CX1873 at 2023-12-10 22:49:58.434080
2023-12-10 22:49:58 - INFO - UE initialized with ID UE18 at 2023-12-10 22:49:58.439163
2023-12-10 22:49:59 - INFO - UE with ID UE1 added to Cell BX1453 at 2023-12-10 22:49:59.440547
2023-12-10 22:49:59 - INFO - UE initialized with ID UE19 at 2023-12-10 22:49:59.446212
2023-12-10 22:50:00 - INFO - UE with ID UE1 added to Cell CX1352 at 2023-12-10 22:50:00.447112
2023-12-10 22:50:00 - INFO - UE initialized with ID UE20 at 2023-12-10 22:50:00.452663
2023-12-10 22:50:01 - INFO - UE with ID UE1 added to Cell AX9980 at 2023-12-10 22:50:01.454092
2023-12-10 22:50:01 - INFO - UE initialized with ID UE21 at 2023-12-10 22:50:01.459156
2023-12-10 22:50:02 - INFO - UE with ID UE1 added to Cell CX1352 at 2023-12-10 22:50:02.460180
2023-12-10 22:50:02 - INFO - UE initialized with ID UE22 at 2023-12-10 22:50:02.465379
2023-12-10 22:50:03 - INFO - UE with ID UE1 added to Cell BX1453 at 2023-12-10 22:50:03.466692
2023-12-10 22:50:03 - INFO - UE initialized with ID UE23 at 2023-12-10 22:50:03.471874
2023-12-10 22:50:04 - INFO - UE with ID UE1 added to Cell AX9980 at 2023-12-10 22:50:04.472774
2023-12-10 22:50:04 - INFO - UE initialized with ID UE24 at 2023-12-10 22:50:04.482586
2023-12-10 22:50:05 - INFO - UE with ID UE1 added to Cell Ax1242 at 2023-12-10 22:50:05.483735
2023-12-10 22:50:05 - INFO - UE initialized with ID UE25 at 2023-12-10 22:50:05.488990
2023-12-10 22:50:06 - INFO - UE with ID UE1 added to Cell CX1352 at 2023-12-10 22:50:06.490115
2023-12-10 22:50:06 - INFO - UE initialized with ID UE26 at 2023-12-10 22:50:06.495401
2023-12-10 22:50:07 - INFO - UE with ID UE1 added to Cell BX1453 at 2023-12-10 22:50:07.496845
2023-12-10 22:50:07 - INFO - UE initialized with ID UE27 at 2023-12-10 22:50:07.501823
2023-12-10 22:50:08 - INFO - UE with ID UE1 added to Cell AX1112 at 2023-12-10 22:50:08.503647
2023-12-10 22:50:08 - INFO - UE initialized with ID UE28 at 2023-12-10 22:50:08.509435
2023-12-10 22:50:09 - INFO - UE with ID UE1 added to Cell CX5103 at 2023-12-10 22:50:09.510401
2023-12-10 22:50:09 - INFO - UE initialized with ID UE29 at 2023-12-10 22:50:09.515730
2023-12-10 22:50:10 - INFO - UE with ID UE1 added to Cell BX1334 at 2023-12-10 22:50:10.516956
2023-12-10 22:50:10 - INFO - UE initialized with ID UE30 at 2023-12-10 22:50:10.522025
2023-12-10 22:50:11 - INFO - UE with ID UE1 added to Cell CX1352 at 2023-12-10 22:50:11.523055
2023-12-10 22:50:11 - INFO - UE initialized with ID UE31 at 2023-12-10 22:50:11.528259
2023-12-10 22:50:12 - INFO - UE with ID UE1 added to Cell AX1112 at 2023-12-10 22:50:12.529587
2023-12-10 22:50:12 - INFO - UE initialized with ID UE32 at 2023-12-10 22:50:12.534781
2023-12-10 22:50:13 - INFO - UE with ID UE1 added to Cell BX1334 at 2023-12-10 22:50:13.536038
2023-12-10 22:50:13 - INFO - UE initialized with ID UE33 at 2023-12-10 22:50:13.541750
2023-12-10 22:50:14 - INFO - UE with ID UE1 added to Cell CX1352 at 2023-12-10 22:50:14.542566
2023-12-10 22:50:14 - INFO - UE initialized with ID UE34 at 2023-12-10 22:50:14.547436
2023-12-10 22:50:15 - INFO - UE with ID UE1 added to Cell BX1334 at 2023-12-10 22:50:15.548586
2023-12-10 22:50:15 - INFO - UE initialized with ID UE35 at 2023-12-10 22:50:15.554011
2023-12-10 22:50:16 - INFO - UE with ID UE1 added to Cell CX1352 at 2023-12-10 22:50:16.555064
2023-12-10 22:50:16 - INFO - UE initialized with ID UE36 at 2023-12-10 22:50:16.560795
2023-12-10 22:50:17 - INFO - UE with ID UE1 added to Cell BX1230 at 2023-12-10 22:50:17.562012
2023-12-10 22:50:17 - INFO - UE initialized with ID UE37 at 2023-12-10 22:50:17.567331
2023-12-10 22:50:18 - INFO - UE with ID UE1 added to Cell BX1453 at 2023-12-10 22:50:18.568596
2023-12-10 22:50:18 - INFO - UE initialized with ID UE38 at 2023-12-10 22:50:18.574163
2023-12-10 22:50:19 - INFO - UE with ID UE1 added to Cell CX5103 at 2023-12-10 22:50:19.575166
2023-12-10 22:50:19 - INFO - UE initialized with ID UE39 at 2023-12-10 22:50:19.580853
2023-12-10 22:50:20 - INFO - UE with ID UE1 added to Cell CX5103 at 2023-12-10 22:50:20.581657
2023-12-10 22:52:26 - INFO - UE initialized with ID UE1 at 2023-12-10 22:52:26.588856
2023-12-10 22:52:26 - INFO - UE with ID UE1 added to Cell BX1230 at 2023-12-10 22:52:26.589860
2023-12-10 22:52:26 - INFO - UE initialized with ID UE1 at 2023-12-10 22:52:26.596481
2023-12-10 22:52:26 - INFO - UE with ID UE1 added to Cell CX1873 at 2023-12-10 22:52:26.596994
2023-12-10 22:52:26 - INFO - UE initialized with ID UE2 at 2023-12-10 22:52:26.602290
2023-12-10 22:52:26 - INFO - UE with ID UE1 added to Cell CX1352 at 2023-12-10 22:52:26.602290
2023-12-10 22:52:26 - INFO - UE initialized with ID UE3 at 2023-12-10 22:52:26.608027
2023-12-10 22:52:26 - INFO - UE with ID UE1 added to Cell BX1230 at 2023-12-10 22:52:26.608542
2023-12-10 22:52:26 - INFO - UE initialized with ID UE4 at 2023-12-10 22:52:26.613211
2023-12-10 22:52:26 - INFO - UE with ID UE1 added to Cell CX5103 at 2023-12-10 22:52:26.613211
2023-12-10 22:52:26 - INFO - UE initialized with ID UE5 at 2023-12-10 22:52:26.618054
2023-12-10 22:52:26 - INFO - UE with ID UE1 added to Cell CX1352 at 2023-12-10 22:52:26.618054
2023-12-10 22:52:26 - INFO - UE initialized with ID UE6 at 2023-12-10 22:52:26.622795
2023-12-10 22:52:26 - INFO - UE with ID UE1 added to Cell Ax1242 at 2023-12-10 22:52:26.623311
2023-12-10 22:52:26 - INFO - UE initialized with ID UE7 at 2023-12-10 22:52:26.627566
2023-12-10 22:52:26 - INFO - UE with ID UE1 added to Cell AX9980 at 2023-12-10 22:52:26.627566
2023-12-10 22:52:26 - INFO - UE initialized with ID UE8 at 2023-12-10 22:52:26.632347
2023-12-10 22:52:26 - INFO - UE with ID UE1 added to Cell AX9980 at 2023-12-10 22:52:26.632347
2023-12-10 22:52:26 - INFO - UE initialized with ID UE9 at 2023-12-10 22:52:26.636927
2023-12-10 22:52:26 - INFO - UE with ID UE1 added to Cell AX9980 at 2023-12-10 22:52:26.636927
2023-12-10 22:52:26 - INFO - UE initialized with ID UE10 at 2023-12-10 22:52:26.641505
2023-12-10 22:52:26 - INFO - UE with ID UE1 added to Cell CX1873 at 2023-12-10 22:52:26.641505
2023-12-10 22:52:26 - INFO - UE initialized with ID UE11 at 2023-12-10 22:52:26.646080
2023-12-10 22:52:26 - INFO - UE with ID UE1 added to Cell CX1873 at 2023-12-10 22:52:26.646594
2023-12-10 22:52:26 - INFO - UE initialized with ID UE12 at 2023-12-10 22:52:26.650707
2023-12-10 22:52:26 - INFO - UE with ID UE1 added to Cell CX1873 at 2023-12-10 22:52:26.650707
2023-12-10 22:52:26 - INFO - UE initialized with ID UE13 at 2023-12-10 22:52:26.655285
2023-12-10 22:52:26 - INFO - UE with ID UE1 added to Cell AX9980 at 2023-12-10 22:52:26.655285
2023-12-10 22:52:26 - INFO - UE initialized with ID UE14 at 2023-12-10 22:52:26.659799
2023-12-10 22:52:26 - INFO - UE with ID UE1 added to Cell AX1112 at 2023-12-10 22:52:26.659799
2023-12-10 22:52:26 - INFO - UE initialized with ID UE15 at 2023-12-10 22:52:26.664444
2023-12-10 22:52:26 - INFO - UE with ID UE1 added to Cell BX1334 at 2023-12-10 22:52:26.664452
2023-12-10 22:52:26 - INFO - UE initialized with ID UE16 at 2023-12-10 22:52:26.668637
2023-12-10 22:52:26 - INFO - UE with ID UE1 added to Cell AX1112 at 2023-12-10 22:52:26.668637
2023-12-10 22:52:26 - INFO - UE initialized with ID UE17 at 2023-12-10 22:52:26.673245
2023-12-10 22:52:26 - INFO - UE with ID UE1 added to Cell AX1112 at 2023-12-10 22:52:26.673245
2023-12-10 22:52:26 - INFO - UE initialized with ID UE18 at 2023-12-10 22:52:26.677881
2023-12-10 22:52:26 - INFO - UE with ID UE1 added to Cell BX1334 at 2023-12-10 22:52:26.677881
2023-12-10 22:52:26 - INFO - UE initialized with ID UE19 at 2023-12-10 22:52:26.682597
2023-12-10 22:52:26 - INFO - UE with ID UE1 added to Cell BX1453 at 2023-12-10 22:52:26.682597
2023-12-10 22:52:26 - INFO - UE initialized with ID UE20 at 2023-12-10 22:52:26.687134
2023-12-10 22:52:26 - INFO - UE with ID UE1 added to Cell AX1112 at 2023-12-10 22:52:26.687134
2023-12-10 22:52:26 - INFO - UE initialized with ID UE21 at 2023-12-10 22:52:26.691615
2023-12-10 22:52:26 - INFO - UE with ID UE1 added to Cell AX1112 at 2023-12-10 22:52:26.691615
2023-12-10 22:52:26 - INFO - UE initialized with ID UE22 at 2023-12-10 22:52:26.696249
2023-12-10 22:52:26 - INFO - UE with ID UE1 added to Cell CX5103 at 2023-12-10 22:52:26.696249
2023-12-10 22:52:26 - INFO - UE initialized with ID UE23 at 2023-12-10 22:52:26.700986
2023-12-10 22:52:26 - INFO - UE with ID UE1 added to Cell CX1873 at 2023-12-10 22:52:26.700986
2023-12-10 22:52:26 - INFO - UE initialized with ID UE24 at 2023-12-10 22:52:26.705522
2023-12-10 22:52:26 - INFO - UE with ID UE1 added to Cell BX1334 at 2023-12-10 22:52:26.705522
2023-12-10 22:52:26 - INFO - UE initialized with ID UE25 at 2023-12-10 22:52:26.709985
2023-12-10 22:52:26 - INFO - UE with ID UE1 added to Cell CX1873 at 2023-12-10 22:52:26.709985
2023-12-10 22:52:26 - INFO - UE initialized with ID UE26 at 2023-12-10 22:52:26.714743
2023-12-10 22:52:26 - INFO - UE with ID UE1 added to Cell CX1873 at 2023-12-10 22:52:26.715259
2023-12-10 22:52:26 - INFO - UE initialized with ID UE27 at 2023-12-10 22:52:26.719329
2023-12-10 22:52:26 - INFO - UE with ID UE1 added to Cell BX1230 at 2023-12-10 22:52:26.719329
2023-12-10 22:52:26 - INFO - UE initialized with ID UE28 at 2023-12-10 22:52:26.723865
2023-12-10 22:52:26 - INFO - UE with ID UE1 added to Cell Ax1242 at 2023-12-10 22:52:26.723865
2023-12-10 22:52:26 - INFO - UE initialized with ID UE29 at 2023-12-10 22:52:26.728307
2023-12-10 22:52:26 - INFO - UE with ID UE1 added to Cell CX1352 at 2023-12-10 22:52:26.728307
2023-12-10 22:52:26 - INFO - UE initialized with ID UE30 at 2023-12-10 22:52:26.733163
2023-12-10 22:52:26 - INFO - UE with ID UE1 added to Cell BX1334 at 2023-12-10 22:52:26.733163
2023-12-10 22:52:26 - INFO - UE initialized with ID UE31 at 2023-12-10 22:52:26.737943
2023-12-10 22:52:26 - INFO - UE with ID UE1 added to Cell CX1873 at 2023-12-10 22:52:26.737943
2023-12-10 22:52:26 - INFO - UE initialized with ID UE32 at 2023-12-10 22:52:26.742681
2023-12-10 22:52:26 - INFO - UE with ID UE1 added to Cell CX1873 at 2023-12-10 22:52:26.742681
2023-12-10 22:52:26 - INFO - UE initialized with ID UE33 at 2023-12-10 22:52:26.747233
2023-12-10 22:52:26 - INFO - UE with ID UE1 added to Cell Ax1242 at 2023-12-10 22:52:26.747747
2023-12-10 22:52:26 - INFO - UE initialized with ID UE34 at 2023-12-10 22:52:26.752007
2023-12-10 22:52:26 - INFO - UE with ID UE1 added to Cell AX9980 at 2023-12-10 22:52:26.752007
2023-12-10 22:52:26 - INFO - UE initialized with ID UE35 at 2023-12-10 22:52:26.756589
2023-12-10 22:52:26 - INFO - UE with ID UE1 added to Cell AX1112 at 2023-12-10 22:52:26.756589
2023-12-10 22:52:26 - INFO - UE initialized with ID UE36 at 2023-12-10 22:52:26.761030
2023-12-10 22:52:26 - INFO - UE with ID UE1 added to Cell CX1873 at 2023-12-10 22:52:26.761030
2023-12-10 22:52:26 - INFO - UE initialized with ID UE37 at 2023-12-10 22:52:26.765816
2023-12-10 22:52:26 - INFO - UE with ID UE1 added to Cell CX1352 at 2023-12-10 22:52:26.766331
2023-12-10 22:52:26 - INFO - UE initialized with ID UE38 at 2023-12-10 22:52:26.770950
2023-12-10 22:52:26 - INFO - UE initialized with ID UE39 at 2023-12-10 22:52:26.774964
2023-12-10 22:52:26 - INFO - UE with ID UE1 added to Cell Ax1242 at 2023-12-10 22:52:26.775480
