{"level": "INFO", "timestamp": "2023-12-15 19:56:32", "message": "Testing cell load logging."}
{"level": "INFO", "timestamp": "2023-12-15 19:56:32", "message": "Cell Ax1242 @ gNodeB W1140 - Load: 20.0%"}
{"level": "INFO", "timestamp": "2023-12-15 19:56:32", "message": "Cell BX1453 @ gNodeB W1140 - Load: 20.0%"}
{"level": "INFO", "timestamp": "2023-12-15 19:56:32", "message": "Cell CX1352 @ gNodeB W1140 - Load: 15.0%"}
{"level": "INFO", "timestamp": "2023-12-15 19:56:32", "message": "Testing cell load logging."}
{"level": "INFO", "timestamp": "2023-12-15 19:56:32", "message": "Cell AX1112 @ gNodeB W1320 - Load: 35.0%"}
{"level": "INFO", "timestamp": "2023-12-15 19:56:32", "message": "Cell BX1334 @ gNodeB W1320 - Load: 20.0%"}
{"level": "INFO", "timestamp": "2023-12-15 19:56:32", "message": "Cell CX1873 @ gNodeB W1320 - Load: 5.0%"}
{"level": "INFO", "timestamp": "2023-12-15 19:56:32", "message": "Testing cell load logging."}
{"level": "INFO", "timestamp": "2023-12-15 19:56:32", "message": "Cell AX9980 @ gNodeB W2018 - Load: 30.0%"}
{"level": "INFO", "timestamp": "2023-12-15 19:56:32", "message": "Cell BX1230 @ gNodeB W2018 - Load: 40.0%"}
{"level": "INFO", "timestamp": "2023-12-15 19:56:32", "message": "Cell CX5103 @ gNodeB W2018 - Load: 15.0%"}
{"level": "INFO", "timestamp": "2023-12-15 19:56:37", "message": "Testing cell load logging."}
{"level": "INFO", "timestamp": "2023-12-15 19:56:37", "message": "Cell Ax1242 @ gNodeB W1140 - Load: 20.0%"}
{"level": "INFO", "timestamp": "2023-12-15 19:56:37", "message": "Cell BX1453 @ gNodeB W1140 - Load: 20.0%"}
{"level": "INFO", "timestamp": "2023-12-15 19:56:37", "message": "Cell CX1352 @ gNodeB W1140 - Load: 15.0%"}
{"level": "INFO", "timestamp": "2023-12-15 19:56:37", "message": "Testing cell load logging."}
{"level": "INFO", "timestamp": "2023-12-15 19:56:37", "message": "Cell AX1112 @ gNodeB W1320 - Load: 35.0%"}
{"level": "INFO", "timestamp": "2023-12-15 19:56:37", "message": "Cell BX1334 @ gNodeB W1320 - Load: 20.0%"}
{"level": "INFO", "timestamp": "2023-12-15 19:56:37", "message": "Cell CX1873 @ gNodeB W1320 - Load: 5.0%"}
{"level": "INFO", "timestamp": "2023-12-15 19:56:37", "message": "Testing cell load logging."}
{"level": "INFO", "timestamp": "2023-12-15 19:56:37", "message": "Cell AX9980 @ gNodeB W2018 - Load: 30.0%"}
{"level": "INFO", "timestamp": "2023-12-15 19:56:37", "message": "Cell BX1230 @ gNodeB W2018 - Load: 40.0%"}
{"level": "INFO", "timestamp": "2023-12-15 19:56:37", "message": "Cell CX5103 @ gNodeB W2018 - Load: 15.0%"}
{"level": "INFO", "timestamp": "2023-12-15 19:56:42", "message": "Testing cell load logging."}
{"level": "INFO", "timestamp": "2023-12-15 19:56:42", "message": "Cell Ax1242 @ gNodeB W1140 - Load: 20.0%"}
{"level": "INFO", "timestamp": "2023-12-15 19:56:42", "message": "Cell BX1453 @ gNodeB W1140 - Load: 20.0%"}
{"level": "INFO", "timestamp": "2023-12-15 19:56:42", "message": "Cell CX1352 @ gNodeB W1140 - Load: 15.0%"}
{"level": "INFO", "timestamp": "2023-12-15 19:56:42", "message": "Testing cell load logging."}
{"level": "INFO", "timestamp": "2023-12-15 19:56:42", "message": "Cell AX1112 @ gNodeB W1320 - Load: 35.0%"}
{"level": "INFO", "timestamp": "2023-12-15 19:56:42", "message": "Cell BX1334 @ gNodeB W1320 - Load: 20.0%"}
{"level": "INFO", "timestamp": "2023-12-15 19:56:42", "message": "Cell CX1873 @ gNodeB W1320 - Load: 5.0%"}
{"level": "INFO", "timestamp": "2023-12-15 19:56:42", "message": "Testing cell load logging."}
{"level": "INFO", "timestamp": "2023-12-15 19:56:42", "message": "Cell AX9980 @ gNodeB W2018 - Load: 30.0%"}
{"level": "INFO", "timestamp": "2023-12-15 19:56:42", "message": "Cell BX1230 @ gNodeB W2018 - Load: 40.0%"}
{"level": "INFO", "timestamp": "2023-12-15 19:56:42", "message": "Cell CX5103 @ gNodeB W2018 - Load: 15.0%"}
{"level": "INFO", "timestamp": "2023-12-15 19:56:47", "message": "Testing cell load logging."}
{"level": "INFO", "timestamp": "2023-12-15 19:56:47", "message": "Cell Ax1242 @ gNodeB W1140 - Load: 20.0%"}
{"level": "INFO", "timestamp": "2023-12-15 19:56:47", "message": "Cell BX1453 @ gNodeB W1140 - Load: 20.0%"}
{"level": "INFO", "timestamp": "2023-12-15 19:56:47", "message": "Cell CX1352 @ gNodeB W1140 - Load: 15.0%"}
{"level": "INFO", "timestamp": "2023-12-15 19:56:47", "message": "Testing cell load logging."}
{"level": "INFO", "timestamp": "2023-12-15 19:56:47", "message": "Cell AX1112 @ gNodeB W1320 - Load: 35.0%"}
{"level": "INFO", "timestamp": "2023-12-15 19:56:47", "message": "Cell BX1334 @ gNodeB W1320 - Load: 20.0%"}
{"level": "INFO", "timestamp": "2023-12-15 19:56:47", "message": "Cell CX1873 @ gNodeB W1320 - Load: 5.0%"}
{"level": "INFO", "timestamp": "2023-12-15 19:56:47", "message": "Testing cell load logging."}
{"level": "INFO", "timestamp": "2023-12-15 19:56:47", "message": "Cell AX9980 @ gNodeB W2018 - Load: 30.0%"}
{"level": "INFO", "timestamp": "2023-12-15 19:56:47", "message": "Cell BX1230 @ gNodeB W2018 - Load: 40.0%"}
{"level": "INFO", "timestamp": "2023-12-15 19:56:47", "message": "Cell CX5103 @ gNodeB W2018 - Load: 15.0%"}
