{"level": "INFO", "timestamp": "2023-12-18 12:14:35", "message": "Database connection successful."}
{"level": "INFO", "timestamp": "2023-12-18 12:14:36", "message": "Data inserted for measurement gnodeb_metrics with tags gnodeb_id=W1140, entity_type=gnodeb"}
{"level": "INFO", "timestamp": "2023-12-18 12:14:38", "message": "Data inserted for measurement gnodeb_metrics with tags gnodeb_id=W1320, entity_type=gnodeb"}
{"level": "INFO", "timestamp": "2023-12-18 12:14:44", "message": "Data inserted for measurement gnodeb_metrics with tags gnodeb_id=W2018, entity_type=gnodeb"}
{"level": "INFO", "timestamp": "2023-12-18 12:14:59", "message": "Data inserted for measurement cell_metrics with tags cell_id=Ax1242, gnodeb_id=W1140, entity_type=cell"}
{"level": "INFO", "timestamp": "2023-12-18 12:15:00", "message": "Data inserted for measurement cell_metrics with tags cell_id=BX1453, gnodeb_id=W1140, entity_type=cell"}
{"level": "INFO", "timestamp": "2023-12-18 12:19:18", "message": "Database connection successful."}
{"level": "INFO", "timestamp": "2023-12-18 12:19:19", "message": "Data inserted for measurement gnodeb_metrics with tags gnodeb_id=W1140, entity_type=gnodeb"}
{"level": "INFO", "timestamp": "2023-12-18 12:19:20", "message": "Data inserted for measurement gnodeb_metrics with tags gnodeb_id=W1320, entity_type=gnodeb"}
{"level": "INFO", "timestamp": "2023-12-18 12:19:21", "message": "Data inserted for measurement gnodeb_metrics with tags gnodeb_id=W2018, entity_type=gnodeb"}
{"level": "INFO", "timestamp": "2023-12-18 12:19:21", "message": "Data inserted for measurement cell_metrics with tags cell_id=Ax1242, gnodeb_id=W1140, entity_type=cell"}
{"level": "INFO", "timestamp": "2023-12-18 12:19:22", "message": "Data inserted for measurement cell_metrics with tags cell_id=BX1453, gnodeb_id=W1140, entity_type=cell"}
{"level": "INFO", "timestamp": "2023-12-18 12:19:24", "message": "Data inserted for measurement cell_metrics with tags cell_id=CX1352, gnodeb_id=W1140, entity_type=cell"}
{"level": "INFO", "timestamp": "2023-12-18 12:19:25", "message": "Data inserted for measurement cell_metrics with tags cell_id=AX1112, gnodeb_id=W1320, entity_type=cell"}
{"level": "INFO", "timestamp": "2023-12-18 12:19:26", "message": "Data inserted for measurement cell_metrics with tags cell_id=BX1334, gnodeb_id=W1320, entity_type=cell"}
{"level": "INFO", "timestamp": "2023-12-18 12:19:28", "message": "Data inserted for measurement cell_metrics with tags cell_id=CX1873, gnodeb_id=W1320, entity_type=cell"}
{"level": "INFO", "timestamp": "2023-12-18 12:19:29", "message": "Data inserted for measurement cell_metrics with tags cell_id=AX9980, gnodeb_id=W2018, entity_type=cell"}
{"level": "INFO", "timestamp": "2023-12-18 12:19:30", "message": "Data inserted for measurement cell_metrics with tags cell_id=BX1230, gnodeb_id=W2018, entity_type=cell"}
{"level": "INFO", "timestamp": "2023-12-18 12:19:32", "message": "Data inserted for measurement cell_metrics with tags cell_id=CX5103, gnodeb_id=W2018, entity_type=cell"}
{"level": "INFO", "timestamp": "2023-12-18 12:19:33", "message": "Data inserted for measurement ue_metrics with tags ue_id=UE1, connected_cell_id=BX1453, entity_type=ue"}
{"level": "INFO", "timestamp": "2023-12-18 12:19:39", "message": "Data inserted for measurement ue_metrics with tags ue_id=UE1, connected_cell_id=AX1112, entity_type=ue"}
{"level": "INFO", "timestamp": "2023-12-18 12:19:45", "message": "Data inserted for measurement ue_metrics with tags ue_id=UE2, connected_cell_id=AX1112, entity_type=ue"}
{"level": "INFO", "timestamp": "2023-12-18 12:19:50", "message": "Data inserted for measurement ue_metrics with tags ue_id=UE3, connected_cell_id=BX1334, entity_type=ue"}
{"level": "INFO", "timestamp": "2023-12-18 12:19:56", "message": "Data inserted for measurement ue_metrics with tags ue_id=UE4, connected_cell_id=BX1334, entity_type=ue"}
{"level": "INFO", "timestamp": "2023-12-18 12:20:01", "message": "Data inserted for measurement ue_metrics with tags ue_id=UE5, connected_cell_id=BX1334, entity_type=ue"}
{"level": "INFO", "timestamp": "2023-12-18 12:20:07", "message": "Data inserted for measurement ue_metrics with tags ue_id=UE6, connected_cell_id=AX9980, entity_type=ue"}
{"level": "INFO", "timestamp": "2023-12-18 12:20:12", "message": "Data inserted for measurement ue_metrics with tags ue_id=UE7, connected_cell_id=Ax1242, entity_type=ue"}
{"level": "INFO", "timestamp": "2023-12-18 12:20:13", "message": "Data inserted for measurement ue_metrics with tags ue_id=UE8, connected_cell_id=BX1230, entity_type=ue"}
{"level": "INFO", "timestamp": "2023-12-18 12:20:19", "message": "Data inserted for measurement ue_metrics with tags ue_id=UE9, connected_cell_id=BX1334, entity_type=ue"}
{"level": "INFO", "timestamp": "2023-12-18 12:20:24", "message": "Data inserted for measurement ue_metrics with tags ue_id=UE10, connected_cell_id=CX1352, entity_type=ue"}
{"level": "INFO", "timestamp": "2023-12-18 12:20:30", "message": "Data inserted for measurement ue_metrics with tags ue_id=UE11, connected_cell_id=BX1334, entity_type=ue"}
{"level": "INFO", "timestamp": "2023-12-18 12:20:35", "message": "Data inserted for measurement ue_metrics with tags ue_id=UE12, connected_cell_id=BX1230, entity_type=ue"}
{"level": "INFO", "timestamp": "2023-12-18 12:20:45", "message": "Data inserted for measurement ue_metrics with tags ue_id=UE13, connected_cell_id=BX1230, entity_type=ue"}
{"level": "INFO", "timestamp": "2023-12-18 12:28:30", "message": "Database connection successful."}
{"level": "INFO", "timestamp": "2023-12-18 12:28:31", "message": "Data inserted for measurement gnodeb_metrics with tags gnodeb_id=W1140, entity_type=gnodeb"}
{"level": "INFO", "timestamp": "2023-12-18 12:28:32", "message": "Data inserted for measurement gnodeb_metrics with tags gnodeb_id=W1320, entity_type=gnodeb"}
{"level": "INFO", "timestamp": "2023-12-18 12:28:34", "message": "Data inserted for measurement gnodeb_metrics with tags gnodeb_id=W2018, entity_type=gnodeb"}
{"level": "INFO", "timestamp": "2023-12-18 12:28:35", "message": "Data inserted for measurement cell_metrics with tags cell_id=Ax1242, gnodeb_id=W1140, entity_type=cell"}
{"level": "INFO", "timestamp": "2023-12-18 12:28:36", "message": "Data inserted for measurement cell_metrics with tags cell_id=BX1453, gnodeb_id=W1140, entity_type=cell"}
{"level": "INFO", "timestamp": "2023-12-18 12:28:37", "message": "Data inserted for measurement cell_metrics with tags cell_id=CX1352, gnodeb_id=W1140, entity_type=cell"}
{"level": "INFO", "timestamp": "2023-12-18 12:28:38", "message": "Data inserted for measurement cell_metrics with tags cell_id=AX1112, gnodeb_id=W1320, entity_type=cell"}
{"level": "INFO", "timestamp": "2023-12-18 12:28:39", "message": "Data inserted for measurement cell_metrics with tags cell_id=BX1334, gnodeb_id=W1320, entity_type=cell"}
{"level": "INFO", "timestamp": "2023-12-18 12:28:41", "message": "Data inserted for measurement cell_metrics with tags cell_id=CX1873, gnodeb_id=W1320, entity_type=cell"}
{"level": "INFO", "timestamp": "2023-12-18 12:28:42", "message": "Data inserted for measurement cell_metrics with tags cell_id=AX9980, gnodeb_id=W2018, entity_type=cell"}
{"level": "INFO", "timestamp": "2023-12-18 12:28:43", "message": "Data inserted for measurement cell_metrics with tags cell_id=BX1230, gnodeb_id=W2018, entity_type=cell"}
{"level": "INFO", "timestamp": "2023-12-18 12:28:44", "message": "Data inserted for measurement cell_metrics with tags cell_id=CX5103, gnodeb_id=W2018, entity_type=cell"}
{"level": "INFO", "timestamp": "2023-12-18 12:28:46", "message": "Data inserted for measurement ue_metrics with tags ue_id=UE1, connected_cell_id=CX1873, entity_type=ue"}
{"level": "INFO", "timestamp": "2023-12-18 12:28:46", "message": "Data inserted for measurement ue_metrics with tags ue_id=UE1, connected_cell_id=AX1112, entity_type=ue"}
{"level": "INFO", "timestamp": "2023-12-18 12:28:46", "message": "Data inserted for measurement ue_metrics with tags ue_id=UE2, connected_cell_id=Ax1242, entity_type=ue"}
{"level": "INFO", "timestamp": "2023-12-18 12:28:47", "message": "Data inserted for measurement ue_metrics with tags ue_id=UE3, connected_cell_id=Ax1242, entity_type=ue"}
{"level": "INFO", "timestamp": "2023-12-18 12:28:47", "message": "Data inserted for measurement ue_metrics with tags ue_id=UE4, connected_cell_id=Ax1242, entity_type=ue"}
{"level": "INFO", "timestamp": "2023-12-18 12:28:48", "message": "Data inserted for measurement ue_metrics with tags ue_id=UE5, connected_cell_id=BX1334, entity_type=ue"}
{"level": "INFO", "timestamp": "2023-12-18 12:28:48", "message": "Data inserted for measurement ue_metrics with tags ue_id=UE6, connected_cell_id=AX9980, entity_type=ue"}
{"level": "INFO", "timestamp": "2023-12-18 12:28:48", "message": "Data inserted for measurement ue_metrics with tags ue_id=UE7, connected_cell_id=Ax1242, entity_type=ue"}
{"level": "INFO", "timestamp": "2023-12-18 12:28:49", "message": "Data inserted for measurement ue_metrics with tags ue_id=UE8, connected_cell_id=BX1334, entity_type=ue"}
{"level": "INFO", "timestamp": "2023-12-18 12:28:49", "message": "Data inserted for measurement ue_metrics with tags ue_id=UE9, connected_cell_id=BX1334, entity_type=ue"}
{"level": "INFO", "timestamp": "2023-12-18 12:28:50", "message": "Data inserted for measurement ue_metrics with tags ue_id=UE10, connected_cell_id=AX9980, entity_type=ue"}
{"level": "INFO", "timestamp": "2023-12-18 12:28:50", "message": "Data inserted for measurement ue_metrics with tags ue_id=UE11, connected_cell_id=BX1334, entity_type=ue"}
{"level": "INFO", "timestamp": "2023-12-18 12:28:50", "message": "Data inserted for measurement ue_metrics with tags ue_id=UE12, connected_cell_id=AX9980, entity_type=ue"}
{"level": "INFO", "timestamp": "2023-12-18 12:28:51", "message": "Data inserted for measurement ue_metrics with tags ue_id=UE13, connected_cell_id=BX1230, entity_type=ue"}
{"level": "INFO", "timestamp": "2023-12-18 12:28:51", "message": "Data inserted for measurement ue_metrics with tags ue_id=UE14, connected_cell_id=AX1112, entity_type=ue"}
{"level": "INFO", "timestamp": "2023-12-18 12:28:52", "message": "Data inserted for measurement ue_metrics with tags ue_id=UE15, connected_cell_id=BX1334, entity_type=ue"}
{"level": "INFO", "timestamp": "2023-12-18 12:28:52", "message": "Data inserted for measurement ue_metrics with tags ue_id=UE16, connected_cell_id=AX9980, entity_type=ue"}
{"level": "INFO", "timestamp": "2023-12-18 12:28:52", "message": "Data inserted for measurement ue_metrics with tags ue_id=UE17, connected_cell_id=BX1334, entity_type=ue"}
{"level": "INFO", "timestamp": "2023-12-18 12:28:53", "message": "Data inserted for measurement ue_metrics with tags ue_id=UE18, connected_cell_id=Ax1242, entity_type=ue"}
{"level": "INFO", "timestamp": "2023-12-18 12:28:53", "message": "Data inserted for measurement ue_metrics with tags ue_id=UE19, connected_cell_id=Ax1242, entity_type=ue"}
{"level": "INFO", "timestamp": "2023-12-18 12:28:54", "message": "Data inserted for measurement ue_metrics with tags ue_id=UE20, connected_cell_id=AX9980, entity_type=ue"}
{"level": "INFO", "timestamp": "2023-12-18 12:28:54", "message": "Data inserted for measurement ue_metrics with tags ue_id=UE21, connected_cell_id=BX1334, entity_type=ue"}
{"level": "INFO", "timestamp": "2023-12-18 12:28:54", "message": "Data inserted for measurement ue_metrics with tags ue_id=UE22, connected_cell_id=AX9980, entity_type=ue"}
{"level": "INFO", "timestamp": "2023-12-18 12:28:55", "message": "Data inserted for measurement ue_metrics with tags ue_id=UE23, connected_cell_id=BX1334, entity_type=ue"}
{"level": "INFO", "timestamp": "2023-12-18 12:28:55", "message": "Data inserted for measurement ue_metrics with tags ue_id=UE24, connected_cell_id=BX1334, entity_type=ue"}
{"level": "INFO", "timestamp": "2023-12-18 12:28:56", "message": "Data inserted for measurement ue_metrics with tags ue_id=UE25, connected_cell_id=CX1352, entity_type=ue"}
{"level": "INFO", "timestamp": "2023-12-18 12:28:56", "message": "Data inserted for measurement ue_metrics with tags ue_id=UE26, connected_cell_id=BX1334, entity_type=ue"}
{"level": "INFO", "timestamp": "2023-12-18 12:28:56", "message": "Data inserted for measurement ue_metrics with tags ue_id=UE27, connected_cell_id=BX1334, entity_type=ue"}
{"level": "INFO", "timestamp": "2023-12-18 12:28:57", "message": "Data inserted for measurement ue_metrics with tags ue_id=UE28, connected_cell_id=BX1334, entity_type=ue"}
{"level": "INFO", "timestamp": "2023-12-18 12:28:57", "message": "Data inserted for measurement ue_metrics with tags ue_id=UE29, connected_cell_id=AX9980, entity_type=ue"}
{"level": "INFO", "timestamp": "2023-12-18 12:28:58", "message": "Data inserted for measurement ue_metrics with tags ue_id=UE30, connected_cell_id=AX9980, entity_type=ue"}
{"level": "INFO", "timestamp": "2023-12-18 12:28:58", "message": "Data inserted for measurement ue_metrics with tags ue_id=UE31, connected_cell_id=BX1230, entity_type=ue"}
{"level": "INFO", "timestamp": "2023-12-18 12:28:58", "message": "Data inserted for measurement ue_metrics with tags ue_id=UE32, connected_cell_id=BX1334, entity_type=ue"}
{"level": "INFO", "timestamp": "2023-12-18 12:28:59", "message": "Data inserted for measurement ue_metrics with tags ue_id=UE33, connected_cell_id=Ax1242, entity_type=ue"}
{"level": "INFO", "timestamp": "2023-12-18 12:28:59", "message": "Data inserted for measurement ue_metrics with tags ue_id=UE34, connected_cell_id=BX1334, entity_type=ue"}
{"level": "INFO", "timestamp": "2023-12-18 12:29:00", "message": "Data inserted for measurement ue_metrics with tags ue_id=UE35, connected_cell_id=BX1230, entity_type=ue"}
{"level": "INFO", "timestamp": "2023-12-18 12:29:00", "message": "Data inserted for measurement ue_metrics with tags ue_id=UE36, connected_cell_id=BX1334, entity_type=ue"}
{"level": "INFO", "timestamp": "2023-12-18 12:29:00", "message": "Data inserted for measurement ue_metrics with tags ue_id=UE37, connected_cell_id=Ax1242, entity_type=ue"}
{"level": "INFO", "timestamp": "2023-12-18 12:29:01", "message": "Data inserted for measurement ue_metrics with tags ue_id=UE38, connected_cell_id=BX1334, entity_type=ue"}
{"level": "INFO", "timestamp": "2023-12-18 12:29:01", "message": "Data inserted for measurement ue_metrics with tags ue_id=UE39, connected_cell_id=Ax1242, entity_type=ue"}
