{"level": "INFO", "timestamp": "2024-03-07 13:57:15", "message": "gNodeB 'W1140' has been launched with 3 cells at '2024-03-07 13:57:16'.", "test_id": "ba735434-ed23-4069-b156-ca6294aa75fb"}
{"level": "INFO", "timestamp": "2024-03-07 13:57:15", "message": "gNodeB 'W1320' has been launched with 3 cells at '2024-03-07 13:57:17'.", "test_id": "ba735434-ed23-4069-b156-ca6294aa75fb"}
{"level": "INFO", "timestamp": "2024-03-07 13:57:15", "message": "gNodeB 'W2018' has been launched with 3 cells at '2024-03-07 13:57:18'.", "test_id": "ba735434-ed23-4069-b156-ca6294aa75fb"}
{"level": "INFO", "timestamp": "2024-03-07 14:24:12", "message": "gNodeB 'W1140' has been launched with 3 cells at '2024-03-07 14:24:16'.", "test_id": "71ae7522-3c31-4e17-a492-2fe080e9f4b6"}
{"level": "INFO", "timestamp": "2024-03-07 14:24:12", "message": "gNodeB 'W1320' has been launched with 3 cells at '2024-03-07 14:24:17'.", "test_id": "71ae7522-3c31-4e17-a492-2fe080e9f4b6"}
{"level": "INFO", "timestamp": "2024-03-07 14:24:12", "message": "gNodeB 'W2018' has been launched with 3 cells at '2024-03-07 14:24:18'.", "test_id": "71ae7522-3c31-4e17-a492-2fe080e9f4b6"}
{"level": "INFO", "timestamp": "2024-03-07 16:54:05", "message": "gNodeB 'W1140' has been launched with 3 cells at '2024-03-07 16:54:09'.", "test_id": "4865074d-5fe0-4e9b-b967-27cae6c1423e"}
{"level": "INFO", "timestamp": "2024-03-07 16:56:40", "message": "gNodeB 'W1140' has been launched with 3 cells at '2024-03-07 16:56:42'.", "test_id": "dab1b714-1bb5-4741-9e6b-0f7a20c46dab"}
{"level": "INFO", "timestamp": "2024-03-07 16:56:40", "message": "gNodeB 'W1320' has been launched with 3 cells at '2024-03-07 16:56:43'.", "test_id": "dab1b714-1bb5-4741-9e6b-0f7a20c46dab"}
{"level": "INFO", "timestamp": "2024-03-07 16:56:40", "message": "gNodeB 'W2018' has been launched with 3 cells at '2024-03-07 16:56:44'.", "test_id": "dab1b714-1bb5-4741-9e6b-0f7a20c46dab"}
{"level": "INFO", "timestamp": "2024-03-07 16:58:34", "message": "gNodeB 'W1140' has been launched with 3 cells at '2024-03-07 16:58:35'.", "test_id": "0c80c56b-6c03-485a-9f4d-635e44f7da58"}
{"level": "INFO", "timestamp": "2024-03-07 16:58:34", "message": "gNodeB 'W1320' has been launched with 3 cells at '2024-03-07 16:58:36'.", "test_id": "0c80c56b-6c03-485a-9f4d-635e44f7da58"}
{"level": "INFO", "timestamp": "2024-03-07 16:58:34", "message": "gNodeB 'W2018' has been launched with 3 cells at '2024-03-07 16:58:37'.", "test_id": "0c80c56b-6c03-485a-9f4d-635e44f7da58"}
{"level": "INFO", "timestamp": "2024-03-07 17:00:35", "message": "gNodeB 'W1140' has been launched with 3 cells at '2024-03-07 17:00:37'.", "test_id": "2813c3f4-86ee-40c9-9744-c6557503a821"}
{"level": "INFO", "timestamp": "2024-03-07 17:00:35", "message": "gNodeB 'W1320' has been launched with 3 cells at '2024-03-07 17:00:38'.", "test_id": "2813c3f4-86ee-40c9-9744-c6557503a821"}
{"level": "INFO", "timestamp": "2024-03-07 17:00:35", "message": "gNodeB 'W2018' has been launched with 3 cells at '2024-03-07 17:00:39'.", "test_id": "2813c3f4-86ee-40c9-9744-c6557503a821"}
{"level": "INFO", "timestamp": "2024-03-07 17:02:34", "message": "gNodeB 'W1140' has been launched with 3 cells at '2024-03-07 17:02:35'.", "test_id": "42565ab3-6ac4-4c5d-9e6b-1d8a8a2a4fd2"}
{"level": "INFO", "timestamp": "2024-03-07 17:02:34", "message": "gNodeB 'W1320' has been launched with 3 cells at '2024-03-07 17:02:36'.", "test_id": "42565ab3-6ac4-4c5d-9e6b-1d8a8a2a4fd2"}
{"level": "INFO", "timestamp": "2024-03-07 17:02:34", "message": "gNodeB 'W2018' has been launched with 3 cells at '2024-03-07 17:02:37'.", "test_id": "42565ab3-6ac4-4c5d-9e6b-1d8a8a2a4fd2"}
{"level": "INFO", "timestamp": "2024-03-07 17:08:29", "message": "gNodeB 'W1140' has been launched with 3 cells at '2024-03-07 17:08:33'.", "test_id": "a87f600e-7fa5-4ab7-a28a-8d951df6ab5d"}
{"level": "INFO", "timestamp": "2024-03-07 17:08:29", "message": "gNodeB 'W1320' has been launched with 3 cells at '2024-03-07 17:08:34'.", "test_id": "a87f600e-7fa5-4ab7-a28a-8d951df6ab5d"}
{"level": "INFO", "timestamp": "2024-03-07 17:08:29", "message": "gNodeB 'W2018' has been launched with 3 cells at '2024-03-07 17:08:35'.", "test_id": "a87f600e-7fa5-4ab7-a28a-8d951df6ab5d"}
{"level": "INFO", "timestamp": "2024-03-07 17:13:26", "message": "gNodeB 'W1140' has been launched with 3 cells at '2024-03-07 17:13:28'.", "test_id": "554ec1c5-e9ea-4909-bc59-2b445590f1d8"}
{"level": "INFO", "timestamp": "2024-03-07 17:13:26", "message": "gNodeB 'W1320' has been launched with 3 cells at '2024-03-07 17:13:29'.", "test_id": "554ec1c5-e9ea-4909-bc59-2b445590f1d8"}
{"level": "INFO", "timestamp": "2024-03-07 17:13:26", "message": "gNodeB 'W2018' has been launched with 3 cells at '2024-03-07 17:13:30'.", "test_id": "554ec1c5-e9ea-4909-bc59-2b445590f1d8"}
{"level": "INFO", "timestamp": "2024-03-07 17:21:41", "message": "gNodeB 'W1140' has been launched with 3 cells at '2024-03-07 17:21:43'.", "test_id": "8b8198ac-b840-4658-8989-536bac9e2cd2"}
{"level": "INFO", "timestamp": "2024-03-07 17:21:41", "message": "gNodeB 'W1320' has been launched with 3 cells at '2024-03-07 17:21:44'.", "test_id": "8b8198ac-b840-4658-8989-536bac9e2cd2"}
{"level": "INFO", "timestamp": "2024-03-07 17:21:41", "message": "gNodeB 'W2018' has been launched with 3 cells at '2024-03-07 17:21:45'.", "test_id": "8b8198ac-b840-4658-8989-536bac9e2cd2"}
{"level": "INFO", "timestamp": "2024-03-07 17:28:18", "message": "gNodeB 'W1140' has been launched with 3 cells at '2024-03-07 17:28:22'.", "test_id": "bb88f2c3-c835-4cfa-9feb-a54f7bd69b6e"}
{"level": "INFO", "timestamp": "2024-03-07 17:28:18", "message": "gNodeB 'W1320' has been launched with 3 cells at '2024-03-07 17:28:23'.", "test_id": "bb88f2c3-c835-4cfa-9feb-a54f7bd69b6e"}
{"level": "INFO", "timestamp": "2024-03-07 17:28:18", "message": "gNodeB 'W2018' has been launched with 3 cells at '2024-03-07 17:28:24'.", "test_id": "bb88f2c3-c835-4cfa-9feb-a54f7bd69b6e"}
{"level": "INFO", "timestamp": "2024-03-07 17:40:07", "message": "gNodeB 'W1140' has been launched with 3 cells at '2024-03-07 17:40:08'.", "test_id": "ee228cc0-25e1-4b87-bdee-07d22f07675d"}
{"level": "INFO", "timestamp": "2024-03-07 17:40:07", "message": "gNodeB 'W1320' has been launched with 3 cells at '2024-03-07 17:40:09'.", "test_id": "ee228cc0-25e1-4b87-bdee-07d22f07675d"}
{"level": "INFO", "timestamp": "2024-03-07 17:40:07", "message": "gNodeB 'W2018' has been launched with 3 cells at '2024-03-07 17:40:10'.", "test_id": "ee228cc0-25e1-4b87-bdee-07d22f07675d"}
{"level": "INFO", "timestamp": "2024-03-07 17:49:29", "message": "gNodeB 'W1140' has been launched with 3 cells at '2024-03-07 17:49:31'.", "test_id": "fc6ad563-666b-4c57-b3f8-61d0716f6da8"}
{"level": "INFO", "timestamp": "2024-03-07 17:49:29", "message": "gNodeB 'W1320' has been launched with 3 cells at '2024-03-07 17:49:32'.", "test_id": "fc6ad563-666b-4c57-b3f8-61d0716f6da8"}
{"level": "INFO", "timestamp": "2024-03-07 17:49:29", "message": "gNodeB 'W2018' has been launched with 3 cells at '2024-03-07 17:49:33'.", "test_id": "fc6ad563-666b-4c57-b3f8-61d0716f6da8"}
{"level": "INFO", "timestamp": "2024-03-07 17:57:38", "message": "gNodeB 'W1140' has been launched with 3 cells at '2024-03-07 17:57:39'.", "test_id": "b79afe9c-c8f4-4806-90e2-b3386533abe0"}
{"level": "INFO", "timestamp": "2024-03-07 17:57:38", "message": "gNodeB 'W1320' has been launched with 3 cells at '2024-03-07 17:57:40'.", "test_id": "b79afe9c-c8f4-4806-90e2-b3386533abe0"}
{"level": "INFO", "timestamp": "2024-03-07 17:57:38", "message": "gNodeB 'W2018' has been launched with 3 cells at '2024-03-07 17:57:41'.", "test_id": "b79afe9c-c8f4-4806-90e2-b3386533abe0"}
{"level": "INFO", "timestamp": "2024-03-07 18:09:21", "message": "gNodeB 'W1140' has been launched with 3 cells at '2024-03-07 18:09:23'.", "test_id": "01ba4acb-6ce9-4470-ba08-1e206bea3e26"}
{"level": "INFO", "timestamp": "2024-03-07 18:09:21", "message": "gNodeB 'W1320' has been launched with 3 cells at '2024-03-07 18:09:24'.", "test_id": "01ba4acb-6ce9-4470-ba08-1e206bea3e26"}
{"level": "INFO", "timestamp": "2024-03-07 18:09:21", "message": "gNodeB 'W2018' has been launched with 3 cells at '2024-03-07 18:09:25'.", "test_id": "01ba4acb-6ce9-4470-ba08-1e206bea3e26"}
{"level": "INFO", "timestamp": "2024-03-07 18:15:05", "message": "gNodeB 'W1140' has been launched with 3 cells at '2024-03-07 18:15:06'.", "test_id": "489666ea-520b-482c-87ca-4189c9abbce0"}
{"level": "INFO", "timestamp": "2024-03-07 18:15:05", "message": "gNodeB 'W1320' has been launched with 3 cells at '2024-03-07 18:15:07'.", "test_id": "489666ea-520b-482c-87ca-4189c9abbce0"}
{"level": "INFO", "timestamp": "2024-03-07 18:15:05", "message": "gNodeB 'W2018' has been launched with 3 cells at '2024-03-07 18:15:08'.", "test_id": "489666ea-520b-482c-87ca-4189c9abbce0"}
{"level": "INFO", "timestamp": "2024-03-07 18:20:58", "message": "gNodeB 'W1140' has been launched with 3 cells at '2024-03-07 18:20:59'.", "test_id": "f4baa3e9-961b-42df-a1b5-b472bf9a28ff"}
{"level": "INFO", "timestamp": "2024-03-07 18:20:58", "message": "gNodeB 'W1320' has been launched with 3 cells at '2024-03-07 18:21:00'.", "test_id": "f4baa3e9-961b-42df-a1b5-b472bf9a28ff"}
{"level": "INFO", "timestamp": "2024-03-07 18:20:58", "message": "gNodeB 'W2018' has been launched with 3 cells at '2024-03-07 18:21:01'.", "test_id": "f4baa3e9-961b-42df-a1b5-b472bf9a28ff"}
{"level": "INFO", "timestamp": "2024-03-07 18:30:33", "message": "gNodeB 'W1140' has been launched with 3 cells at '2024-03-07 18:30:34'.", "test_id": "c3a7fce5-45be-4600-9477-c7fa187c45e7"}
{"level": "INFO", "timestamp": "2024-03-07 18:30:33", "message": "gNodeB 'W1320' has been launched with 3 cells at '2024-03-07 18:30:35'.", "test_id": "c3a7fce5-45be-4600-9477-c7fa187c45e7"}
{"level": "INFO", "timestamp": "2024-03-07 18:30:33", "message": "gNodeB 'W2018' has been launched with 3 cells at '2024-03-07 18:30:36'.", "test_id": "c3a7fce5-45be-4600-9477-c7fa187c45e7"}
{"level": "INFO", "timestamp": "2024-03-07 18:32:33", "message": "gNodeB 'W1140' has been launched with 3 cells at '2024-03-07 18:32:34'.", "test_id": "5609efa7-8261-414c-b0d0-07514e3ce98c"}
{"level": "INFO", "timestamp": "2024-03-07 18:32:33", "message": "gNodeB 'W1320' has been launched with 3 cells at '2024-03-07 18:32:35'.", "test_id": "5609efa7-8261-414c-b0d0-07514e3ce98c"}
{"level": "INFO", "timestamp": "2024-03-07 18:32:33", "message": "gNodeB 'W2018' has been launched with 3 cells at '2024-03-07 18:32:36'.", "test_id": "5609efa7-8261-414c-b0d0-07514e3ce98c"}
{"level": "INFO", "timestamp": "2024-03-07 18:34:34", "message": "gNodeB 'W1140' has been launched with 3 cells at '2024-03-07 18:34:35'.", "test_id": "40770162-1157-4e60-9a6f-dc31f5e51fcb"}
{"level": "INFO", "timestamp": "2024-03-07 18:34:34", "message": "gNodeB 'W1320' has been launched with 3 cells at '2024-03-07 18:34:36'.", "test_id": "40770162-1157-4e60-9a6f-dc31f5e51fcb"}
{"level": "INFO", "timestamp": "2024-03-07 18:34:34", "message": "gNodeB 'W2018' has been launched with 3 cells at '2024-03-07 18:34:37'.", "test_id": "40770162-1157-4e60-9a6f-dc31f5e51fcb"}
{"level": "INFO", "timestamp": "2024-03-07 18:37:43", "message": "gNodeB 'W1140' has been launched with 3 cells at '2024-03-07 18:37:45'.", "test_id": "f272f550-1149-4a5d-b882-c1b95fa869db"}
{"level": "INFO", "timestamp": "2024-03-07 18:37:43", "message": "gNodeB 'W1320' has been launched with 3 cells at '2024-03-07 18:37:46'.", "test_id": "f272f550-1149-4a5d-b882-c1b95fa869db"}
{"level": "INFO", "timestamp": "2024-03-07 18:37:43", "message": "gNodeB 'W2018' has been launched with 3 cells at '2024-03-07 18:37:47'.", "test_id": "f272f550-1149-4a5d-b882-c1b95fa869db"}
{"level": "INFO", "timestamp": "2024-03-07 18:42:09", "message": "gNodeB 'W1140' has been launched with 3 cells at '2024-03-07 18:42:10'.", "test_id": "2ab30e62-5ae8-40c5-9efe-87293855ffc1"}
{"level": "INFO", "timestamp": "2024-03-07 18:42:09", "message": "gNodeB 'W1320' has been launched with 3 cells at '2024-03-07 18:42:12'.", "test_id": "2ab30e62-5ae8-40c5-9efe-87293855ffc1"}
{"level": "INFO", "timestamp": "2024-03-07 18:42:09", "message": "gNodeB 'W2018' has been launched with 3 cells at '2024-03-07 18:42:13'.", "test_id": "2ab30e62-5ae8-40c5-9efe-87293855ffc1"}
{"level": "INFO", "timestamp": "2024-03-07 18:43:16", "message": "gNodeB 'W1140' has been launched with 3 cells at '2024-03-07 18:43:17'.", "test_id": "b44ee0c9-626a-4e64-9546-fe42ab7d45d0"}
{"level": "INFO", "timestamp": "2024-03-07 18:43:16", "message": "gNodeB 'W1320' has been launched with 3 cells at '2024-03-07 18:43:19'.", "test_id": "b44ee0c9-626a-4e64-9546-fe42ab7d45d0"}
{"level": "INFO", "timestamp": "2024-03-07 18:43:16", "message": "gNodeB 'W2018' has been launched with 3 cells at '2024-03-07 18:43:20'.", "test_id": "b44ee0c9-626a-4e64-9546-fe42ab7d45d0"}
{"level": "INFO", "timestamp": "2024-03-07 18:52:46", "message": "gNodeB 'W1140' has been launched with 3 cells at '2024-03-07 18:52:47'.", "test_id": "b2448861-f9ed-48bd-ad9d-a5275a61a043"}
{"level": "INFO", "timestamp": "2024-03-07 18:52:46", "message": "gNodeB 'W1320' has been launched with 3 cells at '2024-03-07 18:52:48'.", "test_id": "b2448861-f9ed-48bd-ad9d-a5275a61a043"}
{"level": "INFO", "timestamp": "2024-03-07 18:52:46", "message": "gNodeB 'W2018' has been launched with 3 cells at '2024-03-07 18:52:49'.", "test_id": "b2448861-f9ed-48bd-ad9d-a5275a61a043"}
{"level": "INFO", "timestamp": "2024-03-07 18:58:51", "message": "gNodeB 'W1140' has been launched with 3 cells at '2024-03-07 18:58:52'.", "test_id": "d645a31b-f63a-4f6e-bd16-c8f9e54670f7"}
{"level": "INFO", "timestamp": "2024-03-07 18:58:51", "message": "gNodeB 'W1320' has been launched with 3 cells at '2024-03-07 18:58:53'.", "test_id": "d645a31b-f63a-4f6e-bd16-c8f9e54670f7"}
{"level": "INFO", "timestamp": "2024-03-07 18:58:51", "message": "gNodeB 'W2018' has been launched with 3 cells at '2024-03-07 18:58:54'.", "test_id": "d645a31b-f63a-4f6e-bd16-c8f9e54670f7"}
{"level": "INFO", "timestamp": "2024-03-07 19:03:02", "message": "gNodeB 'W1140' has been launched with 3 cells at '2024-03-07 19:03:03'.", "test_id": "aa939be7-2a1e-4d47-b4b2-042cf84c3a46"}
{"level": "INFO", "timestamp": "2024-03-07 19:03:02", "message": "gNodeB 'W1320' has been launched with 3 cells at '2024-03-07 19:03:04'.", "test_id": "aa939be7-2a1e-4d47-b4b2-042cf84c3a46"}
{"level": "INFO", "timestamp": "2024-03-07 19:03:02", "message": "gNodeB 'W2018' has been launched with 3 cells at '2024-03-07 19:03:05'.", "test_id": "aa939be7-2a1e-4d47-b4b2-042cf84c3a46"}
{"level": "INFO", "timestamp": "2024-03-07 19:08:46", "message": "gNodeB 'W1140' has been launched with 3 cells at '2024-03-07 19:08:47'.", "test_id": "ad18cbe0-f564-44eb-9e17-24f226ca6471"}
{"level": "INFO", "timestamp": "2024-03-07 19:08:46", "message": "gNodeB 'W1320' has been launched with 3 cells at '2024-03-07 19:08:48'.", "test_id": "ad18cbe0-f564-44eb-9e17-24f226ca6471"}
{"level": "INFO", "timestamp": "2024-03-07 19:08:46", "message": "gNodeB 'W2018' has been launched with 3 cells at '2024-03-07 19:08:49'.", "test_id": "ad18cbe0-f564-44eb-9e17-24f226ca6471"}
{"level": "INFO", "timestamp": "2024-03-07 19:14:19", "message": "gNodeB 'W1140' has been launched with 3 cells at '2024-03-07 19:14:20'.", "test_id": "5ac29e6f-223e-4f29-a689-f809a7424f58"}
{"level": "INFO", "timestamp": "2024-03-07 19:14:19", "message": "gNodeB 'W1320' has been launched with 3 cells at '2024-03-07 19:14:21'.", "test_id": "5ac29e6f-223e-4f29-a689-f809a7424f58"}
{"level": "INFO", "timestamp": "2024-03-07 19:14:19", "message": "gNodeB 'W2018' has been launched with 3 cells at '2024-03-07 19:14:22'.", "test_id": "5ac29e6f-223e-4f29-a689-f809a7424f58"}
{"level": "INFO", "timestamp": "2024-03-07 19:19:00", "message": "gNodeB 'W1140' has been launched with 3 cells at '2024-03-07 19:19:01'.", "test_id": "e2807495-3278-4863-9514-8248232fca08"}
{"level": "INFO", "timestamp": "2024-03-07 19:19:00", "message": "gNodeB 'W1320' has been launched with 3 cells at '2024-03-07 19:19:02'.", "test_id": "e2807495-3278-4863-9514-8248232fca08"}
{"level": "INFO", "timestamp": "2024-03-07 19:19:00", "message": "gNodeB 'W2018' has been launched with 3 cells at '2024-03-07 19:19:03'.", "test_id": "e2807495-3278-4863-9514-8248232fca08"}
{"level": "INFO", "timestamp": "2024-03-07 19:32:07", "message": "gNodeB 'W1140' has been launched with 3 cells at '2024-03-07 19:32:11'.", "test_id": "1b956ef2-b822-461e-9dac-ccdb34f23229"}
{"level": "INFO", "timestamp": "2024-03-07 19:32:07", "message": "gNodeB 'W1320' has been launched with 3 cells at '2024-03-07 19:32:12'.", "test_id": "1b956ef2-b822-461e-9dac-ccdb34f23229"}
{"level": "INFO", "timestamp": "2024-03-07 19:32:07", "message": "gNodeB 'W2018' has been launched with 3 cells at '2024-03-07 19:32:13'.", "test_id": "1b956ef2-b822-461e-9dac-ccdb34f23229"}
{"level": "INFO", "timestamp": "2024-03-07 19:37:16", "message": "gNodeB 'W1140' has been launched with 3 cells at '2024-03-07 19:37:17'.", "test_id": "4f780d7b-4920-4055-983d-fd712d13c56b"}
{"level": "INFO", "timestamp": "2024-03-07 19:37:16", "message": "gNodeB 'W1320' has been launched with 3 cells at '2024-03-07 19:37:18'.", "test_id": "4f780d7b-4920-4055-983d-fd712d13c56b"}
{"level": "INFO", "timestamp": "2024-03-07 19:37:16", "message": "gNodeB 'W2018' has been launched with 3 cells at '2024-03-07 19:37:19'.", "test_id": "4f780d7b-4920-4055-983d-fd712d13c56b"}
{"level": "INFO", "timestamp": "2024-03-07 19:41:38", "message": "gNodeB 'W1140' has been launched with 3 cells at '2024-03-07 19:41:41'.", "test_id": "646f9aad-c6a3-4299-82f9-eb98397b002d"}
{"level": "INFO", "timestamp": "2024-03-07 19:41:38", "message": "gNodeB 'W1320' has been launched with 3 cells at '2024-03-07 19:41:42'.", "test_id": "646f9aad-c6a3-4299-82f9-eb98397b002d"}
{"level": "INFO", "timestamp": "2024-03-07 19:41:38", "message": "gNodeB 'W2018' has been launched with 3 cells at '2024-03-07 19:41:43'.", "test_id": "646f9aad-c6a3-4299-82f9-eb98397b002d"}
{"level": "INFO", "timestamp": "2024-03-07 19:47:21", "message": "gNodeB 'W1140' has been launched with 3 cells at '2024-03-07 19:47:23'.", "test_id": "fd8c467f-82dd-41ec-8357-f6218db1480b"}
{"level": "INFO", "timestamp": "2024-03-07 19:47:21", "message": "gNodeB 'W1320' has been launched with 3 cells at '2024-03-07 19:47:24'.", "test_id": "fd8c467f-82dd-41ec-8357-f6218db1480b"}
{"level": "INFO", "timestamp": "2024-03-07 19:47:21", "message": "gNodeB 'W2018' has been launched with 3 cells at '2024-03-07 19:47:25'.", "test_id": "fd8c467f-82dd-41ec-8357-f6218db1480b"}
{"level": "INFO", "timestamp": "2024-03-07 19:51:11", "message": "gNodeB 'W1140' has been launched with 3 cells at '2024-03-07 19:51:12'.", "test_id": "fb16973c-84f8-4c73-834e-f098ce9aef06"}
{"level": "INFO", "timestamp": "2024-03-07 19:51:11", "message": "gNodeB 'W1320' has been launched with 3 cells at '2024-03-07 19:51:13'.", "test_id": "fb16973c-84f8-4c73-834e-f098ce9aef06"}
{"level": "INFO", "timestamp": "2024-03-07 19:51:11", "message": "gNodeB 'W2018' has been launched with 3 cells at '2024-03-07 19:51:14'.", "test_id": "fb16973c-84f8-4c73-834e-f098ce9aef06"}
{"level": "INFO", "timestamp": "2024-03-07 19:52:29", "message": "gNodeB 'W1140' has been launched with 3 cells at '2024-03-07 19:52:30'.", "test_id": "6183d86c-4590-4188-a62a-00caa85ef5d3"}
{"level": "INFO", "timestamp": "2024-03-07 19:52:29", "message": "gNodeB 'W1320' has been launched with 3 cells at '2024-03-07 19:52:31'.", "test_id": "6183d86c-4590-4188-a62a-00caa85ef5d3"}
{"level": "INFO", "timestamp": "2024-03-07 19:52:29", "message": "gNodeB 'W2018' has been launched with 3 cells at '2024-03-07 19:52:32'.", "test_id": "6183d86c-4590-4188-a62a-00caa85ef5d3"}
{"level": "INFO", "timestamp": "2024-03-07 19:56:29", "message": "gNodeB 'W1140' has been launched with 3 cells at '2024-03-07 19:56:33'.", "test_id": "520f394a-86f6-481b-abfb-6df4988ef406"}
{"level": "INFO", "timestamp": "2024-03-07 19:56:29", "message": "gNodeB 'W1320' has been launched with 3 cells at '2024-03-07 19:56:34'.", "test_id": "520f394a-86f6-481b-abfb-6df4988ef406"}
{"level": "INFO", "timestamp": "2024-03-07 19:56:29", "message": "gNodeB 'W2018' has been launched with 3 cells at '2024-03-07 19:56:35'.", "test_id": "520f394a-86f6-481b-abfb-6df4988ef406"}
{"level": "INFO", "timestamp": "2024-03-07 19:59:55", "message": "gNodeB 'W1140' has been launched with 3 cells at '2024-03-07 19:59:57'.", "test_id": "e24810eb-6dbf-4170-8e39-4c3e6e3b6803"}
{"level": "INFO", "timestamp": "2024-03-07 19:59:55", "message": "gNodeB 'W1320' has been launched with 3 cells at '2024-03-07 19:59:58'.", "test_id": "e24810eb-6dbf-4170-8e39-4c3e6e3b6803"}
{"level": "INFO", "timestamp": "2024-03-07 19:59:55", "message": "gNodeB 'W2018' has been launched with 3 cells at '2024-03-07 19:59:59'.", "test_id": "e24810eb-6dbf-4170-8e39-4c3e6e3b6803"}
{"level": "INFO", "timestamp": "2024-03-07 20:00:48", "message": "gNodeB 'W1140' has been launched with 3 cells at '2024-03-07 20:00:49'.", "test_id": "a52bce7f-dfed-46c1-addc-359bd95845d2"}
{"level": "INFO", "timestamp": "2024-03-07 20:00:48", "message": "gNodeB 'W1320' has been launched with 3 cells at '2024-03-07 20:00:50'.", "test_id": "a52bce7f-dfed-46c1-addc-359bd95845d2"}
{"level": "INFO", "timestamp": "2024-03-07 20:00:48", "message": "gNodeB 'W2018' has been launched with 3 cells at '2024-03-07 20:00:51'.", "test_id": "a52bce7f-dfed-46c1-addc-359bd95845d2"}
{"level": "INFO", "timestamp": "2024-03-07 20:18:31", "message": "gNodeB 'W1140' has been launched with 3 cells at '2024-03-07 20:18:35'.", "test_id": "a298901a-88fc-49e5-93fd-cd726a1d1feb"}
{"level": "INFO", "timestamp": "2024-03-07 20:18:31", "message": "gNodeB 'W1320' has been launched with 3 cells at '2024-03-07 20:18:36'.", "test_id": "a298901a-88fc-49e5-93fd-cd726a1d1feb"}
{"level": "INFO", "timestamp": "2024-03-07 20:18:31", "message": "gNodeB 'W2018' has been launched with 3 cells at '2024-03-07 20:18:37'.", "test_id": "a298901a-88fc-49e5-93fd-cd726a1d1feb"}
{"level": "INFO", "timestamp": "2024-03-08 14:56:12", "message": "gNodeB 'W1140' has been launched with 3 cells at '2024-03-08 14:56:16'.", "test_id": "7d745ad7-2900-42d0-8c3c-91581dd22e1d"}
{"level": "INFO", "timestamp": "2024-03-08 14:56:12", "message": "gNodeB 'W1320' has been launched with 3 cells at '2024-03-08 14:56:17'.", "test_id": "7d745ad7-2900-42d0-8c3c-91581dd22e1d"}
{"level": "INFO", "timestamp": "2024-03-08 14:56:12", "message": "gNodeB 'W2018' has been launched with 3 cells at '2024-03-08 14:56:18'.", "test_id": "7d745ad7-2900-42d0-8c3c-91581dd22e1d"}
{"level": "INFO", "timestamp": "2024-03-08 15:04:33", "message": "gNodeB 'W1140' has been launched with 3 cells at '2024-03-08 15:04:37'.", "test_id": "4e6dbf3a-07d2-4bed-a178-5231bcca57b1"}
{"level": "INFO", "timestamp": "2024-03-08 15:04:33", "message": "gNodeB 'W1320' has been launched with 3 cells at '2024-03-08 15:04:38'.", "test_id": "4e6dbf3a-07d2-4bed-a178-5231bcca57b1"}
{"level": "INFO", "timestamp": "2024-03-08 15:04:33", "message": "gNodeB 'W2018' has been launched with 3 cells at '2024-03-08 15:04:39'.", "test_id": "4e6dbf3a-07d2-4bed-a178-5231bcca57b1"}
{"level": "INFO", "timestamp": "2024-03-08 15:19:51", "message": "gNodeB 'W1140' has been launched with 3 cells at '2024-03-08 15:19:55'.", "test_id": "70ad11a1-be07-4c80-8f08-8c4a01d17963"}
{"level": "INFO", "timestamp": "2024-03-08 15:19:51", "message": "gNodeB 'W1320' has been launched with 3 cells at '2024-03-08 15:19:56'.", "test_id": "70ad11a1-be07-4c80-8f08-8c4a01d17963"}
{"level": "INFO", "timestamp": "2024-03-08 15:19:51", "message": "gNodeB 'W2018' has been launched with 3 cells at '2024-03-08 15:19:57'.", "test_id": "70ad11a1-be07-4c80-8f08-8c4a01d17963"}
{"level": "INFO", "timestamp": "2024-03-08 15:21:59", "message": "gNodeB 'W1140' has been launched with 3 cells at '2024-03-08 15:22:00'.", "test_id": "30352b89-bcea-4c25-a85a-50631da3147a"}
{"level": "INFO", "timestamp": "2024-03-08 15:21:59", "message": "gNodeB 'W1320' has been launched with 3 cells at '2024-03-08 15:22:01'.", "test_id": "30352b89-bcea-4c25-a85a-50631da3147a"}
{"level": "INFO", "timestamp": "2024-03-08 15:21:59", "message": "gNodeB 'W2018' has been launched with 3 cells at '2024-03-08 15:22:02'.", "test_id": "30352b89-bcea-4c25-a85a-50631da3147a"}
{"level": "INFO", "timestamp": "2024-03-08 15:24:29", "message": "gNodeB 'W1140' has been launched with 3 cells at '2024-03-08 15:24:30'.", "test_id": "81123946-24e1-4217-9b23-0c3a16e56678"}
{"level": "INFO", "timestamp": "2024-03-08 15:24:29", "message": "gNodeB 'W1320' has been launched with 3 cells at '2024-03-08 15:24:31'.", "test_id": "81123946-24e1-4217-9b23-0c3a16e56678"}
{"level": "INFO", "timestamp": "2024-03-08 15:24:29", "message": "gNodeB 'W2018' has been launched with 3 cells at '2024-03-08 15:24:32'.", "test_id": "81123946-24e1-4217-9b23-0c3a16e56678"}
{"level": "INFO", "timestamp": "2024-03-08 15:28:35", "message": "gNodeB 'W1140' has been launched with 3 cells at '2024-03-08 15:28:36'.", "test_id": "2f8f49f0-56de-4412-b446-ebd1efc27755"}
{"level": "INFO", "timestamp": "2024-03-08 15:28:35", "message": "gNodeB 'W1320' has been launched with 3 cells at '2024-03-08 15:28:37'.", "test_id": "2f8f49f0-56de-4412-b446-ebd1efc27755"}
{"level": "INFO", "timestamp": "2024-03-08 15:28:35", "message": "gNodeB 'W2018' has been launched with 3 cells at '2024-03-08 15:28:38'.", "test_id": "2f8f49f0-56de-4412-b446-ebd1efc27755"}
{"level": "INFO", "timestamp": "2024-03-08 15:30:33", "message": "gNodeB 'W1140' has been launched with 3 cells at '2024-03-08 15:30:37'.", "test_id": "ca94be3d-219d-4058-a3fc-e2ba093a2ca1"}
{"level": "INFO", "timestamp": "2024-03-08 15:30:33", "message": "gNodeB 'W1320' has been launched with 3 cells at '2024-03-08 15:30:38'.", "test_id": "ca94be3d-219d-4058-a3fc-e2ba093a2ca1"}
{"level": "INFO", "timestamp": "2024-03-08 15:30:33", "message": "gNodeB 'W2018' has been launched with 3 cells at '2024-03-08 15:30:39'.", "test_id": "ca94be3d-219d-4058-a3fc-e2ba093a2ca1"}
{"level": "INFO", "timestamp": "2024-03-08 15:33:19", "message": "gNodeB 'W1140' has been launched with 3 cells at '2024-03-08 15:33:20'.", "test_id": "a4d129b0-55f9-4f8c-ad9e-2bda693a7cb4"}
{"level": "INFO", "timestamp": "2024-03-08 15:33:19", "message": "gNodeB 'W1320' has been launched with 3 cells at '2024-03-08 15:33:21'.", "test_id": "a4d129b0-55f9-4f8c-ad9e-2bda693a7cb4"}
{"level": "INFO", "timestamp": "2024-03-08 15:33:19", "message": "gNodeB 'W2018' has been launched with 3 cells at '2024-03-08 15:33:22'.", "test_id": "a4d129b0-55f9-4f8c-ad9e-2bda693a7cb4"}
{"level": "INFO", "timestamp": "2024-03-08 15:34:20", "message": "gNodeB 'W1140' has been launched with 3 cells at '2024-03-08 15:34:21'.", "test_id": "0743e7e4-53ac-4000-b113-9907c02d1c24"}
{"level": "INFO", "timestamp": "2024-03-08 15:34:20", "message": "gNodeB 'W1320' has been launched with 3 cells at '2024-03-08 15:34:22'.", "test_id": "0743e7e4-53ac-4000-b113-9907c02d1c24"}
{"level": "INFO", "timestamp": "2024-03-08 15:34:20", "message": "gNodeB 'W2018' has been launched with 3 cells at '2024-03-08 15:34:23'.", "test_id": "0743e7e4-53ac-4000-b113-9907c02d1c24"}
{"level": "INFO", "timestamp": "2024-03-08 15:37:22", "message": "gNodeB 'W1140' has been launched with 3 cells at '2024-03-08 15:37:23'.", "test_id": "d2251f4c-a7c1-4b67-aa2f-269a8a879b87"}
{"level": "INFO", "timestamp": "2024-03-08 15:37:22", "message": "gNodeB 'W1320' has been launched with 3 cells at '2024-03-08 15:37:24'.", "test_id": "d2251f4c-a7c1-4b67-aa2f-269a8a879b87"}
{"level": "INFO", "timestamp": "2024-03-08 15:37:22", "message": "gNodeB 'W2018' has been launched with 3 cells at '2024-03-08 15:37:25'.", "test_id": "d2251f4c-a7c1-4b67-aa2f-269a8a879b87"}
{"level": "INFO", "timestamp": "2024-03-08 15:42:17", "message": "gNodeB 'W1140' has been launched with 3 cells at '2024-03-08 15:42:18'.", "test_id": "561f8eb0-337d-4d03-a47b-7164414e65b0"}
{"level": "INFO", "timestamp": "2024-03-08 15:42:17", "message": "gNodeB 'W1320' has been launched with 3 cells at '2024-03-08 15:42:19'.", "test_id": "561f8eb0-337d-4d03-a47b-7164414e65b0"}
{"level": "INFO", "timestamp": "2024-03-08 15:42:17", "message": "gNodeB 'W2018' has been launched with 3 cells at '2024-03-08 15:42:20'.", "test_id": "561f8eb0-337d-4d03-a47b-7164414e65b0"}
{"level": "INFO", "timestamp": "2024-03-08 15:46:08", "message": "gNodeB 'W1140' has been launched with 3 cells at '2024-03-08 15:46:12'.", "test_id": "113b826c-c17c-43ea-acc1-db3be6059955"}
{"level": "INFO", "timestamp": "2024-03-08 15:46:08", "message": "gNodeB 'W1320' has been launched with 3 cells at '2024-03-08 15:46:13'.", "test_id": "113b826c-c17c-43ea-acc1-db3be6059955"}
{"level": "INFO", "timestamp": "2024-03-08 15:46:08", "message": "gNodeB 'W2018' has been launched with 3 cells at '2024-03-08 15:46:14'.", "test_id": "113b826c-c17c-43ea-acc1-db3be6059955"}
{"level": "INFO", "timestamp": "2024-03-08 15:54:19", "message": "gNodeB 'W1140' has been launched with 3 cells at '2024-03-08 15:54:20'.", "test_id": "76930420-0b33-4803-bd47-0c30224093eb"}
{"level": "INFO", "timestamp": "2024-03-08 15:54:19", "message": "gNodeB 'W1320' has been launched with 3 cells at '2024-03-08 15:54:21'.", "test_id": "76930420-0b33-4803-bd47-0c30224093eb"}
{"level": "INFO", "timestamp": "2024-03-08 15:54:19", "message": "gNodeB 'W2018' has been launched with 3 cells at '2024-03-08 15:54:22'.", "test_id": "76930420-0b33-4803-bd47-0c30224093eb"}
{"level": "INFO", "timestamp": "2024-03-08 15:57:44", "message": "gNodeB 'W1140' has been launched with 3 cells at '2024-03-08 15:57:45'.", "test_id": "55c700e5-70e5-44b2-a924-f5c8dc49ecdd"}
{"level": "INFO", "timestamp": "2024-03-08 15:57:44", "message": "gNodeB 'W1320' has been launched with 3 cells at '2024-03-08 15:57:46'.", "test_id": "55c700e5-70e5-44b2-a924-f5c8dc49ecdd"}
{"level": "INFO", "timestamp": "2024-03-08 15:57:44", "message": "gNodeB 'W2018' has been launched with 3 cells at '2024-03-08 15:57:47'.", "test_id": "55c700e5-70e5-44b2-a924-f5c8dc49ecdd"}
{"level": "INFO", "timestamp": "2024-03-08 16:02:09", "message": "gNodeB 'W1140' has been launched with 3 cells at '2024-03-08 16:02:11'.", "test_id": "d964e25d-8302-4280-adbb-d428641cfaaa"}
{"level": "INFO", "timestamp": "2024-03-08 16:02:09", "message": "gNodeB 'W1320' has been launched with 3 cells at '2024-03-08 16:02:12'.", "test_id": "d964e25d-8302-4280-adbb-d428641cfaaa"}
{"level": "INFO", "timestamp": "2024-03-08 16:02:09", "message": "gNodeB 'W2018' has been launched with 3 cells at '2024-03-08 16:02:13'.", "test_id": "d964e25d-8302-4280-adbb-d428641cfaaa"}
{"level": "INFO", "timestamp": "2024-03-08 16:25:15", "message": "gNodeB 'W1140' has been launched with 3 cells at '2024-03-08 16:25:19'.", "test_id": "79f9ea47-7b15-41a1-af3c-e4a32c440cf1"}
{"level": "INFO", "timestamp": "2024-03-08 16:25:15", "message": "gNodeB 'W1320' has been launched with 3 cells at '2024-03-08 16:25:20'.", "test_id": "79f9ea47-7b15-41a1-af3c-e4a32c440cf1"}
{"level": "INFO", "timestamp": "2024-03-08 16:25:15", "message": "gNodeB 'W2018' has been launched with 3 cells at '2024-03-08 16:25:21'.", "test_id": "79f9ea47-7b15-41a1-af3c-e4a32c440cf1"}
{"level": "INFO", "timestamp": "2024-03-08 16:28:04", "message": "gNodeB 'W1140' has been launched with 3 cells at '2024-03-08 16:28:05'.", "test_id": "9ab0f0ec-9214-4e6c-95c5-dcacf010ac60"}
{"level": "INFO", "timestamp": "2024-03-08 16:28:04", "message": "gNodeB 'W1320' has been launched with 3 cells at '2024-03-08 16:28:06'.", "test_id": "9ab0f0ec-9214-4e6c-95c5-dcacf010ac60"}
{"level": "INFO", "timestamp": "2024-03-08 16:28:04", "message": "gNodeB 'W2018' has been launched with 3 cells at '2024-03-08 16:28:07'.", "test_id": "9ab0f0ec-9214-4e6c-95c5-dcacf010ac60"}
{"level": "INFO", "timestamp": "2024-03-08 16:33:53", "message": "gNodeB 'W1140' has been launched with 3 cells at '2024-03-08 16:33:57'.", "test_id": "0e7c53f2-4801-42df-be70-cbf3d452da3f"}
{"level": "INFO", "timestamp": "2024-03-08 16:33:53", "message": "gNodeB 'W1320' has been launched with 3 cells at '2024-03-08 16:33:58'.", "test_id": "0e7c53f2-4801-42df-be70-cbf3d452da3f"}
{"level": "INFO", "timestamp": "2024-03-08 16:33:53", "message": "gNodeB 'W2018' has been launched with 3 cells at '2024-03-08 16:33:59'.", "test_id": "0e7c53f2-4801-42df-be70-cbf3d452da3f"}
{"level": "INFO", "timestamp": "2024-03-08 16:40:31", "message": "gNodeB 'W1140' has been launched with 3 cells at '2024-03-08 16:40:35'.", "test_id": "f78a7ce6-80b4-4021-9013-f1874d61c629"}
{"level": "INFO", "timestamp": "2024-03-08 16:40:31", "message": "gNodeB 'W1320' has been launched with 3 cells at '2024-03-08 16:40:36'.", "test_id": "f78a7ce6-80b4-4021-9013-f1874d61c629"}
{"level": "INFO", "timestamp": "2024-03-08 16:40:31", "message": "gNodeB 'W2018' has been launched with 3 cells at '2024-03-08 16:40:37'.", "test_id": "f78a7ce6-80b4-4021-9013-f1874d61c629"}
{"level": "INFO", "timestamp": "2024-03-08 16:47:38", "message": "gNodeB 'W1140' has been launched with 3 cells at '2024-03-08 16:47:39'.", "test_id": "0cdc30a8-68c4-4882-af10-5b4707e9eb0a"}
{"level": "INFO", "timestamp": "2024-03-08 16:47:38", "message": "gNodeB 'W1320' has been launched with 3 cells at '2024-03-08 16:47:40'.", "test_id": "0cdc30a8-68c4-4882-af10-5b4707e9eb0a"}
{"level": "INFO", "timestamp": "2024-03-08 16:47:38", "message": "gNodeB 'W2018' has been launched with 3 cells at '2024-03-08 16:47:41'.", "test_id": "0cdc30a8-68c4-4882-af10-5b4707e9eb0a"}
{"level": "INFO", "timestamp": "2024-03-08 17:01:12", "message": "gNodeB 'W1140' has been launched with 3 cells at '2024-03-08 17:01:16'.", "test_id": "8bed1eb1-f4dd-49ae-b68f-4eec9f1494fd"}
{"level": "INFO", "timestamp": "2024-03-08 17:01:12", "message": "gNodeB 'W1320' has been launched with 3 cells at '2024-03-08 17:01:17'.", "test_id": "8bed1eb1-f4dd-49ae-b68f-4eec9f1494fd"}
{"level": "INFO", "timestamp": "2024-03-08 17:01:12", "message": "gNodeB 'W2018' has been launched with 3 cells at '2024-03-08 17:01:18'.", "test_id": "8bed1eb1-f4dd-49ae-b68f-4eec9f1494fd"}
{"level": "INFO", "timestamp": "2024-03-08 17:02:00", "message": "gNodeB 'W1140' has been launched with 3 cells at '2024-03-08 17:02:02'.", "test_id": "c8dcdee1-dd6e-4f5c-baa0-972c3f1ca92e"}
{"level": "INFO", "timestamp": "2024-03-08 17:02:00", "message": "gNodeB 'W1320' has been launched with 3 cells at '2024-03-08 17:02:03'.", "test_id": "c8dcdee1-dd6e-4f5c-baa0-972c3f1ca92e"}
{"level": "INFO", "timestamp": "2024-03-08 17:02:00", "message": "gNodeB 'W2018' has been launched with 3 cells at '2024-03-08 17:02:04'.", "test_id": "c8dcdee1-dd6e-4f5c-baa0-972c3f1ca92e"}
{"level": "INFO", "timestamp": "2024-03-08 17:21:33", "message": "gNodeB 'W1140' has been launched with 3 cells at '2024-03-08 17:21:37'.", "test_id": "13ece6b6-ccde-4b12-83d5-4791fa93654a"}
{"level": "INFO", "timestamp": "2024-03-08 17:21:33", "message": "gNodeB 'W1320' has been launched with 3 cells at '2024-03-08 17:21:38'.", "test_id": "13ece6b6-ccde-4b12-83d5-4791fa93654a"}
{"level": "INFO", "timestamp": "2024-03-08 17:21:33", "message": "gNodeB 'W2018' has been launched with 3 cells at '2024-03-08 17:21:39'.", "test_id": "13ece6b6-ccde-4b12-83d5-4791fa93654a"}
{"level": "INFO", "timestamp": "2024-03-08 17:47:59", "message": "gNodeB 'W1140' has been launched with 3 cells at '2024-03-08 17:48:03'.", "test_id": "9e979534-4f59-42ce-883e-1835d87319ea"}
{"level": "INFO", "timestamp": "2024-03-08 17:47:59", "message": "gNodeB 'W1320' has been launched with 3 cells at '2024-03-08 17:48:04'.", "test_id": "9e979534-4f59-42ce-883e-1835d87319ea"}
{"level": "INFO", "timestamp": "2024-03-08 17:47:59", "message": "gNodeB 'W2018' has been launched with 3 cells at '2024-03-08 17:48:05'.", "test_id": "9e979534-4f59-42ce-883e-1835d87319ea"}
{"level": "INFO", "timestamp": "2024-03-08 18:01:03", "message": "gNodeB 'W1140' has been launched with 3 cells at '2024-03-08 18:01:05'.", "test_id": "dbad9eb6-825a-4c5b-88d8-31bfd4581544"}
{"level": "INFO", "timestamp": "2024-03-08 18:01:03", "message": "gNodeB 'W1320' has been launched with 3 cells at '2024-03-08 18:01:06'.", "test_id": "dbad9eb6-825a-4c5b-88d8-31bfd4581544"}
{"level": "INFO", "timestamp": "2024-03-08 18:01:03", "message": "gNodeB 'W2018' has been launched with 3 cells at '2024-03-08 18:01:07'.", "test_id": "dbad9eb6-825a-4c5b-88d8-31bfd4581544"}
{"level": "INFO", "timestamp": "2024-03-08 18:02:33", "message": "gNodeB 'W1140' has been launched with 3 cells at '2024-03-08 18:02:34'.", "test_id": "a99c9f3e-b20b-48d2-8e01-871d2b53addc"}
{"level": "INFO", "timestamp": "2024-03-08 18:02:33", "message": "gNodeB 'W1320' has been launched with 3 cells at '2024-03-08 18:02:35'.", "test_id": "a99c9f3e-b20b-48d2-8e01-871d2b53addc"}
{"level": "INFO", "timestamp": "2024-03-08 18:02:33", "message": "gNodeB 'W2018' has been launched with 3 cells at '2024-03-08 18:02:36'.", "test_id": "a99c9f3e-b20b-48d2-8e01-871d2b53addc"}
{"level": "INFO", "timestamp": "2024-03-08 18:06:44", "message": "gNodeB 'W1140' has been launched with 3 cells at '2024-03-08 18:06:45'.", "test_id": "b5add2a0-0df5-4ee5-8bf6-1705015f6984"}
{"level": "INFO", "timestamp": "2024-03-08 18:06:44", "message": "gNodeB 'W1320' has been launched with 3 cells at '2024-03-08 18:06:46'.", "test_id": "b5add2a0-0df5-4ee5-8bf6-1705015f6984"}
{"level": "INFO", "timestamp": "2024-03-08 18:06:44", "message": "gNodeB 'W2018' has been launched with 3 cells at '2024-03-08 18:06:47'.", "test_id": "b5add2a0-0df5-4ee5-8bf6-1705015f6984"}
{"level": "INFO", "timestamp": "2024-03-08 18:09:44", "message": "gNodeB 'W1140' has been launched with 3 cells at '2024-03-08 18:09:45'.", "test_id": "a675e928-63d6-42ac-a43d-96b2eef4fc29"}
{"level": "INFO", "timestamp": "2024-03-08 18:09:44", "message": "gNodeB 'W1320' has been launched with 3 cells at '2024-03-08 18:09:46'.", "test_id": "a675e928-63d6-42ac-a43d-96b2eef4fc29"}
{"level": "INFO", "timestamp": "2024-03-08 18:09:44", "message": "gNodeB 'W2018' has been launched with 3 cells at '2024-03-08 18:09:47'.", "test_id": "a675e928-63d6-42ac-a43d-96b2eef4fc29"}
