{"level": "INFO", "timestamp": "2024-01-05 21:14:46", "message": "Performing health check...waiting for all components to be up...", "test_id": "78d59288-5650-4442-aede-e692fde59e6f"}
{"level": "INFO", "timestamp": "2024-01-05 21:14:46", "message": "Server Status: {'status': 'UP', 'uptime': 'System Boot Time:          1/4/2024, 9:55:36 AM'}", "test_id": "78d59288-5650-4442-aede-e692fde59e6f"}
{"level": "INFO", "timestamp": "2024-01-05 21:14:46", "message": "Database Status: {'status': 'UP', 'details': 'Successfully connected to the database'}", "test_id": "78d59288-5650-4442-aede-e692fde59e6f"}
{"level": "INFO", "timestamp": "2024-01-05 21:14:46", "message": "System Resources: {'status': 'UP', 'cpu_usage': '9.2%', 'memory_usage': '30.9%'}", "test_id": "78d59288-5650-4442-aede-e692fde59e6f"}
{"level": "INFO", "timestamp": "2024-01-05 21:14:46", "message": "Time Utility Status: {'status': 'UP', 'time': '2024-01-05 21:14:46'}", "test_id": "78d59288-5650-4442-aede-e692fde59e6f"}
{"level": "INFO", "timestamp": "2024-01-05 21:14:46", "message": "All systems are operational.", "test_id": "78d59288-5650-4442-aede-e692fde59e6f"}
{"level": "INFO", "timestamp": "2024-01-05 21:17:37", "message": "Performing health check...waiting for all components to be up...", "test_id": "b4459f48-3670-4f54-b495-81a10ac1869c"}
{"level": "INFO", "timestamp": "2024-01-05 21:17:37", "message": "Server Status: {'status': 'UP', 'uptime': 'System Boot Time:          1/4/2024, 9:55:36 AM'}", "test_id": "b4459f48-3670-4f54-b495-81a10ac1869c"}
{"level": "INFO", "timestamp": "2024-01-05 21:17:37", "message": "Database Status: {'status': 'UP', 'details': 'Successfully connected to the database'}", "test_id": "b4459f48-3670-4f54-b495-81a10ac1869c"}
{"level": "INFO", "timestamp": "2024-01-05 21:17:37", "message": "System Resources: {'status': 'UP', 'cpu_usage': '13.3%', 'memory_usage': '30.6%'}", "test_id": "b4459f48-3670-4f54-b495-81a10ac1869c"}
{"level": "INFO", "timestamp": "2024-01-05 21:17:37", "message": "Time Utility Status: {'status': 'UP', 'time': '2024-01-05 21:17:37'}", "test_id": "b4459f48-3670-4f54-b495-81a10ac1869c"}
{"level": "INFO", "timestamp": "2024-01-05 21:17:37", "message": "All systems are operational.", "test_id": "b4459f48-3670-4f54-b495-81a10ac1869c"}
{"level": "INFO", "timestamp": "2024-01-05 22:06:42", "message": "Performing health check...waiting for all components to be up...", "test_id": "50d47b00-0beb-4784-8ffc-d5e30e664c3c"}
{"level": "INFO", "timestamp": "2024-01-05 22:06:42", "message": "Server Status: {'status': 'UP', 'uptime': 'System Boot Time:          1/4/2024, 9:55:36 AM'}", "test_id": "50d47b00-0beb-4784-8ffc-d5e30e664c3c"}
{"level": "INFO", "timestamp": "2024-01-05 22:06:42", "message": "Database Status: {'status': 'UP', 'details': 'Successfully connected to the database'}", "test_id": "50d47b00-0beb-4784-8ffc-d5e30e664c3c"}
{"level": "INFO", "timestamp": "2024-01-05 22:06:42", "message": "System Resources: {'status': 'UP', 'cpu_usage': '13.3%', 'memory_usage': '32.1%'}", "test_id": "50d47b00-0beb-4784-8ffc-d5e30e664c3c"}
{"level": "INFO", "timestamp": "2024-01-05 22:06:42", "message": "Time Utility Status: {'status': 'UP', 'time': '2024-01-05 22:06:42'}", "test_id": "50d47b00-0beb-4784-8ffc-d5e30e664c3c"}
{"level": "INFO", "timestamp": "2024-01-05 22:06:42", "message": "All systems are operational.", "test_id": "50d47b00-0beb-4784-8ffc-d5e30e664c3c"}
{"level": "INFO", "timestamp": "2024-01-05 22:11:52", "message": "Performing health check...waiting for all components to be up...", "test_id": "80dec4bf-db28-4563-96eb-3ca1a5df9970"}
{"level": "INFO", "timestamp": "2024-01-05 22:11:52", "message": "Server Status: {'status': 'UP', 'uptime': 'System Boot Time:          1/4/2024, 9:55:36 AM'}", "test_id": "80dec4bf-db28-4563-96eb-3ca1a5df9970"}
{"level": "INFO", "timestamp": "2024-01-05 22:11:52", "message": "Database Status: {'status': 'UP', 'details': 'Successfully connected to the database'}", "test_id": "80dec4bf-db28-4563-96eb-3ca1a5df9970"}
{"level": "INFO", "timestamp": "2024-01-05 22:11:52", "message": "System Resources: {'status': 'UP', 'cpu_usage': '16.8%', 'memory_usage': '32.2%'}", "test_id": "80dec4bf-db28-4563-96eb-3ca1a5df9970"}
{"level": "INFO", "timestamp": "2024-01-05 22:11:52", "message": "Time Utility Status: {'status': 'UP', 'time': '2024-01-05 22:11:52'}", "test_id": "80dec4bf-db28-4563-96eb-3ca1a5df9970"}
{"level": "INFO", "timestamp": "2024-01-05 22:11:52", "message": "All systems are operational.", "test_id": "80dec4bf-db28-4563-96eb-3ca1a5df9970"}
{"level": "INFO", "timestamp": "2024-01-05 22:33:24", "message": "Performing health check...waiting for all components to be up...", "test_id": "5913f924-4775-453a-9ed1-a62b35bce13d"}
{"level": "INFO", "timestamp": "2024-01-05 22:33:24", "message": "Server Status: {'status': 'UP', 'uptime': 'System Boot Time:          1/4/2024, 9:55:36 AM'}", "test_id": "5913f924-4775-453a-9ed1-a62b35bce13d"}
{"level": "INFO", "timestamp": "2024-01-05 22:33:24", "message": "Database Status: {'status': 'UP', 'details': 'Successfully connected to the database'}", "test_id": "5913f924-4775-453a-9ed1-a62b35bce13d"}
{"level": "INFO", "timestamp": "2024-01-05 22:33:24", "message": "System Resources: {'status': 'UP', 'cpu_usage': '8.8%', 'memory_usage': '32.0%'}", "test_id": "5913f924-4775-453a-9ed1-a62b35bce13d"}
{"level": "INFO", "timestamp": "2024-01-05 22:33:24", "message": "Time Utility Status: {'status': 'UP', 'time': '2024-01-05 22:33:24'}", "test_id": "5913f924-4775-453a-9ed1-a62b35bce13d"}
{"level": "INFO", "timestamp": "2024-01-05 22:33:24", "message": "All systems are operational.", "test_id": "5913f924-4775-453a-9ed1-a62b35bce13d"}
{"level": "INFO", "timestamp": "2024-01-05 23:20:23", "message": "Performing health check...waiting for all components to be up...", "test_id": "e8dec760-c528-4eef-812d-23629b04dc3e"}
{"level": "INFO", "timestamp": "2024-01-05 23:20:23", "message": "Server Status: {'status': 'UP', 'uptime': 'System Boot Time:          1/4/2024, 9:55:36 AM'}", "test_id": "e8dec760-c528-4eef-812d-23629b04dc3e"}
{"level": "INFO", "timestamp": "2024-01-05 23:20:23", "message": "Database Status: {'status': 'UP', 'details': 'Successfully connected to the database'}", "test_id": "e8dec760-c528-4eef-812d-23629b04dc3e"}
{"level": "INFO", "timestamp": "2024-01-05 23:20:23", "message": "System Resources: {'status': 'UP', 'cpu_usage': '14.4%', 'memory_usage': '32.2%'}", "test_id": "e8dec760-c528-4eef-812d-23629b04dc3e"}
{"level": "INFO", "timestamp": "2024-01-05 23:20:23", "message": "Time Utility Status: {'status': 'UP', 'time': '2024-01-05 23:20:23'}", "test_id": "e8dec760-c528-4eef-812d-23629b04dc3e"}
{"level": "INFO", "timestamp": "2024-01-05 23:20:23", "message": "All systems are operational.", "test_id": "e8dec760-c528-4eef-812d-23629b04dc3e"}
{"level": "INFO", "timestamp": "2024-01-05 23:33:01", "message": "Performing health check...waiting for all components to be up...", "test_id": "bdc408cc-9984-4048-92bf-2fc7c20254f4"}
{"level": "INFO", "timestamp": "2024-01-05 23:33:01", "message": "Server Status: {'status': 'UP', 'uptime': 'System Boot Time:          1/4/2024, 9:55:36 AM'}", "test_id": "bdc408cc-9984-4048-92bf-2fc7c20254f4"}
{"level": "INFO", "timestamp": "2024-01-05 23:33:01", "message": "Database Status: {'status': 'UP', 'details': 'Successfully connected to the database'}", "test_id": "bdc408cc-9984-4048-92bf-2fc7c20254f4"}
{"level": "INFO", "timestamp": "2024-01-05 23:33:01", "message": "System Resources: {'status': 'UP', 'cpu_usage': '9.0%', 'memory_usage': '32.5%'}", "test_id": "bdc408cc-9984-4048-92bf-2fc7c20254f4"}
{"level": "INFO", "timestamp": "2024-01-05 23:33:01", "message": "Time Utility Status: {'status': 'UP', 'time': '2024-01-05 23:33:01'}", "test_id": "bdc408cc-9984-4048-92bf-2fc7c20254f4"}
{"level": "INFO", "timestamp": "2024-01-05 23:33:01", "message": "All systems are operational.", "test_id": "bdc408cc-9984-4048-92bf-2fc7c20254f4"}
{"level": "INFO", "timestamp": "2024-01-05 23:36:49", "message": "Performing health check...waiting for all components to be up...", "test_id": "6ccaf092-f839-47c4-a160-056c3106776c"}
{"level": "INFO", "timestamp": "2024-01-05 23:36:49", "message": "Server Status: {'status': 'UP', 'uptime': 'System Boot Time:          1/4/2024, 9:55:36 AM'}", "test_id": "6ccaf092-f839-47c4-a160-056c3106776c"}
{"level": "INFO", "timestamp": "2024-01-05 23:36:49", "message": "Database Status: {'status': 'UP', 'details': 'Successfully connected to the database'}", "test_id": "6ccaf092-f839-47c4-a160-056c3106776c"}
{"level": "INFO", "timestamp": "2024-01-05 23:36:49", "message": "System Resources: {'status': 'UP', 'cpu_usage': '9.8%', 'memory_usage': '32.4%'}", "test_id": "6ccaf092-f839-47c4-a160-056c3106776c"}
{"level": "INFO", "timestamp": "2024-01-05 23:36:49", "message": "Time Utility Status: {'status': 'UP', 'time': '2024-01-05 23:36:49'}", "test_id": "6ccaf092-f839-47c4-a160-056c3106776c"}
{"level": "INFO", "timestamp": "2024-01-05 23:36:49", "message": "All systems are operational.", "test_id": "6ccaf092-f839-47c4-a160-056c3106776c"}
{"level": "INFO", "timestamp": "2024-01-05 23:41:22", "message": "Performing health check...waiting for all components to be up...", "test_id": "9be11afd-fc1e-495a-bc35-1f6f023e0c27"}
{"level": "INFO", "timestamp": "2024-01-05 23:41:22", "message": "Server Status: {'status': 'UP', 'uptime': 'System Boot Time:          1/4/2024, 9:55:36 AM'}", "test_id": "9be11afd-fc1e-495a-bc35-1f6f023e0c27"}
{"level": "INFO", "timestamp": "2024-01-05 23:41:22", "message": "Database Status: {'status': 'UP', 'details': 'Successfully connected to the database'}", "test_id": "9be11afd-fc1e-495a-bc35-1f6f023e0c27"}
{"level": "INFO", "timestamp": "2024-01-05 23:41:22", "message": "System Resources: {'status': 'UP', 'cpu_usage': '11.2%', 'memory_usage': '32.4%'}", "test_id": "9be11afd-fc1e-495a-bc35-1f6f023e0c27"}
{"level": "INFO", "timestamp": "2024-01-05 23:41:22", "message": "Time Utility Status: {'status': 'UP', 'time': '2024-01-05 23:41:22'}", "test_id": "9be11afd-fc1e-495a-bc35-1f6f023e0c27"}
{"level": "INFO", "timestamp": "2024-01-05 23:41:22", "message": "All systems are operational.", "test_id": "9be11afd-fc1e-495a-bc35-1f6f023e0c27"}
{"level": "INFO", "timestamp": "2024-01-05 23:44:44", "message": "Performing health check...waiting for all components to be up...", "test_id": "8b7d6d78-8dbe-4070-a00a-193e197f7fc4"}
{"level": "INFO", "timestamp": "2024-01-05 23:44:44", "message": "Server Status: {'status': 'UP', 'uptime': 'System Boot Time:          1/4/2024, 9:55:36 AM'}", "test_id": "8b7d6d78-8dbe-4070-a00a-193e197f7fc4"}
{"level": "INFO", "timestamp": "2024-01-05 23:44:44", "message": "Database Status: {'status': 'UP', 'details': 'Successfully connected to the database'}", "test_id": "8b7d6d78-8dbe-4070-a00a-193e197f7fc4"}
{"level": "INFO", "timestamp": "2024-01-05 23:44:44", "message": "System Resources: {'status': 'UP', 'cpu_usage': '9.4%', 'memory_usage': '32.5%'}", "test_id": "8b7d6d78-8dbe-4070-a00a-193e197f7fc4"}
{"level": "INFO", "timestamp": "2024-01-05 23:44:44", "message": "Time Utility Status: {'status': 'UP', 'time': '2024-01-05 23:44:44'}", "test_id": "8b7d6d78-8dbe-4070-a00a-193e197f7fc4"}
{"level": "INFO", "timestamp": "2024-01-05 23:44:44", "message": "All systems are operational.", "test_id": "8b7d6d78-8dbe-4070-a00a-193e197f7fc4"}
{"level": "INFO", "timestamp": "2024-01-05 23:55:08", "message": "Performing health check...waiting for all components to be up...", "test_id": "855c3bd4-4278-426e-a342-e89870f49726"}
{"level": "INFO", "timestamp": "2024-01-05 23:55:08", "message": "Server Status: {'status': 'UP', 'uptime': 'System Boot Time:          1/4/2024, 9:55:36 AM'}", "test_id": "855c3bd4-4278-426e-a342-e89870f49726"}
{"level": "INFO", "timestamp": "2024-01-05 23:55:08", "message": "Database Status: {'status': 'UP', 'details': 'Successfully connected to the database'}", "test_id": "855c3bd4-4278-426e-a342-e89870f49726"}
{"level": "INFO", "timestamp": "2024-01-05 23:55:08", "message": "System Resources: {'status': 'UP', 'cpu_usage': '14.6%', 'memory_usage': '32.4%'}", "test_id": "855c3bd4-4278-426e-a342-e89870f49726"}
{"level": "INFO", "timestamp": "2024-01-05 23:55:08", "message": "Time Utility Status: {'status': 'UP', 'time': '2024-01-05 23:55:08'}", "test_id": "855c3bd4-4278-426e-a342-e89870f49726"}
{"level": "INFO", "timestamp": "2024-01-05 23:55:08", "message": "All systems are operational.", "test_id": "855c3bd4-4278-426e-a342-e89870f49726"}
{"level": "INFO", "timestamp": "2024-01-05 23:58:25", "message": "Performing health check...waiting for all components to be up...", "test_id": "d34cb9c9-3de1-4f0b-b04a-c2b7c43921fe"}
{"level": "INFO", "timestamp": "2024-01-05 23:58:25", "message": "Server Status: {'status': 'UP', 'uptime': 'System Boot Time:          1/4/2024, 9:55:36 AM'}", "test_id": "d34cb9c9-3de1-4f0b-b04a-c2b7c43921fe"}
{"level": "INFO", "timestamp": "2024-01-05 23:58:25", "message": "Database Status: {'status': 'UP', 'details': 'Successfully connected to the database'}", "test_id": "d34cb9c9-3de1-4f0b-b04a-c2b7c43921fe"}
{"level": "INFO", "timestamp": "2024-01-05 23:58:25", "message": "System Resources: {'status': 'UP', 'cpu_usage': '11.3%', 'memory_usage': '32.6%'}", "test_id": "d34cb9c9-3de1-4f0b-b04a-c2b7c43921fe"}
{"level": "INFO", "timestamp": "2024-01-05 23:58:25", "message": "Time Utility Status: {'status': 'UP', 'time': '2024-01-05 23:58:25'}", "test_id": "d34cb9c9-3de1-4f0b-b04a-c2b7c43921fe"}
{"level": "INFO", "timestamp": "2024-01-05 23:58:25", "message": "All systems are operational.", "test_id": "d34cb9c9-3de1-4f0b-b04a-c2b7c43921fe"}
{"level": "INFO", "timestamp": "2024-01-06 00:00:14", "message": "Performing health check...waiting for all components to be up...", "test_id": "7015f331-5479-43f1-ba76-a865d8b8d80a"}
{"level": "INFO", "timestamp": "2024-01-06 00:00:14", "message": "Server Status: {'status': 'UP', 'uptime': 'System Boot Time:          1/4/2024, 9:55:36 AM'}", "test_id": "7015f331-5479-43f1-ba76-a865d8b8d80a"}
{"level": "INFO", "timestamp": "2024-01-06 00:00:14", "message": "Database Status: {'status': 'UP', 'details': 'Successfully connected to the database'}", "test_id": "7015f331-5479-43f1-ba76-a865d8b8d80a"}
{"level": "INFO", "timestamp": "2024-01-06 00:00:14", "message": "System Resources: {'status': 'UP', 'cpu_usage': '9.9%', 'memory_usage': '32.7%'}", "test_id": "7015f331-5479-43f1-ba76-a865d8b8d80a"}
{"level": "INFO", "timestamp": "2024-01-06 00:00:14", "message": "Time Utility Status: {'status': 'UP', 'time': '2024-01-06 00:00:14'}", "test_id": "7015f331-5479-43f1-ba76-a865d8b8d80a"}
{"level": "INFO", "timestamp": "2024-01-06 00:00:14", "message": "All systems are operational.", "test_id": "7015f331-5479-43f1-ba76-a865d8b8d80a"}
{"level": "INFO", "timestamp": "2024-01-06 00:01:13", "message": "Performing health check...waiting for all components to be up...", "test_id": "864c5442-02a6-400a-8d84-e20d523168ea"}
{"level": "INFO", "timestamp": "2024-01-06 00:01:13", "message": "Server Status: {'status': 'UP', 'uptime': 'System Boot Time:          1/4/2024, 9:55:36 AM'}", "test_id": "864c5442-02a6-400a-8d84-e20d523168ea"}
{"level": "INFO", "timestamp": "2024-01-06 00:01:13", "message": "Database Status: {'status': 'UP', 'details': 'Successfully connected to the database'}", "test_id": "864c5442-02a6-400a-8d84-e20d523168ea"}
{"level": "INFO", "timestamp": "2024-01-06 00:01:13", "message": "System Resources: {'status': 'UP', 'cpu_usage': '10.9%', 'memory_usage': '32.8%'}", "test_id": "864c5442-02a6-400a-8d84-e20d523168ea"}
{"level": "INFO", "timestamp": "2024-01-06 00:01:13", "message": "Time Utility Status: {'status': 'UP', 'time': '2024-01-06 00:01:13'}", "test_id": "864c5442-02a6-400a-8d84-e20d523168ea"}
{"level": "INFO", "timestamp": "2024-01-06 00:01:13", "message": "All systems are operational.", "test_id": "864c5442-02a6-400a-8d84-e20d523168ea"}
