{"level": "INFO", "timestamp": "2024-01-07 12:57:06", "message": "A sector 'A1' has been created at '2024-01-07 12:57:17' in 'Ax1242' with max capacity 3.", "test_id": "f98f0200-4fe9-48f0-8c2a-ff6d486ae5c6"}
{"level": "INFO", "timestamp": "2024-01-07 12:57:06", "message": "A sector 'A2' has been created at '2024-01-07 12:57:17' in 'Ax1242' with max capacity 3.", "test_id": "f98f0200-4fe9-48f0-8c2a-ff6d486ae5c6"}
{"level": "INFO", "timestamp": "2024-01-07 12:57:06", "message": "A sector 'A3' has been created at '2024-01-07 12:57:17' in 'Ax1242' with max capacity 3.", "test_id": "f98f0200-4fe9-48f0-8c2a-ff6d486ae5c6"}
{"level": "INFO", "timestamp": "2024-01-07 12:57:06", "message": "A sector 'B1' has been created at '2024-01-07 12:57:17' in 'BX1453' with max capacity 3.", "test_id": "f98f0200-4fe9-48f0-8c2a-ff6d486ae5c6"}
{"level": "INFO", "timestamp": "2024-01-07 12:57:06", "message": "A sector 'B2' has been created at '2024-01-07 12:57:17' in 'BX1453' with max capacity 3.", "test_id": "f98f0200-4fe9-48f0-8c2a-ff6d486ae5c6"}
{"level": "INFO", "timestamp": "2024-01-07 12:57:06", "message": "A sector 'B3' has been created at '2024-01-07 12:57:17' in 'BX1453' with max capacity 3.", "test_id": "f98f0200-4fe9-48f0-8c2a-ff6d486ae5c6"}
{"level": "INFO", "timestamp": "2024-01-07 12:57:06", "message": "A sector 'C1' has been created at '2024-01-07 12:57:17' in 'CX1352' with max capacity 3.", "test_id": "f98f0200-4fe9-48f0-8c2a-ff6d486ae5c6"}
{"level": "INFO", "timestamp": "2024-01-07 12:57:06", "message": "A sector 'C2' has been created at '2024-01-07 12:57:17' in 'CX1352' with max capacity 3.", "test_id": "f98f0200-4fe9-48f0-8c2a-ff6d486ae5c6"}
{"level": "INFO", "timestamp": "2024-01-07 12:57:06", "message": "A sector 'C3' has been created at '2024-01-07 12:57:17' in 'CX1352' with max capacity 3.", "test_id": "f98f0200-4fe9-48f0-8c2a-ff6d486ae5c6"}
{"level": "INFO", "timestamp": "2024-01-07 12:57:06", "message": "A sector 'A1' has been created at '2024-01-07 12:57:17' in 'AX1112' with max capacity 3.", "test_id": "f98f0200-4fe9-48f0-8c2a-ff6d486ae5c6"}
{"level": "INFO", "timestamp": "2024-01-07 12:57:06", "message": "A sector 'A2' has been created at '2024-01-07 12:57:17' in 'AX1112' with max capacity 3.", "test_id": "f98f0200-4fe9-48f0-8c2a-ff6d486ae5c6"}
{"level": "INFO", "timestamp": "2024-01-07 12:57:06", "message": "A sector 'A3' has been created at '2024-01-07 12:57:17' in 'AX1112' with max capacity 3.", "test_id": "f98f0200-4fe9-48f0-8c2a-ff6d486ae5c6"}
{"level": "INFO", "timestamp": "2024-01-07 12:57:06", "message": "A sector 'B1' has been created at '2024-01-07 12:57:17' in 'BX1334' with max capacity 3.", "test_id": "f98f0200-4fe9-48f0-8c2a-ff6d486ae5c6"}
{"level": "INFO", "timestamp": "2024-01-07 12:57:06", "message": "A sector 'B2' has been created at '2024-01-07 12:57:17' in 'BX1334' with max capacity 3.", "test_id": "f98f0200-4fe9-48f0-8c2a-ff6d486ae5c6"}
{"level": "INFO", "timestamp": "2024-01-07 12:57:06", "message": "A sector 'B3' has been created at '2024-01-07 12:57:17' in 'BX1334' with max capacity 3.", "test_id": "f98f0200-4fe9-48f0-8c2a-ff6d486ae5c6"}
{"level": "INFO", "timestamp": "2024-01-07 12:57:06", "message": "A sector 'C1' has been created at '2024-01-07 12:57:17' in 'CX1873' with max capacity 3.", "test_id": "f98f0200-4fe9-48f0-8c2a-ff6d486ae5c6"}
{"level": "INFO", "timestamp": "2024-01-07 12:57:06", "message": "A sector 'C2' has been created at '2024-01-07 12:57:17' in 'CX1873' with max capacity 3.", "test_id": "f98f0200-4fe9-48f0-8c2a-ff6d486ae5c6"}
{"level": "INFO", "timestamp": "2024-01-07 12:57:06", "message": "A sector 'C3' has been created at '2024-01-07 12:57:17' in 'CX1873' with max capacity 3.", "test_id": "f98f0200-4fe9-48f0-8c2a-ff6d486ae5c6"}
{"level": "INFO", "timestamp": "2024-01-07 12:57:06", "message": "A sector 'A1' has been created at '2024-01-07 12:57:17' in 'AX9980' with max capacity 3.", "test_id": "f98f0200-4fe9-48f0-8c2a-ff6d486ae5c6"}
{"level": "INFO", "timestamp": "2024-01-07 12:57:06", "message": "A sector 'A2' has been created at '2024-01-07 12:57:17' in 'AX9980' with max capacity 3.", "test_id": "f98f0200-4fe9-48f0-8c2a-ff6d486ae5c6"}
{"level": "INFO", "timestamp": "2024-01-07 12:57:06", "message": "A sector 'A3' has been created at '2024-01-07 12:57:17' in 'AX9980' with max capacity 3.", "test_id": "f98f0200-4fe9-48f0-8c2a-ff6d486ae5c6"}
{"level": "INFO", "timestamp": "2024-01-07 12:57:06", "message": "A sector 'B1' has been created at '2024-01-07 12:57:17' in 'BX1230' with max capacity 3.", "test_id": "f98f0200-4fe9-48f0-8c2a-ff6d486ae5c6"}
{"level": "INFO", "timestamp": "2024-01-07 12:57:06", "message": "A sector 'B2' has been created at '2024-01-07 12:57:17' in 'BX1230' with max capacity 3.", "test_id": "f98f0200-4fe9-48f0-8c2a-ff6d486ae5c6"}
{"level": "INFO", "timestamp": "2024-01-07 12:57:06", "message": "A sector 'B3' has been created at '2024-01-07 12:57:17' in 'BX1230' with max capacity 3.", "test_id": "f98f0200-4fe9-48f0-8c2a-ff6d486ae5c6"}
{"level": "INFO", "timestamp": "2024-01-07 12:57:06", "message": "A sector 'C1' has been created at '2024-01-07 12:57:17' in 'CX5103' with max capacity 3.", "test_id": "f98f0200-4fe9-48f0-8c2a-ff6d486ae5c6"}
{"level": "INFO", "timestamp": "2024-01-07 12:57:06", "message": "A sector 'C2' has been created at '2024-01-07 12:57:17' in 'CX5103' with max capacity 3.", "test_id": "f98f0200-4fe9-48f0-8c2a-ff6d486ae5c6"}
{"level": "INFO", "timestamp": "2024-01-07 12:57:06", "message": "A sector 'C3' has been created at '2024-01-07 12:57:17' in 'CX5103' with max capacity 3.", "test_id": "f98f0200-4fe9-48f0-8c2a-ff6d486ae5c6"}
{"level": "INFO", "timestamp": "2024-01-07 13:24:43", "message": "A sector 'A1' has been created at '2024-01-07 13:24:53' in 'Ax1242' with max capacity 3.", "test_id": "b16989e4-5934-4758-84a0-a743a0d37952"}
{"level": "INFO", "timestamp": "2024-01-07 13:24:43", "message": "A sector 'A2' has been created at '2024-01-07 13:24:53' in 'Ax1242' with max capacity 3.", "test_id": "b16989e4-5934-4758-84a0-a743a0d37952"}
{"level": "INFO", "timestamp": "2024-01-07 13:24:43", "message": "A sector 'A3' has been created at '2024-01-07 13:24:53' in 'Ax1242' with max capacity 3.", "test_id": "b16989e4-5934-4758-84a0-a743a0d37952"}
{"level": "INFO", "timestamp": "2024-01-07 13:24:43", "message": "A sector 'B1' has been created at '2024-01-07 13:24:53' in 'BX1453' with max capacity 3.", "test_id": "b16989e4-5934-4758-84a0-a743a0d37952"}
{"level": "INFO", "timestamp": "2024-01-07 13:24:43", "message": "A sector 'B2' has been created at '2024-01-07 13:24:53' in 'BX1453' with max capacity 3.", "test_id": "b16989e4-5934-4758-84a0-a743a0d37952"}
{"level": "INFO", "timestamp": "2024-01-07 13:24:43", "message": "A sector 'B3' has been created at '2024-01-07 13:24:53' in 'BX1453' with max capacity 3.", "test_id": "b16989e4-5934-4758-84a0-a743a0d37952"}
{"level": "INFO", "timestamp": "2024-01-07 13:24:43", "message": "A sector 'C1' has been created at '2024-01-07 13:24:53' in 'CX1352' with max capacity 3.", "test_id": "b16989e4-5934-4758-84a0-a743a0d37952"}
{"level": "INFO", "timestamp": "2024-01-07 13:24:43", "message": "A sector 'C2' has been created at '2024-01-07 13:24:53' in 'CX1352' with max capacity 3.", "test_id": "b16989e4-5934-4758-84a0-a743a0d37952"}
{"level": "INFO", "timestamp": "2024-01-07 13:24:43", "message": "A sector 'C3' has been created at '2024-01-07 13:24:53' in 'CX1352' with max capacity 3.", "test_id": "b16989e4-5934-4758-84a0-a743a0d37952"}
{"level": "INFO", "timestamp": "2024-01-07 13:24:43", "message": "A sector 'A1' has been created at '2024-01-07 13:24:53' in 'AX1112' with max capacity 3.", "test_id": "b16989e4-5934-4758-84a0-a743a0d37952"}
{"level": "INFO", "timestamp": "2024-01-07 13:24:43", "message": "A sector 'A2' has been created at '2024-01-07 13:24:53' in 'AX1112' with max capacity 3.", "test_id": "b16989e4-5934-4758-84a0-a743a0d37952"}
{"level": "INFO", "timestamp": "2024-01-07 13:24:43", "message": "A sector 'A3' has been created at '2024-01-07 13:24:53' in 'AX1112' with max capacity 3.", "test_id": "b16989e4-5934-4758-84a0-a743a0d37952"}
{"level": "INFO", "timestamp": "2024-01-07 13:24:43", "message": "A sector 'B1' has been created at '2024-01-07 13:24:53' in 'BX1334' with max capacity 3.", "test_id": "b16989e4-5934-4758-84a0-a743a0d37952"}
{"level": "INFO", "timestamp": "2024-01-07 13:24:43", "message": "A sector 'B2' has been created at '2024-01-07 13:24:53' in 'BX1334' with max capacity 3.", "test_id": "b16989e4-5934-4758-84a0-a743a0d37952"}
{"level": "INFO", "timestamp": "2024-01-07 13:24:43", "message": "A sector 'B3' has been created at '2024-01-07 13:24:53' in 'BX1334' with max capacity 3.", "test_id": "b16989e4-5934-4758-84a0-a743a0d37952"}
{"level": "INFO", "timestamp": "2024-01-07 13:24:43", "message": "A sector 'C1' has been created at '2024-01-07 13:24:53' in 'CX1873' with max capacity 3.", "test_id": "b16989e4-5934-4758-84a0-a743a0d37952"}
{"level": "INFO", "timestamp": "2024-01-07 13:24:43", "message": "A sector 'C2' has been created at '2024-01-07 13:24:53' in 'CX1873' with max capacity 3.", "test_id": "b16989e4-5934-4758-84a0-a743a0d37952"}
{"level": "INFO", "timestamp": "2024-01-07 13:24:43", "message": "A sector 'C3' has been created at '2024-01-07 13:24:53' in 'CX1873' with max capacity 3.", "test_id": "b16989e4-5934-4758-84a0-a743a0d37952"}
{"level": "INFO", "timestamp": "2024-01-07 13:24:43", "message": "A sector 'A1' has been created at '2024-01-07 13:24:53' in 'AX9980' with max capacity 3.", "test_id": "b16989e4-5934-4758-84a0-a743a0d37952"}
{"level": "INFO", "timestamp": "2024-01-07 13:24:43", "message": "A sector 'A2' has been created at '2024-01-07 13:24:53' in 'AX9980' with max capacity 3.", "test_id": "b16989e4-5934-4758-84a0-a743a0d37952"}
{"level": "INFO", "timestamp": "2024-01-07 13:24:43", "message": "A sector 'A3' has been created at '2024-01-07 13:24:53' in 'AX9980' with max capacity 3.", "test_id": "b16989e4-5934-4758-84a0-a743a0d37952"}
{"level": "INFO", "timestamp": "2024-01-07 13:24:43", "message": "A sector 'B1' has been created at '2024-01-07 13:24:53' in 'BX1230' with max capacity 3.", "test_id": "b16989e4-5934-4758-84a0-a743a0d37952"}
{"level": "INFO", "timestamp": "2024-01-07 13:24:43", "message": "A sector 'B2' has been created at '2024-01-07 13:24:53' in 'BX1230' with max capacity 3.", "test_id": "b16989e4-5934-4758-84a0-a743a0d37952"}
{"level": "INFO", "timestamp": "2024-01-07 13:24:43", "message": "A sector 'B3' has been created at '2024-01-07 13:24:53' in 'BX1230' with max capacity 3.", "test_id": "b16989e4-5934-4758-84a0-a743a0d37952"}
{"level": "INFO", "timestamp": "2024-01-07 13:24:43", "message": "A sector 'C1' has been created at '2024-01-07 13:24:53' in 'CX5103' with max capacity 3.", "test_id": "b16989e4-5934-4758-84a0-a743a0d37952"}
{"level": "INFO", "timestamp": "2024-01-07 13:24:43", "message": "A sector 'C2' has been created at '2024-01-07 13:24:53' in 'CX5103' with max capacity 3.", "test_id": "b16989e4-5934-4758-84a0-a743a0d37952"}
{"level": "INFO", "timestamp": "2024-01-07 13:24:43", "message": "A sector 'C3' has been created at '2024-01-07 13:24:53' in 'CX5103' with max capacity 3.", "test_id": "b16989e4-5934-4758-84a0-a743a0d37952"}
{"level": "INFO", "timestamp": "2024-01-07 13:44:44", "message": "A sector 'A1' has been created at '2024-01-07 13:44:54' in 'Ax1242' with max capacity 3.", "test_id": "692f8f74-fe25-4e23-b5c8-b17ec59c2316"}
{"level": "INFO", "timestamp": "2024-01-07 13:44:44", "message": "A sector 'A2' has been created at '2024-01-07 13:44:54' in 'Ax1242' with max capacity 3.", "test_id": "692f8f74-fe25-4e23-b5c8-b17ec59c2316"}
{"level": "INFO", "timestamp": "2024-01-07 13:44:44", "message": "A sector 'A3' has been created at '2024-01-07 13:44:54' in 'Ax1242' with max capacity 3.", "test_id": "692f8f74-fe25-4e23-b5c8-b17ec59c2316"}
{"level": "INFO", "timestamp": "2024-01-07 13:44:44", "message": "A sector 'B1' has been created at '2024-01-07 13:44:54' in 'BX1453' with max capacity 3.", "test_id": "692f8f74-fe25-4e23-b5c8-b17ec59c2316"}
{"level": "INFO", "timestamp": "2024-01-07 13:44:44", "message": "A sector 'B2' has been created at '2024-01-07 13:44:54' in 'BX1453' with max capacity 3.", "test_id": "692f8f74-fe25-4e23-b5c8-b17ec59c2316"}
{"level": "INFO", "timestamp": "2024-01-07 13:44:44", "message": "A sector 'B3' has been created at '2024-01-07 13:44:54' in 'BX1453' with max capacity 3.", "test_id": "692f8f74-fe25-4e23-b5c8-b17ec59c2316"}
{"level": "INFO", "timestamp": "2024-01-07 13:44:44", "message": "A sector 'C1' has been created at '2024-01-07 13:44:54' in 'CX1352' with max capacity 3.", "test_id": "692f8f74-fe25-4e23-b5c8-b17ec59c2316"}
{"level": "INFO", "timestamp": "2024-01-07 13:44:44", "message": "A sector 'C2' has been created at '2024-01-07 13:44:54' in 'CX1352' with max capacity 3.", "test_id": "692f8f74-fe25-4e23-b5c8-b17ec59c2316"}
{"level": "INFO", "timestamp": "2024-01-07 13:44:44", "message": "A sector 'C3' has been created at '2024-01-07 13:44:54' in 'CX1352' with max capacity 3.", "test_id": "692f8f74-fe25-4e23-b5c8-b17ec59c2316"}
{"level": "INFO", "timestamp": "2024-01-07 13:44:44", "message": "A sector 'A1' has been created at '2024-01-07 13:44:54' in 'AX1112' with max capacity 3.", "test_id": "692f8f74-fe25-4e23-b5c8-b17ec59c2316"}
{"level": "INFO", "timestamp": "2024-01-07 13:44:44", "message": "A sector 'A2' has been created at '2024-01-07 13:44:54' in 'AX1112' with max capacity 3.", "test_id": "692f8f74-fe25-4e23-b5c8-b17ec59c2316"}
{"level": "INFO", "timestamp": "2024-01-07 13:44:44", "message": "A sector 'A3' has been created at '2024-01-07 13:44:54' in 'AX1112' with max capacity 3.", "test_id": "692f8f74-fe25-4e23-b5c8-b17ec59c2316"}
{"level": "INFO", "timestamp": "2024-01-07 13:44:44", "message": "A sector 'B1' has been created at '2024-01-07 13:44:54' in 'BX1334' with max capacity 3.", "test_id": "692f8f74-fe25-4e23-b5c8-b17ec59c2316"}
{"level": "INFO", "timestamp": "2024-01-07 13:44:44", "message": "A sector 'B2' has been created at '2024-01-07 13:44:54' in 'BX1334' with max capacity 3.", "test_id": "692f8f74-fe25-4e23-b5c8-b17ec59c2316"}
{"level": "INFO", "timestamp": "2024-01-07 13:44:44", "message": "A sector 'B3' has been created at '2024-01-07 13:44:54' in 'BX1334' with max capacity 3.", "test_id": "692f8f74-fe25-4e23-b5c8-b17ec59c2316"}
{"level": "INFO", "timestamp": "2024-01-07 13:44:44", "message": "A sector 'C1' has been created at '2024-01-07 13:44:54' in 'CX1873' with max capacity 3.", "test_id": "692f8f74-fe25-4e23-b5c8-b17ec59c2316"}
{"level": "INFO", "timestamp": "2024-01-07 13:44:44", "message": "A sector 'C2' has been created at '2024-01-07 13:44:54' in 'CX1873' with max capacity 3.", "test_id": "692f8f74-fe25-4e23-b5c8-b17ec59c2316"}
{"level": "INFO", "timestamp": "2024-01-07 13:44:44", "message": "A sector 'C3' has been created at '2024-01-07 13:44:54' in 'CX1873' with max capacity 3.", "test_id": "692f8f74-fe25-4e23-b5c8-b17ec59c2316"}
{"level": "INFO", "timestamp": "2024-01-07 13:44:44", "message": "A sector 'A1' has been created at '2024-01-07 13:44:54' in 'AX9980' with max capacity 3.", "test_id": "692f8f74-fe25-4e23-b5c8-b17ec59c2316"}
{"level": "INFO", "timestamp": "2024-01-07 13:44:44", "message": "A sector 'A2' has been created at '2024-01-07 13:44:54' in 'AX9980' with max capacity 3.", "test_id": "692f8f74-fe25-4e23-b5c8-b17ec59c2316"}
{"level": "INFO", "timestamp": "2024-01-07 13:44:44", "message": "A sector 'A3' has been created at '2024-01-07 13:44:54' in 'AX9980' with max capacity 3.", "test_id": "692f8f74-fe25-4e23-b5c8-b17ec59c2316"}
{"level": "INFO", "timestamp": "2024-01-07 13:44:44", "message": "A sector 'B1' has been created at '2024-01-07 13:44:54' in 'BX1230' with max capacity 3.", "test_id": "692f8f74-fe25-4e23-b5c8-b17ec59c2316"}
{"level": "INFO", "timestamp": "2024-01-07 13:44:44", "message": "A sector 'B2' has been created at '2024-01-07 13:44:54' in 'BX1230' with max capacity 3.", "test_id": "692f8f74-fe25-4e23-b5c8-b17ec59c2316"}
{"level": "INFO", "timestamp": "2024-01-07 13:44:44", "message": "A sector 'B3' has been created at '2024-01-07 13:44:54' in 'BX1230' with max capacity 3.", "test_id": "692f8f74-fe25-4e23-b5c8-b17ec59c2316"}
{"level": "INFO", "timestamp": "2024-01-07 13:44:44", "message": "A sector 'C1' has been created at '2024-01-07 13:44:54' in 'CX5103' with max capacity 3.", "test_id": "692f8f74-fe25-4e23-b5c8-b17ec59c2316"}
{"level": "INFO", "timestamp": "2024-01-07 13:44:44", "message": "A sector 'C2' has been created at '2024-01-07 13:44:54' in 'CX5103' with max capacity 3.", "test_id": "692f8f74-fe25-4e23-b5c8-b17ec59c2316"}
{"level": "INFO", "timestamp": "2024-01-07 13:44:44", "message": "A sector 'C3' has been created at '2024-01-07 13:44:54' in 'CX5103' with max capacity 3.", "test_id": "692f8f74-fe25-4e23-b5c8-b17ec59c2316"}
{"level": "INFO", "timestamp": "2024-01-07 13:48:50", "message": "A sector 'A1' has been created at '2024-01-07 13:48:58' in 'Ax1242' with max capacity 3.", "test_id": "06305452-2a53-4fe8-882d-c49cf3c3cc12"}
{"level": "INFO", "timestamp": "2024-01-07 13:48:50", "message": "A sector 'A2' has been created at '2024-01-07 13:48:58' in 'Ax1242' with max capacity 3.", "test_id": "06305452-2a53-4fe8-882d-c49cf3c3cc12"}
{"level": "INFO", "timestamp": "2024-01-07 13:48:50", "message": "A sector 'A3' has been created at '2024-01-07 13:48:58' in 'Ax1242' with max capacity 3.", "test_id": "06305452-2a53-4fe8-882d-c49cf3c3cc12"}
{"level": "INFO", "timestamp": "2024-01-07 13:48:50", "message": "A sector 'B1' has been created at '2024-01-07 13:48:58' in 'BX1453' with max capacity 3.", "test_id": "06305452-2a53-4fe8-882d-c49cf3c3cc12"}
{"level": "INFO", "timestamp": "2024-01-07 13:48:50", "message": "A sector 'B2' has been created at '2024-01-07 13:48:58' in 'BX1453' with max capacity 3.", "test_id": "06305452-2a53-4fe8-882d-c49cf3c3cc12"}
{"level": "INFO", "timestamp": "2024-01-07 13:48:50", "message": "A sector 'B3' has been created at '2024-01-07 13:48:58' in 'BX1453' with max capacity 3.", "test_id": "06305452-2a53-4fe8-882d-c49cf3c3cc12"}
{"level": "INFO", "timestamp": "2024-01-07 13:48:50", "message": "A sector 'C1' has been created at '2024-01-07 13:48:58' in 'CX1352' with max capacity 3.", "test_id": "06305452-2a53-4fe8-882d-c49cf3c3cc12"}
{"level": "INFO", "timestamp": "2024-01-07 13:48:50", "message": "A sector 'C2' has been created at '2024-01-07 13:48:58' in 'CX1352' with max capacity 3.", "test_id": "06305452-2a53-4fe8-882d-c49cf3c3cc12"}
{"level": "INFO", "timestamp": "2024-01-07 13:48:50", "message": "A sector 'C3' has been created at '2024-01-07 13:48:58' in 'CX1352' with max capacity 3.", "test_id": "06305452-2a53-4fe8-882d-c49cf3c3cc12"}
{"level": "INFO", "timestamp": "2024-01-07 13:48:50", "message": "A sector 'A1' has been created at '2024-01-07 13:48:58' in 'AX1112' with max capacity 3.", "test_id": "06305452-2a53-4fe8-882d-c49cf3c3cc12"}
{"level": "INFO", "timestamp": "2024-01-07 13:48:50", "message": "A sector 'A2' has been created at '2024-01-07 13:48:58' in 'AX1112' with max capacity 3.", "test_id": "06305452-2a53-4fe8-882d-c49cf3c3cc12"}
{"level": "INFO", "timestamp": "2024-01-07 13:48:50", "message": "A sector 'A3' has been created at '2024-01-07 13:48:58' in 'AX1112' with max capacity 3.", "test_id": "06305452-2a53-4fe8-882d-c49cf3c3cc12"}
{"level": "INFO", "timestamp": "2024-01-07 13:48:50", "message": "A sector 'B1' has been created at '2024-01-07 13:48:58' in 'BX1334' with max capacity 3.", "test_id": "06305452-2a53-4fe8-882d-c49cf3c3cc12"}
{"level": "INFO", "timestamp": "2024-01-07 13:48:50", "message": "A sector 'B2' has been created at '2024-01-07 13:48:58' in 'BX1334' with max capacity 3.", "test_id": "06305452-2a53-4fe8-882d-c49cf3c3cc12"}
{"level": "INFO", "timestamp": "2024-01-07 13:48:50", "message": "A sector 'B3' has been created at '2024-01-07 13:48:58' in 'BX1334' with max capacity 3.", "test_id": "06305452-2a53-4fe8-882d-c49cf3c3cc12"}
{"level": "INFO", "timestamp": "2024-01-07 13:48:50", "message": "A sector 'C1' has been created at '2024-01-07 13:48:58' in 'CX1873' with max capacity 3.", "test_id": "06305452-2a53-4fe8-882d-c49cf3c3cc12"}
{"level": "INFO", "timestamp": "2024-01-07 13:48:50", "message": "A sector 'C2' has been created at '2024-01-07 13:48:58' in 'CX1873' with max capacity 3.", "test_id": "06305452-2a53-4fe8-882d-c49cf3c3cc12"}
{"level": "INFO", "timestamp": "2024-01-07 13:48:50", "message": "A sector 'C3' has been created at '2024-01-07 13:48:58' in 'CX1873' with max capacity 3.", "test_id": "06305452-2a53-4fe8-882d-c49cf3c3cc12"}
{"level": "INFO", "timestamp": "2024-01-07 13:48:50", "message": "A sector 'A1' has been created at '2024-01-07 13:48:58' in 'AX9980' with max capacity 3.", "test_id": "06305452-2a53-4fe8-882d-c49cf3c3cc12"}
{"level": "INFO", "timestamp": "2024-01-07 13:48:50", "message": "A sector 'A2' has been created at '2024-01-07 13:48:58' in 'AX9980' with max capacity 3.", "test_id": "06305452-2a53-4fe8-882d-c49cf3c3cc12"}
{"level": "INFO", "timestamp": "2024-01-07 13:48:50", "message": "A sector 'A3' has been created at '2024-01-07 13:48:58' in 'AX9980' with max capacity 3.", "test_id": "06305452-2a53-4fe8-882d-c49cf3c3cc12"}
{"level": "INFO", "timestamp": "2024-01-07 13:48:50", "message": "A sector 'B1' has been created at '2024-01-07 13:48:58' in 'BX1230' with max capacity 3.", "test_id": "06305452-2a53-4fe8-882d-c49cf3c3cc12"}
{"level": "INFO", "timestamp": "2024-01-07 13:48:50", "message": "A sector 'B2' has been created at '2024-01-07 13:48:58' in 'BX1230' with max capacity 3.", "test_id": "06305452-2a53-4fe8-882d-c49cf3c3cc12"}
{"level": "INFO", "timestamp": "2024-01-07 13:48:50", "message": "A sector 'B3' has been created at '2024-01-07 13:48:58' in 'BX1230' with max capacity 3.", "test_id": "06305452-2a53-4fe8-882d-c49cf3c3cc12"}
{"level": "INFO", "timestamp": "2024-01-07 13:48:50", "message": "A sector 'C1' has been created at '2024-01-07 13:48:58' in 'CX5103' with max capacity 3.", "test_id": "06305452-2a53-4fe8-882d-c49cf3c3cc12"}
{"level": "INFO", "timestamp": "2024-01-07 13:48:50", "message": "A sector 'C2' has been created at '2024-01-07 13:48:58' in 'CX5103' with max capacity 3.", "test_id": "06305452-2a53-4fe8-882d-c49cf3c3cc12"}
{"level": "INFO", "timestamp": "2024-01-07 13:48:50", "message": "A sector 'C3' has been created at '2024-01-07 13:48:58' in 'CX5103' with max capacity 3.", "test_id": "06305452-2a53-4fe8-882d-c49cf3c3cc12"}
{"level": "INFO", "timestamp": "2024-01-07 13:56:35", "message": "A sector 'A1' has been created at '2024-01-07 13:56:45' in 'Ax1242' with max capacity 3.", "test_id": "67fcf076-300a-459b-bd7f-a0fba4a4158c"}
{"level": "INFO", "timestamp": "2024-01-07 13:56:35", "message": "A sector 'A2' has been created at '2024-01-07 13:56:45' in 'Ax1242' with max capacity 3.", "test_id": "67fcf076-300a-459b-bd7f-a0fba4a4158c"}
{"level": "INFO", "timestamp": "2024-01-07 13:56:35", "message": "A sector 'A3' has been created at '2024-01-07 13:56:45' in 'Ax1242' with max capacity 3.", "test_id": "67fcf076-300a-459b-bd7f-a0fba4a4158c"}
{"level": "INFO", "timestamp": "2024-01-07 13:56:35", "message": "A sector 'B1' has been created at '2024-01-07 13:56:45' in 'BX1453' with max capacity 3.", "test_id": "67fcf076-300a-459b-bd7f-a0fba4a4158c"}
{"level": "INFO", "timestamp": "2024-01-07 13:56:35", "message": "A sector 'B2' has been created at '2024-01-07 13:56:45' in 'BX1453' with max capacity 3.", "test_id": "67fcf076-300a-459b-bd7f-a0fba4a4158c"}
{"level": "INFO", "timestamp": "2024-01-07 13:56:35", "message": "A sector 'B3' has been created at '2024-01-07 13:56:45' in 'BX1453' with max capacity 3.", "test_id": "67fcf076-300a-459b-bd7f-a0fba4a4158c"}
{"level": "INFO", "timestamp": "2024-01-07 13:56:35", "message": "A sector 'C1' has been created at '2024-01-07 13:56:45' in 'CX1352' with max capacity 3.", "test_id": "67fcf076-300a-459b-bd7f-a0fba4a4158c"}
{"level": "INFO", "timestamp": "2024-01-07 13:56:35", "message": "A sector 'C2' has been created at '2024-01-07 13:56:45' in 'CX1352' with max capacity 3.", "test_id": "67fcf076-300a-459b-bd7f-a0fba4a4158c"}
{"level": "INFO", "timestamp": "2024-01-07 13:56:35", "message": "A sector 'C3' has been created at '2024-01-07 13:56:45' in 'CX1352' with max capacity 3.", "test_id": "67fcf076-300a-459b-bd7f-a0fba4a4158c"}
{"level": "INFO", "timestamp": "2024-01-07 13:56:35", "message": "A sector 'A1' has been created at '2024-01-07 13:56:45' in 'AX1112' with max capacity 3.", "test_id": "67fcf076-300a-459b-bd7f-a0fba4a4158c"}
{"level": "INFO", "timestamp": "2024-01-07 13:56:35", "message": "A sector 'A2' has been created at '2024-01-07 13:56:45' in 'AX1112' with max capacity 3.", "test_id": "67fcf076-300a-459b-bd7f-a0fba4a4158c"}
{"level": "INFO", "timestamp": "2024-01-07 13:56:35", "message": "A sector 'A3' has been created at '2024-01-07 13:56:45' in 'AX1112' with max capacity 3.", "test_id": "67fcf076-300a-459b-bd7f-a0fba4a4158c"}
{"level": "INFO", "timestamp": "2024-01-07 13:56:35", "message": "A sector 'B1' has been created at '2024-01-07 13:56:45' in 'BX1334' with max capacity 3.", "test_id": "67fcf076-300a-459b-bd7f-a0fba4a4158c"}
{"level": "INFO", "timestamp": "2024-01-07 13:56:35", "message": "A sector 'B2' has been created at '2024-01-07 13:56:45' in 'BX1334' with max capacity 3.", "test_id": "67fcf076-300a-459b-bd7f-a0fba4a4158c"}
{"level": "INFO", "timestamp": "2024-01-07 13:56:35", "message": "A sector 'B3' has been created at '2024-01-07 13:56:45' in 'BX1334' with max capacity 3.", "test_id": "67fcf076-300a-459b-bd7f-a0fba4a4158c"}
{"level": "INFO", "timestamp": "2024-01-07 13:56:35", "message": "A sector 'C1' has been created at '2024-01-07 13:56:45' in 'CX1873' with max capacity 3.", "test_id": "67fcf076-300a-459b-bd7f-a0fba4a4158c"}
{"level": "INFO", "timestamp": "2024-01-07 13:56:35", "message": "A sector 'C2' has been created at '2024-01-07 13:56:45' in 'CX1873' with max capacity 3.", "test_id": "67fcf076-300a-459b-bd7f-a0fba4a4158c"}
{"level": "INFO", "timestamp": "2024-01-07 13:56:35", "message": "A sector 'C3' has been created at '2024-01-07 13:56:45' in 'CX1873' with max capacity 3.", "test_id": "67fcf076-300a-459b-bd7f-a0fba4a4158c"}
{"level": "INFO", "timestamp": "2024-01-07 13:56:35", "message": "A sector 'A1' has been created at '2024-01-07 13:56:45' in 'AX9980' with max capacity 3.", "test_id": "67fcf076-300a-459b-bd7f-a0fba4a4158c"}
{"level": "INFO", "timestamp": "2024-01-07 13:56:35", "message": "A sector 'A2' has been created at '2024-01-07 13:56:45' in 'AX9980' with max capacity 3.", "test_id": "67fcf076-300a-459b-bd7f-a0fba4a4158c"}
{"level": "INFO", "timestamp": "2024-01-07 13:56:35", "message": "A sector 'A3' has been created at '2024-01-07 13:56:45' in 'AX9980' with max capacity 3.", "test_id": "67fcf076-300a-459b-bd7f-a0fba4a4158c"}
{"level": "INFO", "timestamp": "2024-01-07 13:56:35", "message": "A sector 'B1' has been created at '2024-01-07 13:56:45' in 'BX1230' with max capacity 3.", "test_id": "67fcf076-300a-459b-bd7f-a0fba4a4158c"}
{"level": "INFO", "timestamp": "2024-01-07 13:56:35", "message": "A sector 'B2' has been created at '2024-01-07 13:56:45' in 'BX1230' with max capacity 3.", "test_id": "67fcf076-300a-459b-bd7f-a0fba4a4158c"}
{"level": "INFO", "timestamp": "2024-01-07 13:56:35", "message": "A sector 'B3' has been created at '2024-01-07 13:56:45' in 'BX1230' with max capacity 3.", "test_id": "67fcf076-300a-459b-bd7f-a0fba4a4158c"}
{"level": "INFO", "timestamp": "2024-01-07 13:56:35", "message": "A sector 'C1' has been created at '2024-01-07 13:56:45' in 'CX5103' with max capacity 3.", "test_id": "67fcf076-300a-459b-bd7f-a0fba4a4158c"}
{"level": "INFO", "timestamp": "2024-01-07 13:56:35", "message": "A sector 'C2' has been created at '2024-01-07 13:56:45' in 'CX5103' with max capacity 3.", "test_id": "67fcf076-300a-459b-bd7f-a0fba4a4158c"}
{"level": "INFO", "timestamp": "2024-01-07 13:56:35", "message": "A sector 'C3' has been created at '2024-01-07 13:56:45' in 'CX5103' with max capacity 3.", "test_id": "67fcf076-300a-459b-bd7f-a0fba4a4158c"}
{"level": "INFO", "timestamp": "2024-01-07 14:07:52", "message": "A sector 'A1' has been created at '2024-01-07 14:08:02' in 'Ax1242' with max capacity 3.", "test_id": "4c11f159-999c-4951-a591-26b7c376785c"}
{"level": "INFO", "timestamp": "2024-01-07 14:07:52", "message": "A sector 'A2' has been created at '2024-01-07 14:08:02' in 'Ax1242' with max capacity 3.", "test_id": "4c11f159-999c-4951-a591-26b7c376785c"}
{"level": "INFO", "timestamp": "2024-01-07 14:07:52", "message": "A sector 'A3' has been created at '2024-01-07 14:08:02' in 'Ax1242' with max capacity 3.", "test_id": "4c11f159-999c-4951-a591-26b7c376785c"}
{"level": "INFO", "timestamp": "2024-01-07 14:07:52", "message": "A sector 'B1' has been created at '2024-01-07 14:08:02' in 'BX1453' with max capacity 3.", "test_id": "4c11f159-999c-4951-a591-26b7c376785c"}
{"level": "INFO", "timestamp": "2024-01-07 14:07:52", "message": "A sector 'B2' has been created at '2024-01-07 14:08:02' in 'BX1453' with max capacity 3.", "test_id": "4c11f159-999c-4951-a591-26b7c376785c"}
{"level": "INFO", "timestamp": "2024-01-07 14:07:52", "message": "A sector 'B3' has been created at '2024-01-07 14:08:02' in 'BX1453' with max capacity 3.", "test_id": "4c11f159-999c-4951-a591-26b7c376785c"}
{"level": "INFO", "timestamp": "2024-01-07 14:07:52", "message": "A sector 'C1' has been created at '2024-01-07 14:08:02' in 'CX1352' with max capacity 3.", "test_id": "4c11f159-999c-4951-a591-26b7c376785c"}
{"level": "INFO", "timestamp": "2024-01-07 14:07:52", "message": "A sector 'C2' has been created at '2024-01-07 14:08:02' in 'CX1352' with max capacity 3.", "test_id": "4c11f159-999c-4951-a591-26b7c376785c"}
{"level": "INFO", "timestamp": "2024-01-07 14:07:52", "message": "A sector 'C3' has been created at '2024-01-07 14:08:02' in 'CX1352' with max capacity 3.", "test_id": "4c11f159-999c-4951-a591-26b7c376785c"}
{"level": "INFO", "timestamp": "2024-01-07 14:07:52", "message": "A sector 'A1' has been created at '2024-01-07 14:08:02' in 'AX1112' with max capacity 3.", "test_id": "4c11f159-999c-4951-a591-26b7c376785c"}
{"level": "INFO", "timestamp": "2024-01-07 14:07:52", "message": "A sector 'A2' has been created at '2024-01-07 14:08:02' in 'AX1112' with max capacity 3.", "test_id": "4c11f159-999c-4951-a591-26b7c376785c"}
{"level": "INFO", "timestamp": "2024-01-07 14:07:52", "message": "A sector 'A3' has been created at '2024-01-07 14:08:02' in 'AX1112' with max capacity 3.", "test_id": "4c11f159-999c-4951-a591-26b7c376785c"}
{"level": "INFO", "timestamp": "2024-01-07 14:07:52", "message": "A sector 'B1' has been created at '2024-01-07 14:08:02' in 'BX1334' with max capacity 3.", "test_id": "4c11f159-999c-4951-a591-26b7c376785c"}
{"level": "INFO", "timestamp": "2024-01-07 14:07:52", "message": "A sector 'B2' has been created at '2024-01-07 14:08:02' in 'BX1334' with max capacity 3.", "test_id": "4c11f159-999c-4951-a591-26b7c376785c"}
{"level": "INFO", "timestamp": "2024-01-07 14:07:52", "message": "A sector 'B3' has been created at '2024-01-07 14:08:02' in 'BX1334' with max capacity 3.", "test_id": "4c11f159-999c-4951-a591-26b7c376785c"}
{"level": "INFO", "timestamp": "2024-01-07 14:07:52", "message": "A sector 'C1' has been created at '2024-01-07 14:08:02' in 'CX1873' with max capacity 3.", "test_id": "4c11f159-999c-4951-a591-26b7c376785c"}
{"level": "INFO", "timestamp": "2024-01-07 14:07:52", "message": "A sector 'C2' has been created at '2024-01-07 14:08:02' in 'CX1873' with max capacity 3.", "test_id": "4c11f159-999c-4951-a591-26b7c376785c"}
{"level": "INFO", "timestamp": "2024-01-07 14:07:52", "message": "A sector 'C3' has been created at '2024-01-07 14:08:02' in 'CX1873' with max capacity 3.", "test_id": "4c11f159-999c-4951-a591-26b7c376785c"}
{"level": "INFO", "timestamp": "2024-01-07 14:07:52", "message": "A sector 'A1' has been created at '2024-01-07 14:08:02' in 'AX9980' with max capacity 3.", "test_id": "4c11f159-999c-4951-a591-26b7c376785c"}
{"level": "INFO", "timestamp": "2024-01-07 14:07:52", "message": "A sector 'A2' has been created at '2024-01-07 14:08:02' in 'AX9980' with max capacity 3.", "test_id": "4c11f159-999c-4951-a591-26b7c376785c"}
{"level": "INFO", "timestamp": "2024-01-07 14:07:52", "message": "A sector 'A3' has been created at '2024-01-07 14:08:02' in 'AX9980' with max capacity 3.", "test_id": "4c11f159-999c-4951-a591-26b7c376785c"}
{"level": "INFO", "timestamp": "2024-01-07 14:07:52", "message": "A sector 'B1' has been created at '2024-01-07 14:08:02' in 'BX1230' with max capacity 3.", "test_id": "4c11f159-999c-4951-a591-26b7c376785c"}
{"level": "INFO", "timestamp": "2024-01-07 14:07:52", "message": "A sector 'B2' has been created at '2024-01-07 14:08:02' in 'BX1230' with max capacity 3.", "test_id": "4c11f159-999c-4951-a591-26b7c376785c"}
{"level": "INFO", "timestamp": "2024-01-07 14:07:52", "message": "A sector 'B3' has been created at '2024-01-07 14:08:02' in 'BX1230' with max capacity 3.", "test_id": "4c11f159-999c-4951-a591-26b7c376785c"}
{"level": "INFO", "timestamp": "2024-01-07 14:07:52", "message": "A sector 'C1' has been created at '2024-01-07 14:08:02' in 'CX5103' with max capacity 3.", "test_id": "4c11f159-999c-4951-a591-26b7c376785c"}
{"level": "INFO", "timestamp": "2024-01-07 14:07:52", "message": "A sector 'C2' has been created at '2024-01-07 14:08:02' in 'CX5103' with max capacity 3.", "test_id": "4c11f159-999c-4951-a591-26b7c376785c"}
{"level": "INFO", "timestamp": "2024-01-07 14:07:52", "message": "A sector 'C3' has been created at '2024-01-07 14:08:02' in 'CX5103' with max capacity 3.", "test_id": "4c11f159-999c-4951-a591-26b7c376785c"}
{"level": "INFO", "timestamp": "2024-01-07 14:08:28", "message": "A sector 'A1' has been created at '2024-01-07 14:08:36' in 'Ax1242' with max capacity 3.", "test_id": "522cb5e5-d278-433a-bfdb-af92d1c75a05"}
{"level": "INFO", "timestamp": "2024-01-07 14:08:28", "message": "A sector 'A2' has been created at '2024-01-07 14:08:36' in 'Ax1242' with max capacity 3.", "test_id": "522cb5e5-d278-433a-bfdb-af92d1c75a05"}
{"level": "INFO", "timestamp": "2024-01-07 14:08:28", "message": "A sector 'A3' has been created at '2024-01-07 14:08:36' in 'Ax1242' with max capacity 3.", "test_id": "522cb5e5-d278-433a-bfdb-af92d1c75a05"}
{"level": "INFO", "timestamp": "2024-01-07 14:08:28", "message": "A sector 'B1' has been created at '2024-01-07 14:08:36' in 'BX1453' with max capacity 3.", "test_id": "522cb5e5-d278-433a-bfdb-af92d1c75a05"}
{"level": "INFO", "timestamp": "2024-01-07 14:08:28", "message": "A sector 'B2' has been created at '2024-01-07 14:08:36' in 'BX1453' with max capacity 3.", "test_id": "522cb5e5-d278-433a-bfdb-af92d1c75a05"}
{"level": "INFO", "timestamp": "2024-01-07 14:08:28", "message": "A sector 'B3' has been created at '2024-01-07 14:08:36' in 'BX1453' with max capacity 3.", "test_id": "522cb5e5-d278-433a-bfdb-af92d1c75a05"}
{"level": "INFO", "timestamp": "2024-01-07 14:08:28", "message": "A sector 'C1' has been created at '2024-01-07 14:08:36' in 'CX1352' with max capacity 3.", "test_id": "522cb5e5-d278-433a-bfdb-af92d1c75a05"}
{"level": "INFO", "timestamp": "2024-01-07 14:08:28", "message": "A sector 'C2' has been created at '2024-01-07 14:08:36' in 'CX1352' with max capacity 3.", "test_id": "522cb5e5-d278-433a-bfdb-af92d1c75a05"}
{"level": "INFO", "timestamp": "2024-01-07 14:08:28", "message": "A sector 'C3' has been created at '2024-01-07 14:08:36' in 'CX1352' with max capacity 3.", "test_id": "522cb5e5-d278-433a-bfdb-af92d1c75a05"}
{"level": "INFO", "timestamp": "2024-01-07 14:08:28", "message": "A sector 'A1' has been created at '2024-01-07 14:08:36' in 'AX1112' with max capacity 3.", "test_id": "522cb5e5-d278-433a-bfdb-af92d1c75a05"}
{"level": "INFO", "timestamp": "2024-01-07 14:08:28", "message": "A sector 'A2' has been created at '2024-01-07 14:08:36' in 'AX1112' with max capacity 3.", "test_id": "522cb5e5-d278-433a-bfdb-af92d1c75a05"}
{"level": "INFO", "timestamp": "2024-01-07 14:08:28", "message": "A sector 'A3' has been created at '2024-01-07 14:08:36' in 'AX1112' with max capacity 3.", "test_id": "522cb5e5-d278-433a-bfdb-af92d1c75a05"}
{"level": "INFO", "timestamp": "2024-01-07 14:08:28", "message": "A sector 'B1' has been created at '2024-01-07 14:08:36' in 'BX1334' with max capacity 3.", "test_id": "522cb5e5-d278-433a-bfdb-af92d1c75a05"}
{"level": "INFO", "timestamp": "2024-01-07 14:08:28", "message": "A sector 'B2' has been created at '2024-01-07 14:08:36' in 'BX1334' with max capacity 3.", "test_id": "522cb5e5-d278-433a-bfdb-af92d1c75a05"}
{"level": "INFO", "timestamp": "2024-01-07 14:08:28", "message": "A sector 'B3' has been created at '2024-01-07 14:08:36' in 'BX1334' with max capacity 3.", "test_id": "522cb5e5-d278-433a-bfdb-af92d1c75a05"}
{"level": "INFO", "timestamp": "2024-01-07 14:08:28", "message": "A sector 'C1' has been created at '2024-01-07 14:08:36' in 'CX1873' with max capacity 3.", "test_id": "522cb5e5-d278-433a-bfdb-af92d1c75a05"}
{"level": "INFO", "timestamp": "2024-01-07 14:08:28", "message": "A sector 'C2' has been created at '2024-01-07 14:08:36' in 'CX1873' with max capacity 3.", "test_id": "522cb5e5-d278-433a-bfdb-af92d1c75a05"}
{"level": "INFO", "timestamp": "2024-01-07 14:08:28", "message": "A sector 'C3' has been created at '2024-01-07 14:08:36' in 'CX1873' with max capacity 3.", "test_id": "522cb5e5-d278-433a-bfdb-af92d1c75a05"}
{"level": "INFO", "timestamp": "2024-01-07 14:08:28", "message": "A sector 'A1' has been created at '2024-01-07 14:08:36' in 'AX9980' with max capacity 3.", "test_id": "522cb5e5-d278-433a-bfdb-af92d1c75a05"}
{"level": "INFO", "timestamp": "2024-01-07 14:08:28", "message": "A sector 'A2' has been created at '2024-01-07 14:08:36' in 'AX9980' with max capacity 3.", "test_id": "522cb5e5-d278-433a-bfdb-af92d1c75a05"}
{"level": "INFO", "timestamp": "2024-01-07 14:08:28", "message": "A sector 'A3' has been created at '2024-01-07 14:08:36' in 'AX9980' with max capacity 3.", "test_id": "522cb5e5-d278-433a-bfdb-af92d1c75a05"}
{"level": "INFO", "timestamp": "2024-01-07 14:08:28", "message": "A sector 'B1' has been created at '2024-01-07 14:08:36' in 'BX1230' with max capacity 3.", "test_id": "522cb5e5-d278-433a-bfdb-af92d1c75a05"}
{"level": "INFO", "timestamp": "2024-01-07 14:08:28", "message": "A sector 'B2' has been created at '2024-01-07 14:08:36' in 'BX1230' with max capacity 3.", "test_id": "522cb5e5-d278-433a-bfdb-af92d1c75a05"}
{"level": "INFO", "timestamp": "2024-01-07 14:08:28", "message": "A sector 'B3' has been created at '2024-01-07 14:08:36' in 'BX1230' with max capacity 3.", "test_id": "522cb5e5-d278-433a-bfdb-af92d1c75a05"}
{"level": "INFO", "timestamp": "2024-01-07 14:08:28", "message": "A sector 'C1' has been created at '2024-01-07 14:08:36' in 'CX5103' with max capacity 3.", "test_id": "522cb5e5-d278-433a-bfdb-af92d1c75a05"}
{"level": "INFO", "timestamp": "2024-01-07 14:08:28", "message": "A sector 'C2' has been created at '2024-01-07 14:08:36' in 'CX5103' with max capacity 3.", "test_id": "522cb5e5-d278-433a-bfdb-af92d1c75a05"}
{"level": "INFO", "timestamp": "2024-01-07 14:08:28", "message": "A sector 'C3' has been created at '2024-01-07 14:08:36' in 'CX5103' with max capacity 3.", "test_id": "522cb5e5-d278-433a-bfdb-af92d1c75a05"}
{"level": "INFO", "timestamp": "2024-01-07 14:14:49", "message": "A sector 'A1' has been created at '2024-01-07 14:14:59' in 'Ax1242' with max capacity 3.", "test_id": "40506eb7-513f-436d-9348-407a27c91296"}
{"level": "INFO", "timestamp": "2024-01-07 14:14:49", "message": "A sector 'A2' has been created at '2024-01-07 14:14:59' in 'Ax1242' with max capacity 3.", "test_id": "40506eb7-513f-436d-9348-407a27c91296"}
{"level": "INFO", "timestamp": "2024-01-07 14:14:49", "message": "A sector 'A3' has been created at '2024-01-07 14:14:59' in 'Ax1242' with max capacity 3.", "test_id": "40506eb7-513f-436d-9348-407a27c91296"}
{"level": "INFO", "timestamp": "2024-01-07 14:14:49", "message": "A sector 'B1' has been created at '2024-01-07 14:14:59' in 'BX1453' with max capacity 3.", "test_id": "40506eb7-513f-436d-9348-407a27c91296"}
{"level": "INFO", "timestamp": "2024-01-07 14:14:49", "message": "A sector 'B2' has been created at '2024-01-07 14:14:59' in 'BX1453' with max capacity 3.", "test_id": "40506eb7-513f-436d-9348-407a27c91296"}
{"level": "INFO", "timestamp": "2024-01-07 14:14:49", "message": "A sector 'B3' has been created at '2024-01-07 14:14:59' in 'BX1453' with max capacity 3.", "test_id": "40506eb7-513f-436d-9348-407a27c91296"}
{"level": "INFO", "timestamp": "2024-01-07 14:14:49", "message": "A sector 'C1' has been created at '2024-01-07 14:14:59' in 'CX1352' with max capacity 3.", "test_id": "40506eb7-513f-436d-9348-407a27c91296"}
{"level": "INFO", "timestamp": "2024-01-07 14:14:49", "message": "A sector 'C2' has been created at '2024-01-07 14:14:59' in 'CX1352' with max capacity 3.", "test_id": "40506eb7-513f-436d-9348-407a27c91296"}
{"level": "INFO", "timestamp": "2024-01-07 14:14:49", "message": "A sector 'C3' has been created at '2024-01-07 14:14:59' in 'CX1352' with max capacity 3.", "test_id": "40506eb7-513f-436d-9348-407a27c91296"}
{"level": "INFO", "timestamp": "2024-01-07 14:14:49", "message": "A sector 'A1' has been created at '2024-01-07 14:14:59' in 'AX1112' with max capacity 3.", "test_id": "40506eb7-513f-436d-9348-407a27c91296"}
{"level": "INFO", "timestamp": "2024-01-07 14:14:49", "message": "A sector 'A2' has been created at '2024-01-07 14:14:59' in 'AX1112' with max capacity 3.", "test_id": "40506eb7-513f-436d-9348-407a27c91296"}
{"level": "INFO", "timestamp": "2024-01-07 14:14:49", "message": "A sector 'A3' has been created at '2024-01-07 14:14:59' in 'AX1112' with max capacity 3.", "test_id": "40506eb7-513f-436d-9348-407a27c91296"}
{"level": "INFO", "timestamp": "2024-01-07 14:14:49", "message": "A sector 'B1' has been created at '2024-01-07 14:14:59' in 'BX1334' with max capacity 3.", "test_id": "40506eb7-513f-436d-9348-407a27c91296"}
{"level": "INFO", "timestamp": "2024-01-07 14:14:49", "message": "A sector 'B2' has been created at '2024-01-07 14:14:59' in 'BX1334' with max capacity 3.", "test_id": "40506eb7-513f-436d-9348-407a27c91296"}
{"level": "INFO", "timestamp": "2024-01-07 14:14:49", "message": "A sector 'B3' has been created at '2024-01-07 14:14:59' in 'BX1334' with max capacity 3.", "test_id": "40506eb7-513f-436d-9348-407a27c91296"}
{"level": "INFO", "timestamp": "2024-01-07 14:14:49", "message": "A sector 'C1' has been created at '2024-01-07 14:14:59' in 'CX1873' with max capacity 3.", "test_id": "40506eb7-513f-436d-9348-407a27c91296"}
{"level": "INFO", "timestamp": "2024-01-07 14:14:49", "message": "A sector 'C2' has been created at '2024-01-07 14:14:59' in 'CX1873' with max capacity 3.", "test_id": "40506eb7-513f-436d-9348-407a27c91296"}
{"level": "INFO", "timestamp": "2024-01-07 14:14:49", "message": "A sector 'C3' has been created at '2024-01-07 14:14:59' in 'CX1873' with max capacity 3.", "test_id": "40506eb7-513f-436d-9348-407a27c91296"}
{"level": "INFO", "timestamp": "2024-01-07 14:14:49", "message": "A sector 'A1' has been created at '2024-01-07 14:14:59' in 'AX9980' with max capacity 3.", "test_id": "40506eb7-513f-436d-9348-407a27c91296"}
{"level": "INFO", "timestamp": "2024-01-07 14:14:49", "message": "A sector 'A2' has been created at '2024-01-07 14:14:59' in 'AX9980' with max capacity 3.", "test_id": "40506eb7-513f-436d-9348-407a27c91296"}
{"level": "INFO", "timestamp": "2024-01-07 14:14:49", "message": "A sector 'A3' has been created at '2024-01-07 14:14:59' in 'AX9980' with max capacity 3.", "test_id": "40506eb7-513f-436d-9348-407a27c91296"}
{"level": "INFO", "timestamp": "2024-01-07 14:14:49", "message": "A sector 'B1' has been created at '2024-01-07 14:14:59' in 'BX1230' with max capacity 3.", "test_id": "40506eb7-513f-436d-9348-407a27c91296"}
{"level": "INFO", "timestamp": "2024-01-07 14:14:49", "message": "A sector 'B2' has been created at '2024-01-07 14:14:59' in 'BX1230' with max capacity 3.", "test_id": "40506eb7-513f-436d-9348-407a27c91296"}
{"level": "INFO", "timestamp": "2024-01-07 14:14:49", "message": "A sector 'B3' has been created at '2024-01-07 14:14:59' in 'BX1230' with max capacity 3.", "test_id": "40506eb7-513f-436d-9348-407a27c91296"}
{"level": "INFO", "timestamp": "2024-01-07 14:14:49", "message": "A sector 'C1' has been created at '2024-01-07 14:14:59' in 'CX5103' with max capacity 3.", "test_id": "40506eb7-513f-436d-9348-407a27c91296"}
{"level": "INFO", "timestamp": "2024-01-07 14:14:49", "message": "A sector 'C2' has been created at '2024-01-07 14:14:59' in 'CX5103' with max capacity 3.", "test_id": "40506eb7-513f-436d-9348-407a27c91296"}
{"level": "INFO", "timestamp": "2024-01-07 14:14:49", "message": "A sector 'C3' has been created at '2024-01-07 14:14:59' in 'CX5103' with max capacity 3.", "test_id": "40506eb7-513f-436d-9348-407a27c91296"}
{"level": "INFO", "timestamp": "2024-01-07 14:18:08", "message": "A sector 'A1' has been created at '2024-01-07 14:18:16' in 'Ax1242' with max capacity 3.", "test_id": "3570652f-f9cd-4aca-b111-e9439fcd2f40"}
{"level": "INFO", "timestamp": "2024-01-07 14:18:08", "message": "A sector 'A2' has been created at '2024-01-07 14:18:16' in 'Ax1242' with max capacity 3.", "test_id": "3570652f-f9cd-4aca-b111-e9439fcd2f40"}
{"level": "INFO", "timestamp": "2024-01-07 14:18:08", "message": "A sector 'A3' has been created at '2024-01-07 14:18:16' in 'Ax1242' with max capacity 3.", "test_id": "3570652f-f9cd-4aca-b111-e9439fcd2f40"}
{"level": "INFO", "timestamp": "2024-01-07 14:18:08", "message": "A sector 'B1' has been created at '2024-01-07 14:18:16' in 'BX1453' with max capacity 3.", "test_id": "3570652f-f9cd-4aca-b111-e9439fcd2f40"}
{"level": "INFO", "timestamp": "2024-01-07 14:18:08", "message": "A sector 'B2' has been created at '2024-01-07 14:18:16' in 'BX1453' with max capacity 3.", "test_id": "3570652f-f9cd-4aca-b111-e9439fcd2f40"}
{"level": "INFO", "timestamp": "2024-01-07 14:18:08", "message": "A sector 'B3' has been created at '2024-01-07 14:18:16' in 'BX1453' with max capacity 3.", "test_id": "3570652f-f9cd-4aca-b111-e9439fcd2f40"}
{"level": "INFO", "timestamp": "2024-01-07 14:18:08", "message": "A sector 'C1' has been created at '2024-01-07 14:18:16' in 'CX1352' with max capacity 3.", "test_id": "3570652f-f9cd-4aca-b111-e9439fcd2f40"}
{"level": "INFO", "timestamp": "2024-01-07 14:18:08", "message": "A sector 'C2' has been created at '2024-01-07 14:18:16' in 'CX1352' with max capacity 3.", "test_id": "3570652f-f9cd-4aca-b111-e9439fcd2f40"}
{"level": "INFO", "timestamp": "2024-01-07 14:18:08", "message": "A sector 'C3' has been created at '2024-01-07 14:18:16' in 'CX1352' with max capacity 3.", "test_id": "3570652f-f9cd-4aca-b111-e9439fcd2f40"}
{"level": "INFO", "timestamp": "2024-01-07 14:18:08", "message": "A sector 'A1' has been created at '2024-01-07 14:18:16' in 'AX1112' with max capacity 3.", "test_id": "3570652f-f9cd-4aca-b111-e9439fcd2f40"}
{"level": "INFO", "timestamp": "2024-01-07 14:18:08", "message": "A sector 'A2' has been created at '2024-01-07 14:18:16' in 'AX1112' with max capacity 3.", "test_id": "3570652f-f9cd-4aca-b111-e9439fcd2f40"}
{"level": "INFO", "timestamp": "2024-01-07 14:18:08", "message": "A sector 'A3' has been created at '2024-01-07 14:18:16' in 'AX1112' with max capacity 3.", "test_id": "3570652f-f9cd-4aca-b111-e9439fcd2f40"}
{"level": "INFO", "timestamp": "2024-01-07 14:18:08", "message": "A sector 'B1' has been created at '2024-01-07 14:18:16' in 'BX1334' with max capacity 3.", "test_id": "3570652f-f9cd-4aca-b111-e9439fcd2f40"}
{"level": "INFO", "timestamp": "2024-01-07 14:18:08", "message": "A sector 'B2' has been created at '2024-01-07 14:18:16' in 'BX1334' with max capacity 3.", "test_id": "3570652f-f9cd-4aca-b111-e9439fcd2f40"}
{"level": "INFO", "timestamp": "2024-01-07 14:18:08", "message": "A sector 'B3' has been created at '2024-01-07 14:18:16' in 'BX1334' with max capacity 3.", "test_id": "3570652f-f9cd-4aca-b111-e9439fcd2f40"}
{"level": "INFO", "timestamp": "2024-01-07 14:18:08", "message": "A sector 'C1' has been created at '2024-01-07 14:18:16' in 'CX1873' with max capacity 3.", "test_id": "3570652f-f9cd-4aca-b111-e9439fcd2f40"}
{"level": "INFO", "timestamp": "2024-01-07 14:18:08", "message": "A sector 'C2' has been created at '2024-01-07 14:18:16' in 'CX1873' with max capacity 3.", "test_id": "3570652f-f9cd-4aca-b111-e9439fcd2f40"}
{"level": "INFO", "timestamp": "2024-01-07 14:18:08", "message": "A sector 'C3' has been created at '2024-01-07 14:18:16' in 'CX1873' with max capacity 3.", "test_id": "3570652f-f9cd-4aca-b111-e9439fcd2f40"}
{"level": "INFO", "timestamp": "2024-01-07 14:18:08", "message": "A sector 'A1' has been created at '2024-01-07 14:18:16' in 'AX9980' with max capacity 3.", "test_id": "3570652f-f9cd-4aca-b111-e9439fcd2f40"}
{"level": "INFO", "timestamp": "2024-01-07 14:18:08", "message": "A sector 'A2' has been created at '2024-01-07 14:18:16' in 'AX9980' with max capacity 3.", "test_id": "3570652f-f9cd-4aca-b111-e9439fcd2f40"}
{"level": "INFO", "timestamp": "2024-01-07 14:18:08", "message": "A sector 'A3' has been created at '2024-01-07 14:18:16' in 'AX9980' with max capacity 3.", "test_id": "3570652f-f9cd-4aca-b111-e9439fcd2f40"}
{"level": "INFO", "timestamp": "2024-01-07 14:18:08", "message": "A sector 'B1' has been created at '2024-01-07 14:18:16' in 'BX1230' with max capacity 3.", "test_id": "3570652f-f9cd-4aca-b111-e9439fcd2f40"}
{"level": "INFO", "timestamp": "2024-01-07 14:18:08", "message": "A sector 'B2' has been created at '2024-01-07 14:18:16' in 'BX1230' with max capacity 3.", "test_id": "3570652f-f9cd-4aca-b111-e9439fcd2f40"}
{"level": "INFO", "timestamp": "2024-01-07 14:18:08", "message": "A sector 'B3' has been created at '2024-01-07 14:18:16' in 'BX1230' with max capacity 3.", "test_id": "3570652f-f9cd-4aca-b111-e9439fcd2f40"}
{"level": "INFO", "timestamp": "2024-01-07 14:18:08", "message": "A sector 'C1' has been created at '2024-01-07 14:18:16' in 'CX5103' with max capacity 3.", "test_id": "3570652f-f9cd-4aca-b111-e9439fcd2f40"}
{"level": "INFO", "timestamp": "2024-01-07 14:18:08", "message": "A sector 'C2' has been created at '2024-01-07 14:18:16' in 'CX5103' with max capacity 3.", "test_id": "3570652f-f9cd-4aca-b111-e9439fcd2f40"}
{"level": "INFO", "timestamp": "2024-01-07 14:18:08", "message": "A sector 'C3' has been created at '2024-01-07 14:18:16' in 'CX5103' with max capacity 3.", "test_id": "3570652f-f9cd-4aca-b111-e9439fcd2f40"}
