{"level": "INFO", "timestamp": "2024-02-12 12:07:03", "message": "Sector Ax1242-A1 Load: 5.00%", "test_id": "5e42ef10-2cc9-47b9-b0f6-f68b7eed6860"}
{"level": "INFO", "timestamp": "2024-02-12 12:07:03", "message": "Sector Ax1242-A2 Load: 5.00%", "test_id": "5e42ef10-2cc9-47b9-b0f6-f68b7eed6860"}
{"level": "INFO", "timestamp": "2024-02-12 12:07:03", "message": "Sector Ax1242-A3 Load: 5.00%", "test_id": "5e42ef10-2cc9-47b9-b0f6-f68b7eed6860"}
{"level": "INFO", "timestamp": "2024-02-12 12:07:03", "message": "Sector BX1453-B1 Load: 5.00%", "test_id": "5e42ef10-2cc9-47b9-b0f6-f68b7eed6860"}
{"level": "INFO", "timestamp": "2024-02-12 12:07:03", "message": "Sector BX1453-B2 Load: 5.00%", "test_id": "5e42ef10-2cc9-47b9-b0f6-f68b7eed6860"}
{"level": "INFO", "timestamp": "2024-02-12 12:07:03", "message": "Sector BX1453-B3 Load: 5.00%", "test_id": "5e42ef10-2cc9-47b9-b0f6-f68b7eed6860"}
{"level": "INFO", "timestamp": "2024-02-12 12:07:03", "message": "Sector CX1352-C1 Load: 5.00%", "test_id": "5e42ef10-2cc9-47b9-b0f6-f68b7eed6860"}
{"level": "INFO", "timestamp": "2024-02-12 12:07:03", "message": "Sector CX1352-C2 Load: 5.00%", "test_id": "5e42ef10-2cc9-47b9-b0f6-f68b7eed6860"}
{"level": "INFO", "timestamp": "2024-02-12 12:07:03", "message": "Sector CX1352-C3 Load: 5.00%", "test_id": "5e42ef10-2cc9-47b9-b0f6-f68b7eed6860"}
{"level": "INFO", "timestamp": "2024-02-12 12:07:03", "message": "Sector AX1112-A1 Load: 5.00%", "test_id": "5e42ef10-2cc9-47b9-b0f6-f68b7eed6860"}
{"level": "INFO", "timestamp": "2024-02-12 12:07:03", "message": "Sector AX1112-A2 Load: 0.00%", "test_id": "5e42ef10-2cc9-47b9-b0f6-f68b7eed6860"}
{"level": "INFO", "timestamp": "2024-02-12 12:07:03", "message": "Sector AX1112-A3 Load: 0.00%", "test_id": "5e42ef10-2cc9-47b9-b0f6-f68b7eed6860"}
{"level": "INFO", "timestamp": "2024-02-12 12:07:03", "message": "Sector BX1334-B1 Load: 0.00%", "test_id": "5e42ef10-2cc9-47b9-b0f6-f68b7eed6860"}
{"level": "INFO", "timestamp": "2024-02-12 12:07:03", "message": "Sector BX1334-B2 Load: 0.00%", "test_id": "5e42ef10-2cc9-47b9-b0f6-f68b7eed6860"}
{"level": "INFO", "timestamp": "2024-02-12 12:07:03", "message": "Sector BX1334-B3 Load: 0.00%", "test_id": "5e42ef10-2cc9-47b9-b0f6-f68b7eed6860"}
{"level": "INFO", "timestamp": "2024-02-12 12:07:03", "message": "Sector CX1873-C1 Load: 0.00%", "test_id": "5e42ef10-2cc9-47b9-b0f6-f68b7eed6860"}
{"level": "INFO", "timestamp": "2024-02-12 12:07:03", "message": "Sector CX1873-C2 Load: 0.00%", "test_id": "5e42ef10-2cc9-47b9-b0f6-f68b7eed6860"}
{"level": "INFO", "timestamp": "2024-02-12 12:07:03", "message": "Sector CX1873-C3 Load: 0.00%", "test_id": "5e42ef10-2cc9-47b9-b0f6-f68b7eed6860"}
{"level": "INFO", "timestamp": "2024-02-12 12:07:03", "message": "Sector AX9980-A1 Load: 0.00%", "test_id": "5e42ef10-2cc9-47b9-b0f6-f68b7eed6860"}
{"level": "INFO", "timestamp": "2024-02-12 12:07:03", "message": "Sector AX9980-A2 Load: 0.00%", "test_id": "5e42ef10-2cc9-47b9-b0f6-f68b7eed6860"}
{"level": "INFO", "timestamp": "2024-02-12 12:07:03", "message": "Sector AX9980-A3 Load: 0.00%", "test_id": "5e42ef10-2cc9-47b9-b0f6-f68b7eed6860"}
{"level": "INFO", "timestamp": "2024-02-12 12:07:03", "message": "Sector BX1230-B1 Load: 0.00%", "test_id": "5e42ef10-2cc9-47b9-b0f6-f68b7eed6860"}
{"level": "INFO", "timestamp": "2024-02-12 12:07:03", "message": "Sector BX1230-B2 Load: 0.00%", "test_id": "5e42ef10-2cc9-47b9-b0f6-f68b7eed6860"}
{"level": "INFO", "timestamp": "2024-02-12 12:07:03", "message": "Sector BX1230-B3 Load: 0.00%", "test_id": "5e42ef10-2cc9-47b9-b0f6-f68b7eed6860"}
{"level": "INFO", "timestamp": "2024-02-12 12:07:03", "message": "Sector CX5103-C1 Load: 0.00%", "test_id": "5e42ef10-2cc9-47b9-b0f6-f68b7eed6860"}
{"level": "INFO", "timestamp": "2024-02-12 12:07:03", "message": "Sector CX5103-C2 Load: 0.00%", "test_id": "5e42ef10-2cc9-47b9-b0f6-f68b7eed6860"}
{"level": "INFO", "timestamp": "2024-02-12 12:07:03", "message": "Sector CX5103-C3 Load: 0.00%", "test_id": "5e42ef10-2cc9-47b9-b0f6-f68b7eed6860"}
{"level": "INFO", "timestamp": "2024-02-12 12:24:37", "message": "Sector Ax1242-A1 Load: 5.00%", "test_id": "c9aebf6d-c405-4d23-9d4a-989f7536601e"}
{"level": "INFO", "timestamp": "2024-02-12 12:24:37", "message": "Sector Ax1242-A2 Load: 5.00%", "test_id": "c9aebf6d-c405-4d23-9d4a-989f7536601e"}
{"level": "INFO", "timestamp": "2024-02-12 12:24:37", "message": "Sector Ax1242-A3 Load: 5.00%", "test_id": "c9aebf6d-c405-4d23-9d4a-989f7536601e"}
{"level": "INFO", "timestamp": "2024-02-12 12:24:37", "message": "Sector BX1453-B1 Load: 5.00%", "test_id": "c9aebf6d-c405-4d23-9d4a-989f7536601e"}
{"level": "INFO", "timestamp": "2024-02-12 12:24:37", "message": "Sector BX1453-B2 Load: 5.00%", "test_id": "c9aebf6d-c405-4d23-9d4a-989f7536601e"}
{"level": "INFO", "timestamp": "2024-02-12 12:24:37", "message": "Sector BX1453-B3 Load: 5.00%", "test_id": "c9aebf6d-c405-4d23-9d4a-989f7536601e"}
{"level": "INFO", "timestamp": "2024-02-12 12:24:37", "message": "Sector CX1352-C1 Load: 5.00%", "test_id": "c9aebf6d-c405-4d23-9d4a-989f7536601e"}
{"level": "INFO", "timestamp": "2024-02-12 12:24:37", "message": "Sector CX1352-C2 Load: 5.00%", "test_id": "c9aebf6d-c405-4d23-9d4a-989f7536601e"}
{"level": "INFO", "timestamp": "2024-02-12 12:24:37", "message": "Sector CX1352-C3 Load: 5.00%", "test_id": "c9aebf6d-c405-4d23-9d4a-989f7536601e"}
{"level": "INFO", "timestamp": "2024-02-12 12:24:37", "message": "Sector AX1112-A1 Load: 5.00%", "test_id": "c9aebf6d-c405-4d23-9d4a-989f7536601e"}
{"level": "INFO", "timestamp": "2024-02-12 12:24:37", "message": "Sector AX1112-A2 Load: 0.00%", "test_id": "c9aebf6d-c405-4d23-9d4a-989f7536601e"}
{"level": "INFO", "timestamp": "2024-02-12 12:24:37", "message": "Sector AX1112-A3 Load: 0.00%", "test_id": "c9aebf6d-c405-4d23-9d4a-989f7536601e"}
{"level": "INFO", "timestamp": "2024-02-12 12:24:37", "message": "Sector BX1334-B1 Load: 0.00%", "test_id": "c9aebf6d-c405-4d23-9d4a-989f7536601e"}
{"level": "INFO", "timestamp": "2024-02-12 12:24:37", "message": "Sector BX1334-B2 Load: 0.00%", "test_id": "c9aebf6d-c405-4d23-9d4a-989f7536601e"}
{"level": "INFO", "timestamp": "2024-02-12 12:24:37", "message": "Sector BX1334-B3 Load: 0.00%", "test_id": "c9aebf6d-c405-4d23-9d4a-989f7536601e"}
{"level": "INFO", "timestamp": "2024-02-12 12:24:37", "message": "Sector CX1873-C1 Load: 0.00%", "test_id": "c9aebf6d-c405-4d23-9d4a-989f7536601e"}
{"level": "INFO", "timestamp": "2024-02-12 12:24:37", "message": "Sector CX1873-C2 Load: 0.00%", "test_id": "c9aebf6d-c405-4d23-9d4a-989f7536601e"}
{"level": "INFO", "timestamp": "2024-02-12 12:24:37", "message": "Sector CX1873-C3 Load: 0.00%", "test_id": "c9aebf6d-c405-4d23-9d4a-989f7536601e"}
{"level": "INFO", "timestamp": "2024-02-12 12:24:37", "message": "Sector AX9980-A1 Load: 0.00%", "test_id": "c9aebf6d-c405-4d23-9d4a-989f7536601e"}
{"level": "INFO", "timestamp": "2024-02-12 12:24:37", "message": "Sector AX9980-A2 Load: 0.00%", "test_id": "c9aebf6d-c405-4d23-9d4a-989f7536601e"}
{"level": "INFO", "timestamp": "2024-02-12 12:24:37", "message": "Sector AX9980-A3 Load: 0.00%", "test_id": "c9aebf6d-c405-4d23-9d4a-989f7536601e"}
{"level": "INFO", "timestamp": "2024-02-12 12:24:37", "message": "Sector BX1230-B1 Load: 0.00%", "test_id": "c9aebf6d-c405-4d23-9d4a-989f7536601e"}
{"level": "INFO", "timestamp": "2024-02-12 12:24:37", "message": "Sector BX1230-B2 Load: 0.00%", "test_id": "c9aebf6d-c405-4d23-9d4a-989f7536601e"}
{"level": "INFO", "timestamp": "2024-02-12 12:24:37", "message": "Sector BX1230-B3 Load: 0.00%", "test_id": "c9aebf6d-c405-4d23-9d4a-989f7536601e"}
{"level": "INFO", "timestamp": "2024-02-12 12:24:37", "message": "Sector CX5103-C1 Load: 0.00%", "test_id": "c9aebf6d-c405-4d23-9d4a-989f7536601e"}
{"level": "INFO", "timestamp": "2024-02-12 12:24:37", "message": "Sector CX5103-C2 Load: 0.00%", "test_id": "c9aebf6d-c405-4d23-9d4a-989f7536601e"}
{"level": "INFO", "timestamp": "2024-02-12 12:24:37", "message": "Sector CX5103-C3 Load: 0.00%", "test_id": "c9aebf6d-c405-4d23-9d4a-989f7536601e"}
{"level": "INFO", "timestamp": "2024-02-12 12:30:08", "message": "Sector Ax1242-A1 Load: 5.00%", "test_id": "c3774605-d920-4ce7-8016-76918538a9e9"}
{"level": "INFO", "timestamp": "2024-02-12 12:30:08", "message": "Sector Ax1242-A2 Load: 5.00%", "test_id": "c3774605-d920-4ce7-8016-76918538a9e9"}
{"level": "INFO", "timestamp": "2024-02-12 12:30:08", "message": "Sector Ax1242-A3 Load: 5.00%", "test_id": "c3774605-d920-4ce7-8016-76918538a9e9"}
{"level": "INFO", "timestamp": "2024-02-12 12:30:08", "message": "Sector BX1453-B1 Load: 5.00%", "test_id": "c3774605-d920-4ce7-8016-76918538a9e9"}
{"level": "INFO", "timestamp": "2024-02-12 12:30:08", "message": "Sector BX1453-B2 Load: 5.00%", "test_id": "c3774605-d920-4ce7-8016-76918538a9e9"}
{"level": "INFO", "timestamp": "2024-02-12 12:30:08", "message": "Sector BX1453-B3 Load: 5.00%", "test_id": "c3774605-d920-4ce7-8016-76918538a9e9"}
{"level": "INFO", "timestamp": "2024-02-12 12:30:08", "message": "Sector CX1352-C1 Load: 5.00%", "test_id": "c3774605-d920-4ce7-8016-76918538a9e9"}
{"level": "INFO", "timestamp": "2024-02-12 12:30:08", "message": "Sector CX1352-C2 Load: 5.00%", "test_id": "c3774605-d920-4ce7-8016-76918538a9e9"}
{"level": "INFO", "timestamp": "2024-02-12 12:30:08", "message": "Sector CX1352-C3 Load: 5.00%", "test_id": "c3774605-d920-4ce7-8016-76918538a9e9"}
{"level": "INFO", "timestamp": "2024-02-12 12:30:08", "message": "Sector AX1112-A1 Load: 5.00%", "test_id": "c3774605-d920-4ce7-8016-76918538a9e9"}
{"level": "INFO", "timestamp": "2024-02-12 12:30:08", "message": "Sector AX1112-A2 Load: 0.00%", "test_id": "c3774605-d920-4ce7-8016-76918538a9e9"}
{"level": "INFO", "timestamp": "2024-02-12 12:30:08", "message": "Sector AX1112-A3 Load: 0.00%", "test_id": "c3774605-d920-4ce7-8016-76918538a9e9"}
{"level": "INFO", "timestamp": "2024-02-12 12:30:08", "message": "Sector BX1334-B1 Load: 0.00%", "test_id": "c3774605-d920-4ce7-8016-76918538a9e9"}
{"level": "INFO", "timestamp": "2024-02-12 12:30:08", "message": "Sector BX1334-B2 Load: 0.00%", "test_id": "c3774605-d920-4ce7-8016-76918538a9e9"}
{"level": "INFO", "timestamp": "2024-02-12 12:30:08", "message": "Sector BX1334-B3 Load: 0.00%", "test_id": "c3774605-d920-4ce7-8016-76918538a9e9"}
{"level": "INFO", "timestamp": "2024-02-12 12:30:08", "message": "Sector CX1873-C1 Load: 0.00%", "test_id": "c3774605-d920-4ce7-8016-76918538a9e9"}
{"level": "INFO", "timestamp": "2024-02-12 12:30:08", "message": "Sector CX1873-C2 Load: 0.00%", "test_id": "c3774605-d920-4ce7-8016-76918538a9e9"}
{"level": "INFO", "timestamp": "2024-02-12 12:30:08", "message": "Sector CX1873-C3 Load: 0.00%", "test_id": "c3774605-d920-4ce7-8016-76918538a9e9"}
{"level": "INFO", "timestamp": "2024-02-12 12:30:08", "message": "Sector AX9980-A1 Load: 0.00%", "test_id": "c3774605-d920-4ce7-8016-76918538a9e9"}
{"level": "INFO", "timestamp": "2024-02-12 12:30:08", "message": "Sector AX9980-A2 Load: 0.00%", "test_id": "c3774605-d920-4ce7-8016-76918538a9e9"}
{"level": "INFO", "timestamp": "2024-02-12 12:30:08", "message": "Sector AX9980-A3 Load: 0.00%", "test_id": "c3774605-d920-4ce7-8016-76918538a9e9"}
{"level": "INFO", "timestamp": "2024-02-12 12:30:08", "message": "Sector BX1230-B1 Load: 0.00%", "test_id": "c3774605-d920-4ce7-8016-76918538a9e9"}
{"level": "INFO", "timestamp": "2024-02-12 12:30:08", "message": "Sector BX1230-B2 Load: 0.00%", "test_id": "c3774605-d920-4ce7-8016-76918538a9e9"}
{"level": "INFO", "timestamp": "2024-02-12 12:30:08", "message": "Sector BX1230-B3 Load: 0.00%", "test_id": "c3774605-d920-4ce7-8016-76918538a9e9"}
{"level": "INFO", "timestamp": "2024-02-12 12:30:08", "message": "Sector CX5103-C1 Load: 0.00%", "test_id": "c3774605-d920-4ce7-8016-76918538a9e9"}
{"level": "INFO", "timestamp": "2024-02-12 12:30:08", "message": "Sector CX5103-C2 Load: 0.00%", "test_id": "c3774605-d920-4ce7-8016-76918538a9e9"}
{"level": "INFO", "timestamp": "2024-02-12 12:30:08", "message": "Sector CX5103-C3 Load: 0.00%", "test_id": "c3774605-d920-4ce7-8016-76918538a9e9"}
{"level": "INFO", "timestamp": "2024-02-12 14:09:43", "message": "Sector Ax1242-A1 Load: 5.00%", "test_id": "ba843032-a81f-4d48-84c0-717bf1686aa8"}
{"level": "INFO", "timestamp": "2024-02-12 14:09:43", "message": "Sector Ax1242-A2 Load: 5.00%", "test_id": "ba843032-a81f-4d48-84c0-717bf1686aa8"}
{"level": "INFO", "timestamp": "2024-02-12 14:09:43", "message": "Sector Ax1242-A3 Load: 5.00%", "test_id": "ba843032-a81f-4d48-84c0-717bf1686aa8"}
{"level": "INFO", "timestamp": "2024-02-12 14:09:43", "message": "Sector BX1453-B1 Load: 5.00%", "test_id": "ba843032-a81f-4d48-84c0-717bf1686aa8"}
{"level": "INFO", "timestamp": "2024-02-12 14:09:43", "message": "Sector BX1453-B2 Load: 5.00%", "test_id": "ba843032-a81f-4d48-84c0-717bf1686aa8"}
{"level": "INFO", "timestamp": "2024-02-12 14:09:43", "message": "Sector BX1453-B3 Load: 5.00%", "test_id": "ba843032-a81f-4d48-84c0-717bf1686aa8"}
{"level": "INFO", "timestamp": "2024-02-12 14:09:43", "message": "Sector CX1352-C1 Load: 5.00%", "test_id": "ba843032-a81f-4d48-84c0-717bf1686aa8"}
{"level": "INFO", "timestamp": "2024-02-12 14:09:43", "message": "Sector CX1352-C2 Load: 5.00%", "test_id": "ba843032-a81f-4d48-84c0-717bf1686aa8"}
{"level": "INFO", "timestamp": "2024-02-12 14:09:43", "message": "Sector CX1352-C3 Load: 5.00%", "test_id": "ba843032-a81f-4d48-84c0-717bf1686aa8"}
{"level": "INFO", "timestamp": "2024-02-12 14:09:43", "message": "Sector AX1112-A1 Load: 5.00%", "test_id": "ba843032-a81f-4d48-84c0-717bf1686aa8"}
{"level": "INFO", "timestamp": "2024-02-12 14:09:43", "message": "Sector AX1112-A2 Load: 0.00%", "test_id": "ba843032-a81f-4d48-84c0-717bf1686aa8"}
{"level": "INFO", "timestamp": "2024-02-12 14:09:43", "message": "Sector AX1112-A3 Load: 0.00%", "test_id": "ba843032-a81f-4d48-84c0-717bf1686aa8"}
{"level": "INFO", "timestamp": "2024-02-12 14:09:43", "message": "Sector BX1334-B1 Load: 0.00%", "test_id": "ba843032-a81f-4d48-84c0-717bf1686aa8"}
{"level": "INFO", "timestamp": "2024-02-12 14:09:43", "message": "Sector BX1334-B2 Load: 0.00%", "test_id": "ba843032-a81f-4d48-84c0-717bf1686aa8"}
{"level": "INFO", "timestamp": "2024-02-12 14:09:43", "message": "Sector BX1334-B3 Load: 0.00%", "test_id": "ba843032-a81f-4d48-84c0-717bf1686aa8"}
{"level": "INFO", "timestamp": "2024-02-12 14:09:43", "message": "Sector CX1873-C1 Load: 0.00%", "test_id": "ba843032-a81f-4d48-84c0-717bf1686aa8"}
{"level": "INFO", "timestamp": "2024-02-12 14:09:43", "message": "Sector CX1873-C2 Load: 0.00%", "test_id": "ba843032-a81f-4d48-84c0-717bf1686aa8"}
{"level": "INFO", "timestamp": "2024-02-12 14:09:43", "message": "Sector CX1873-C3 Load: 0.00%", "test_id": "ba843032-a81f-4d48-84c0-717bf1686aa8"}
{"level": "INFO", "timestamp": "2024-02-12 14:09:43", "message": "Sector AX9980-A1 Load: 0.00%", "test_id": "ba843032-a81f-4d48-84c0-717bf1686aa8"}
{"level": "INFO", "timestamp": "2024-02-12 14:09:43", "message": "Sector AX9980-A2 Load: 0.00%", "test_id": "ba843032-a81f-4d48-84c0-717bf1686aa8"}
{"level": "INFO", "timestamp": "2024-02-12 14:09:43", "message": "Sector AX9980-A3 Load: 0.00%", "test_id": "ba843032-a81f-4d48-84c0-717bf1686aa8"}
{"level": "INFO", "timestamp": "2024-02-12 14:09:43", "message": "Sector BX1230-B1 Load: 0.00%", "test_id": "ba843032-a81f-4d48-84c0-717bf1686aa8"}
{"level": "INFO", "timestamp": "2024-02-12 14:09:43", "message": "Sector BX1230-B2 Load: 0.00%", "test_id": "ba843032-a81f-4d48-84c0-717bf1686aa8"}
{"level": "INFO", "timestamp": "2024-02-12 14:09:43", "message": "Sector BX1230-B3 Load: 0.00%", "test_id": "ba843032-a81f-4d48-84c0-717bf1686aa8"}
{"level": "INFO", "timestamp": "2024-02-12 14:09:43", "message": "Sector CX5103-C1 Load: 0.00%", "test_id": "ba843032-a81f-4d48-84c0-717bf1686aa8"}
{"level": "INFO", "timestamp": "2024-02-12 14:09:43", "message": "Sector CX5103-C2 Load: 0.00%", "test_id": "ba843032-a81f-4d48-84c0-717bf1686aa8"}
{"level": "INFO", "timestamp": "2024-02-12 14:09:43", "message": "Sector CX5103-C3 Load: 0.00%", "test_id": "ba843032-a81f-4d48-84c0-717bf1686aa8"}
{"level": "INFO", "timestamp": "2024-02-12 14:29:28", "message": "Sector Ax1242-A1 Load: 5.00%", "test_id": "3620967d-6729-4e4b-84ca-55005a406fe8"}
{"level": "INFO", "timestamp": "2024-02-12 14:29:28", "message": "Sector Ax1242-A2 Load: 5.00%", "test_id": "3620967d-6729-4e4b-84ca-55005a406fe8"}
{"level": "INFO", "timestamp": "2024-02-12 14:29:28", "message": "Sector Ax1242-A3 Load: 5.00%", "test_id": "3620967d-6729-4e4b-84ca-55005a406fe8"}
{"level": "INFO", "timestamp": "2024-02-12 14:29:28", "message": "Sector BX1453-B1 Load: 5.00%", "test_id": "3620967d-6729-4e4b-84ca-55005a406fe8"}
{"level": "INFO", "timestamp": "2024-02-12 14:29:28", "message": "Sector BX1453-B2 Load: 5.00%", "test_id": "3620967d-6729-4e4b-84ca-55005a406fe8"}
{"level": "INFO", "timestamp": "2024-02-12 14:29:28", "message": "Sector BX1453-B3 Load: 5.00%", "test_id": "3620967d-6729-4e4b-84ca-55005a406fe8"}
{"level": "INFO", "timestamp": "2024-02-12 14:29:28", "message": "Sector CX1352-C1 Load: 5.00%", "test_id": "3620967d-6729-4e4b-84ca-55005a406fe8"}
{"level": "INFO", "timestamp": "2024-02-12 14:29:28", "message": "Sector CX1352-C2 Load: 5.00%", "test_id": "3620967d-6729-4e4b-84ca-55005a406fe8"}
{"level": "INFO", "timestamp": "2024-02-12 14:29:28", "message": "Sector CX1352-C3 Load: 5.00%", "test_id": "3620967d-6729-4e4b-84ca-55005a406fe8"}
{"level": "INFO", "timestamp": "2024-02-12 14:29:28", "message": "Sector AX1112-A1 Load: 5.00%", "test_id": "3620967d-6729-4e4b-84ca-55005a406fe8"}
{"level": "INFO", "timestamp": "2024-02-12 14:29:28", "message": "Sector AX1112-A2 Load: 0.00%", "test_id": "3620967d-6729-4e4b-84ca-55005a406fe8"}
{"level": "INFO", "timestamp": "2024-02-12 14:29:28", "message": "Sector AX1112-A3 Load: 0.00%", "test_id": "3620967d-6729-4e4b-84ca-55005a406fe8"}
{"level": "INFO", "timestamp": "2024-02-12 14:29:28", "message": "Sector BX1334-B1 Load: 0.00%", "test_id": "3620967d-6729-4e4b-84ca-55005a406fe8"}
{"level": "INFO", "timestamp": "2024-02-12 14:29:28", "message": "Sector BX1334-B2 Load: 0.00%", "test_id": "3620967d-6729-4e4b-84ca-55005a406fe8"}
{"level": "INFO", "timestamp": "2024-02-12 14:29:28", "message": "Sector BX1334-B3 Load: 0.00%", "test_id": "3620967d-6729-4e4b-84ca-55005a406fe8"}
{"level": "INFO", "timestamp": "2024-02-12 14:29:28", "message": "Sector CX1873-C1 Load: 0.00%", "test_id": "3620967d-6729-4e4b-84ca-55005a406fe8"}
{"level": "INFO", "timestamp": "2024-02-12 14:29:28", "message": "Sector CX1873-C2 Load: 0.00%", "test_id": "3620967d-6729-4e4b-84ca-55005a406fe8"}
{"level": "INFO", "timestamp": "2024-02-12 14:29:28", "message": "Sector CX1873-C3 Load: 0.00%", "test_id": "3620967d-6729-4e4b-84ca-55005a406fe8"}
{"level": "INFO", "timestamp": "2024-02-12 14:29:28", "message": "Sector AX9980-A1 Load: 0.00%", "test_id": "3620967d-6729-4e4b-84ca-55005a406fe8"}
{"level": "INFO", "timestamp": "2024-02-12 14:29:28", "message": "Sector AX9980-A2 Load: 0.00%", "test_id": "3620967d-6729-4e4b-84ca-55005a406fe8"}
{"level": "INFO", "timestamp": "2024-02-12 14:29:28", "message": "Sector AX9980-A3 Load: 0.00%", "test_id": "3620967d-6729-4e4b-84ca-55005a406fe8"}
{"level": "INFO", "timestamp": "2024-02-12 14:29:28", "message": "Sector BX1230-B1 Load: 0.00%", "test_id": "3620967d-6729-4e4b-84ca-55005a406fe8"}
{"level": "INFO", "timestamp": "2024-02-12 14:29:28", "message": "Sector BX1230-B2 Load: 0.00%", "test_id": "3620967d-6729-4e4b-84ca-55005a406fe8"}
{"level": "INFO", "timestamp": "2024-02-12 14:29:28", "message": "Sector BX1230-B3 Load: 0.00%", "test_id": "3620967d-6729-4e4b-84ca-55005a406fe8"}
{"level": "INFO", "timestamp": "2024-02-12 14:29:28", "message": "Sector CX5103-C1 Load: 0.00%", "test_id": "3620967d-6729-4e4b-84ca-55005a406fe8"}
{"level": "INFO", "timestamp": "2024-02-12 14:29:28", "message": "Sector CX5103-C2 Load: 0.00%", "test_id": "3620967d-6729-4e4b-84ca-55005a406fe8"}
{"level": "INFO", "timestamp": "2024-02-12 14:29:28", "message": "Sector CX5103-C3 Load: 0.00%", "test_id": "3620967d-6729-4e4b-84ca-55005a406fe8"}
{"level": "INFO", "timestamp": "2024-02-12 14:33:09", "message": "Sector Ax1242-A1 Load: 5.00%", "test_id": "5323f718-2114-40d7-8ece-519215c2648e"}
{"level": "INFO", "timestamp": "2024-02-12 14:33:09", "message": "Sector Ax1242-A2 Load: 5.00%", "test_id": "5323f718-2114-40d7-8ece-519215c2648e"}
{"level": "INFO", "timestamp": "2024-02-12 14:33:09", "message": "Sector Ax1242-A3 Load: 5.00%", "test_id": "5323f718-2114-40d7-8ece-519215c2648e"}
{"level": "INFO", "timestamp": "2024-02-12 14:33:09", "message": "Sector BX1453-B1 Load: 5.00%", "test_id": "5323f718-2114-40d7-8ece-519215c2648e"}
{"level": "INFO", "timestamp": "2024-02-12 14:33:09", "message": "Sector BX1453-B2 Load: 5.00%", "test_id": "5323f718-2114-40d7-8ece-519215c2648e"}
{"level": "INFO", "timestamp": "2024-02-12 14:33:09", "message": "Sector BX1453-B3 Load: 5.00%", "test_id": "5323f718-2114-40d7-8ece-519215c2648e"}
{"level": "INFO", "timestamp": "2024-02-12 14:33:09", "message": "Sector CX1352-C1 Load: 5.00%", "test_id": "5323f718-2114-40d7-8ece-519215c2648e"}
{"level": "INFO", "timestamp": "2024-02-12 14:33:09", "message": "Sector CX1352-C2 Load: 5.00%", "test_id": "5323f718-2114-40d7-8ece-519215c2648e"}
{"level": "INFO", "timestamp": "2024-02-12 14:33:09", "message": "Sector CX1352-C3 Load: 5.00%", "test_id": "5323f718-2114-40d7-8ece-519215c2648e"}
{"level": "INFO", "timestamp": "2024-02-12 14:33:09", "message": "Sector AX1112-A1 Load: 5.00%", "test_id": "5323f718-2114-40d7-8ece-519215c2648e"}
{"level": "INFO", "timestamp": "2024-02-12 14:33:09", "message": "Sector AX1112-A2 Load: 0.00%", "test_id": "5323f718-2114-40d7-8ece-519215c2648e"}
{"level": "INFO", "timestamp": "2024-02-12 14:33:09", "message": "Sector AX1112-A3 Load: 0.00%", "test_id": "5323f718-2114-40d7-8ece-519215c2648e"}
{"level": "INFO", "timestamp": "2024-02-12 14:33:09", "message": "Sector BX1334-B1 Load: 0.00%", "test_id": "5323f718-2114-40d7-8ece-519215c2648e"}
{"level": "INFO", "timestamp": "2024-02-12 14:33:09", "message": "Sector BX1334-B2 Load: 0.00%", "test_id": "5323f718-2114-40d7-8ece-519215c2648e"}
{"level": "INFO", "timestamp": "2024-02-12 14:33:09", "message": "Sector BX1334-B3 Load: 0.00%", "test_id": "5323f718-2114-40d7-8ece-519215c2648e"}
{"level": "INFO", "timestamp": "2024-02-12 14:33:09", "message": "Sector CX1873-C1 Load: 0.00%", "test_id": "5323f718-2114-40d7-8ece-519215c2648e"}
{"level": "INFO", "timestamp": "2024-02-12 14:33:09", "message": "Sector CX1873-C2 Load: 0.00%", "test_id": "5323f718-2114-40d7-8ece-519215c2648e"}
{"level": "INFO", "timestamp": "2024-02-12 14:33:09", "message": "Sector CX1873-C3 Load: 0.00%", "test_id": "5323f718-2114-40d7-8ece-519215c2648e"}
{"level": "INFO", "timestamp": "2024-02-12 14:33:09", "message": "Sector AX9980-A1 Load: 0.00%", "test_id": "5323f718-2114-40d7-8ece-519215c2648e"}
{"level": "INFO", "timestamp": "2024-02-12 14:33:09", "message": "Sector AX9980-A2 Load: 0.00%", "test_id": "5323f718-2114-40d7-8ece-519215c2648e"}
{"level": "INFO", "timestamp": "2024-02-12 14:33:09", "message": "Sector AX9980-A3 Load: 0.00%", "test_id": "5323f718-2114-40d7-8ece-519215c2648e"}
{"level": "INFO", "timestamp": "2024-02-12 14:33:09", "message": "Sector BX1230-B1 Load: 0.00%", "test_id": "5323f718-2114-40d7-8ece-519215c2648e"}
{"level": "INFO", "timestamp": "2024-02-12 14:33:09", "message": "Sector BX1230-B2 Load: 0.00%", "test_id": "5323f718-2114-40d7-8ece-519215c2648e"}
{"level": "INFO", "timestamp": "2024-02-12 14:33:09", "message": "Sector BX1230-B3 Load: 0.00%", "test_id": "5323f718-2114-40d7-8ece-519215c2648e"}
{"level": "INFO", "timestamp": "2024-02-12 14:33:09", "message": "Sector CX5103-C1 Load: 0.00%", "test_id": "5323f718-2114-40d7-8ece-519215c2648e"}
{"level": "INFO", "timestamp": "2024-02-12 14:33:09", "message": "Sector CX5103-C2 Load: 0.00%", "test_id": "5323f718-2114-40d7-8ece-519215c2648e"}
{"level": "INFO", "timestamp": "2024-02-12 14:33:09", "message": "Sector CX5103-C3 Load: 0.00%", "test_id": "5323f718-2114-40d7-8ece-519215c2648e"}
{"level": "INFO", "timestamp": "2024-02-12 14:44:10", "message": "Sector Ax1242-A1 Load: 5.00%", "test_id": "4c32f6e5-fcee-4a34-ab2f-e6ad5186e3ff"}
{"level": "INFO", "timestamp": "2024-02-12 14:44:10", "message": "Sector Ax1242-A2 Load: 5.00%", "test_id": "4c32f6e5-fcee-4a34-ab2f-e6ad5186e3ff"}
{"level": "INFO", "timestamp": "2024-02-12 14:44:10", "message": "Sector Ax1242-A3 Load: 5.00%", "test_id": "4c32f6e5-fcee-4a34-ab2f-e6ad5186e3ff"}
{"level": "INFO", "timestamp": "2024-02-12 14:44:10", "message": "Sector BX1453-B1 Load: 5.00%", "test_id": "4c32f6e5-fcee-4a34-ab2f-e6ad5186e3ff"}
{"level": "INFO", "timestamp": "2024-02-12 14:44:10", "message": "Sector BX1453-B2 Load: 5.00%", "test_id": "4c32f6e5-fcee-4a34-ab2f-e6ad5186e3ff"}
{"level": "INFO", "timestamp": "2024-02-12 14:44:10", "message": "Sector BX1453-B3 Load: 5.00%", "test_id": "4c32f6e5-fcee-4a34-ab2f-e6ad5186e3ff"}
{"level": "INFO", "timestamp": "2024-02-12 14:44:10", "message": "Sector CX1352-C1 Load: 5.00%", "test_id": "4c32f6e5-fcee-4a34-ab2f-e6ad5186e3ff"}
{"level": "INFO", "timestamp": "2024-02-12 14:44:10", "message": "Sector CX1352-C2 Load: 5.00%", "test_id": "4c32f6e5-fcee-4a34-ab2f-e6ad5186e3ff"}
{"level": "INFO", "timestamp": "2024-02-12 14:44:10", "message": "Sector CX1352-C3 Load: 5.00%", "test_id": "4c32f6e5-fcee-4a34-ab2f-e6ad5186e3ff"}
{"level": "INFO", "timestamp": "2024-02-12 14:44:10", "message": "Sector AX1112-A1 Load: 5.00%", "test_id": "4c32f6e5-fcee-4a34-ab2f-e6ad5186e3ff"}
{"level": "INFO", "timestamp": "2024-02-12 14:44:10", "message": "Sector AX1112-A2 Load: 0.00%", "test_id": "4c32f6e5-fcee-4a34-ab2f-e6ad5186e3ff"}
{"level": "INFO", "timestamp": "2024-02-12 14:44:10", "message": "Sector AX1112-A3 Load: 0.00%", "test_id": "4c32f6e5-fcee-4a34-ab2f-e6ad5186e3ff"}
{"level": "INFO", "timestamp": "2024-02-12 14:44:10", "message": "Sector BX1334-B1 Load: 0.00%", "test_id": "4c32f6e5-fcee-4a34-ab2f-e6ad5186e3ff"}
{"level": "INFO", "timestamp": "2024-02-12 14:44:10", "message": "Sector BX1334-B2 Load: 0.00%", "test_id": "4c32f6e5-fcee-4a34-ab2f-e6ad5186e3ff"}
{"level": "INFO", "timestamp": "2024-02-12 14:44:10", "message": "Sector BX1334-B3 Load: 0.00%", "test_id": "4c32f6e5-fcee-4a34-ab2f-e6ad5186e3ff"}
{"level": "INFO", "timestamp": "2024-02-12 14:44:10", "message": "Sector CX1873-C1 Load: 0.00%", "test_id": "4c32f6e5-fcee-4a34-ab2f-e6ad5186e3ff"}
{"level": "INFO", "timestamp": "2024-02-12 14:44:10", "message": "Sector CX1873-C2 Load: 0.00%", "test_id": "4c32f6e5-fcee-4a34-ab2f-e6ad5186e3ff"}
{"level": "INFO", "timestamp": "2024-02-12 14:44:10", "message": "Sector CX1873-C3 Load: 0.00%", "test_id": "4c32f6e5-fcee-4a34-ab2f-e6ad5186e3ff"}
{"level": "INFO", "timestamp": "2024-02-12 14:44:10", "message": "Sector AX9980-A1 Load: 0.00%", "test_id": "4c32f6e5-fcee-4a34-ab2f-e6ad5186e3ff"}
{"level": "INFO", "timestamp": "2024-02-12 14:44:10", "message": "Sector AX9980-A2 Load: 0.00%", "test_id": "4c32f6e5-fcee-4a34-ab2f-e6ad5186e3ff"}
{"level": "INFO", "timestamp": "2024-02-12 14:44:10", "message": "Sector AX9980-A3 Load: 0.00%", "test_id": "4c32f6e5-fcee-4a34-ab2f-e6ad5186e3ff"}
{"level": "INFO", "timestamp": "2024-02-12 14:44:10", "message": "Sector BX1230-B1 Load: 0.00%", "test_id": "4c32f6e5-fcee-4a34-ab2f-e6ad5186e3ff"}
{"level": "INFO", "timestamp": "2024-02-12 14:44:10", "message": "Sector BX1230-B2 Load: 0.00%", "test_id": "4c32f6e5-fcee-4a34-ab2f-e6ad5186e3ff"}
{"level": "INFO", "timestamp": "2024-02-12 14:44:10", "message": "Sector BX1230-B3 Load: 0.00%", "test_id": "4c32f6e5-fcee-4a34-ab2f-e6ad5186e3ff"}
{"level": "INFO", "timestamp": "2024-02-12 14:44:10", "message": "Sector CX5103-C1 Load: 0.00%", "test_id": "4c32f6e5-fcee-4a34-ab2f-e6ad5186e3ff"}
{"level": "INFO", "timestamp": "2024-02-12 14:44:10", "message": "Sector CX5103-C2 Load: 0.00%", "test_id": "4c32f6e5-fcee-4a34-ab2f-e6ad5186e3ff"}
{"level": "INFO", "timestamp": "2024-02-12 14:44:10", "message": "Sector CX5103-C3 Load: 0.00%", "test_id": "4c32f6e5-fcee-4a34-ab2f-e6ad5186e3ff"}
{"level": "INFO", "timestamp": "2024-02-12 15:36:27", "message": "Sector Ax1242-A1 Load: 5.00%", "test_id": "cdbd2b04-c757-4d6e-aae3-3f42a4820ef2"}
{"level": "INFO", "timestamp": "2024-02-12 15:36:27", "message": "Sector Ax1242-A2 Load: 5.00%", "test_id": "cdbd2b04-c757-4d6e-aae3-3f42a4820ef2"}
{"level": "INFO", "timestamp": "2024-02-12 15:36:27", "message": "Sector Ax1242-A3 Load: 5.00%", "test_id": "cdbd2b04-c757-4d6e-aae3-3f42a4820ef2"}
{"level": "INFO", "timestamp": "2024-02-12 15:36:27", "message": "Sector BX1453-B1 Load: 5.00%", "test_id": "cdbd2b04-c757-4d6e-aae3-3f42a4820ef2"}
{"level": "INFO", "timestamp": "2024-02-12 15:36:27", "message": "Sector BX1453-B2 Load: 5.00%", "test_id": "cdbd2b04-c757-4d6e-aae3-3f42a4820ef2"}
{"level": "INFO", "timestamp": "2024-02-12 15:36:27", "message": "Sector BX1453-B3 Load: 5.00%", "test_id": "cdbd2b04-c757-4d6e-aae3-3f42a4820ef2"}
{"level": "INFO", "timestamp": "2024-02-12 15:36:27", "message": "Sector CX1352-C1 Load: 5.00%", "test_id": "cdbd2b04-c757-4d6e-aae3-3f42a4820ef2"}
{"level": "INFO", "timestamp": "2024-02-12 15:36:27", "message": "Sector CX1352-C2 Load: 5.00%", "test_id": "cdbd2b04-c757-4d6e-aae3-3f42a4820ef2"}
{"level": "INFO", "timestamp": "2024-02-12 15:36:27", "message": "Sector CX1352-C3 Load: 5.00%", "test_id": "cdbd2b04-c757-4d6e-aae3-3f42a4820ef2"}
{"level": "INFO", "timestamp": "2024-02-12 15:36:27", "message": "Sector AX1112-A1 Load: 5.00%", "test_id": "cdbd2b04-c757-4d6e-aae3-3f42a4820ef2"}
{"level": "INFO", "timestamp": "2024-02-12 15:36:27", "message": "Sector AX1112-A2 Load: 0.00%", "test_id": "cdbd2b04-c757-4d6e-aae3-3f42a4820ef2"}
{"level": "INFO", "timestamp": "2024-02-12 15:36:27", "message": "Sector AX1112-A3 Load: 0.00%", "test_id": "cdbd2b04-c757-4d6e-aae3-3f42a4820ef2"}
{"level": "INFO", "timestamp": "2024-02-12 15:36:27", "message": "Sector BX1334-B1 Load: 0.00%", "test_id": "cdbd2b04-c757-4d6e-aae3-3f42a4820ef2"}
{"level": "INFO", "timestamp": "2024-02-12 15:36:27", "message": "Sector BX1334-B2 Load: 0.00%", "test_id": "cdbd2b04-c757-4d6e-aae3-3f42a4820ef2"}
{"level": "INFO", "timestamp": "2024-02-12 15:36:27", "message": "Sector BX1334-B3 Load: 0.00%", "test_id": "cdbd2b04-c757-4d6e-aae3-3f42a4820ef2"}
{"level": "INFO", "timestamp": "2024-02-12 15:36:27", "message": "Sector CX1873-C1 Load: 0.00%", "test_id": "cdbd2b04-c757-4d6e-aae3-3f42a4820ef2"}
{"level": "INFO", "timestamp": "2024-02-12 15:36:27", "message": "Sector CX1873-C2 Load: 0.00%", "test_id": "cdbd2b04-c757-4d6e-aae3-3f42a4820ef2"}
{"level": "INFO", "timestamp": "2024-02-12 15:36:27", "message": "Sector CX1873-C3 Load: 0.00%", "test_id": "cdbd2b04-c757-4d6e-aae3-3f42a4820ef2"}
{"level": "INFO", "timestamp": "2024-02-12 15:36:27", "message": "Sector AX9980-A1 Load: 0.00%", "test_id": "cdbd2b04-c757-4d6e-aae3-3f42a4820ef2"}
{"level": "INFO", "timestamp": "2024-02-12 15:36:27", "message": "Sector AX9980-A2 Load: 0.00%", "test_id": "cdbd2b04-c757-4d6e-aae3-3f42a4820ef2"}
{"level": "INFO", "timestamp": "2024-02-12 15:36:27", "message": "Sector AX9980-A3 Load: 0.00%", "test_id": "cdbd2b04-c757-4d6e-aae3-3f42a4820ef2"}
{"level": "INFO", "timestamp": "2024-02-12 15:36:27", "message": "Sector BX1230-B1 Load: 0.00%", "test_id": "cdbd2b04-c757-4d6e-aae3-3f42a4820ef2"}
{"level": "INFO", "timestamp": "2024-02-12 15:36:27", "message": "Sector BX1230-B2 Load: 0.00%", "test_id": "cdbd2b04-c757-4d6e-aae3-3f42a4820ef2"}
{"level": "INFO", "timestamp": "2024-02-12 15:36:27", "message": "Sector BX1230-B3 Load: 0.00%", "test_id": "cdbd2b04-c757-4d6e-aae3-3f42a4820ef2"}
{"level": "INFO", "timestamp": "2024-02-12 15:36:27", "message": "Sector CX5103-C1 Load: 0.00%", "test_id": "cdbd2b04-c757-4d6e-aae3-3f42a4820ef2"}
{"level": "INFO", "timestamp": "2024-02-12 15:36:27", "message": "Sector CX5103-C2 Load: 0.00%", "test_id": "cdbd2b04-c757-4d6e-aae3-3f42a4820ef2"}
{"level": "INFO", "timestamp": "2024-02-12 15:36:27", "message": "Sector CX5103-C3 Load: 0.00%", "test_id": "cdbd2b04-c757-4d6e-aae3-3f42a4820ef2"}
{"level": "INFO", "timestamp": "2024-02-12 15:42:55", "message": "Sector Ax1242-A1 Load: 5.00%", "test_id": "7dc5338c-7072-4869-acd4-4d011240b2fd"}
{"level": "INFO", "timestamp": "2024-02-12 15:42:55", "message": "Sector Ax1242-A2 Load: 5.00%", "test_id": "7dc5338c-7072-4869-acd4-4d011240b2fd"}
{"level": "INFO", "timestamp": "2024-02-12 15:42:55", "message": "Sector Ax1242-A3 Load: 5.00%", "test_id": "7dc5338c-7072-4869-acd4-4d011240b2fd"}
{"level": "INFO", "timestamp": "2024-02-12 15:42:55", "message": "Sector BX1453-B1 Load: 5.00%", "test_id": "7dc5338c-7072-4869-acd4-4d011240b2fd"}
{"level": "INFO", "timestamp": "2024-02-12 15:42:55", "message": "Sector BX1453-B2 Load: 5.00%", "test_id": "7dc5338c-7072-4869-acd4-4d011240b2fd"}
{"level": "INFO", "timestamp": "2024-02-12 15:42:55", "message": "Sector BX1453-B3 Load: 5.00%", "test_id": "7dc5338c-7072-4869-acd4-4d011240b2fd"}
{"level": "INFO", "timestamp": "2024-02-12 15:42:55", "message": "Sector CX1352-C1 Load: 5.00%", "test_id": "7dc5338c-7072-4869-acd4-4d011240b2fd"}
{"level": "INFO", "timestamp": "2024-02-12 15:42:55", "message": "Sector CX1352-C2 Load: 5.00%", "test_id": "7dc5338c-7072-4869-acd4-4d011240b2fd"}
{"level": "INFO", "timestamp": "2024-02-12 15:42:55", "message": "Sector CX1352-C3 Load: 5.00%", "test_id": "7dc5338c-7072-4869-acd4-4d011240b2fd"}
{"level": "INFO", "timestamp": "2024-02-12 15:42:55", "message": "Sector AX1112-A1 Load: 5.00%", "test_id": "7dc5338c-7072-4869-acd4-4d011240b2fd"}
{"level": "INFO", "timestamp": "2024-02-12 15:42:55", "message": "Sector AX1112-A2 Load: 0.00%", "test_id": "7dc5338c-7072-4869-acd4-4d011240b2fd"}
{"level": "INFO", "timestamp": "2024-02-12 15:42:55", "message": "Sector AX1112-A3 Load: 0.00%", "test_id": "7dc5338c-7072-4869-acd4-4d011240b2fd"}
{"level": "INFO", "timestamp": "2024-02-12 15:42:55", "message": "Sector BX1334-B1 Load: 0.00%", "test_id": "7dc5338c-7072-4869-acd4-4d011240b2fd"}
{"level": "INFO", "timestamp": "2024-02-12 15:42:55", "message": "Sector BX1334-B2 Load: 0.00%", "test_id": "7dc5338c-7072-4869-acd4-4d011240b2fd"}
{"level": "INFO", "timestamp": "2024-02-12 15:42:55", "message": "Sector BX1334-B3 Load: 0.00%", "test_id": "7dc5338c-7072-4869-acd4-4d011240b2fd"}
{"level": "INFO", "timestamp": "2024-02-12 15:42:55", "message": "Sector CX1873-C1 Load: 0.00%", "test_id": "7dc5338c-7072-4869-acd4-4d011240b2fd"}
{"level": "INFO", "timestamp": "2024-02-12 15:42:55", "message": "Sector CX1873-C2 Load: 0.00%", "test_id": "7dc5338c-7072-4869-acd4-4d011240b2fd"}
{"level": "INFO", "timestamp": "2024-02-12 15:42:55", "message": "Sector CX1873-C3 Load: 0.00%", "test_id": "7dc5338c-7072-4869-acd4-4d011240b2fd"}
{"level": "INFO", "timestamp": "2024-02-12 15:42:55", "message": "Sector AX9980-A1 Load: 0.00%", "test_id": "7dc5338c-7072-4869-acd4-4d011240b2fd"}
{"level": "INFO", "timestamp": "2024-02-12 15:42:55", "message": "Sector AX9980-A2 Load: 0.00%", "test_id": "7dc5338c-7072-4869-acd4-4d011240b2fd"}
{"level": "INFO", "timestamp": "2024-02-12 15:42:55", "message": "Sector AX9980-A3 Load: 0.00%", "test_id": "7dc5338c-7072-4869-acd4-4d011240b2fd"}
{"level": "INFO", "timestamp": "2024-02-12 15:42:55", "message": "Sector BX1230-B1 Load: 0.00%", "test_id": "7dc5338c-7072-4869-acd4-4d011240b2fd"}
{"level": "INFO", "timestamp": "2024-02-12 15:42:55", "message": "Sector BX1230-B2 Load: 0.00%", "test_id": "7dc5338c-7072-4869-acd4-4d011240b2fd"}
{"level": "INFO", "timestamp": "2024-02-12 15:42:55", "message": "Sector BX1230-B3 Load: 0.00%", "test_id": "7dc5338c-7072-4869-acd4-4d011240b2fd"}
{"level": "INFO", "timestamp": "2024-02-12 15:42:55", "message": "Sector CX5103-C1 Load: 0.00%", "test_id": "7dc5338c-7072-4869-acd4-4d011240b2fd"}
{"level": "INFO", "timestamp": "2024-02-12 15:42:55", "message": "Sector CX5103-C2 Load: 0.00%", "test_id": "7dc5338c-7072-4869-acd4-4d011240b2fd"}
{"level": "INFO", "timestamp": "2024-02-12 15:42:55", "message": "Sector CX5103-C3 Load: 0.00%", "test_id": "7dc5338c-7072-4869-acd4-4d011240b2fd"}
{"level": "INFO", "timestamp": "2024-02-12 15:50:00", "message": "Sector Ax1242-A1 Load: 5.00%", "test_id": "72919e19-6865-479d-b052-d41fd6ceadf3"}
{"level": "INFO", "timestamp": "2024-02-12 15:50:00", "message": "Sector Ax1242-A2 Load: 5.00%", "test_id": "72919e19-6865-479d-b052-d41fd6ceadf3"}
{"level": "INFO", "timestamp": "2024-02-12 15:50:00", "message": "Sector Ax1242-A3 Load: 5.00%", "test_id": "72919e19-6865-479d-b052-d41fd6ceadf3"}
{"level": "INFO", "timestamp": "2024-02-12 15:50:00", "message": "Sector BX1453-B1 Load: 5.00%", "test_id": "72919e19-6865-479d-b052-d41fd6ceadf3"}
{"level": "INFO", "timestamp": "2024-02-12 15:50:00", "message": "Sector BX1453-B2 Load: 5.00%", "test_id": "72919e19-6865-479d-b052-d41fd6ceadf3"}
{"level": "INFO", "timestamp": "2024-02-12 15:50:00", "message": "Sector BX1453-B3 Load: 5.00%", "test_id": "72919e19-6865-479d-b052-d41fd6ceadf3"}
{"level": "INFO", "timestamp": "2024-02-12 15:50:00", "message": "Sector CX1352-C1 Load: 5.00%", "test_id": "72919e19-6865-479d-b052-d41fd6ceadf3"}
{"level": "INFO", "timestamp": "2024-02-12 15:50:00", "message": "Sector CX1352-C2 Load: 5.00%", "test_id": "72919e19-6865-479d-b052-d41fd6ceadf3"}
{"level": "INFO", "timestamp": "2024-02-12 15:50:00", "message": "Sector CX1352-C3 Load: 5.00%", "test_id": "72919e19-6865-479d-b052-d41fd6ceadf3"}
{"level": "INFO", "timestamp": "2024-02-12 15:50:00", "message": "Sector AX1112-A1 Load: 5.00%", "test_id": "72919e19-6865-479d-b052-d41fd6ceadf3"}
{"level": "INFO", "timestamp": "2024-02-12 15:50:00", "message": "Sector AX1112-A2 Load: 0.00%", "test_id": "72919e19-6865-479d-b052-d41fd6ceadf3"}
{"level": "INFO", "timestamp": "2024-02-12 15:50:00", "message": "Sector AX1112-A3 Load: 0.00%", "test_id": "72919e19-6865-479d-b052-d41fd6ceadf3"}
{"level": "INFO", "timestamp": "2024-02-12 15:50:00", "message": "Sector BX1334-B1 Load: 0.00%", "test_id": "72919e19-6865-479d-b052-d41fd6ceadf3"}
{"level": "INFO", "timestamp": "2024-02-12 15:50:00", "message": "Sector BX1334-B2 Load: 0.00%", "test_id": "72919e19-6865-479d-b052-d41fd6ceadf3"}
{"level": "INFO", "timestamp": "2024-02-12 15:50:00", "message": "Sector BX1334-B3 Load: 0.00%", "test_id": "72919e19-6865-479d-b052-d41fd6ceadf3"}
{"level": "INFO", "timestamp": "2024-02-12 15:50:00", "message": "Sector CX1873-C1 Load: 0.00%", "test_id": "72919e19-6865-479d-b052-d41fd6ceadf3"}
{"level": "INFO", "timestamp": "2024-02-12 15:50:00", "message": "Sector CX1873-C2 Load: 0.00%", "test_id": "72919e19-6865-479d-b052-d41fd6ceadf3"}
{"level": "INFO", "timestamp": "2024-02-12 15:50:00", "message": "Sector CX1873-C3 Load: 0.00%", "test_id": "72919e19-6865-479d-b052-d41fd6ceadf3"}
{"level": "INFO", "timestamp": "2024-02-12 15:50:00", "message": "Sector AX9980-A1 Load: 0.00%", "test_id": "72919e19-6865-479d-b052-d41fd6ceadf3"}
{"level": "INFO", "timestamp": "2024-02-12 15:50:00", "message": "Sector AX9980-A2 Load: 0.00%", "test_id": "72919e19-6865-479d-b052-d41fd6ceadf3"}
{"level": "INFO", "timestamp": "2024-02-12 15:50:00", "message": "Sector AX9980-A3 Load: 0.00%", "test_id": "72919e19-6865-479d-b052-d41fd6ceadf3"}
{"level": "INFO", "timestamp": "2024-02-12 15:50:00", "message": "Sector BX1230-B1 Load: 0.00%", "test_id": "72919e19-6865-479d-b052-d41fd6ceadf3"}
{"level": "INFO", "timestamp": "2024-02-12 15:50:00", "message": "Sector BX1230-B2 Load: 0.00%", "test_id": "72919e19-6865-479d-b052-d41fd6ceadf3"}
{"level": "INFO", "timestamp": "2024-02-12 15:50:00", "message": "Sector BX1230-B3 Load: 0.00%", "test_id": "72919e19-6865-479d-b052-d41fd6ceadf3"}
{"level": "INFO", "timestamp": "2024-02-12 15:50:00", "message": "Sector CX5103-C1 Load: 0.00%", "test_id": "72919e19-6865-479d-b052-d41fd6ceadf3"}
{"level": "INFO", "timestamp": "2024-02-12 15:50:00", "message": "Sector CX5103-C2 Load: 0.00%", "test_id": "72919e19-6865-479d-b052-d41fd6ceadf3"}
{"level": "INFO", "timestamp": "2024-02-12 15:50:00", "message": "Sector CX5103-C3 Load: 0.00%", "test_id": "72919e19-6865-479d-b052-d41fd6ceadf3"}
