{"level": "INFO", "timestamp": "2023-12-27 18:15:34", "message": "Gaming traffic parameters updated to [40, 50]", "test_id": "1a6dfc94-333d-4120-9ca1-da140389f3b3"}
{"level": "INFO", "timestamp": "2023-12-27 18:15:34", "message": "Gaming traffic updated: {'bitrate_range': [40, 50], 'jitter': 5, 'delay': 10, 'packet_loss_rate': 0.2}", "test_id": "1a6dfc94-333d-4120-9ca1-da140389f3b3"}
{"level": "INFO", "timestamp": "2023-12-27 18:15:46", "message": "Generated video traffic with parameters: {'num_streams': (1, 5), 'stream_bitrate': (3, 8)}", "test_id": "8dfff800-d35e-4f09-a167-7e78728df15e"}
{"level": "INFO", "timestamp": "2023-12-27 18:15:46", "message": "Generated voice traffic with parameters: {'bitrate': (8, 16)}", "test_id": "8dfff800-d35e-4f09-a167-7e78728df15e"}
{"level": "INFO", "timestamp": "2023-12-27 18:15:46", "message": "Generated video traffic with parameters: {'num_streams': (1, 5), 'stream_bitrate': (3, 8)}", "test_id": "8dfff800-d35e-4f09-a167-7e78728df15e"}
{"level": "INFO", "timestamp": "2023-12-27 18:15:46", "message": "Generated video traffic with parameters: {'num_streams': (1, 5), 'stream_bitrate': (3, 8)}", "test_id": "8dfff800-d35e-4f09-a167-7e78728df15e"}
{"level": "INFO", "timestamp": "2023-12-27 18:15:46", "message": "Generated video traffic with parameters: {'num_streams': (1, 5), 'stream_bitrate': (3, 8)}", "test_id": "8dfff800-d35e-4f09-a167-7e78728df15e"}
{"level": "INFO", "timestamp": "2023-12-27 18:15:46", "message": "Generated video traffic with parameters: {'num_streams': (1, 5), 'stream_bitrate': (3, 8)}", "test_id": "8dfff800-d35e-4f09-a167-7e78728df15e"}
{"level": "INFO", "timestamp": "2023-12-27 18:15:46", "message": "Generated video traffic with parameters: {'num_streams': (1, 5), 'stream_bitrate': (3, 8)}", "test_id": "8dfff800-d35e-4f09-a167-7e78728df15e"}
{"level": "INFO", "timestamp": "2023-12-27 18:15:46", "message": "Generated video traffic with parameters: {'num_streams': (1, 5), 'stream_bitrate': (3, 8)}", "test_id": "8dfff800-d35e-4f09-a167-7e78728df15e"}
{"level": "INFO", "timestamp": "2023-12-27 18:15:46", "message": "Generated video traffic with parameters: {'num_streams': (1, 5), 'stream_bitrate': (3, 8)}", "test_id": "8dfff800-d35e-4f09-a167-7e78728df15e"}
{"level": "INFO", "timestamp": "2023-12-27 18:15:46", "message": "Generated video traffic with parameters: {'num_streams': (1, 5), 'stream_bitrate': (3, 8)}", "test_id": "8dfff800-d35e-4f09-a167-7e78728df15e"}
{"level": "INFO", "timestamp": "2023-12-27 18:15:46", "message": "Generated voice traffic with parameters: {'bitrate': (8, 16)}", "test_id": "8dfff800-d35e-4f09-a167-7e78728df15e"}
{"level": "INFO", "timestamp": "2023-12-27 18:15:46", "message": "Data Traffic: Data Size: 1.7363661695124395MB, Interval: 1.5245762957685962s, Delay: 0ms, Jitter: 0ms, Packet Loss Rate: 0%", "test_id": "8dfff800-d35e-4f09-a167-7e78728df15e"}
{"level": "INFO", "timestamp": "2023-12-27 18:15:46", "message": "Generated video traffic with parameters: {'num_streams': (1, 5), 'stream_bitrate': (3, 8)}", "test_id": "8dfff800-d35e-4f09-a167-7e78728df15e"}
{"level": "INFO", "timestamp": "2023-12-27 18:15:46", "message": "Generated video traffic with parameters: {'num_streams': (1, 5), 'stream_bitrate': (3, 8)}", "test_id": "8dfff800-d35e-4f09-a167-7e78728df15e"}
{"level": "INFO", "timestamp": "2023-12-27 18:15:46", "message": "Generated video traffic with parameters: {'num_streams': (1, 5), 'stream_bitrate': (3, 8)}", "test_id": "8dfff800-d35e-4f09-a167-7e78728df15e"}
{"level": "INFO", "timestamp": "2023-12-27 18:15:46", "message": "Gaming Traffic: Data Size: 0.7815269417069755KB, Interval: 0.1s, Delay: 0ms, Jitter: 0ms, Packet Loss Rate: 0%", "test_id": "8dfff800-d35e-4f09-a167-7e78728df15e"}
{"level": "INFO", "timestamp": "2023-12-27 18:15:46", "message": "Generated video traffic with parameters: {'num_streams': (1, 5), 'stream_bitrate': (3, 8)}", "test_id": "8dfff800-d35e-4f09-a167-7e78728df15e"}
{"level": "INFO", "timestamp": "2023-12-27 18:15:46", "message": "Generated video traffic with parameters: {'num_streams': (1, 5), 'stream_bitrate': (3, 8)}", "test_id": "8dfff800-d35e-4f09-a167-7e78728df15e"}
{"level": "INFO", "timestamp": "2023-12-27 18:15:46", "message": "Generated video traffic with parameters: {'num_streams': (1, 5), 'stream_bitrate': (3, 8)}", "test_id": "8dfff800-d35e-4f09-a167-7e78728df15e"}
{"level": "INFO", "timestamp": "2023-12-27 18:15:46", "message": "Generated voice traffic with parameters: {'bitrate': (8, 16)}", "test_id": "8dfff800-d35e-4f09-a167-7e78728df15e"}
{"level": "INFO", "timestamp": "2023-12-27 18:15:46", "message": "Generated video traffic with parameters: {'num_streams': (1, 5), 'stream_bitrate': (3, 8)}", "test_id": "8dfff800-d35e-4f09-a167-7e78728df15e"}
{"level": "INFO", "timestamp": "2023-12-27 18:15:46", "message": "Generated video traffic with parameters: {'num_streams': (1, 5), 'stream_bitrate': (3, 8)}", "test_id": "8dfff800-d35e-4f09-a167-7e78728df15e"}
{"level": "INFO", "timestamp": "2023-12-27 18:15:46", "message": "Generated video traffic with parameters: {'num_streams': (1, 5), 'stream_bitrate': (3, 8)}", "test_id": "8dfff800-d35e-4f09-a167-7e78728df15e"}
{"level": "INFO", "timestamp": "2023-12-27 18:15:46", "message": "Generated video traffic with parameters: {'num_streams': (1, 5), 'stream_bitrate': (3, 8)}", "test_id": "8dfff800-d35e-4f09-a167-7e78728df15e"}
{"level": "INFO", "timestamp": "2023-12-27 18:15:46", "message": "Generated video traffic with parameters: {'num_streams': (1, 5), 'stream_bitrate': (3, 8)}", "test_id": "8dfff800-d35e-4f09-a167-7e78728df15e"}
{"level": "INFO", "timestamp": "2023-12-27 18:15:46", "message": "Generated video traffic with parameters: {'num_streams': (1, 5), 'stream_bitrate': (3, 8)}", "test_id": "8dfff800-d35e-4f09-a167-7e78728df15e"}
{"level": "INFO", "timestamp": "2023-12-27 18:15:46", "message": "Generated voice traffic with parameters: {'bitrate': (8, 16)}", "test_id": "8dfff800-d35e-4f09-a167-7e78728df15e"}
{"level": "INFO", "timestamp": "2023-12-27 18:15:46", "message": "Data Traffic: Data Size: 0.6435173041841752MB, Interval: 1.033916612765923s, Delay: 0ms, Jitter: 0ms, Packet Loss Rate: 0%", "test_id": "8dfff800-d35e-4f09-a167-7e78728df15e"}
{"level": "INFO", "timestamp": "2023-12-27 18:15:46", "message": "Generated video traffic with parameters: {'num_streams': (1, 5), 'stream_bitrate': (3, 8)}", "test_id": "8dfff800-d35e-4f09-a167-7e78728df15e"}
{"level": "INFO", "timestamp": "2023-12-27 18:15:46", "message": "Generated video traffic with parameters: {'num_streams': (1, 5), 'stream_bitrate': (3, 8)}", "test_id": "8dfff800-d35e-4f09-a167-7e78728df15e"}
{"level": "INFO", "timestamp": "2023-12-27 18:15:46", "message": "Gaming Traffic: Data Size: 0.3904870478566457KB, Interval: 0.1s, Delay: 0ms, Jitter: 0ms, Packet Loss Rate: 0%", "test_id": "8dfff800-d35e-4f09-a167-7e78728df15e"}
{"level": "INFO", "timestamp": "2023-12-27 18:15:46", "message": "Generated video traffic with parameters: {'num_streams': (1, 5), 'stream_bitrate': (3, 8)}", "test_id": "8dfff800-d35e-4f09-a167-7e78728df15e"}
{"level": "INFO", "timestamp": "2023-12-27 18:15:46", "message": "Generated video traffic with parameters: {'num_streams': (1, 5), 'stream_bitrate': (3, 8)}", "test_id": "8dfff800-d35e-4f09-a167-7e78728df15e"}
{"level": "INFO", "timestamp": "2023-12-27 18:15:46", "message": "Generated video traffic with parameters: {'num_streams': (1, 5), 'stream_bitrate': (3, 8)}", "test_id": "8dfff800-d35e-4f09-a167-7e78728df15e"}
{"level": "INFO", "timestamp": "2023-12-27 18:15:46", "message": "Generated video traffic with parameters: {'num_streams': (1, 5), 'stream_bitrate': (3, 8)}", "test_id": "8dfff800-d35e-4f09-a167-7e78728df15e"}
{"level": "INFO", "timestamp": "2023-12-27 18:15:46", "message": "Generated voice traffic with parameters: {'bitrate': (8, 16)}", "test_id": "8dfff800-d35e-4f09-a167-7e78728df15e"}
{"level": "INFO", "timestamp": "2023-12-27 18:15:46", "message": "Generated video traffic with parameters: {'num_streams': (1, 5), 'stream_bitrate': (3, 8)}", "test_id": "8dfff800-d35e-4f09-a167-7e78728df15e"}
{"level": "INFO", "timestamp": "2023-12-27 18:15:46", "message": "Generated video traffic with parameters: {'num_streams': (1, 5), 'stream_bitrate': (3, 8)}", "test_id": "8dfff800-d35e-4f09-a167-7e78728df15e"}
{"level": "INFO", "timestamp": "2023-12-27 18:15:46", "message": "Generated video traffic with parameters: {'num_streams': (1, 5), 'stream_bitrate': (3, 8)}", "test_id": "8dfff800-d35e-4f09-a167-7e78728df15e"}
{"level": "INFO", "timestamp": "2023-12-27 18:15:46", "message": "Generated video traffic with parameters: {'num_streams': (1, 5), 'stream_bitrate': (3, 8)}", "test_id": "8dfff800-d35e-4f09-a167-7e78728df15e"}
{"level": "INFO", "timestamp": "2023-12-27 18:15:46", "message": "Generated video traffic with parameters: {'num_streams': (1, 5), 'stream_bitrate': (3, 8)}", "test_id": "8dfff800-d35e-4f09-a167-7e78728df15e"}
{"level": "INFO", "timestamp": "2023-12-27 18:15:46", "message": "Generated video traffic with parameters: {'num_streams': (1, 5), 'stream_bitrate': (3, 8)}", "test_id": "8dfff800-d35e-4f09-a167-7e78728df15e"}
{"level": "INFO", "timestamp": "2023-12-27 18:15:46", "message": "Generated video traffic with parameters: {'num_streams': (1, 5), 'stream_bitrate': (3, 8)}", "test_id": "8dfff800-d35e-4f09-a167-7e78728df15e"}
{"level": "INFO", "timestamp": "2023-12-27 18:15:46", "message": "Generated voice traffic with parameters: {'bitrate': (8, 16)}", "test_id": "8dfff800-d35e-4f09-a167-7e78728df15e"}
{"level": "INFO", "timestamp": "2023-12-27 18:15:46", "message": "Data Traffic: Data Size: 0.5373159121108243MB, Interval: 0.862441250352741s, Delay: 0ms, Jitter: 0ms, Packet Loss Rate: 0%", "test_id": "8dfff800-d35e-4f09-a167-7e78728df15e"}
{"level": "INFO", "timestamp": "2023-12-27 18:15:46", "message": "Generated video traffic with parameters: {'num_streams': (1, 5), 'stream_bitrate': (3, 8)}", "test_id": "8dfff800-d35e-4f09-a167-7e78728df15e"}
{"level": "INFO", "timestamp": "2023-12-27 18:15:46", "message": "Generated video traffic with parameters: {'num_streams': (1, 5), 'stream_bitrate': (3, 8)}", "test_id": "8dfff800-d35e-4f09-a167-7e78728df15e"}
{"level": "INFO", "timestamp": "2023-12-27 18:15:46", "message": "Gaming Traffic: Data Size: 0.47263533808538016KB, Interval: 0.1s, Delay: 0ms, Jitter: 0ms, Packet Loss Rate: 0%", "test_id": "8dfff800-d35e-4f09-a167-7e78728df15e"}
{"level": "INFO", "timestamp": "2023-12-27 18:15:46", "message": "Generated video traffic with parameters: {'num_streams': (1, 5), 'stream_bitrate': (3, 8)}", "test_id": "8dfff800-d35e-4f09-a167-7e78728df15e"}
{"level": "INFO", "timestamp": "2023-12-27 18:15:46", "message": "Generated video traffic with parameters: {'num_streams': (1, 5), 'stream_bitrate': (3, 8)}", "test_id": "8dfff800-d35e-4f09-a167-7e78728df15e"}
{"level": "INFO", "timestamp": "2023-12-27 18:15:46", "message": "Generated video traffic with parameters: {'num_streams': (1, 5), 'stream_bitrate': (3, 8)}", "test_id": "8dfff800-d35e-4f09-a167-7e78728df15e"}
{"level": "INFO", "timestamp": "2023-12-27 18:15:46", "message": "Generated video traffic with parameters: {'num_streams': (1, 5), 'stream_bitrate': (3, 8)}", "test_id": "8dfff800-d35e-4f09-a167-7e78728df15e"}
{"level": "INFO", "timestamp": "2023-12-27 18:15:46", "message": "Generated video traffic with parameters: {'num_streams': (1, 5), 'stream_bitrate': (3, 8)}", "test_id": "8dfff800-d35e-4f09-a167-7e78728df15e"}
{"level": "INFO", "timestamp": "2023-12-27 18:15:46", "message": "Generated voice traffic with parameters: {'bitrate': (8, 16)}", "test_id": "8dfff800-d35e-4f09-a167-7e78728df15e"}
{"level": "INFO", "timestamp": "2023-12-27 18:15:46", "message": "Generated video traffic with parameters: {'num_streams': (1, 5), 'stream_bitrate': (3, 8)}", "test_id": "8dfff800-d35e-4f09-a167-7e78728df15e"}
{"level": "INFO", "timestamp": "2023-12-27 18:15:46", "message": "Generated video traffic with parameters: {'num_streams': (1, 5), 'stream_bitrate': (3, 8)}", "test_id": "8dfff800-d35e-4f09-a167-7e78728df15e"}
{"level": "INFO", "timestamp": "2023-12-27 18:15:46", "message": "Generated video traffic with parameters: {'num_streams': (1, 5), 'stream_bitrate': (3, 8)}", "test_id": "8dfff800-d35e-4f09-a167-7e78728df15e"}
{"level": "INFO", "timestamp": "2023-12-27 18:15:46", "message": "Generated video traffic with parameters: {'num_streams': (1, 5), 'stream_bitrate': (3, 8)}", "test_id": "8dfff800-d35e-4f09-a167-7e78728df15e"}
{"level": "INFO", "timestamp": "2023-12-27 18:15:46", "message": "Generated video traffic with parameters: {'num_streams': (1, 5), 'stream_bitrate': (3, 8)}", "test_id": "8dfff800-d35e-4f09-a167-7e78728df15e"}
{"level": "INFO", "timestamp": "2023-12-27 18:15:46", "message": "Generated video traffic with parameters: {'num_streams': (1, 5), 'stream_bitrate': (3, 8)}", "test_id": "8dfff800-d35e-4f09-a167-7e78728df15e"}
{"level": "INFO", "timestamp": "2023-12-27 18:15:46", "message": "Generated video traffic with parameters: {'num_streams': (1, 5), 'stream_bitrate': (3, 8)}", "test_id": "8dfff800-d35e-4f09-a167-7e78728df15e"}
{"level": "INFO", "timestamp": "2023-12-27 18:15:46", "message": "Generated video traffic with parameters: {'num_streams': (1, 5), 'stream_bitrate': (3, 8)}", "test_id": "8dfff800-d35e-4f09-a167-7e78728df15e"}
{"level": "INFO", "timestamp": "2023-12-27 18:15:46", "message": "Generated video traffic with parameters: {'num_streams': (1, 5), 'stream_bitrate': (3, 8)}", "test_id": "8dfff800-d35e-4f09-a167-7e78728df15e"}
{"level": "INFO", "timestamp": "2023-12-27 18:15:46", "message": "Generated video traffic with parameters: {'num_streams': (1, 5), 'stream_bitrate': (3, 8)}", "test_id": "8dfff800-d35e-4f09-a167-7e78728df15e"}
{"level": "INFO", "timestamp": "2023-12-27 18:15:46", "message": "Generated voice traffic with parameters: {'bitrate': (8, 16)}", "test_id": "8dfff800-d35e-4f09-a167-7e78728df15e"}
{"level": "INFO", "timestamp": "2023-12-27 18:15:46", "message": "Data Traffic: Data Size: 0.9559569427090491MB, Interval: 0.9710464417541456s, Delay: 0ms, Jitter: 0ms, Packet Loss Rate: 0%", "test_id": "8dfff800-d35e-4f09-a167-7e78728df15e"}
{"level": "INFO", "timestamp": "2023-12-27 18:15:46", "message": "Generated video traffic with parameters: {'num_streams': (1, 5), 'stream_bitrate': (3, 8)}", "test_id": "8dfff800-d35e-4f09-a167-7e78728df15e"}
{"level": "INFO", "timestamp": "2023-12-27 18:15:46", "message": "Generated video traffic with parameters: {'num_streams': (1, 5), 'stream_bitrate': (3, 8)}", "test_id": "8dfff800-d35e-4f09-a167-7e78728df15e"}
{"level": "INFO", "timestamp": "2023-12-27 18:15:46", "message": "Generated video traffic with parameters: {'num_streams': (1, 5), 'stream_bitrate': (3, 8)}", "test_id": "8dfff800-d35e-4f09-a167-7e78728df15e"}
{"level": "INFO", "timestamp": "2023-12-27 18:15:46", "message": "Generated video traffic with parameters: {'num_streams': (1, 5), 'stream_bitrate': (3, 8)}", "test_id": "8dfff800-d35e-4f09-a167-7e78728df15e"}
{"level": "INFO", "timestamp": "2023-12-27 18:15:46", "message": "Generated video traffic with parameters: {'num_streams': (1, 5), 'stream_bitrate': (3, 8)}", "test_id": "8dfff800-d35e-4f09-a167-7e78728df15e"}
{"level": "INFO", "timestamp": "2023-12-27 18:15:46", "message": "Gaming Traffic: Data Size: 0.8613537692105169KB, Interval: 0.1s, Delay: 0ms, Jitter: 0ms, Packet Loss Rate: 0%", "test_id": "8dfff800-d35e-4f09-a167-7e78728df15e"}
{"level": "INFO", "timestamp": "2023-12-27 18:15:46", "message": "Generated video traffic with parameters: {'num_streams': (1, 5), 'stream_bitrate': (3, 8)}", "test_id": "8dfff800-d35e-4f09-a167-7e78728df15e"}
{"level": "INFO", "timestamp": "2023-12-27 18:15:46", "message": "Generated video traffic with parameters: {'num_streams': (1, 5), 'stream_bitrate': (3, 8)}", "test_id": "8dfff800-d35e-4f09-a167-7e78728df15e"}
{"level": "INFO", "timestamp": "2023-12-27 18:15:46", "message": "Generated video traffic with parameters: {'num_streams': (1, 5), 'stream_bitrate': (3, 8)}", "test_id": "8dfff800-d35e-4f09-a167-7e78728df15e"}
{"level": "INFO", "timestamp": "2023-12-27 18:15:46", "message": "Generated video traffic with parameters: {'num_streams': (1, 5), 'stream_bitrate': (3, 8)}", "test_id": "8dfff800-d35e-4f09-a167-7e78728df15e"}
{"level": "INFO", "timestamp": "2023-12-27 18:15:46", "message": "Generated voice traffic with parameters: {'bitrate': (8, 16)}", "test_id": "8dfff800-d35e-4f09-a167-7e78728df15e"}
{"level": "INFO", "timestamp": "2023-12-27 18:15:46", "message": "Generated video traffic with parameters: {'num_streams': (1, 5), 'stream_bitrate': (3, 8)}", "test_id": "8dfff800-d35e-4f09-a167-7e78728df15e"}
{"level": "INFO", "timestamp": "2023-12-27 18:15:46", "message": "Generated video traffic with parameters: {'num_streams': (1, 5), 'stream_bitrate': (3, 8)}", "test_id": "8dfff800-d35e-4f09-a167-7e78728df15e"}
{"level": "INFO", "timestamp": "2023-12-27 18:15:46", "message": "Generated video traffic with parameters: {'num_streams': (1, 5), 'stream_bitrate': (3, 8)}", "test_id": "8dfff800-d35e-4f09-a167-7e78728df15e"}
{"level": "INFO", "timestamp": "2023-12-27 18:15:46", "message": "Generated video traffic with parameters: {'num_streams': (1, 5), 'stream_bitrate': (3, 8)}", "test_id": "8dfff800-d35e-4f09-a167-7e78728df15e"}
{"level": "INFO", "timestamp": "2023-12-27 18:15:46", "message": "Generated video traffic with parameters: {'num_streams': (1, 5), 'stream_bitrate': (3, 8)}", "test_id": "8dfff800-d35e-4f09-a167-7e78728df15e"}
{"level": "INFO", "timestamp": "2023-12-27 18:15:46", "message": "Generated voice traffic with parameters: {'bitrate': (8, 16)}", "test_id": "8dfff800-d35e-4f09-a167-7e78728df15e"}
{"level": "INFO", "timestamp": "2023-12-27 18:15:46", "message": "Data Traffic: Data Size: 0.6257468708213283MB, Interval: 1.2171530087152038s, Delay: 0ms, Jitter: 0ms, Packet Loss Rate: 0%", "test_id": "8dfff800-d35e-4f09-a167-7e78728df15e"}
{"level": "INFO", "timestamp": "2023-12-27 18:15:46", "message": "Generated video traffic with parameters: {'num_streams': (1, 5), 'stream_bitrate': (3, 8)}", "test_id": "8dfff800-d35e-4f09-a167-7e78728df15e"}
{"level": "INFO", "timestamp": "2023-12-27 18:15:46", "message": "Generated video traffic with parameters: {'num_streams': (1, 5), 'stream_bitrate': (3, 8)}", "test_id": "8dfff800-d35e-4f09-a167-7e78728df15e"}
{"level": "INFO", "timestamp": "2023-12-27 18:15:46", "message": "Gaming Traffic: Data Size: 0.6892957605841789KB, Interval: 0.1s, Delay: 0ms, Jitter: 0ms, Packet Loss Rate: 0%", "test_id": "8dfff800-d35e-4f09-a167-7e78728df15e"}
{"level": "INFO", "timestamp": "2023-12-27 18:15:46", "message": "Generated video traffic with parameters: {'num_streams': (1, 5), 'stream_bitrate': (3, 8)}", "test_id": "8dfff800-d35e-4f09-a167-7e78728df15e"}
{"level": "INFO", "timestamp": "2023-12-27 18:15:46", "message": "Generated voice traffic with parameters: {'bitrate': (8, 16)}", "test_id": "8dfff800-d35e-4f09-a167-7e78728df15e"}
{"level": "INFO", "timestamp": "2023-12-27 18:15:46", "message": "Generated video traffic with parameters: {'num_streams': (1, 5), 'stream_bitrate': (3, 8)}", "test_id": "8dfff800-d35e-4f09-a167-7e78728df15e"}
{"level": "INFO", "timestamp": "2023-12-27 18:15:46", "message": "Generated video traffic with parameters: {'num_streams': (1, 5), 'stream_bitrate': (3, 8)}", "test_id": "8dfff800-d35e-4f09-a167-7e78728df15e"}
{"level": "INFO", "timestamp": "2023-12-27 18:15:46", "message": "Generated video traffic with parameters: {'num_streams': (1, 5), 'stream_bitrate': (3, 8)}", "test_id": "8dfff800-d35e-4f09-a167-7e78728df15e"}
{"level": "INFO", "timestamp": "2023-12-27 18:15:46", "message": "Generated voice traffic with parameters: {'bitrate': (8, 16)}", "test_id": "8dfff800-d35e-4f09-a167-7e78728df15e"}
{"level": "INFO", "timestamp": "2023-12-27 18:15:46", "message": "Data Traffic: Data Size: 0.8441531243456555MB, Interval: 1.616240669831398s, Delay: 0ms, Jitter: 0ms, Packet Loss Rate: 0%", "test_id": "8dfff800-d35e-4f09-a167-7e78728df15e"}
{"level": "INFO", "timestamp": "2023-12-27 18:15:46", "message": "Generated video traffic with parameters: {'num_streams': (1, 5), 'stream_bitrate': (3, 8)}", "test_id": "8dfff800-d35e-4f09-a167-7e78728df15e"}
{"level": "INFO", "timestamp": "2023-12-27 18:15:46", "message": "Generated video traffic with parameters: {'num_streams': (1, 5), 'stream_bitrate': (3, 8)}", "test_id": "8dfff800-d35e-4f09-a167-7e78728df15e"}
{"level": "INFO", "timestamp": "2023-12-27 18:15:46", "message": "Generated video traffic with parameters: {'num_streams': (1, 5), 'stream_bitrate': (3, 8)}", "test_id": "8dfff800-d35e-4f09-a167-7e78728df15e"}
{"level": "INFO", "timestamp": "2023-12-27 18:15:46", "message": "Generated video traffic with parameters: {'num_streams': (1, 5), 'stream_bitrate': (3, 8)}", "test_id": "8dfff800-d35e-4f09-a167-7e78728df15e"}
{"level": "INFO", "timestamp": "2023-12-27 18:15:46", "message": "Gaming Traffic: Data Size: 0.42056837126521746KB, Interval: 0.1s, Delay: 0ms, Jitter: 0ms, Packet Loss Rate: 0%", "test_id": "8dfff800-d35e-4f09-a167-7e78728df15e"}
{"level": "INFO", "timestamp": "2023-12-27 18:15:46", "message": "Generated video traffic with parameters: {'num_streams': (1, 5), 'stream_bitrate': (3, 8)}", "test_id": "8dfff800-d35e-4f09-a167-7e78728df15e"}
{"level": "INFO", "timestamp": "2023-12-27 18:15:46", "message": "Generated video traffic with parameters: {'num_streams': (1, 5), 'stream_bitrate': (3, 8)}", "test_id": "8dfff800-d35e-4f09-a167-7e78728df15e"}
{"level": "INFO", "timestamp": "2023-12-27 18:15:46", "message": "Generated video traffic with parameters: {'num_streams': (1, 5), 'stream_bitrate': (3, 8)}", "test_id": "8dfff800-d35e-4f09-a167-7e78728df15e"}
{"level": "INFO", "timestamp": "2023-12-27 18:15:46", "message": "Generated video traffic with parameters: {'num_streams': (1, 5), 'stream_bitrate': (3, 8)}", "test_id": "8dfff800-d35e-4f09-a167-7e78728df15e"}
{"level": "INFO", "timestamp": "2023-12-27 18:15:46", "message": "Generated video traffic with parameters: {'num_streams': (1, 5), 'stream_bitrate': (3, 8)}", "test_id": "8dfff800-d35e-4f09-a167-7e78728df15e"}
{"level": "INFO", "timestamp": "2023-12-27 18:15:46", "message": "Generated voice traffic with parameters: {'bitrate': (8, 16)}", "test_id": "8dfff800-d35e-4f09-a167-7e78728df15e"}
{"level": "INFO", "timestamp": "2023-12-27 18:15:46", "message": "Generated video traffic with parameters: {'num_streams': (1, 5), 'stream_bitrate': (3, 8)}", "test_id": "8dfff800-d35e-4f09-a167-7e78728df15e"}
{"level": "INFO", "timestamp": "2023-12-27 18:15:46", "message": "Generated video traffic with parameters: {'num_streams': (1, 5), 'stream_bitrate': (3, 8)}", "test_id": "8dfff800-d35e-4f09-a167-7e78728df15e"}
{"level": "INFO", "timestamp": "2023-12-27 18:15:46", "message": "Generated video traffic with parameters: {'num_streams': (1, 5), 'stream_bitrate': (3, 8)}", "test_id": "8dfff800-d35e-4f09-a167-7e78728df15e"}
{"level": "INFO", "timestamp": "2023-12-27 18:15:46", "message": "Generated video traffic with parameters: {'num_streams': (1, 5), 'stream_bitrate': (3, 8)}", "test_id": "8dfff800-d35e-4f09-a167-7e78728df15e"}
{"level": "INFO", "timestamp": "2023-12-27 18:15:46", "message": "Generated voice traffic with parameters: {'bitrate': (8, 16)}", "test_id": "8dfff800-d35e-4f09-a167-7e78728df15e"}
{"level": "INFO", "timestamp": "2023-12-27 18:15:46", "message": "Data Traffic: Data Size: 0.15295148437283854MB, Interval: 1.0665695589029023s, Delay: 0ms, Jitter: 0ms, Packet Loss Rate: 0%", "test_id": "8dfff800-d35e-4f09-a167-7e78728df15e"}
{"level": "INFO", "timestamp": "2023-12-27 18:15:46", "message": "Generated video traffic with parameters: {'num_streams': (1, 5), 'stream_bitrate': (3, 8)}", "test_id": "8dfff800-d35e-4f09-a167-7e78728df15e"}
{"level": "INFO", "timestamp": "2023-12-27 18:15:46", "message": "Gaming Traffic: Data Size: 0.4051921402773153KB, Interval: 0.1s, Delay: 0ms, Jitter: 0ms, Packet Loss Rate: 0%", "test_id": "8dfff800-d35e-4f09-a167-7e78728df15e"}
{"level": "INFO", "timestamp": "2023-12-27 18:15:46", "message": "Generated video traffic with parameters: {'num_streams': (1, 5), 'stream_bitrate': (3, 8)}", "test_id": "8dfff800-d35e-4f09-a167-7e78728df15e"}
{"level": "INFO", "timestamp": "2023-12-27 18:15:46", "message": "Generated video traffic with parameters: {'num_streams': (1, 5), 'stream_bitrate': (3, 8)}", "test_id": "8dfff800-d35e-4f09-a167-7e78728df15e"}
{"level": "INFO", "timestamp": "2023-12-27 18:15:46", "message": "Generated video traffic with parameters: {'num_streams': (1, 5), 'stream_bitrate': (3, 8)}", "test_id": "8dfff800-d35e-4f09-a167-7e78728df15e"}
{"level": "INFO", "timestamp": "2023-12-27 18:15:46", "message": "Generated video traffic with parameters: {'num_streams': (1, 5), 'stream_bitrate': (3, 8)}", "test_id": "8dfff800-d35e-4f09-a167-7e78728df15e"}
{"level": "INFO", "timestamp": "2023-12-27 18:15:46", "message": "Generated video traffic with parameters: {'num_streams': (1, 5), 'stream_bitrate': (3, 8)}", "test_id": "8dfff800-d35e-4f09-a167-7e78728df15e"}
{"level": "INFO", "timestamp": "2023-12-27 18:15:46", "message": "Generated voice traffic with parameters: {'bitrate': (8, 16)}", "test_id": "8dfff800-d35e-4f09-a167-7e78728df15e"}
{"level": "INFO", "timestamp": "2023-12-27 18:15:46", "message": "Generated video traffic with parameters: {'num_streams': (1, 5), 'stream_bitrate': (3, 8)}", "test_id": "8dfff800-d35e-4f09-a167-7e78728df15e"}
{"level": "INFO", "timestamp": "2023-12-27 18:15:46", "message": "Generated video traffic with parameters: {'num_streams': (1, 5), 'stream_bitrate': (3, 8)}", "test_id": "8dfff800-d35e-4f09-a167-7e78728df15e"}
{"level": "INFO", "timestamp": "2023-12-27 18:15:46", "message": "Generated video traffic with parameters: {'num_streams': (1, 5), 'stream_bitrate': (3, 8)}", "test_id": "8dfff800-d35e-4f09-a167-7e78728df15e"}
{"level": "INFO", "timestamp": "2023-12-27 18:15:46", "message": "Generated video traffic with parameters: {'num_streams': (1, 5), 'stream_bitrate': (3, 8)}", "test_id": "8dfff800-d35e-4f09-a167-7e78728df15e"}
{"level": "INFO", "timestamp": "2023-12-27 18:15:46", "message": "Generated video traffic with parameters: {'num_streams': (1, 5), 'stream_bitrate': (3, 8)}", "test_id": "8dfff800-d35e-4f09-a167-7e78728df15e"}
{"level": "INFO", "timestamp": "2023-12-27 18:15:46", "message": "Generated video traffic with parameters: {'num_streams': (1, 5), 'stream_bitrate': (3, 8)}", "test_id": "8dfff800-d35e-4f09-a167-7e78728df15e"}
{"level": "INFO", "timestamp": "2023-12-27 18:15:46", "message": "Generated video traffic with parameters: {'num_streams': (1, 5), 'stream_bitrate': (3, 8)}", "test_id": "8dfff800-d35e-4f09-a167-7e78728df15e"}
{"level": "INFO", "timestamp": "2023-12-27 18:15:46", "message": "Generated voice traffic with parameters: {'bitrate': (8, 16)}", "test_id": "8dfff800-d35e-4f09-a167-7e78728df15e"}
{"level": "INFO", "timestamp": "2023-12-27 18:15:46", "message": "Data Traffic: Data Size: 1.2042557844706452MB, Interval: 1.1688034447052524s, Delay: 0ms, Jitter: 0ms, Packet Loss Rate: 0%", "test_id": "8dfff800-d35e-4f09-a167-7e78728df15e"}
{"level": "INFO", "timestamp": "2023-12-27 18:15:46", "message": "Generated video traffic with parameters: {'num_streams': (1, 5), 'stream_bitrate': (3, 8)}", "test_id": "8dfff800-d35e-4f09-a167-7e78728df15e"}
{"level": "INFO", "timestamp": "2023-12-27 18:15:46", "message": "Generated video traffic with parameters: {'num_streams': (1, 5), 'stream_bitrate': (3, 8)}", "test_id": "8dfff800-d35e-4f09-a167-7e78728df15e"}
{"level": "INFO", "timestamp": "2023-12-27 18:15:46", "message": "Generated video traffic with parameters: {'num_streams': (1, 5), 'stream_bitrate': (3, 8)}", "test_id": "8dfff800-d35e-4f09-a167-7e78728df15e"}
{"level": "INFO", "timestamp": "2023-12-27 18:15:46", "message": "Gaming Traffic: Data Size: 0.4930840562194563KB, Interval: 0.1s, Delay: 0ms, Jitter: 0ms, Packet Loss Rate: 0%", "test_id": "8dfff800-d35e-4f09-a167-7e78728df15e"}
{"level": "INFO", "timestamp": "2023-12-27 18:15:46", "message": "Generated video traffic with parameters: {'num_streams': (1, 5), 'stream_bitrate': (3, 8)}", "test_id": "8dfff800-d35e-4f09-a167-7e78728df15e"}
{"level": "INFO", "timestamp": "2023-12-27 18:15:46", "message": "Generated video traffic with parameters: {'num_streams': (1, 5), 'stream_bitrate': (3, 8)}", "test_id": "8dfff800-d35e-4f09-a167-7e78728df15e"}
{"level": "INFO", "timestamp": "2023-12-27 18:15:46", "message": "Generated video traffic with parameters: {'num_streams': (1, 5), 'stream_bitrate': (3, 8)}", "test_id": "8dfff800-d35e-4f09-a167-7e78728df15e"}
{"level": "INFO", "timestamp": "2023-12-27 18:15:46", "message": "Generated voice traffic with parameters: {'bitrate': (8, 16)}", "test_id": "8dfff800-d35e-4f09-a167-7e78728df15e"}
{"level": "INFO", "timestamp": "2023-12-27 18:15:46", "message": "Generated video traffic with parameters: {'num_streams': (1, 5), 'stream_bitrate': (3, 8)}", "test_id": "8dfff800-d35e-4f09-a167-7e78728df15e"}
{"level": "INFO", "timestamp": "2023-12-27 18:15:46", "message": "Generated video traffic with parameters: {'num_streams': (1, 5), 'stream_bitrate': (3, 8)}", "test_id": "8dfff800-d35e-4f09-a167-7e78728df15e"}
{"level": "INFO", "timestamp": "2023-12-27 18:15:46", "message": "Generated video traffic with parameters: {'num_streams': (1, 5), 'stream_bitrate': (3, 8)}", "test_id": "8dfff800-d35e-4f09-a167-7e78728df15e"}
{"level": "INFO", "timestamp": "2023-12-27 18:15:46", "message": "Generated video traffic with parameters: {'num_streams': (1, 5), 'stream_bitrate': (3, 8)}", "test_id": "8dfff800-d35e-4f09-a167-7e78728df15e"}
{"level": "INFO", "timestamp": "2023-12-27 18:15:46", "message": "Generated voice traffic with parameters: {'bitrate': (8, 16)}", "test_id": "8dfff800-d35e-4f09-a167-7e78728df15e"}
{"level": "INFO", "timestamp": "2023-12-27 18:15:46", "message": "Data Traffic: Data Size: 1.0056386095781475MB, Interval: 1.738068141413976s, Delay: 0ms, Jitter: 0ms, Packet Loss Rate: 0%", "test_id": "8dfff800-d35e-4f09-a167-7e78728df15e"}
{"level": "INFO", "timestamp": "2023-12-27 18:15:46", "message": "Generated video traffic with parameters: {'num_streams': (1, 5), 'stream_bitrate': (3, 8)}", "test_id": "8dfff800-d35e-4f09-a167-7e78728df15e"}
{"level": "INFO", "timestamp": "2023-12-27 18:15:46", "message": "Generated video traffic with parameters: {'num_streams': (1, 5), 'stream_bitrate': (3, 8)}", "test_id": "8dfff800-d35e-4f09-a167-7e78728df15e"}
{"level": "INFO", "timestamp": "2023-12-27 18:15:46", "message": "Gaming Traffic: Data Size: 0.6070828806662156KB, Interval: 0.1s, Delay: 0ms, Jitter: 0ms, Packet Loss Rate: 0%", "test_id": "8dfff800-d35e-4f09-a167-7e78728df15e"}
{"level": "INFO", "timestamp": "2023-12-27 18:15:46", "message": "Generated video traffic with parameters: {'num_streams': (1, 5), 'stream_bitrate': (3, 8)}", "test_id": "8dfff800-d35e-4f09-a167-7e78728df15e"}
{"level": "INFO", "timestamp": "2023-12-27 18:15:46", "message": "Generated video traffic with parameters: {'num_streams': (1, 5), 'stream_bitrate': (3, 8)}", "test_id": "8dfff800-d35e-4f09-a167-7e78728df15e"}
{"level": "INFO", "timestamp": "2023-12-27 18:15:46", "message": "Generated video traffic with parameters: {'num_streams': (1, 5), 'stream_bitrate': (3, 8)}", "test_id": "8dfff800-d35e-4f09-a167-7e78728df15e"}
{"level": "INFO", "timestamp": "2023-12-27 18:15:46", "message": "Generated video traffic with parameters: {'num_streams': (1, 5), 'stream_bitrate': (3, 8)}", "test_id": "8dfff800-d35e-4f09-a167-7e78728df15e"}
{"level": "INFO", "timestamp": "2023-12-27 18:15:46", "message": "Generated video traffic with parameters: {'num_streams': (1, 5), 'stream_bitrate': (3, 8)}", "test_id": "8dfff800-d35e-4f09-a167-7e78728df15e"}
{"level": "INFO", "timestamp": "2023-12-27 18:15:46", "message": "Generated voice traffic with parameters: {'bitrate': (8, 16)}", "test_id": "8dfff800-d35e-4f09-a167-7e78728df15e"}
{"level": "INFO", "timestamp": "2023-12-27 18:15:46", "message": "Generated video traffic with parameters: {'num_streams': (1, 5), 'stream_bitrate': (3, 8)}", "test_id": "8dfff800-d35e-4f09-a167-7e78728df15e"}
{"level": "INFO", "timestamp": "2023-12-27 18:15:46", "message": "Generated video traffic with parameters: {'num_streams': (1, 5), 'stream_bitrate': (3, 8)}", "test_id": "8dfff800-d35e-4f09-a167-7e78728df15e"}
{"level": "INFO", "timestamp": "2023-12-27 18:15:46", "message": "Generated video traffic with parameters: {'num_streams': (1, 5), 'stream_bitrate': (3, 8)}", "test_id": "8dfff800-d35e-4f09-a167-7e78728df15e"}
{"level": "INFO", "timestamp": "2023-12-27 18:15:46", "message": "Generated video traffic with parameters: {'num_streams': (1, 5), 'stream_bitrate': (3, 8)}", "test_id": "8dfff800-d35e-4f09-a167-7e78728df15e"}
{"level": "INFO", "timestamp": "2023-12-27 18:15:46", "message": "Generated video traffic with parameters: {'num_streams': (1, 5), 'stream_bitrate': (3, 8)}", "test_id": "8dfff800-d35e-4f09-a167-7e78728df15e"}
{"level": "INFO", "timestamp": "2023-12-27 18:15:46", "message": "Generated video traffic with parameters: {'num_streams': (1, 5), 'stream_bitrate': (3, 8)}", "test_id": "8dfff800-d35e-4f09-a167-7e78728df15e"}
{"level": "INFO", "timestamp": "2023-12-27 18:15:46", "message": "Generated video traffic with parameters: {'num_streams': (1, 5), 'stream_bitrate': (3, 8)}", "test_id": "8dfff800-d35e-4f09-a167-7e78728df15e"}
{"level": "INFO", "timestamp": "2023-12-27 18:15:46", "message": "Generated voice traffic with parameters: {'bitrate': (8, 16)}", "test_id": "8dfff800-d35e-4f09-a167-7e78728df15e"}
{"level": "INFO", "timestamp": "2023-12-27 18:15:46", "message": "Data Traffic: Data Size: 1.0282418726714855MB, Interval: 0.8697924622507428s, Delay: 0ms, Jitter: 0ms, Packet Loss Rate: 0%", "test_id": "8dfff800-d35e-4f09-a167-7e78728df15e"}
{"level": "INFO", "timestamp": "2023-12-27 18:15:46", "message": "Generated video traffic with parameters: {'num_streams': (1, 5), 'stream_bitrate': (3, 8)}", "test_id": "8dfff800-d35e-4f09-a167-7e78728df15e"}
{"level": "INFO", "timestamp": "2023-12-27 18:15:46", "message": "Gaming Traffic: Data Size: 0.40177912563672075KB, Interval: 0.1s, Delay: 0ms, Jitter: 0ms, Packet Loss Rate: 0%", "test_id": "8dfff800-d35e-4f09-a167-7e78728df15e"}
{"level": "INFO", "timestamp": "2023-12-27 18:15:46", "message": "Generated video traffic with parameters: {'num_streams': (1, 5), 'stream_bitrate': (3, 8)}", "test_id": "8dfff800-d35e-4f09-a167-7e78728df15e"}
{"level": "INFO", "timestamp": "2023-12-27 18:15:46", "message": "Generated video traffic with parameters: {'num_streams': (1, 5), 'stream_bitrate': (3, 8)}", "test_id": "8dfff800-d35e-4f09-a167-7e78728df15e"}
{"level": "INFO", "timestamp": "2023-12-27 18:15:46", "message": "Generated voice traffic with parameters: {'bitrate': (8, 16)}", "test_id": "8dfff800-d35e-4f09-a167-7e78728df15e"}
{"level": "INFO", "timestamp": "2023-12-27 18:15:46", "message": "Generated video traffic with parameters: {'num_streams': (1, 5), 'stream_bitrate': (3, 8)}", "test_id": "8dfff800-d35e-4f09-a167-7e78728df15e"}
{"level": "INFO", "timestamp": "2023-12-27 18:15:46", "message": "Generated video traffic with parameters: {'num_streams': (1, 5), 'stream_bitrate': (3, 8)}", "test_id": "8dfff800-d35e-4f09-a167-7e78728df15e"}
{"level": "INFO", "timestamp": "2023-12-27 18:15:46", "message": "Generated video traffic with parameters: {'num_streams': (1, 5), 'stream_bitrate': (3, 8)}", "test_id": "8dfff800-d35e-4f09-a167-7e78728df15e"}
{"level": "INFO", "timestamp": "2023-12-27 18:15:46", "message": "Generated video traffic with parameters: {'num_streams': (1, 5), 'stream_bitrate': (3, 8)}", "test_id": "8dfff800-d35e-4f09-a167-7e78728df15e"}
{"level": "INFO", "timestamp": "2023-12-27 18:15:46", "message": "Generated video traffic with parameters: {'num_streams': (1, 5), 'stream_bitrate': (3, 8)}", "test_id": "8dfff800-d35e-4f09-a167-7e78728df15e"}
{"level": "INFO", "timestamp": "2023-12-27 18:15:46", "message": "Generated video traffic with parameters: {'num_streams': (1, 5), 'stream_bitrate': (3, 8)}", "test_id": "8dfff800-d35e-4f09-a167-7e78728df15e"}
{"level": "INFO", "timestamp": "2023-12-27 18:15:46", "message": "Generated video traffic with parameters: {'num_streams': (1, 5), 'stream_bitrate': (3, 8)}", "test_id": "8dfff800-d35e-4f09-a167-7e78728df15e"}
{"level": "INFO", "timestamp": "2023-12-27 18:15:46", "message": "Generated video traffic with parameters: {'num_streams': (1, 5), 'stream_bitrate': (3, 8)}", "test_id": "8dfff800-d35e-4f09-a167-7e78728df15e"}
{"level": "INFO", "timestamp": "2023-12-27 18:15:46", "message": "Generated voice traffic with parameters: {'bitrate': (8, 16)}", "test_id": "8dfff800-d35e-4f09-a167-7e78728df15e"}
{"level": "INFO", "timestamp": "2023-12-27 18:15:46", "message": "Data Traffic: Data Size: 0.5609764399614411MB, Interval: 1.372879459107627s, Delay: 0ms, Jitter: 0ms, Packet Loss Rate: 0%", "test_id": "8dfff800-d35e-4f09-a167-7e78728df15e"}
{"level": "INFO", "timestamp": "2023-12-27 18:15:46", "message": "Generated video traffic with parameters: {'num_streams': (1, 5), 'stream_bitrate': (3, 8)}", "test_id": "8dfff800-d35e-4f09-a167-7e78728df15e"}
{"level": "INFO", "timestamp": "2023-12-27 18:15:46", "message": "Generated video traffic with parameters: {'num_streams': (1, 5), 'stream_bitrate': (3, 8)}", "test_id": "8dfff800-d35e-4f09-a167-7e78728df15e"}
{"level": "INFO", "timestamp": "2023-12-27 18:15:46", "message": "Generated video traffic with parameters: {'num_streams': (1, 5), 'stream_bitrate': (3, 8)}", "test_id": "8dfff800-d35e-4f09-a167-7e78728df15e"}
{"level": "INFO", "timestamp": "2023-12-27 18:15:46", "message": "Generated video traffic with parameters: {'num_streams': (1, 5), 'stream_bitrate': (3, 8)}", "test_id": "8dfff800-d35e-4f09-a167-7e78728df15e"}
{"level": "INFO", "timestamp": "2023-12-27 18:15:46", "message": "Generated video traffic with parameters: {'num_streams': (1, 5), 'stream_bitrate': (3, 8)}", "test_id": "8dfff800-d35e-4f09-a167-7e78728df15e"}
{"level": "INFO", "timestamp": "2023-12-27 18:15:46", "message": "Gaming Traffic: Data Size: 0.796509231279122KB, Interval: 0.1s, Delay: 0ms, Jitter: 0ms, Packet Loss Rate: 0%", "test_id": "8dfff800-d35e-4f09-a167-7e78728df15e"}
{"level": "INFO", "timestamp": "2023-12-27 18:15:46", "message": "Generated video traffic with parameters: {'num_streams': (1, 5), 'stream_bitrate': (3, 8)}", "test_id": "8dfff800-d35e-4f09-a167-7e78728df15e"}
{"level": "INFO", "timestamp": "2023-12-27 18:15:46", "message": "Generated video traffic with parameters: {'num_streams': (1, 5), 'stream_bitrate': (3, 8)}", "test_id": "8dfff800-d35e-4f09-a167-7e78728df15e"}
{"level": "INFO", "timestamp": "2023-12-27 18:15:46", "message": "Generated video traffic with parameters: {'num_streams': (1, 5), 'stream_bitrate': (3, 8)}", "test_id": "8dfff800-d35e-4f09-a167-7e78728df15e"}
{"level": "INFO", "timestamp": "2023-12-27 18:15:46", "message": "Generated video traffic with parameters: {'num_streams': (1, 5), 'stream_bitrate': (3, 8)}", "test_id": "8dfff800-d35e-4f09-a167-7e78728df15e"}
{"level": "INFO", "timestamp": "2023-12-27 18:15:46", "message": "Generated video traffic with parameters: {'num_streams': (1, 5), 'stream_bitrate': (3, 8)}", "test_id": "8dfff800-d35e-4f09-a167-7e78728df15e"}
{"level": "INFO", "timestamp": "2023-12-27 18:15:46", "message": "Generated voice traffic with parameters: {'bitrate': (8, 16)}", "test_id": "8dfff800-d35e-4f09-a167-7e78728df15e"}
{"level": "INFO", "timestamp": "2023-12-27 18:15:46", "message": "Generated video traffic with parameters: {'num_streams': (1, 5), 'stream_bitrate': (3, 8)}", "test_id": "8dfff800-d35e-4f09-a167-7e78728df15e"}
{"level": "INFO", "timestamp": "2023-12-27 18:15:46", "message": "Generated video traffic with parameters: {'num_streams': (1, 5), 'stream_bitrate': (3, 8)}", "test_id": "8dfff800-d35e-4f09-a167-7e78728df15e"}
{"level": "INFO", "timestamp": "2023-12-27 18:15:46", "message": "Generated video traffic with parameters: {'num_streams': (1, 5), 'stream_bitrate': (3, 8)}", "test_id": "8dfff800-d35e-4f09-a167-7e78728df15e"}
{"level": "INFO", "timestamp": "2023-12-27 18:15:46", "message": "Generated video traffic with parameters: {'num_streams': (1, 5), 'stream_bitrate': (3, 8)}", "test_id": "8dfff800-d35e-4f09-a167-7e78728df15e"}
{"level": "INFO", "timestamp": "2023-12-27 18:15:46", "message": "Generated video traffic with parameters: {'num_streams': (1, 5), 'stream_bitrate': (3, 8)}", "test_id": "8dfff800-d35e-4f09-a167-7e78728df15e"}
{"level": "INFO", "timestamp": "2023-12-27 18:15:46", "message": "Generated video traffic with parameters: {'num_streams': (1, 5), 'stream_bitrate': (3, 8)}", "test_id": "8dfff800-d35e-4f09-a167-7e78728df15e"}
{"level": "INFO", "timestamp": "2023-12-27 18:15:46", "message": "Generated voice traffic with parameters: {'bitrate': (8, 16)}", "test_id": "8dfff800-d35e-4f09-a167-7e78728df15e"}
{"level": "INFO", "timestamp": "2023-12-27 18:15:46", "message": "Data Traffic: Data Size: 1.2261683534038543MB, Interval: 1.1667210600532754s, Delay: 0ms, Jitter: 0ms, Packet Loss Rate: 0%", "test_id": "8dfff800-d35e-4f09-a167-7e78728df15e"}
{"level": "INFO", "timestamp": "2023-12-27 18:15:46", "message": "Generated video traffic with parameters: {'num_streams': (1, 5), 'stream_bitrate': (3, 8)}", "test_id": "8dfff800-d35e-4f09-a167-7e78728df15e"}
{"level": "INFO", "timestamp": "2023-12-27 18:15:46", "message": "Generated video traffic with parameters: {'num_streams': (1, 5), 'stream_bitrate': (3, 8)}", "test_id": "8dfff800-d35e-4f09-a167-7e78728df15e"}
{"level": "INFO", "timestamp": "2023-12-27 18:15:46", "message": "Generated video traffic with parameters: {'num_streams': (1, 5), 'stream_bitrate': (3, 8)}", "test_id": "8dfff800-d35e-4f09-a167-7e78728df15e"}
{"level": "INFO", "timestamp": "2023-12-27 18:15:46", "message": "Generated video traffic with parameters: {'num_streams': (1, 5), 'stream_bitrate': (3, 8)}", "test_id": "8dfff800-d35e-4f09-a167-7e78728df15e"}
{"level": "INFO", "timestamp": "2023-12-27 18:15:46", "message": "Gaming Traffic: Data Size: 0.6979526712508953KB, Interval: 0.1s, Delay: 0ms, Jitter: 0ms, Packet Loss Rate: 0%", "test_id": "8dfff800-d35e-4f09-a167-7e78728df15e"}
{"level": "INFO", "timestamp": "2023-12-27 18:15:46", "message": "Generated video traffic with parameters: {'num_streams': (1, 5), 'stream_bitrate': (3, 8)}", "test_id": "8dfff800-d35e-4f09-a167-7e78728df15e"}
{"level": "INFO", "timestamp": "2023-12-27 18:15:46", "message": "Generated video traffic with parameters: {'num_streams': (1, 5), 'stream_bitrate': (3, 8)}", "test_id": "8dfff800-d35e-4f09-a167-7e78728df15e"}
{"level": "INFO", "timestamp": "2023-12-27 18:15:46", "message": "Generated video traffic with parameters: {'num_streams': (1, 5), 'stream_bitrate': (3, 8)}", "test_id": "8dfff800-d35e-4f09-a167-7e78728df15e"}
{"level": "INFO", "timestamp": "2023-12-27 18:15:46", "message": "Generated video traffic with parameters: {'num_streams': (1, 5), 'stream_bitrate': (3, 8)}", "test_id": "8dfff800-d35e-4f09-a167-7e78728df15e"}
{"level": "INFO", "timestamp": "2023-12-27 18:15:46", "message": "Generated voice traffic with parameters: {'bitrate': (8, 16)}", "test_id": "8dfff800-d35e-4f09-a167-7e78728df15e"}
{"level": "INFO", "timestamp": "2023-12-27 18:15:46", "message": "Generated video traffic with parameters: {'num_streams': (1, 5), 'stream_bitrate': (3, 8)}", "test_id": "8dfff800-d35e-4f09-a167-7e78728df15e"}
{"level": "INFO", "timestamp": "2023-12-27 18:15:46", "message": "Generated video traffic with parameters: {'num_streams': (1, 5), 'stream_bitrate': (3, 8)}", "test_id": "8dfff800-d35e-4f09-a167-7e78728df15e"}
{"level": "INFO", "timestamp": "2023-12-27 18:15:46", "message": "Generated voice traffic with parameters: {'bitrate': (8, 16)}", "test_id": "8dfff800-d35e-4f09-a167-7e78728df15e"}
{"level": "INFO", "timestamp": "2023-12-27 18:15:46", "message": "Data Traffic: Data Size: 1.54268717217453MB, Interval: 1.304108104263324s, Delay: 0ms, Jitter: 0ms, Packet Loss Rate: 0%", "test_id": "8dfff800-d35e-4f09-a167-7e78728df15e"}
{"level": "INFO", "timestamp": "2023-12-27 18:15:46", "message": "Generated video traffic with parameters: {'num_streams': (1, 5), 'stream_bitrate': (3, 8)}", "test_id": "8dfff800-d35e-4f09-a167-7e78728df15e"}
{"level": "INFO", "timestamp": "2023-12-27 18:15:46", "message": "Generated video traffic with parameters: {'num_streams': (1, 5), 'stream_bitrate': (3, 8)}", "test_id": "8dfff800-d35e-4f09-a167-7e78728df15e"}
{"level": "INFO", "timestamp": "2023-12-27 18:15:46", "message": "Generated video traffic with parameters: {'num_streams': (1, 5), 'stream_bitrate': (3, 8)}", "test_id": "8dfff800-d35e-4f09-a167-7e78728df15e"}
{"level": "INFO", "timestamp": "2023-12-27 18:15:46", "message": "Gaming Traffic: Data Size: 0.3883885559224505KB, Interval: 0.1s, Delay: 0ms, Jitter: 0ms, Packet Loss Rate: 0%", "test_id": "8dfff800-d35e-4f09-a167-7e78728df15e"}
{"level": "INFO", "timestamp": "2023-12-27 18:15:46", "message": "Generated video traffic with parameters: {'num_streams': (1, 5), 'stream_bitrate': (3, 8)}", "test_id": "8dfff800-d35e-4f09-a167-7e78728df15e"}
{"level": "INFO", "timestamp": "2023-12-27 18:15:46", "message": "Generated video traffic with parameters: {'num_streams': (1, 5), 'stream_bitrate': (3, 8)}", "test_id": "8dfff800-d35e-4f09-a167-7e78728df15e"}
{"level": "INFO", "timestamp": "2023-12-27 18:15:46", "message": "Generated video traffic with parameters: {'num_streams': (1, 5), 'stream_bitrate': (3, 8)}", "test_id": "8dfff800-d35e-4f09-a167-7e78728df15e"}
{"level": "INFO", "timestamp": "2023-12-27 18:15:46", "message": "Generated voice traffic with parameters: {'bitrate': (8, 16)}", "test_id": "8dfff800-d35e-4f09-a167-7e78728df15e"}
{"level": "INFO", "timestamp": "2023-12-27 18:15:46", "message": "Generated video traffic with parameters: {'num_streams': (1, 5), 'stream_bitrate': (3, 8)}", "test_id": "8dfff800-d35e-4f09-a167-7e78728df15e"}
{"level": "INFO", "timestamp": "2023-12-27 18:15:46", "message": "Generated video traffic with parameters: {'num_streams': (1, 5), 'stream_bitrate': (3, 8)}", "test_id": "8dfff800-d35e-4f09-a167-7e78728df15e"}
{"level": "INFO", "timestamp": "2023-12-27 18:15:46", "message": "Generated video traffic with parameters: {'num_streams': (1, 5), 'stream_bitrate': (3, 8)}", "test_id": "8dfff800-d35e-4f09-a167-7e78728df15e"}
{"level": "INFO", "timestamp": "2023-12-27 18:15:46", "message": "Generated video traffic with parameters: {'num_streams': (1, 5), 'stream_bitrate': (3, 8)}", "test_id": "8dfff800-d35e-4f09-a167-7e78728df15e"}
{"level": "INFO", "timestamp": "2023-12-27 18:15:46", "message": "Generated voice traffic with parameters: {'bitrate': (8, 16)}", "test_id": "8dfff800-d35e-4f09-a167-7e78728df15e"}
{"level": "INFO", "timestamp": "2023-12-27 18:15:46", "message": "Data Traffic: Data Size: 0.18039244385189318MB, Interval: 1.1746210486501214s, Delay: 0ms, Jitter: 0ms, Packet Loss Rate: 0%", "test_id": "8dfff800-d35e-4f09-a167-7e78728df15e"}
{"level": "INFO", "timestamp": "2023-12-27 18:15:46", "message": "Generated video traffic with parameters: {'num_streams': (1, 5), 'stream_bitrate': (3, 8)}", "test_id": "8dfff800-d35e-4f09-a167-7e78728df15e"}
{"level": "INFO", "timestamp": "2023-12-27 18:15:46", "message": "Gaming Traffic: Data Size: 0.6081283482522398KB, Interval: 0.1s, Delay: 0ms, Jitter: 0ms, Packet Loss Rate: 0%", "test_id": "8dfff800-d35e-4f09-a167-7e78728df15e"}
{"level": "INFO", "timestamp": "2023-12-27 18:15:46", "message": "Generated video traffic with parameters: {'num_streams': (1, 5), 'stream_bitrate': (3, 8)}", "test_id": "8dfff800-d35e-4f09-a167-7e78728df15e"}
{"level": "INFO", "timestamp": "2023-12-27 18:15:46", "message": "Generated video traffic with parameters: {'num_streams': (1, 5), 'stream_bitrate': (3, 8)}", "test_id": "8dfff800-d35e-4f09-a167-7e78728df15e"}
{"level": "INFO", "timestamp": "2023-12-27 18:15:46", "message": "Generated voice traffic with parameters: {'bitrate': (8, 16)}", "test_id": "8dfff800-d35e-4f09-a167-7e78728df15e"}
{"level": "INFO", "timestamp": "2023-12-27 18:15:46", "message": "Generated video traffic with parameters: {'num_streams': (1, 5), 'stream_bitrate': (3, 8)}", "test_id": "8dfff800-d35e-4f09-a167-7e78728df15e"}
{"level": "INFO", "timestamp": "2023-12-27 18:15:46", "message": "Generated video traffic with parameters: {'num_streams': (1, 5), 'stream_bitrate': (3, 8)}", "test_id": "8dfff800-d35e-4f09-a167-7e78728df15e"}
{"level": "INFO", "timestamp": "2023-12-27 18:15:46", "message": "Generated video traffic with parameters: {'num_streams': (1, 5), 'stream_bitrate': (3, 8)}", "test_id": "8dfff800-d35e-4f09-a167-7e78728df15e"}
{"level": "INFO", "timestamp": "2023-12-27 18:15:46", "message": "Generated video traffic with parameters: {'num_streams': (1, 5), 'stream_bitrate': (3, 8)}", "test_id": "8dfff800-d35e-4f09-a167-7e78728df15e"}
{"level": "INFO", "timestamp": "2023-12-27 18:15:46", "message": "Generated video traffic with parameters: {'num_streams': (1, 5), 'stream_bitrate': (3, 8)}", "test_id": "8dfff800-d35e-4f09-a167-7e78728df15e"}
{"level": "INFO", "timestamp": "2023-12-27 18:15:46", "message": "Generated video traffic with parameters: {'num_streams': (1, 5), 'stream_bitrate': (3, 8)}", "test_id": "8dfff800-d35e-4f09-a167-7e78728df15e"}
{"level": "INFO", "timestamp": "2023-12-27 18:15:46", "message": "Generated voice traffic with parameters: {'bitrate': (8, 16)}", "test_id": "8dfff800-d35e-4f09-a167-7e78728df15e"}
{"level": "INFO", "timestamp": "2023-12-27 18:15:46", "message": "Data Traffic: Data Size: 1.1075688206868826MB, Interval: 1.4725475969774757s, Delay: 0ms, Jitter: 0ms, Packet Loss Rate: 0%", "test_id": "8dfff800-d35e-4f09-a167-7e78728df15e"}
{"level": "INFO", "timestamp": "2023-12-27 18:15:46", "message": "Generated video traffic with parameters: {'num_streams': (1, 5), 'stream_bitrate': (3, 8)}", "test_id": "8dfff800-d35e-4f09-a167-7e78728df15e"}
{"level": "INFO", "timestamp": "2023-12-27 18:15:46", "message": "Generated video traffic with parameters: {'num_streams': (1, 5), 'stream_bitrate': (3, 8)}", "test_id": "8dfff800-d35e-4f09-a167-7e78728df15e"}
{"level": "INFO", "timestamp": "2023-12-27 18:15:46", "message": "Generated video traffic with parameters: {'num_streams': (1, 5), 'stream_bitrate': (3, 8)}", "test_id": "8dfff800-d35e-4f09-a167-7e78728df15e"}
{"level": "INFO", "timestamp": "2023-12-27 18:15:46", "message": "Generated video traffic with parameters: {'num_streams': (1, 5), 'stream_bitrate': (3, 8)}", "test_id": "8dfff800-d35e-4f09-a167-7e78728df15e"}
{"level": "INFO", "timestamp": "2023-12-27 18:15:46", "message": "Gaming Traffic: Data Size: 0.5020218298024987KB, Interval: 0.1s, Delay: 0ms, Jitter: 0ms, Packet Loss Rate: 0%", "test_id": "8dfff800-d35e-4f09-a167-7e78728df15e"}
{"level": "INFO", "timestamp": "2023-12-27 18:15:46", "message": "Generated video traffic with parameters: {'num_streams': (1, 5), 'stream_bitrate': (3, 8)}", "test_id": "8dfff800-d35e-4f09-a167-7e78728df15e"}
{"level": "INFO", "timestamp": "2023-12-27 18:15:46", "message": "Generated voice traffic with parameters: {'bitrate': (8, 16)}", "test_id": "8dfff800-d35e-4f09-a167-7e78728df15e"}
{"level": "INFO", "timestamp": "2023-12-27 18:15:46", "message": "Generated video traffic with parameters: {'num_streams': (1, 5), 'stream_bitrate': (3, 8)}", "test_id": "8dfff800-d35e-4f09-a167-7e78728df15e"}
{"level": "INFO", "timestamp": "2023-12-27 18:15:46", "message": "Generated video traffic with parameters: {'num_streams': (1, 5), 'stream_bitrate': (3, 8)}", "test_id": "8dfff800-d35e-4f09-a167-7e78728df15e"}
{"level": "INFO", "timestamp": "2023-12-27 18:15:46", "message": "Generated video traffic with parameters: {'num_streams': (1, 5), 'stream_bitrate': (3, 8)}", "test_id": "8dfff800-d35e-4f09-a167-7e78728df15e"}
{"level": "INFO", "timestamp": "2023-12-27 18:15:46", "message": "Generated video traffic with parameters: {'num_streams': (1, 5), 'stream_bitrate': (3, 8)}", "test_id": "8dfff800-d35e-4f09-a167-7e78728df15e"}
{"level": "INFO", "timestamp": "2023-12-27 18:15:46", "message": "Generated video traffic with parameters: {'num_streams': (1, 5), 'stream_bitrate': (3, 8)}", "test_id": "8dfff800-d35e-4f09-a167-7e78728df15e"}
{"level": "INFO", "timestamp": "2023-12-27 18:15:46", "message": "Generated video traffic with parameters: {'num_streams': (1, 5), 'stream_bitrate': (3, 8)}", "test_id": "8dfff800-d35e-4f09-a167-7e78728df15e"}
{"level": "INFO", "timestamp": "2023-12-27 18:15:46", "message": "Generated video traffic with parameters: {'num_streams': (1, 5), 'stream_bitrate': (3, 8)}", "test_id": "8dfff800-d35e-4f09-a167-7e78728df15e"}
{"level": "INFO", "timestamp": "2023-12-27 18:15:46", "message": "Generated video traffic with parameters: {'num_streams': (1, 5), 'stream_bitrate': (3, 8)}", "test_id": "8dfff800-d35e-4f09-a167-7e78728df15e"}
{"level": "INFO", "timestamp": "2023-12-27 18:15:46", "message": "Generated voice traffic with parameters: {'bitrate': (8, 16)}", "test_id": "8dfff800-d35e-4f09-a167-7e78728df15e"}
{"level": "INFO", "timestamp": "2023-12-27 18:15:46", "message": "Data Traffic: Data Size: 0.7137394692616124MB, Interval: 1.2864443636645668s, Delay: 0ms, Jitter: 0ms, Packet Loss Rate: 0%", "test_id": "8dfff800-d35e-4f09-a167-7e78728df15e"}
{"level": "INFO", "timestamp": "2023-12-27 18:15:46", "message": "Generated video traffic with parameters: {'num_streams': (1, 5), 'stream_bitrate': (3, 8)}", "test_id": "8dfff800-d35e-4f09-a167-7e78728df15e"}
{"level": "INFO", "timestamp": "2023-12-27 18:15:46", "message": "Generated video traffic with parameters: {'num_streams': (1, 5), 'stream_bitrate': (3, 8)}", "test_id": "8dfff800-d35e-4f09-a167-7e78728df15e"}
{"level": "INFO", "timestamp": "2023-12-27 18:15:46", "message": "Generated video traffic with parameters: {'num_streams': (1, 5), 'stream_bitrate': (3, 8)}", "test_id": "8dfff800-d35e-4f09-a167-7e78728df15e"}
{"level": "INFO", "timestamp": "2023-12-27 18:15:46", "message": "Generated video traffic with parameters: {'num_streams': (1, 5), 'stream_bitrate': (3, 8)}", "test_id": "8dfff800-d35e-4f09-a167-7e78728df15e"}
{"level": "INFO", "timestamp": "2023-12-27 18:15:46", "message": "Gaming Traffic: Data Size: 0.7935863828369378KB, Interval: 0.1s, Delay: 0ms, Jitter: 0ms, Packet Loss Rate: 0%", "test_id": "8dfff800-d35e-4f09-a167-7e78728df15e"}
{"level": "INFO", "timestamp": "2023-12-27 18:15:46", "message": "Generated video traffic with parameters: {'num_streams': (1, 5), 'stream_bitrate': (3, 8)}", "test_id": "8dfff800-d35e-4f09-a167-7e78728df15e"}
{"level": "INFO", "timestamp": "2023-12-27 18:15:46", "message": "Generated video traffic with parameters: {'num_streams': (1, 5), 'stream_bitrate': (3, 8)}", "test_id": "8dfff800-d35e-4f09-a167-7e78728df15e"}
{"level": "INFO", "timestamp": "2023-12-27 18:15:46", "message": "Generated voice traffic with parameters: {'bitrate': (8, 16)}", "test_id": "8dfff800-d35e-4f09-a167-7e78728df15e"}
{"level": "INFO", "timestamp": "2023-12-27 18:15:46", "message": "Generated video traffic with parameters: {'num_streams': (1, 5), 'stream_bitrate': (3, 8)}", "test_id": "8dfff800-d35e-4f09-a167-7e78728df15e"}
{"level": "INFO", "timestamp": "2023-12-27 18:15:46", "message": "Generated video traffic with parameters: {'num_streams': (1, 5), 'stream_bitrate': (3, 8)}", "test_id": "8dfff800-d35e-4f09-a167-7e78728df15e"}
{"level": "INFO", "timestamp": "2023-12-27 18:15:46", "message": "Generated video traffic with parameters: {'num_streams': (1, 5), 'stream_bitrate': (3, 8)}", "test_id": "8dfff800-d35e-4f09-a167-7e78728df15e"}
{"level": "INFO", "timestamp": "2023-12-27 18:15:46", "message": "Generated video traffic with parameters: {'num_streams': (1, 5), 'stream_bitrate': (3, 8)}", "test_id": "8dfff800-d35e-4f09-a167-7e78728df15e"}
{"level": "INFO", "timestamp": "2023-12-27 18:15:46", "message": "Generated voice traffic with parameters: {'bitrate': (8, 16)}", "test_id": "8dfff800-d35e-4f09-a167-7e78728df15e"}
{"level": "INFO", "timestamp": "2023-12-27 18:15:46", "message": "Data Traffic: Data Size: 0.6632433900055182MB, Interval: 1.8376777313698436s, Delay: 0ms, Jitter: 0ms, Packet Loss Rate: 0%", "test_id": "8dfff800-d35e-4f09-a167-7e78728df15e"}
{"level": "INFO", "timestamp": "2023-12-27 18:15:46", "message": "Generated video traffic with parameters: {'num_streams': (1, 5), 'stream_bitrate': (3, 8)}", "test_id": "8dfff800-d35e-4f09-a167-7e78728df15e"}
{"level": "INFO", "timestamp": "2023-12-27 18:15:46", "message": "Generated video traffic with parameters: {'num_streams': (1, 5), 'stream_bitrate': (3, 8)}", "test_id": "8dfff800-d35e-4f09-a167-7e78728df15e"}
{"level": "INFO", "timestamp": "2023-12-27 18:15:46", "message": "Generated video traffic with parameters: {'num_streams': (1, 5), 'stream_bitrate': (3, 8)}", "test_id": "8dfff800-d35e-4f09-a167-7e78728df15e"}
{"level": "INFO", "timestamp": "2023-12-27 18:15:46", "message": "Generated video traffic with parameters: {'num_streams': (1, 5), 'stream_bitrate': (3, 8)}", "test_id": "8dfff800-d35e-4f09-a167-7e78728df15e"}
{"level": "INFO", "timestamp": "2023-12-27 18:15:46", "message": "Generated video traffic with parameters: {'num_streams': (1, 5), 'stream_bitrate': (3, 8)}", "test_id": "8dfff800-d35e-4f09-a167-7e78728df15e"}
{"level": "INFO", "timestamp": "2023-12-27 18:15:46", "message": "Gaming Traffic: Data Size: 0.7095129017368439KB, Interval: 0.1s, Delay: 0ms, Jitter: 0ms, Packet Loss Rate: 0%", "test_id": "8dfff800-d35e-4f09-a167-7e78728df15e"}
{"level": "INFO", "timestamp": "2023-12-27 18:15:46", "message": "Generated video traffic with parameters: {'num_streams': (1, 5), 'stream_bitrate': (3, 8)}", "test_id": "8dfff800-d35e-4f09-a167-7e78728df15e"}
{"level": "INFO", "timestamp": "2023-12-27 18:15:46", "message": "Generated video traffic with parameters: {'num_streams': (1, 5), 'stream_bitrate': (3, 8)}", "test_id": "8dfff800-d35e-4f09-a167-7e78728df15e"}
{"level": "INFO", "timestamp": "2023-12-27 18:15:46", "message": "Generated video traffic with parameters: {'num_streams': (1, 5), 'stream_bitrate': (3, 8)}", "test_id": "8dfff800-d35e-4f09-a167-7e78728df15e"}
{"level": "INFO", "timestamp": "2023-12-27 18:15:46", "message": "Generated video traffic with parameters: {'num_streams': (1, 5), 'stream_bitrate': (3, 8)}", "test_id": "8dfff800-d35e-4f09-a167-7e78728df15e"}
{"level": "INFO", "timestamp": "2023-12-27 18:15:46", "message": "Generated voice traffic with parameters: {'bitrate': (8, 16)}", "test_id": "8dfff800-d35e-4f09-a167-7e78728df15e"}
{"level": "INFO", "timestamp": "2023-12-27 18:15:46", "message": "Generated video traffic with parameters: {'num_streams': (1, 5), 'stream_bitrate': (3, 8)}", "test_id": "8dfff800-d35e-4f09-a167-7e78728df15e"}
{"level": "INFO", "timestamp": "2023-12-27 18:15:46", "message": "Generated video traffic with parameters: {'num_streams': (1, 5), 'stream_bitrate': (3, 8)}", "test_id": "8dfff800-d35e-4f09-a167-7e78728df15e"}
{"level": "INFO", "timestamp": "2023-12-27 18:15:46", "message": "Generated video traffic with parameters: {'num_streams': (1, 5), 'stream_bitrate': (3, 8)}", "test_id": "8dfff800-d35e-4f09-a167-7e78728df15e"}
{"level": "INFO", "timestamp": "2023-12-27 18:15:46", "message": "Generated video traffic with parameters: {'num_streams': (1, 5), 'stream_bitrate': (3, 8)}", "test_id": "8dfff800-d35e-4f09-a167-7e78728df15e"}
{"level": "INFO", "timestamp": "2023-12-27 18:15:46", "message": "Generated voice traffic with parameters: {'bitrate': (8, 16)}", "test_id": "8dfff800-d35e-4f09-a167-7e78728df15e"}
{"level": "INFO", "timestamp": "2023-12-27 18:15:46", "message": "Data Traffic: Data Size: 0.9425949152036415MB, Interval: 1.2464235139626718s, Delay: 0ms, Jitter: 0ms, Packet Loss Rate: 0%", "test_id": "8dfff800-d35e-4f09-a167-7e78728df15e"}
{"level": "INFO", "timestamp": "2023-12-27 18:15:46", "message": "Generated video traffic with parameters: {'num_streams': (1, 5), 'stream_bitrate': (3, 8)}", "test_id": "8dfff800-d35e-4f09-a167-7e78728df15e"}
{"level": "INFO", "timestamp": "2023-12-27 18:15:46", "message": "Generated video traffic with parameters: {'num_streams': (1, 5), 'stream_bitrate': (3, 8)}", "test_id": "8dfff800-d35e-4f09-a167-7e78728df15e"}
{"level": "INFO", "timestamp": "2023-12-27 18:15:46", "message": "Generated video traffic with parameters: {'num_streams': (1, 5), 'stream_bitrate': (3, 8)}", "test_id": "8dfff800-d35e-4f09-a167-7e78728df15e"}
{"level": "INFO", "timestamp": "2023-12-27 18:15:46", "message": "Generated video traffic with parameters: {'num_streams': (1, 5), 'stream_bitrate': (3, 8)}", "test_id": "8dfff800-d35e-4f09-a167-7e78728df15e"}
{"level": "INFO", "timestamp": "2023-12-27 18:15:46", "message": "Generated video traffic with parameters: {'num_streams': (1, 5), 'stream_bitrate': (3, 8)}", "test_id": "8dfff800-d35e-4f09-a167-7e78728df15e"}
{"level": "INFO", "timestamp": "2023-12-27 18:15:46", "message": "Gaming Traffic: Data Size: 0.6678562244012011KB, Interval: 0.1s, Delay: 0ms, Jitter: 0ms, Packet Loss Rate: 0%", "test_id": "8dfff800-d35e-4f09-a167-7e78728df15e"}
{"level": "INFO", "timestamp": "2023-12-27 18:15:46", "message": "Generated video traffic with parameters: {'num_streams': (1, 5), 'stream_bitrate': (3, 8)}", "test_id": "8dfff800-d35e-4f09-a167-7e78728df15e"}
{"level": "INFO", "timestamp": "2023-12-27 18:15:46", "message": "Generated video traffic with parameters: {'num_streams': (1, 5), 'stream_bitrate': (3, 8)}", "test_id": "8dfff800-d35e-4f09-a167-7e78728df15e"}
{"level": "INFO", "timestamp": "2023-12-27 18:15:46", "message": "Generated voice traffic with parameters: {'bitrate': (8, 16)}", "test_id": "8dfff800-d35e-4f09-a167-7e78728df15e"}
{"level": "INFO", "timestamp": "2023-12-27 18:15:46", "message": "Generated video traffic with parameters: {'num_streams': (1, 5), 'stream_bitrate': (3, 8)}", "test_id": "8dfff800-d35e-4f09-a167-7e78728df15e"}
{"level": "INFO", "timestamp": "2023-12-27 18:15:46", "message": "Generated video traffic with parameters: {'num_streams': (1, 5), 'stream_bitrate': (3, 8)}", "test_id": "8dfff800-d35e-4f09-a167-7e78728df15e"}
{"level": "INFO", "timestamp": "2023-12-27 18:15:46", "message": "Generated voice traffic with parameters: {'bitrate': (8, 16)}", "test_id": "8dfff800-d35e-4f09-a167-7e78728df15e"}
{"level": "INFO", "timestamp": "2023-12-27 18:15:46", "message": "Data Traffic: Data Size: 0.8061256333327395MB, Interval: 0.7465781865199481s, Delay: 0ms, Jitter: 0ms, Packet Loss Rate: 0%", "test_id": "8dfff800-d35e-4f09-a167-7e78728df15e"}
{"level": "INFO", "timestamp": "2023-12-27 18:15:46", "message": "Generated video traffic with parameters: {'num_streams': (1, 5), 'stream_bitrate': (3, 8)}", "test_id": "8dfff800-d35e-4f09-a167-7e78728df15e"}
{"level": "INFO", "timestamp": "2023-12-27 18:15:46", "message": "Generated video traffic with parameters: {'num_streams': (1, 5), 'stream_bitrate': (3, 8)}", "test_id": "8dfff800-d35e-4f09-a167-7e78728df15e"}
{"level": "INFO", "timestamp": "2023-12-27 18:15:46", "message": "Generated video traffic with parameters: {'num_streams': (1, 5), 'stream_bitrate': (3, 8)}", "test_id": "8dfff800-d35e-4f09-a167-7e78728df15e"}
{"level": "INFO", "timestamp": "2023-12-27 18:15:46", "message": "Gaming Traffic: Data Size: 0.6336981065431389KB, Interval: 0.1s, Delay: 0ms, Jitter: 0ms, Packet Loss Rate: 0%", "test_id": "8dfff800-d35e-4f09-a167-7e78728df15e"}
{"level": "INFO", "timestamp": "2023-12-27 18:15:46", "message": "Generated video traffic with parameters: {'num_streams': (1, 5), 'stream_bitrate': (3, 8)}", "test_id": "8dfff800-d35e-4f09-a167-7e78728df15e"}
{"level": "INFO", "timestamp": "2023-12-27 18:15:46", "message": "Generated video traffic with parameters: {'num_streams': (1, 5), 'stream_bitrate': (3, 8)}", "test_id": "8dfff800-d35e-4f09-a167-7e78728df15e"}
{"level": "INFO", "timestamp": "2023-12-27 18:15:46", "message": "Generated video traffic with parameters: {'num_streams': (1, 5), 'stream_bitrate': (3, 8)}", "test_id": "8dfff800-d35e-4f09-a167-7e78728df15e"}
{"level": "INFO", "timestamp": "2023-12-27 18:15:46", "message": "Generated video traffic with parameters: {'num_streams': (1, 5), 'stream_bitrate': (3, 8)}", "test_id": "8dfff800-d35e-4f09-a167-7e78728df15e"}
{"level": "INFO", "timestamp": "2023-12-27 18:15:46", "message": "Generated video traffic with parameters: {'num_streams': (1, 5), 'stream_bitrate': (3, 8)}", "test_id": "8dfff800-d35e-4f09-a167-7e78728df15e"}
{"level": "INFO", "timestamp": "2023-12-27 18:15:46", "message": "Generated voice traffic with parameters: {'bitrate': (8, 16)}", "test_id": "8dfff800-d35e-4f09-a167-7e78728df15e"}
{"level": "INFO", "timestamp": "2023-12-27 18:15:46", "message": "Generated video traffic with parameters: {'num_streams': (1, 5), 'stream_bitrate': (3, 8)}", "test_id": "8dfff800-d35e-4f09-a167-7e78728df15e"}
{"level": "INFO", "timestamp": "2023-12-27 18:15:46", "message": "Generated video traffic with parameters: {'num_streams': (1, 5), 'stream_bitrate': (3, 8)}", "test_id": "8dfff800-d35e-4f09-a167-7e78728df15e"}
{"level": "INFO", "timestamp": "2023-12-27 18:15:46", "message": "Generated video traffic with parameters: {'num_streams': (1, 5), 'stream_bitrate': (3, 8)}", "test_id": "8dfff800-d35e-4f09-a167-7e78728df15e"}
{"level": "INFO", "timestamp": "2023-12-27 18:15:46", "message": "Generated video traffic with parameters: {'num_streams': (1, 5), 'stream_bitrate': (3, 8)}", "test_id": "8dfff800-d35e-4f09-a167-7e78728df15e"}
{"level": "INFO", "timestamp": "2023-12-27 18:15:46", "message": "Generated video traffic with parameters: {'num_streams': (1, 5), 'stream_bitrate': (3, 8)}", "test_id": "8dfff800-d35e-4f09-a167-7e78728df15e"}
{"level": "INFO", "timestamp": "2023-12-27 18:15:46", "message": "Generated video traffic with parameters: {'num_streams': (1, 5), 'stream_bitrate': (3, 8)}", "test_id": "8dfff800-d35e-4f09-a167-7e78728df15e"}
{"level": "INFO", "timestamp": "2023-12-27 18:15:46", "message": "Generated video traffic with parameters: {'num_streams': (1, 5), 'stream_bitrate': (3, 8)}", "test_id": "8dfff800-d35e-4f09-a167-7e78728df15e"}
{"level": "INFO", "timestamp": "2023-12-27 18:15:46", "message": "Generated video traffic with parameters: {'num_streams': (1, 5), 'stream_bitrate': (3, 8)}", "test_id": "8dfff800-d35e-4f09-a167-7e78728df15e"}
{"level": "INFO", "timestamp": "2023-12-27 18:15:46", "message": "Generated video traffic with parameters: {'num_streams': (1, 5), 'stream_bitrate': (3, 8)}", "test_id": "8dfff800-d35e-4f09-a167-7e78728df15e"}
{"level": "INFO", "timestamp": "2023-12-27 18:15:46", "message": "Generated voice traffic with parameters: {'bitrate': (8, 16)}", "test_id": "8dfff800-d35e-4f09-a167-7e78728df15e"}
{"level": "INFO", "timestamp": "2023-12-27 18:15:46", "message": "Data Traffic: Data Size: 0.6681381191624655MB, Interval: 0.6443997980740375s, Delay: 0ms, Jitter: 0ms, Packet Loss Rate: 0%", "test_id": "8dfff800-d35e-4f09-a167-7e78728df15e"}
{"level": "INFO", "timestamp": "2023-12-27 18:15:46", "message": "Generated video traffic with parameters: {'num_streams': (1, 5), 'stream_bitrate': (3, 8)}", "test_id": "8dfff800-d35e-4f09-a167-7e78728df15e"}
{"level": "INFO", "timestamp": "2023-12-27 18:15:46", "message": "Generated video traffic with parameters: {'num_streams': (1, 5), 'stream_bitrate': (3, 8)}", "test_id": "8dfff800-d35e-4f09-a167-7e78728df15e"}
{"level": "INFO", "timestamp": "2023-12-27 18:15:46", "message": "Generated video traffic with parameters: {'num_streams': (1, 5), 'stream_bitrate': (3, 8)}", "test_id": "8dfff800-d35e-4f09-a167-7e78728df15e"}
{"level": "INFO", "timestamp": "2023-12-27 18:15:46", "message": "Generated video traffic with parameters: {'num_streams': (1, 5), 'stream_bitrate': (3, 8)}", "test_id": "8dfff800-d35e-4f09-a167-7e78728df15e"}
{"level": "INFO", "timestamp": "2023-12-27 18:15:46", "message": "Gaming Traffic: Data Size: 0.5136403188696601KB, Interval: 0.1s, Delay: 0ms, Jitter: 0ms, Packet Loss Rate: 0%", "test_id": "8dfff800-d35e-4f09-a167-7e78728df15e"}
{"level": "INFO", "timestamp": "2023-12-27 18:15:46", "message": "Generated video traffic with parameters: {'num_streams': (1, 5), 'stream_bitrate': (3, 8)}", "test_id": "8dfff800-d35e-4f09-a167-7e78728df15e"}
{"level": "INFO", "timestamp": "2023-12-27 18:15:46", "message": "Generated video traffic with parameters: {'num_streams': (1, 5), 'stream_bitrate': (3, 8)}", "test_id": "8dfff800-d35e-4f09-a167-7e78728df15e"}
{"level": "INFO", "timestamp": "2023-12-27 18:15:46", "message": "Generated video traffic with parameters: {'num_streams': (1, 5), 'stream_bitrate': (3, 8)}", "test_id": "8dfff800-d35e-4f09-a167-7e78728df15e"}
{"level": "INFO", "timestamp": "2023-12-27 18:15:46", "message": "Generated voice traffic with parameters: {'bitrate': (8, 16)}", "test_id": "8dfff800-d35e-4f09-a167-7e78728df15e"}
{"level": "INFO", "timestamp": "2023-12-27 18:15:46", "message": "Generated video traffic with parameters: {'num_streams': (1, 5), 'stream_bitrate': (3, 8)}", "test_id": "8dfff800-d35e-4f09-a167-7e78728df15e"}
{"level": "INFO", "timestamp": "2023-12-27 18:15:46", "message": "Generated video traffic with parameters: {'num_streams': (1, 5), 'stream_bitrate': (3, 8)}", "test_id": "8dfff800-d35e-4f09-a167-7e78728df15e"}
{"level": "INFO", "timestamp": "2023-12-27 18:15:46", "message": "Generated video traffic with parameters: {'num_streams': (1, 5), 'stream_bitrate': (3, 8)}", "test_id": "8dfff800-d35e-4f09-a167-7e78728df15e"}
{"level": "INFO", "timestamp": "2023-12-27 18:15:46", "message": "Generated video traffic with parameters: {'num_streams': (1, 5), 'stream_bitrate': (3, 8)}", "test_id": "8dfff800-d35e-4f09-a167-7e78728df15e"}
{"level": "INFO", "timestamp": "2023-12-27 18:15:46", "message": "Generated voice traffic with parameters: {'bitrate': (8, 16)}", "test_id": "8dfff800-d35e-4f09-a167-7e78728df15e"}
{"level": "INFO", "timestamp": "2023-12-27 18:15:46", "message": "Data Traffic: Data Size: 0.19559883856739652MB, Interval: 0.8375723094774146s, Delay: 0ms, Jitter: 0ms, Packet Loss Rate: 0%", "test_id": "8dfff800-d35e-4f09-a167-7e78728df15e"}
{"level": "INFO", "timestamp": "2023-12-27 18:15:46", "message": "Generated video traffic with parameters: {'num_streams': (1, 5), 'stream_bitrate': (3, 8)}", "test_id": "8dfff800-d35e-4f09-a167-7e78728df15e"}
{"level": "INFO", "timestamp": "2023-12-27 18:15:46", "message": "Generated video traffic with parameters: {'num_streams': (1, 5), 'stream_bitrate': (3, 8)}", "test_id": "8dfff800-d35e-4f09-a167-7e78728df15e"}
{"level": "INFO", "timestamp": "2023-12-27 18:15:46", "message": "Generated video traffic with parameters: {'num_streams': (1, 5), 'stream_bitrate': (3, 8)}", "test_id": "8dfff800-d35e-4f09-a167-7e78728df15e"}
{"level": "INFO", "timestamp": "2023-12-27 18:15:46", "message": "Generated video traffic with parameters: {'num_streams': (1, 5), 'stream_bitrate': (3, 8)}", "test_id": "8dfff800-d35e-4f09-a167-7e78728df15e"}
{"level": "INFO", "timestamp": "2023-12-27 18:15:46", "message": "Gaming Traffic: Data Size: 0.4807105602656039KB, Interval: 0.1s, Delay: 0ms, Jitter: 0ms, Packet Loss Rate: 0%", "test_id": "8dfff800-d35e-4f09-a167-7e78728df15e"}
{"level": "INFO", "timestamp": "2023-12-27 18:15:46", "message": "Generated video traffic with parameters: {'num_streams': (1, 5), 'stream_bitrate': (3, 8)}", "test_id": "8dfff800-d35e-4f09-a167-7e78728df15e"}
{"level": "INFO", "timestamp": "2023-12-27 18:15:46", "message": "Generated video traffic with parameters: {'num_streams': (1, 5), 'stream_bitrate': (3, 8)}", "test_id": "8dfff800-d35e-4f09-a167-7e78728df15e"}
{"level": "INFO", "timestamp": "2023-12-27 18:15:46", "message": "Generated video traffic with parameters: {'num_streams': (1, 5), 'stream_bitrate': (3, 8)}", "test_id": "8dfff800-d35e-4f09-a167-7e78728df15e"}
{"level": "INFO", "timestamp": "2023-12-27 18:15:46", "message": "Generated voice traffic with parameters: {'bitrate': (8, 16)}", "test_id": "8dfff800-d35e-4f09-a167-7e78728df15e"}
{"level": "INFO", "timestamp": "2023-12-27 18:15:46", "message": "Generated video traffic with parameters: {'num_streams': (1, 5), 'stream_bitrate': (3, 8)}", "test_id": "8dfff800-d35e-4f09-a167-7e78728df15e"}
{"level": "INFO", "timestamp": "2023-12-27 18:15:46", "message": "Generated video traffic with parameters: {'num_streams': (1, 5), 'stream_bitrate': (3, 8)}", "test_id": "8dfff800-d35e-4f09-a167-7e78728df15e"}
{"level": "INFO", "timestamp": "2023-12-27 18:15:46", "message": "Generated video traffic with parameters: {'num_streams': (1, 5), 'stream_bitrate': (3, 8)}", "test_id": "8dfff800-d35e-4f09-a167-7e78728df15e"}
{"level": "INFO", "timestamp": "2023-12-27 18:15:46", "message": "Generated video traffic with parameters: {'num_streams': (1, 5), 'stream_bitrate': (3, 8)}", "test_id": "8dfff800-d35e-4f09-a167-7e78728df15e"}
{"level": "INFO", "timestamp": "2023-12-27 18:15:46", "message": "Generated video traffic with parameters: {'num_streams': (1, 5), 'stream_bitrate': (3, 8)}", "test_id": "8dfff800-d35e-4f09-a167-7e78728df15e"}
{"level": "INFO", "timestamp": "2023-12-27 18:15:46", "message": "Generated video traffic with parameters: {'num_streams': (1, 5), 'stream_bitrate': (3, 8)}", "test_id": "8dfff800-d35e-4f09-a167-7e78728df15e"}
{"level": "INFO", "timestamp": "2023-12-27 18:15:46", "message": "Generated voice traffic with parameters: {'bitrate': (8, 16)}", "test_id": "8dfff800-d35e-4f09-a167-7e78728df15e"}
{"level": "INFO", "timestamp": "2023-12-27 18:15:46", "message": "Data Traffic: Data Size: 1.1722889458181691MB, Interval: 1.6097924423708727s, Delay: 0ms, Jitter: 0ms, Packet Loss Rate: 0%", "test_id": "8dfff800-d35e-4f09-a167-7e78728df15e"}
{"level": "INFO", "timestamp": "2023-12-27 18:15:46", "message": "Generated video traffic with parameters: {'num_streams': (1, 5), 'stream_bitrate': (3, 8)}", "test_id": "8dfff800-d35e-4f09-a167-7e78728df15e"}
{"level": "INFO", "timestamp": "2023-12-27 18:15:46", "message": "Generated video traffic with parameters: {'num_streams': (1, 5), 'stream_bitrate': (3, 8)}", "test_id": "8dfff800-d35e-4f09-a167-7e78728df15e"}
{"level": "INFO", "timestamp": "2023-12-27 18:15:46", "message": "Generated video traffic with parameters: {'num_streams': (1, 5), 'stream_bitrate': (3, 8)}", "test_id": "8dfff800-d35e-4f09-a167-7e78728df15e"}
{"level": "INFO", "timestamp": "2023-12-27 18:15:46", "message": "Generated video traffic with parameters: {'num_streams': (1, 5), 'stream_bitrate': (3, 8)}", "test_id": "8dfff800-d35e-4f09-a167-7e78728df15e"}
{"level": "INFO", "timestamp": "2023-12-27 18:15:46", "message": "Generated video traffic with parameters: {'num_streams': (1, 5), 'stream_bitrate': (3, 8)}", "test_id": "8dfff800-d35e-4f09-a167-7e78728df15e"}
{"level": "INFO", "timestamp": "2023-12-27 18:15:46", "message": "Gaming Traffic: Data Size: 0.7665300614635866KB, Interval: 0.1s, Delay: 0ms, Jitter: 0ms, Packet Loss Rate: 0%", "test_id": "8dfff800-d35e-4f09-a167-7e78728df15e"}
{"level": "INFO", "timestamp": "2023-12-27 18:15:46", "message": "Generated video traffic with parameters: {'num_streams': (1, 5), 'stream_bitrate': (3, 8)}", "test_id": "8dfff800-d35e-4f09-a167-7e78728df15e"}
{"level": "INFO", "timestamp": "2023-12-27 18:15:46", "message": "Generated video traffic with parameters: {'num_streams': (1, 5), 'stream_bitrate': (3, 8)}", "test_id": "8dfff800-d35e-4f09-a167-7e78728df15e"}
{"level": "INFO", "timestamp": "2023-12-27 18:15:46", "message": "Generated video traffic with parameters: {'num_streams': (1, 5), 'stream_bitrate': (3, 8)}", "test_id": "8dfff800-d35e-4f09-a167-7e78728df15e"}
{"level": "INFO", "timestamp": "2023-12-27 18:15:46", "message": "Generated voice traffic with parameters: {'bitrate': (8, 16)}", "test_id": "8dfff800-d35e-4f09-a167-7e78728df15e"}
{"level": "INFO", "timestamp": "2023-12-27 18:15:46", "message": "Generated video traffic with parameters: {'num_streams': (1, 5), 'stream_bitrate': (3, 8)}", "test_id": "8dfff800-d35e-4f09-a167-7e78728df15e"}
{"level": "INFO", "timestamp": "2023-12-27 18:15:46", "message": "Generated video traffic with parameters: {'num_streams': (1, 5), 'stream_bitrate': (3, 8)}", "test_id": "8dfff800-d35e-4f09-a167-7e78728df15e"}
{"level": "INFO", "timestamp": "2023-12-27 18:15:46", "message": "Generated video traffic with parameters: {'num_streams': (1, 5), 'stream_bitrate': (3, 8)}", "test_id": "8dfff800-d35e-4f09-a167-7e78728df15e"}
{"level": "INFO", "timestamp": "2023-12-27 18:15:46", "message": "Generated video traffic with parameters: {'num_streams': (1, 5), 'stream_bitrate': (3, 8)}", "test_id": "8dfff800-d35e-4f09-a167-7e78728df15e"}
{"level": "INFO", "timestamp": "2023-12-27 18:15:46", "message": "Generated video traffic with parameters: {'num_streams': (1, 5), 'stream_bitrate': (3, 8)}", "test_id": "8dfff800-d35e-4f09-a167-7e78728df15e"}
{"level": "INFO", "timestamp": "2023-12-27 18:15:46", "message": "Generated video traffic with parameters: {'num_streams': (1, 5), 'stream_bitrate': (3, 8)}", "test_id": "8dfff800-d35e-4f09-a167-7e78728df15e"}
{"level": "INFO", "timestamp": "2023-12-27 18:15:46", "message": "Generated video traffic with parameters: {'num_streams': (1, 5), 'stream_bitrate': (3, 8)}", "test_id": "8dfff800-d35e-4f09-a167-7e78728df15e"}
{"level": "INFO", "timestamp": "2023-12-27 18:15:46", "message": "Generated video traffic with parameters: {'num_streams': (1, 5), 'stream_bitrate': (3, 8)}", "test_id": "8dfff800-d35e-4f09-a167-7e78728df15e"}
{"level": "INFO", "timestamp": "2023-12-27 18:15:46", "message": "Generated voice traffic with parameters: {'bitrate': (8, 16)}", "test_id": "8dfff800-d35e-4f09-a167-7e78728df15e"}
{"level": "INFO", "timestamp": "2023-12-27 18:15:46", "message": "Data Traffic: Data Size: 0.5287985840487917MB, Interval: 0.8739138272538076s, Delay: 0ms, Jitter: 0ms, Packet Loss Rate: 0%", "test_id": "8dfff800-d35e-4f09-a167-7e78728df15e"}
{"level": "INFO", "timestamp": "2023-12-27 18:15:46", "message": "Generated video traffic with parameters: {'num_streams': (1, 5), 'stream_bitrate': (3, 8)}", "test_id": "8dfff800-d35e-4f09-a167-7e78728df15e"}
{"level": "INFO", "timestamp": "2023-12-27 18:15:46", "message": "Generated video traffic with parameters: {'num_streams': (1, 5), 'stream_bitrate': (3, 8)}", "test_id": "8dfff800-d35e-4f09-a167-7e78728df15e"}
{"level": "INFO", "timestamp": "2023-12-27 18:15:46", "message": "Generated video traffic with parameters: {'num_streams': (1, 5), 'stream_bitrate': (3, 8)}", "test_id": "8dfff800-d35e-4f09-a167-7e78728df15e"}
{"level": "INFO", "timestamp": "2023-12-27 18:15:46", "message": "Gaming Traffic: Data Size: 0.4384020635069969KB, Interval: 0.1s, Delay: 0ms, Jitter: 0ms, Packet Loss Rate: 0%", "test_id": "8dfff800-d35e-4f09-a167-7e78728df15e"}
{"level": "INFO", "timestamp": "2023-12-27 18:15:46", "message": "Generated video traffic with parameters: {'num_streams': (1, 5), 'stream_bitrate': (3, 8)}", "test_id": "8dfff800-d35e-4f09-a167-7e78728df15e"}
{"level": "INFO", "timestamp": "2023-12-27 18:15:46", "message": "Generated video traffic with parameters: {'num_streams': (1, 5), 'stream_bitrate': (3, 8)}", "test_id": "8dfff800-d35e-4f09-a167-7e78728df15e"}
{"level": "INFO", "timestamp": "2023-12-27 18:15:46", "message": "Generated video traffic with parameters: {'num_streams': (1, 5), 'stream_bitrate': (3, 8)}", "test_id": "8dfff800-d35e-4f09-a167-7e78728df15e"}
{"level": "INFO", "timestamp": "2023-12-27 18:15:46", "message": "Generated video traffic with parameters: {'num_streams': (1, 5), 'stream_bitrate': (3, 8)}", "test_id": "8dfff800-d35e-4f09-a167-7e78728df15e"}
{"level": "INFO", "timestamp": "2023-12-27 18:15:46", "message": "Generated video traffic with parameters: {'num_streams': (1, 5), 'stream_bitrate': (3, 8)}", "test_id": "8dfff800-d35e-4f09-a167-7e78728df15e"}
{"level": "INFO", "timestamp": "2023-12-27 18:15:46", "message": "Generated voice traffic with parameters: {'bitrate': (8, 16)}", "test_id": "8dfff800-d35e-4f09-a167-7e78728df15e"}
{"level": "INFO", "timestamp": "2023-12-27 18:15:46", "message": "Generated video traffic with parameters: {'num_streams': (1, 5), 'stream_bitrate': (3, 8)}", "test_id": "8dfff800-d35e-4f09-a167-7e78728df15e"}
{"level": "INFO", "timestamp": "2023-12-27 18:15:46", "message": "Generated video traffic with parameters: {'num_streams': (1, 5), 'stream_bitrate': (3, 8)}", "test_id": "8dfff800-d35e-4f09-a167-7e78728df15e"}
{"level": "INFO", "timestamp": "2023-12-27 18:15:46", "message": "Generated video traffic with parameters: {'num_streams': (1, 5), 'stream_bitrate': (3, 8)}", "test_id": "8dfff800-d35e-4f09-a167-7e78728df15e"}
{"level": "INFO", "timestamp": "2023-12-27 18:15:46", "message": "Generated video traffic with parameters: {'num_streams': (1, 5), 'stream_bitrate': (3, 8)}", "test_id": "8dfff800-d35e-4f09-a167-7e78728df15e"}
{"level": "INFO", "timestamp": "2023-12-27 18:15:46", "message": "Generated video traffic with parameters: {'num_streams': (1, 5), 'stream_bitrate': (3, 8)}", "test_id": "8dfff800-d35e-4f09-a167-7e78728df15e"}
{"level": "INFO", "timestamp": "2023-12-27 18:15:46", "message": "Generated voice traffic with parameters: {'bitrate': (8, 16)}", "test_id": "8dfff800-d35e-4f09-a167-7e78728df15e"}
{"level": "INFO", "timestamp": "2023-12-27 18:15:46", "message": "Data Traffic: Data Size: 1.618883048342308MB, Interval: 1.6302357034712427s, Delay: 0ms, Jitter: 0ms, Packet Loss Rate: 0%", "test_id": "8dfff800-d35e-4f09-a167-7e78728df15e"}
{"level": "INFO", "timestamp": "2023-12-27 18:15:46", "message": "Generated video traffic with parameters: {'num_streams': (1, 5), 'stream_bitrate': (3, 8)}", "test_id": "8dfff800-d35e-4f09-a167-7e78728df15e"}
{"level": "INFO", "timestamp": "2023-12-27 18:15:46", "message": "Generated video traffic with parameters: {'num_streams': (1, 5), 'stream_bitrate': (3, 8)}", "test_id": "8dfff800-d35e-4f09-a167-7e78728df15e"}
{"level": "INFO", "timestamp": "2023-12-27 18:15:46", "message": "Generated video traffic with parameters: {'num_streams': (1, 5), 'stream_bitrate': (3, 8)}", "test_id": "8dfff800-d35e-4f09-a167-7e78728df15e"}
{"level": "INFO", "timestamp": "2023-12-27 18:15:46", "message": "Generated video traffic with parameters: {'num_streams': (1, 5), 'stream_bitrate': (3, 8)}", "test_id": "8dfff800-d35e-4f09-a167-7e78728df15e"}
{"level": "INFO", "timestamp": "2023-12-27 18:15:46", "message": "Gaming Traffic: Data Size: 0.816663789273444KB, Interval: 0.1s, Delay: 0ms, Jitter: 0ms, Packet Loss Rate: 0%", "test_id": "8dfff800-d35e-4f09-a167-7e78728df15e"}
{"level": "INFO", "timestamp": "2023-12-27 18:15:46", "message": "Generated video traffic with parameters: {'num_streams': (1, 5), 'stream_bitrate': (3, 8)}", "test_id": "8dfff800-d35e-4f09-a167-7e78728df15e"}
{"level": "INFO", "timestamp": "2023-12-27 18:15:46", "message": "Generated video traffic with parameters: {'num_streams': (1, 5), 'stream_bitrate': (3, 8)}", "test_id": "8dfff800-d35e-4f09-a167-7e78728df15e"}
{"level": "INFO", "timestamp": "2023-12-27 18:15:46", "message": "Generated voice traffic with parameters: {'bitrate': (8, 16)}", "test_id": "8dfff800-d35e-4f09-a167-7e78728df15e"}
{"level": "INFO", "timestamp": "2023-12-27 18:15:46", "message": "Generated video traffic with parameters: {'num_streams': (1, 5), 'stream_bitrate': (3, 8)}", "test_id": "8dfff800-d35e-4f09-a167-7e78728df15e"}
{"level": "INFO", "timestamp": "2023-12-27 18:15:46", "message": "Generated video traffic with parameters: {'num_streams': (1, 5), 'stream_bitrate': (3, 8)}", "test_id": "8dfff800-d35e-4f09-a167-7e78728df15e"}
{"level": "INFO", "timestamp": "2023-12-27 18:15:46", "message": "Generated video traffic with parameters: {'num_streams': (1, 5), 'stream_bitrate': (3, 8)}", "test_id": "8dfff800-d35e-4f09-a167-7e78728df15e"}
{"level": "INFO", "timestamp": "2023-12-27 18:15:46", "message": "Generated video traffic with parameters: {'num_streams': (1, 5), 'stream_bitrate': (3, 8)}", "test_id": "8dfff800-d35e-4f09-a167-7e78728df15e"}
{"level": "INFO", "timestamp": "2023-12-27 18:15:46", "message": "Generated video traffic with parameters: {'num_streams': (1, 5), 'stream_bitrate': (3, 8)}", "test_id": "8dfff800-d35e-4f09-a167-7e78728df15e"}
{"level": "INFO", "timestamp": "2023-12-27 18:15:46", "message": "Generated voice traffic with parameters: {'bitrate': (8, 16)}", "test_id": "8dfff800-d35e-4f09-a167-7e78728df15e"}
{"level": "INFO", "timestamp": "2023-12-27 18:15:46", "message": "Data Traffic: Data Size: 0.6438578117696322MB, Interval: 0.5316789146649434s, Delay: 0ms, Jitter: 0ms, Packet Loss Rate: 0%", "test_id": "8dfff800-d35e-4f09-a167-7e78728df15e"}
{"level": "INFO", "timestamp": "2023-12-27 18:15:46", "message": "Generated video traffic with parameters: {'num_streams': (1, 5), 'stream_bitrate': (3, 8)}", "test_id": "8dfff800-d35e-4f09-a167-7e78728df15e"}
{"level": "INFO", "timestamp": "2023-12-27 18:15:46", "message": "Generated video traffic with parameters: {'num_streams': (1, 5), 'stream_bitrate': (3, 8)}", "test_id": "8dfff800-d35e-4f09-a167-7e78728df15e"}
{"level": "INFO", "timestamp": "2023-12-27 18:15:46", "message": "Generated video traffic with parameters: {'num_streams': (1, 5), 'stream_bitrate': (3, 8)}", "test_id": "8dfff800-d35e-4f09-a167-7e78728df15e"}
{"level": "INFO", "timestamp": "2023-12-27 18:15:46", "message": "Generated video traffic with parameters: {'num_streams': (1, 5), 'stream_bitrate': (3, 8)}", "test_id": "8dfff800-d35e-4f09-a167-7e78728df15e"}
{"level": "INFO", "timestamp": "2023-12-27 18:15:46", "message": "Gaming Traffic: Data Size: 0.625651697028894KB, Interval: 0.1s, Delay: 0ms, Jitter: 0ms, Packet Loss Rate: 0%", "test_id": "8dfff800-d35e-4f09-a167-7e78728df15e"}
{"level": "INFO", "timestamp": "2023-12-27 18:15:46", "message": "Generated video traffic with parameters: {'num_streams': (1, 5), 'stream_bitrate': (3, 8)}", "test_id": "8dfff800-d35e-4f09-a167-7e78728df15e"}
{"level": "INFO", "timestamp": "2023-12-27 18:15:46", "message": "Generated video traffic with parameters: {'num_streams': (1, 5), 'stream_bitrate': (3, 8)}", "test_id": "8dfff800-d35e-4f09-a167-7e78728df15e"}
{"level": "INFO", "timestamp": "2023-12-27 18:15:46", "message": "Generated video traffic with parameters: {'num_streams': (1, 5), 'stream_bitrate': (3, 8)}", "test_id": "8dfff800-d35e-4f09-a167-7e78728df15e"}
{"level": "INFO", "timestamp": "2023-12-27 18:15:46", "message": "Generated voice traffic with parameters: {'bitrate': (8, 16)}", "test_id": "8dfff800-d35e-4f09-a167-7e78728df15e"}
{"level": "INFO", "timestamp": "2023-12-27 18:15:46", "message": "Generated video traffic with parameters: {'num_streams': (1, 5), 'stream_bitrate': (3, 8)}", "test_id": "8dfff800-d35e-4f09-a167-7e78728df15e"}
{"level": "INFO", "timestamp": "2023-12-27 18:15:46", "message": "Generated video traffic with parameters: {'num_streams': (1, 5), 'stream_bitrate': (3, 8)}", "test_id": "8dfff800-d35e-4f09-a167-7e78728df15e"}
{"level": "INFO", "timestamp": "2023-12-27 18:15:46", "message": "Generated video traffic with parameters: {'num_streams': (1, 5), 'stream_bitrate': (3, 8)}", "test_id": "8dfff800-d35e-4f09-a167-7e78728df15e"}
{"level": "INFO", "timestamp": "2023-12-27 18:15:46", "message": "Generated video traffic with parameters: {'num_streams': (1, 5), 'stream_bitrate': (3, 8)}", "test_id": "8dfff800-d35e-4f09-a167-7e78728df15e"}
{"level": "INFO", "timestamp": "2023-12-27 18:15:46", "message": "Generated video traffic with parameters: {'num_streams': (1, 5), 'stream_bitrate': (3, 8)}", "test_id": "8dfff800-d35e-4f09-a167-7e78728df15e"}
{"level": "INFO", "timestamp": "2023-12-27 18:15:46", "message": "Generated video traffic with parameters: {'num_streams': (1, 5), 'stream_bitrate': (3, 8)}", "test_id": "8dfff800-d35e-4f09-a167-7e78728df15e"}
{"level": "INFO", "timestamp": "2023-12-27 18:15:46", "message": "Generated video traffic with parameters: {'num_streams': (1, 5), 'stream_bitrate': (3, 8)}", "test_id": "8dfff800-d35e-4f09-a167-7e78728df15e"}
{"level": "INFO", "timestamp": "2023-12-27 18:15:46", "message": "Generated voice traffic with parameters: {'bitrate': (8, 16)}", "test_id": "8dfff800-d35e-4f09-a167-7e78728df15e"}
{"level": "INFO", "timestamp": "2023-12-27 18:15:46", "message": "Data Traffic: Data Size: 1.0270415962092552MB, Interval: 1.784347413813029s, Delay: 0ms, Jitter: 0ms, Packet Loss Rate: 0%", "test_id": "8dfff800-d35e-4f09-a167-7e78728df15e"}
{"level": "INFO", "timestamp": "2023-12-27 18:15:46", "message": "Generated video traffic with parameters: {'num_streams': (1, 5), 'stream_bitrate': (3, 8)}", "test_id": "8dfff800-d35e-4f09-a167-7e78728df15e"}
{"level": "INFO", "timestamp": "2023-12-27 18:15:46", "message": "Generated video traffic with parameters: {'num_streams': (1, 5), 'stream_bitrate': (3, 8)}", "test_id": "8dfff800-d35e-4f09-a167-7e78728df15e"}
{"level": "INFO", "timestamp": "2023-12-27 18:15:46", "message": "Gaming Traffic: Data Size: 0.8014912404778706KB, Interval: 0.1s, Delay: 0ms, Jitter: 0ms, Packet Loss Rate: 0%", "test_id": "8dfff800-d35e-4f09-a167-7e78728df15e"}
{"level": "INFO", "timestamp": "2023-12-27 18:15:46", "message": "Generated video traffic with parameters: {'num_streams': (1, 5), 'stream_bitrate': (3, 8)}", "test_id": "8dfff800-d35e-4f09-a167-7e78728df15e"}
{"level": "INFO", "timestamp": "2023-12-27 18:15:46", "message": "Generated video traffic with parameters: {'num_streams': (1, 5), 'stream_bitrate': (3, 8)}", "test_id": "8dfff800-d35e-4f09-a167-7e78728df15e"}
{"level": "INFO", "timestamp": "2023-12-27 18:15:46", "message": "Generated video traffic with parameters: {'num_streams': (1, 5), 'stream_bitrate': (3, 8)}", "test_id": "8dfff800-d35e-4f09-a167-7e78728df15e"}
{"level": "INFO", "timestamp": "2023-12-27 18:15:46", "message": "Generated video traffic with parameters: {'num_streams': (1, 5), 'stream_bitrate': (3, 8)}", "test_id": "8dfff800-d35e-4f09-a167-7e78728df15e"}
{"level": "INFO", "timestamp": "2023-12-27 18:15:46", "message": "Generated voice traffic with parameters: {'bitrate': (8, 16)}", "test_id": "8dfff800-d35e-4f09-a167-7e78728df15e"}
{"level": "INFO", "timestamp": "2023-12-27 18:15:46", "message": "Generated video traffic with parameters: {'num_streams': (1, 5), 'stream_bitrate': (3, 8)}", "test_id": "8dfff800-d35e-4f09-a167-7e78728df15e"}
{"level": "INFO", "timestamp": "2023-12-27 18:15:46", "message": "Generated video traffic with parameters: {'num_streams': (1, 5), 'stream_bitrate': (3, 8)}", "test_id": "8dfff800-d35e-4f09-a167-7e78728df15e"}
{"level": "INFO", "timestamp": "2023-12-27 18:15:46", "message": "Generated video traffic with parameters: {'num_streams': (1, 5), 'stream_bitrate': (3, 8)}", "test_id": "8dfff800-d35e-4f09-a167-7e78728df15e"}
{"level": "INFO", "timestamp": "2023-12-27 18:15:46", "message": "Generated video traffic with parameters: {'num_streams': (1, 5), 'stream_bitrate': (3, 8)}", "test_id": "8dfff800-d35e-4f09-a167-7e78728df15e"}
{"level": "INFO", "timestamp": "2023-12-27 18:15:46", "message": "Generated video traffic with parameters: {'num_streams': (1, 5), 'stream_bitrate': (3, 8)}", "test_id": "8dfff800-d35e-4f09-a167-7e78728df15e"}
{"level": "INFO", "timestamp": "2023-12-27 18:15:46", "message": "Generated video traffic with parameters: {'num_streams': (1, 5), 'stream_bitrate': (3, 8)}", "test_id": "8dfff800-d35e-4f09-a167-7e78728df15e"}
{"level": "INFO", "timestamp": "2023-12-27 18:15:46", "message": "Generated voice traffic with parameters: {'bitrate': (8, 16)}", "test_id": "8dfff800-d35e-4f09-a167-7e78728df15e"}
{"level": "INFO", "timestamp": "2023-12-27 18:15:46", "message": "Data Traffic: Data Size: 1.4922280216985373MB, Interval: 1.7133804735706333s, Delay: 0ms, Jitter: 0ms, Packet Loss Rate: 0%", "test_id": "8dfff800-d35e-4f09-a167-7e78728df15e"}
{"level": "INFO", "timestamp": "2023-12-27 18:15:46", "message": "Generated video traffic with parameters: {'num_streams': (1, 5), 'stream_bitrate': (3, 8)}", "test_id": "8dfff800-d35e-4f09-a167-7e78728df15e"}
{"level": "INFO", "timestamp": "2023-12-27 18:15:46", "message": "Generated video traffic with parameters: {'num_streams': (1, 5), 'stream_bitrate': (3, 8)}", "test_id": "8dfff800-d35e-4f09-a167-7e78728df15e"}
{"level": "INFO", "timestamp": "2023-12-27 18:15:46", "message": "Generated video traffic with parameters: {'num_streams': (1, 5), 'stream_bitrate': (3, 8)}", "test_id": "8dfff800-d35e-4f09-a167-7e78728df15e"}
{"level": "INFO", "timestamp": "2023-12-27 18:15:46", "message": "Generated video traffic with parameters: {'num_streams': (1, 5), 'stream_bitrate': (3, 8)}", "test_id": "8dfff800-d35e-4f09-a167-7e78728df15e"}
{"level": "INFO", "timestamp": "2023-12-27 18:15:46", "message": "Generated video traffic with parameters: {'num_streams': (1, 5), 'stream_bitrate': (3, 8)}", "test_id": "8dfff800-d35e-4f09-a167-7e78728df15e"}
{"level": "INFO", "timestamp": "2023-12-27 18:15:46", "message": "Gaming Traffic: Data Size: 0.47530387160933424KB, Interval: 0.1s, Delay: 0ms, Jitter: 0ms, Packet Loss Rate: 0%", "test_id": "8dfff800-d35e-4f09-a167-7e78728df15e"}
