{"level": "INFO", "timestamp": "2024-01-05 21:14:46", "message": "UE initialized with ID UE1 at 2024-01-05 21:15:01.038162", "test_id": "78d59288-5650-4442-aede-e692fde59e6f"}
{"level": "INFO", "timestamp": "2024-01-05 21:14:46", "message": "UE with ID UE1 added to Cell Ax1242 at '2024-01-05 21:14:46'", "test_id": "78d59288-5650-4442-aede-e692fde59e6f"}
{"level": "INFO", "timestamp": "2024-01-05 21:14:46", "message": "UE 'UE1' has been attached to Cell 'Ax1242' at '2024-01-05 21:14:46'.", "test_id": "78d59288-5650-4442-aede-e692fde59e6f"}
{"level": "INFO", "timestamp": "2024-01-05 21:14:46", "message": "UE 'UE1' has been attached to Cell 'Ax1242' at '2024-01-05 21:14:46'.", "test_id": "78d59288-5650-4442-aede-e692fde59e6f"}
{"level": "INFO", "timestamp": "2024-01-05 21:14:46", "message": "UE initialized with ID UE2 at 2024-01-05 21:15:01.046963", "test_id": "78d59288-5650-4442-aede-e692fde59e6f"}
{"level": "INFO", "timestamp": "2024-01-05 21:14:46", "message": "UE with ID UE2 added to Cell AX1112 at '2024-01-05 21:14:46'", "test_id": "78d59288-5650-4442-aede-e692fde59e6f"}
{"level": "INFO", "timestamp": "2024-01-05 21:14:46", "message": "UE 'UE2' has been attached to Cell 'AX1112' at '2024-01-05 21:14:46'.", "test_id": "78d59288-5650-4442-aede-e692fde59e6f"}
{"level": "INFO", "timestamp": "2024-01-05 21:14:46", "message": "UE 'UE2' has been attached to Cell 'AX1112' at '2024-01-05 21:14:46'.", "test_id": "78d59288-5650-4442-aede-e692fde59e6f"}
{"level": "INFO", "timestamp": "2024-01-05 21:14:46", "message": "UE initialized with ID UE3 at 2024-01-05 21:15:01.053550", "test_id": "78d59288-5650-4442-aede-e692fde59e6f"}
{"level": "INFO", "timestamp": "2024-01-05 21:14:46", "message": "UE with ID UE3 added to Cell AX9980 at '2024-01-05 21:14:46'", "test_id": "78d59288-5650-4442-aede-e692fde59e6f"}
{"level": "INFO", "timestamp": "2024-01-05 21:14:46", "message": "UE 'UE3' has been attached to Cell 'AX9980' at '2024-01-05 21:14:46'.", "test_id": "78d59288-5650-4442-aede-e692fde59e6f"}
{"level": "INFO", "timestamp": "2024-01-05 21:14:46", "message": "UE 'UE3' has been attached to Cell 'AX9980' at '2024-01-05 21:14:46'.", "test_id": "78d59288-5650-4442-aede-e692fde59e6f"}
{"level": "INFO", "timestamp": "2024-01-05 21:14:46", "message": "UE initialized with ID UE4 at 2024-01-05 21:15:01.060178", "test_id": "78d59288-5650-4442-aede-e692fde59e6f"}
{"level": "INFO", "timestamp": "2024-01-05 21:14:46", "message": "UE with ID UE4 added to Cell BX1453 at '2024-01-05 21:14:46'", "test_id": "78d59288-5650-4442-aede-e692fde59e6f"}
{"level": "INFO", "timestamp": "2024-01-05 21:14:46", "message": "UE 'UE4' has been attached to Cell 'BX1453' at '2024-01-05 21:14:46'.", "test_id": "78d59288-5650-4442-aede-e692fde59e6f"}
{"level": "INFO", "timestamp": "2024-01-05 21:14:46", "message": "UE 'UE4' has been attached to Cell 'BX1453' at '2024-01-05 21:14:46'.", "test_id": "78d59288-5650-4442-aede-e692fde59e6f"}
{"level": "INFO", "timestamp": "2024-01-05 21:14:46", "message": "UE initialized with ID UE5 at 2024-01-05 21:15:01.066414", "test_id": "78d59288-5650-4442-aede-e692fde59e6f"}
{"level": "INFO", "timestamp": "2024-01-05 21:14:46", "message": "UE with ID UE5 added to Cell BX1334 at '2024-01-05 21:14:46'", "test_id": "78d59288-5650-4442-aede-e692fde59e6f"}
{"level": "INFO", "timestamp": "2024-01-05 21:14:46", "message": "UE 'UE5' has been attached to Cell 'BX1334' at '2024-01-05 21:14:46'.", "test_id": "78d59288-5650-4442-aede-e692fde59e6f"}
{"level": "INFO", "timestamp": "2024-01-05 21:14:46", "message": "UE 'UE5' has been attached to Cell 'BX1334' at '2024-01-05 21:14:46'.", "test_id": "78d59288-5650-4442-aede-e692fde59e6f"}
{"level": "INFO", "timestamp": "2024-01-05 21:14:46", "message": "UE initialized with ID UE6 at 2024-01-05 21:15:01.072437", "test_id": "78d59288-5650-4442-aede-e692fde59e6f"}
{"level": "INFO", "timestamp": "2024-01-05 21:14:46", "message": "UE with ID UE6 added to Cell BX1230 at '2024-01-05 21:14:46'", "test_id": "78d59288-5650-4442-aede-e692fde59e6f"}
{"level": "INFO", "timestamp": "2024-01-05 21:14:46", "message": "UE 'UE6' has been attached to Cell 'BX1230' at '2024-01-05 21:14:46'.", "test_id": "78d59288-5650-4442-aede-e692fde59e6f"}
{"level": "INFO", "timestamp": "2024-01-05 21:14:46", "message": "UE 'UE6' has been attached to Cell 'BX1230' at '2024-01-05 21:14:46'.", "test_id": "78d59288-5650-4442-aede-e692fde59e6f"}
{"level": "INFO", "timestamp": "2024-01-05 21:14:46", "message": "UE initialized with ID UE7 at 2024-01-05 21:15:01.079135", "test_id": "78d59288-5650-4442-aede-e692fde59e6f"}
{"level": "INFO", "timestamp": "2024-01-05 21:14:46", "message": "UE with ID UE7 added to Cell CX1352 at '2024-01-05 21:14:46'", "test_id": "78d59288-5650-4442-aede-e692fde59e6f"}
{"level": "INFO", "timestamp": "2024-01-05 21:14:46", "message": "UE 'UE7' has been attached to Cell 'CX1352' at '2024-01-05 21:14:46'.", "test_id": "78d59288-5650-4442-aede-e692fde59e6f"}
{"level": "INFO", "timestamp": "2024-01-05 21:14:46", "message": "UE 'UE7' has been attached to Cell 'CX1352' at '2024-01-05 21:14:46'.", "test_id": "78d59288-5650-4442-aede-e692fde59e6f"}
{"level": "INFO", "timestamp": "2024-01-05 21:14:46", "message": "UE initialized with ID UE8 at 2024-01-05 21:15:01.085201", "test_id": "78d59288-5650-4442-aede-e692fde59e6f"}
{"level": "INFO", "timestamp": "2024-01-05 21:14:46", "message": "UE with ID UE8 added to Cell CX1873 at '2024-01-05 21:14:46'", "test_id": "78d59288-5650-4442-aede-e692fde59e6f"}
{"level": "INFO", "timestamp": "2024-01-05 21:14:46", "message": "UE 'UE8' has been attached to Cell 'CX1873' at '2024-01-05 21:14:46'.", "test_id": "78d59288-5650-4442-aede-e692fde59e6f"}
{"level": "INFO", "timestamp": "2024-01-05 21:14:46", "message": "UE 'UE8' has been attached to Cell 'CX1873' at '2024-01-05 21:14:46'.", "test_id": "78d59288-5650-4442-aede-e692fde59e6f"}
{"level": "INFO", "timestamp": "2024-01-05 21:14:46", "message": "UE initialized with ID UE9 at 2024-01-05 21:15:01.091546", "test_id": "78d59288-5650-4442-aede-e692fde59e6f"}
{"level": "INFO", "timestamp": "2024-01-05 21:14:46", "message": "UE with ID UE9 added to Cell CX5103 at '2024-01-05 21:14:46'", "test_id": "78d59288-5650-4442-aede-e692fde59e6f"}
{"level": "INFO", "timestamp": "2024-01-05 21:14:46", "message": "UE 'UE9' has been attached to Cell 'CX5103' at '2024-01-05 21:14:46'.", "test_id": "78d59288-5650-4442-aede-e692fde59e6f"}
{"level": "INFO", "timestamp": "2024-01-05 21:14:46", "message": "UE 'UE9' has been attached to Cell 'CX5103' at '2024-01-05 21:14:46'.", "test_id": "78d59288-5650-4442-aede-e692fde59e6f"}
{"level": "INFO", "timestamp": "2024-01-05 21:14:46", "message": "UE initialized with ID UE10 at 2024-01-05 21:15:01.097746", "test_id": "78d59288-5650-4442-aede-e692fde59e6f"}
{"level": "INFO", "timestamp": "2024-01-05 21:14:46", "message": "UE with ID UE10 added to Cell Ax1242 at '2024-01-05 21:14:46'", "test_id": "78d59288-5650-4442-aede-e692fde59e6f"}
{"level": "INFO", "timestamp": "2024-01-05 21:14:46", "message": "UE 'UE10' has been attached to Cell 'Ax1242' at '2024-01-05 21:14:46'.", "test_id": "78d59288-5650-4442-aede-e692fde59e6f"}
{"level": "INFO", "timestamp": "2024-01-05 21:14:46", "message": "UE 'UE10' has been attached to Cell 'Ax1242' at '2024-01-05 21:14:46'.", "test_id": "78d59288-5650-4442-aede-e692fde59e6f"}
{"level": "INFO", "timestamp": "2024-01-05 21:17:37", "message": "UE initialized with ID UE1 at 2024-01-05 21:17:52.184473", "test_id": "b4459f48-3670-4f54-b495-81a10ac1869c"}
{"level": "INFO", "timestamp": "2024-01-05 21:17:37", "message": "UE with ID UE1 added to Cell Ax1242 at '2024-01-05 21:17:37'", "test_id": "b4459f48-3670-4f54-b495-81a10ac1869c"}
{"level": "INFO", "timestamp": "2024-01-05 21:17:37", "message": "UE 'UE1' has been attached to Cell 'Ax1242' at '2024-01-05 21:17:37'.", "test_id": "b4459f48-3670-4f54-b495-81a10ac1869c"}
{"level": "INFO", "timestamp": "2024-01-05 21:17:37", "message": "UE 'UE1' has been attached to Cell 'Ax1242' at '2024-01-05 21:17:37'.", "test_id": "b4459f48-3670-4f54-b495-81a10ac1869c"}
{"level": "INFO", "timestamp": "2024-01-05 21:17:37", "message": "UE initialized with ID UE2 at 2024-01-05 21:17:52.193964", "test_id": "b4459f48-3670-4f54-b495-81a10ac1869c"}
{"level": "INFO", "timestamp": "2024-01-05 21:17:37", "message": "UE with ID UE2 added to Cell AX1112 at '2024-01-05 21:17:37'", "test_id": "b4459f48-3670-4f54-b495-81a10ac1869c"}
{"level": "INFO", "timestamp": "2024-01-05 21:17:37", "message": "UE 'UE2' has been attached to Cell 'AX1112' at '2024-01-05 21:17:37'.", "test_id": "b4459f48-3670-4f54-b495-81a10ac1869c"}
{"level": "INFO", "timestamp": "2024-01-05 21:17:37", "message": "UE 'UE2' has been attached to Cell 'AX1112' at '2024-01-05 21:17:37'.", "test_id": "b4459f48-3670-4f54-b495-81a10ac1869c"}
{"level": "INFO", "timestamp": "2024-01-05 21:17:37", "message": "UE initialized with ID UE3 at 2024-01-05 21:17:52.200493", "test_id": "b4459f48-3670-4f54-b495-81a10ac1869c"}
{"level": "INFO", "timestamp": "2024-01-05 21:17:37", "message": "UE with ID UE3 added to Cell AX9980 at '2024-01-05 21:17:37'", "test_id": "b4459f48-3670-4f54-b495-81a10ac1869c"}
{"level": "INFO", "timestamp": "2024-01-05 21:17:37", "message": "UE 'UE3' has been attached to Cell 'AX9980' at '2024-01-05 21:17:37'.", "test_id": "b4459f48-3670-4f54-b495-81a10ac1869c"}
{"level": "INFO", "timestamp": "2024-01-05 21:17:37", "message": "UE 'UE3' has been attached to Cell 'AX9980' at '2024-01-05 21:17:37'.", "test_id": "b4459f48-3670-4f54-b495-81a10ac1869c"}
{"level": "INFO", "timestamp": "2024-01-05 21:17:37", "message": "UE initialized with ID UE4 at 2024-01-05 21:17:52.206585", "test_id": "b4459f48-3670-4f54-b495-81a10ac1869c"}
{"level": "INFO", "timestamp": "2024-01-05 21:17:37", "message": "UE with ID UE4 added to Cell BX1453 at '2024-01-05 21:17:37'", "test_id": "b4459f48-3670-4f54-b495-81a10ac1869c"}
{"level": "INFO", "timestamp": "2024-01-05 21:17:37", "message": "UE 'UE4' has been attached to Cell 'BX1453' at '2024-01-05 21:17:37'.", "test_id": "b4459f48-3670-4f54-b495-81a10ac1869c"}
{"level": "INFO", "timestamp": "2024-01-05 21:17:37", "message": "UE 'UE4' has been attached to Cell 'BX1453' at '2024-01-05 21:17:37'.", "test_id": "b4459f48-3670-4f54-b495-81a10ac1869c"}
{"level": "INFO", "timestamp": "2024-01-05 21:17:37", "message": "UE initialized with ID UE5 at 2024-01-05 21:17:52.212467", "test_id": "b4459f48-3670-4f54-b495-81a10ac1869c"}
{"level": "INFO", "timestamp": "2024-01-05 21:17:37", "message": "UE with ID UE5 added to Cell BX1334 at '2024-01-05 21:17:37'", "test_id": "b4459f48-3670-4f54-b495-81a10ac1869c"}
{"level": "INFO", "timestamp": "2024-01-05 21:17:37", "message": "UE 'UE5' has been attached to Cell 'BX1334' at '2024-01-05 21:17:37'.", "test_id": "b4459f48-3670-4f54-b495-81a10ac1869c"}
{"level": "INFO", "timestamp": "2024-01-05 21:17:37", "message": "UE 'UE5' has been attached to Cell 'BX1334' at '2024-01-05 21:17:37'.", "test_id": "b4459f48-3670-4f54-b495-81a10ac1869c"}
{"level": "INFO", "timestamp": "2024-01-05 21:17:37", "message": "UE initialized with ID UE6 at 2024-01-05 21:17:52.218432", "test_id": "b4459f48-3670-4f54-b495-81a10ac1869c"}
{"level": "INFO", "timestamp": "2024-01-05 21:17:37", "message": "UE with ID UE6 added to Cell BX1230 at '2024-01-05 21:17:37'", "test_id": "b4459f48-3670-4f54-b495-81a10ac1869c"}
{"level": "INFO", "timestamp": "2024-01-05 21:17:37", "message": "UE 'UE6' has been attached to Cell 'BX1230' at '2024-01-05 21:17:37'.", "test_id": "b4459f48-3670-4f54-b495-81a10ac1869c"}
{"level": "INFO", "timestamp": "2024-01-05 21:17:37", "message": "UE 'UE6' has been attached to Cell 'BX1230' at '2024-01-05 21:17:37'.", "test_id": "b4459f48-3670-4f54-b495-81a10ac1869c"}
{"level": "INFO", "timestamp": "2024-01-05 21:17:37", "message": "UE initialized with ID UE7 at 2024-01-05 21:17:52.224456", "test_id": "b4459f48-3670-4f54-b495-81a10ac1869c"}
{"level": "INFO", "timestamp": "2024-01-05 21:17:37", "message": "UE with ID UE7 added to Cell CX1352 at '2024-01-05 21:17:37'", "test_id": "b4459f48-3670-4f54-b495-81a10ac1869c"}
{"level": "INFO", "timestamp": "2024-01-05 21:17:37", "message": "UE 'UE7' has been attached to Cell 'CX1352' at '2024-01-05 21:17:37'.", "test_id": "b4459f48-3670-4f54-b495-81a10ac1869c"}
{"level": "INFO", "timestamp": "2024-01-05 21:17:37", "message": "UE 'UE7' has been attached to Cell 'CX1352' at '2024-01-05 21:17:37'.", "test_id": "b4459f48-3670-4f54-b495-81a10ac1869c"}
{"level": "INFO", "timestamp": "2024-01-05 21:17:37", "message": "UE initialized with ID UE8 at 2024-01-05 21:17:52.230139", "test_id": "b4459f48-3670-4f54-b495-81a10ac1869c"}
{"level": "INFO", "timestamp": "2024-01-05 21:17:37", "message": "UE with ID UE8 added to Cell CX1873 at '2024-01-05 21:17:37'", "test_id": "b4459f48-3670-4f54-b495-81a10ac1869c"}
{"level": "INFO", "timestamp": "2024-01-05 21:17:37", "message": "UE 'UE8' has been attached to Cell 'CX1873' at '2024-01-05 21:17:37'.", "test_id": "b4459f48-3670-4f54-b495-81a10ac1869c"}
{"level": "INFO", "timestamp": "2024-01-05 21:17:37", "message": "UE 'UE8' has been attached to Cell 'CX1873' at '2024-01-05 21:17:37'.", "test_id": "b4459f48-3670-4f54-b495-81a10ac1869c"}
{"level": "INFO", "timestamp": "2024-01-05 21:17:37", "message": "UE initialized with ID UE9 at 2024-01-05 21:17:52.236182", "test_id": "b4459f48-3670-4f54-b495-81a10ac1869c"}
{"level": "INFO", "timestamp": "2024-01-05 21:17:37", "message": "UE with ID UE9 added to Cell CX5103 at '2024-01-05 21:17:37'", "test_id": "b4459f48-3670-4f54-b495-81a10ac1869c"}
{"level": "INFO", "timestamp": "2024-01-05 21:17:37", "message": "UE 'UE9' has been attached to Cell 'CX5103' at '2024-01-05 21:17:37'.", "test_id": "b4459f48-3670-4f54-b495-81a10ac1869c"}
{"level": "INFO", "timestamp": "2024-01-05 21:17:37", "message": "UE 'UE9' has been attached to Cell 'CX5103' at '2024-01-05 21:17:37'.", "test_id": "b4459f48-3670-4f54-b495-81a10ac1869c"}
{"level": "INFO", "timestamp": "2024-01-05 21:17:37", "message": "UE initialized with ID UE10 at 2024-01-05 21:17:52.241913", "test_id": "b4459f48-3670-4f54-b495-81a10ac1869c"}
{"level": "INFO", "timestamp": "2024-01-05 21:17:37", "message": "UE with ID UE10 added to Cell Ax1242 at '2024-01-05 21:17:37'", "test_id": "b4459f48-3670-4f54-b495-81a10ac1869c"}
{"level": "INFO", "timestamp": "2024-01-05 21:17:37", "message": "UE 'UE10' has been attached to Cell 'Ax1242' at '2024-01-05 21:17:37'.", "test_id": "b4459f48-3670-4f54-b495-81a10ac1869c"}
{"level": "INFO", "timestamp": "2024-01-05 21:17:37", "message": "UE 'UE10' has been attached to Cell 'Ax1242' at '2024-01-05 21:17:37'.", "test_id": "b4459f48-3670-4f54-b495-81a10ac1869c"}
{"level": "INFO", "timestamp": "2024-01-05 22:06:42", "message": "UE initialized with ID UE1 at 2024-01-05 22:07:00.120243", "test_id": "50d47b00-0beb-4784-8ffc-d5e30e664c3c"}
{"level": "INFO", "timestamp": "2024-01-05 22:06:42", "message": "UE with ID UE1 added to Cell Ax1242 at '2024-01-05 22:06:42'", "test_id": "50d47b00-0beb-4784-8ffc-d5e30e664c3c"}
{"level": "INFO", "timestamp": "2024-01-05 22:06:42", "message": "UE 'UE1' has been attached to Cell 'Ax1242' at '2024-01-05 22:06:42'.", "test_id": "50d47b00-0beb-4784-8ffc-d5e30e664c3c"}
{"level": "INFO", "timestamp": "2024-01-05 22:06:42", "message": "UE 'UE1' has been attached to Cell 'Ax1242' at '2024-01-05 22:06:42'.", "test_id": "50d47b00-0beb-4784-8ffc-d5e30e664c3c"}
{"level": "INFO", "timestamp": "2024-01-05 22:06:42", "message": "UE initialized with ID UE2 at 2024-01-05 22:07:00.151312", "test_id": "50d47b00-0beb-4784-8ffc-d5e30e664c3c"}
{"level": "INFO", "timestamp": "2024-01-05 22:06:42", "message": "UE with ID UE2 added to Cell AX1112 at '2024-01-05 22:06:42'", "test_id": "50d47b00-0beb-4784-8ffc-d5e30e664c3c"}
{"level": "INFO", "timestamp": "2024-01-05 22:06:42", "message": "UE 'UE2' has been attached to Cell 'AX1112' at '2024-01-05 22:06:42'.", "test_id": "50d47b00-0beb-4784-8ffc-d5e30e664c3c"}
{"level": "INFO", "timestamp": "2024-01-05 22:06:42", "message": "UE 'UE2' has been attached to Cell 'AX1112' at '2024-01-05 22:06:42'.", "test_id": "50d47b00-0beb-4784-8ffc-d5e30e664c3c"}
{"level": "INFO", "timestamp": "2024-01-05 22:06:42", "message": "UE initialized with ID UE3 at 2024-01-05 22:07:00.157718", "test_id": "50d47b00-0beb-4784-8ffc-d5e30e664c3c"}
{"level": "INFO", "timestamp": "2024-01-05 22:06:42", "message": "UE with ID UE3 added to Cell AX9980 at '2024-01-05 22:06:42'", "test_id": "50d47b00-0beb-4784-8ffc-d5e30e664c3c"}
{"level": "INFO", "timestamp": "2024-01-05 22:06:42", "message": "UE 'UE3' has been attached to Cell 'AX9980' at '2024-01-05 22:06:42'.", "test_id": "50d47b00-0beb-4784-8ffc-d5e30e664c3c"}
{"level": "INFO", "timestamp": "2024-01-05 22:06:42", "message": "UE 'UE3' has been attached to Cell 'AX9980' at '2024-01-05 22:06:42'.", "test_id": "50d47b00-0beb-4784-8ffc-d5e30e664c3c"}
{"level": "INFO", "timestamp": "2024-01-05 22:06:42", "message": "UE initialized with ID UE4 at 2024-01-05 22:07:00.164017", "test_id": "50d47b00-0beb-4784-8ffc-d5e30e664c3c"}
{"level": "INFO", "timestamp": "2024-01-05 22:06:42", "message": "UE with ID UE4 added to Cell BX1453 at '2024-01-05 22:06:42'", "test_id": "50d47b00-0beb-4784-8ffc-d5e30e664c3c"}
{"level": "INFO", "timestamp": "2024-01-05 22:06:42", "message": "UE 'UE4' has been attached to Cell 'BX1453' at '2024-01-05 22:06:42'.", "test_id": "50d47b00-0beb-4784-8ffc-d5e30e664c3c"}
{"level": "INFO", "timestamp": "2024-01-05 22:06:42", "message": "UE 'UE4' has been attached to Cell 'BX1453' at '2024-01-05 22:06:42'.", "test_id": "50d47b00-0beb-4784-8ffc-d5e30e664c3c"}
{"level": "INFO", "timestamp": "2024-01-05 22:06:42", "message": "UE initialized with ID UE5 at 2024-01-05 22:07:00.169778", "test_id": "50d47b00-0beb-4784-8ffc-d5e30e664c3c"}
{"level": "INFO", "timestamp": "2024-01-05 22:06:42", "message": "UE with ID UE5 added to Cell BX1334 at '2024-01-05 22:06:42'", "test_id": "50d47b00-0beb-4784-8ffc-d5e30e664c3c"}
{"level": "INFO", "timestamp": "2024-01-05 22:06:42", "message": "UE 'UE5' has been attached to Cell 'BX1334' at '2024-01-05 22:06:42'.", "test_id": "50d47b00-0beb-4784-8ffc-d5e30e664c3c"}
{"level": "INFO", "timestamp": "2024-01-05 22:06:42", "message": "UE 'UE5' has been attached to Cell 'BX1334' at '2024-01-05 22:06:42'.", "test_id": "50d47b00-0beb-4784-8ffc-d5e30e664c3c"}
{"level": "INFO", "timestamp": "2024-01-05 22:06:42", "message": "UE initialized with ID UE6 at 2024-01-05 22:07:00.175596", "test_id": "50d47b00-0beb-4784-8ffc-d5e30e664c3c"}
{"level": "INFO", "timestamp": "2024-01-05 22:06:42", "message": "UE with ID UE6 added to Cell BX1230 at '2024-01-05 22:06:42'", "test_id": "50d47b00-0beb-4784-8ffc-d5e30e664c3c"}
{"level": "INFO", "timestamp": "2024-01-05 22:06:42", "message": "UE 'UE6' has been attached to Cell 'BX1230' at '2024-01-05 22:06:42'.", "test_id": "50d47b00-0beb-4784-8ffc-d5e30e664c3c"}
{"level": "INFO", "timestamp": "2024-01-05 22:06:42", "message": "UE 'UE6' has been attached to Cell 'BX1230' at '2024-01-05 22:06:42'.", "test_id": "50d47b00-0beb-4784-8ffc-d5e30e664c3c"}
{"level": "INFO", "timestamp": "2024-01-05 22:06:42", "message": "UE initialized with ID UE7 at 2024-01-05 22:07:00.181428", "test_id": "50d47b00-0beb-4784-8ffc-d5e30e664c3c"}
{"level": "INFO", "timestamp": "2024-01-05 22:06:42", "message": "UE with ID UE7 added to Cell CX1352 at '2024-01-05 22:06:42'", "test_id": "50d47b00-0beb-4784-8ffc-d5e30e664c3c"}
{"level": "INFO", "timestamp": "2024-01-05 22:06:42", "message": "UE 'UE7' has been attached to Cell 'CX1352' at '2024-01-05 22:06:42'.", "test_id": "50d47b00-0beb-4784-8ffc-d5e30e664c3c"}
{"level": "INFO", "timestamp": "2024-01-05 22:06:42", "message": "UE 'UE7' has been attached to Cell 'CX1352' at '2024-01-05 22:06:42'.", "test_id": "50d47b00-0beb-4784-8ffc-d5e30e664c3c"}
{"level": "INFO", "timestamp": "2024-01-05 22:06:42", "message": "UE initialized with ID UE8 at 2024-01-05 22:07:00.187340", "test_id": "50d47b00-0beb-4784-8ffc-d5e30e664c3c"}
{"level": "INFO", "timestamp": "2024-01-05 22:06:42", "message": "UE with ID UE8 added to Cell CX1873 at '2024-01-05 22:06:42'", "test_id": "50d47b00-0beb-4784-8ffc-d5e30e664c3c"}
{"level": "INFO", "timestamp": "2024-01-05 22:06:42", "message": "UE 'UE8' has been attached to Cell 'CX1873' at '2024-01-05 22:06:42'.", "test_id": "50d47b00-0beb-4784-8ffc-d5e30e664c3c"}
{"level": "INFO", "timestamp": "2024-01-05 22:06:42", "message": "UE 'UE8' has been attached to Cell 'CX1873' at '2024-01-05 22:06:42'.", "test_id": "50d47b00-0beb-4784-8ffc-d5e30e664c3c"}
{"level": "INFO", "timestamp": "2024-01-05 22:06:42", "message": "UE initialized with ID UE9 at 2024-01-05 22:07:00.193334", "test_id": "50d47b00-0beb-4784-8ffc-d5e30e664c3c"}
{"level": "INFO", "timestamp": "2024-01-05 22:06:42", "message": "UE with ID UE9 added to Cell CX5103 at '2024-01-05 22:06:42'", "test_id": "50d47b00-0beb-4784-8ffc-d5e30e664c3c"}
{"level": "INFO", "timestamp": "2024-01-05 22:06:42", "message": "UE 'UE9' has been attached to Cell 'CX5103' at '2024-01-05 22:06:42'.", "test_id": "50d47b00-0beb-4784-8ffc-d5e30e664c3c"}
{"level": "INFO", "timestamp": "2024-01-05 22:06:42", "message": "UE 'UE9' has been attached to Cell 'CX5103' at '2024-01-05 22:06:42'.", "test_id": "50d47b00-0beb-4784-8ffc-d5e30e664c3c"}
{"level": "INFO", "timestamp": "2024-01-05 22:06:42", "message": "UE initialized with ID UE10 at 2024-01-05 22:07:00.199493", "test_id": "50d47b00-0beb-4784-8ffc-d5e30e664c3c"}
{"level": "INFO", "timestamp": "2024-01-05 22:06:42", "message": "UE with ID UE10 added to Cell Ax1242 at '2024-01-05 22:06:42'", "test_id": "50d47b00-0beb-4784-8ffc-d5e30e664c3c"}
{"level": "INFO", "timestamp": "2024-01-05 22:06:42", "message": "UE 'UE10' has been attached to Cell 'Ax1242' at '2024-01-05 22:06:42'.", "test_id": "50d47b00-0beb-4784-8ffc-d5e30e664c3c"}
{"level": "INFO", "timestamp": "2024-01-05 22:06:42", "message": "UE 'UE10' has been attached to Cell 'Ax1242' at '2024-01-05 22:06:42'.", "test_id": "50d47b00-0beb-4784-8ffc-d5e30e664c3c"}
{"level": "INFO", "timestamp": "2024-01-05 22:11:52", "message": "UE initialized with ID UE1 at 2024-01-05 22:12:07.819585", "test_id": "80dec4bf-db28-4563-96eb-3ca1a5df9970"}
{"level": "INFO", "timestamp": "2024-01-05 22:11:52", "message": "UE with ID UE1 added to Cell Ax1242 at '2024-01-05 22:11:52'", "test_id": "80dec4bf-db28-4563-96eb-3ca1a5df9970"}
{"level": "INFO", "timestamp": "2024-01-05 22:11:52", "message": "UE 'UE1' has been attached to Cell 'Ax1242' at '2024-01-05 22:11:52'.", "test_id": "80dec4bf-db28-4563-96eb-3ca1a5df9970"}
{"level": "INFO", "timestamp": "2024-01-05 22:11:52", "message": "UE 'UE1' has been attached to Cell 'Ax1242' at '2024-01-05 22:11:52'.", "test_id": "80dec4bf-db28-4563-96eb-3ca1a5df9970"}
{"level": "INFO", "timestamp": "2024-01-05 22:11:52", "message": "UE initialized with ID UE2 at 2024-01-05 22:12:07.839984", "test_id": "80dec4bf-db28-4563-96eb-3ca1a5df9970"}
{"level": "INFO", "timestamp": "2024-01-05 22:11:52", "message": "UE with ID UE2 added to Cell AX1112 at '2024-01-05 22:11:52'", "test_id": "80dec4bf-db28-4563-96eb-3ca1a5df9970"}
{"level": "INFO", "timestamp": "2024-01-05 22:11:52", "message": "UE 'UE2' has been attached to Cell 'AX1112' at '2024-01-05 22:11:52'.", "test_id": "80dec4bf-db28-4563-96eb-3ca1a5df9970"}
{"level": "INFO", "timestamp": "2024-01-05 22:11:52", "message": "UE 'UE2' has been attached to Cell 'AX1112' at '2024-01-05 22:11:52'.", "test_id": "80dec4bf-db28-4563-96eb-3ca1a5df9970"}
{"level": "INFO", "timestamp": "2024-01-05 22:11:52", "message": "UE initialized with ID UE3 at 2024-01-05 22:12:07.846350", "test_id": "80dec4bf-db28-4563-96eb-3ca1a5df9970"}
{"level": "INFO", "timestamp": "2024-01-05 22:11:52", "message": "UE with ID UE3 added to Cell AX9980 at '2024-01-05 22:11:52'", "test_id": "80dec4bf-db28-4563-96eb-3ca1a5df9970"}
{"level": "INFO", "timestamp": "2024-01-05 22:11:52", "message": "UE 'UE3' has been attached to Cell 'AX9980' at '2024-01-05 22:11:52'.", "test_id": "80dec4bf-db28-4563-96eb-3ca1a5df9970"}
{"level": "INFO", "timestamp": "2024-01-05 22:11:52", "message": "UE 'UE3' has been attached to Cell 'AX9980' at '2024-01-05 22:11:52'.", "test_id": "80dec4bf-db28-4563-96eb-3ca1a5df9970"}
{"level": "INFO", "timestamp": "2024-01-05 22:11:52", "message": "UE initialized with ID UE4 at 2024-01-05 22:12:07.852753", "test_id": "80dec4bf-db28-4563-96eb-3ca1a5df9970"}
{"level": "INFO", "timestamp": "2024-01-05 22:11:52", "message": "UE with ID UE4 added to Cell BX1453 at '2024-01-05 22:11:52'", "test_id": "80dec4bf-db28-4563-96eb-3ca1a5df9970"}
{"level": "INFO", "timestamp": "2024-01-05 22:11:52", "message": "UE 'UE4' has been attached to Cell 'BX1453' at '2024-01-05 22:11:52'.", "test_id": "80dec4bf-db28-4563-96eb-3ca1a5df9970"}
{"level": "INFO", "timestamp": "2024-01-05 22:11:52", "message": "UE 'UE4' has been attached to Cell 'BX1453' at '2024-01-05 22:11:52'.", "test_id": "80dec4bf-db28-4563-96eb-3ca1a5df9970"}
{"level": "INFO", "timestamp": "2024-01-05 22:11:52", "message": "UE initialized with ID UE5 at 2024-01-05 22:12:07.859198", "test_id": "80dec4bf-db28-4563-96eb-3ca1a5df9970"}
{"level": "INFO", "timestamp": "2024-01-05 22:11:52", "message": "UE with ID UE5 added to Cell BX1334 at '2024-01-05 22:11:52'", "test_id": "80dec4bf-db28-4563-96eb-3ca1a5df9970"}
{"level": "INFO", "timestamp": "2024-01-05 22:11:52", "message": "UE 'UE5' has been attached to Cell 'BX1334' at '2024-01-05 22:11:52'.", "test_id": "80dec4bf-db28-4563-96eb-3ca1a5df9970"}
{"level": "INFO", "timestamp": "2024-01-05 22:11:52", "message": "UE 'UE5' has been attached to Cell 'BX1334' at '2024-01-05 22:11:52'.", "test_id": "80dec4bf-db28-4563-96eb-3ca1a5df9970"}
{"level": "INFO", "timestamp": "2024-01-05 22:11:52", "message": "UE initialized with ID UE6 at 2024-01-05 22:12:07.865769", "test_id": "80dec4bf-db28-4563-96eb-3ca1a5df9970"}
{"level": "INFO", "timestamp": "2024-01-05 22:11:52", "message": "UE with ID UE6 added to Cell BX1230 at '2024-01-05 22:11:52'", "test_id": "80dec4bf-db28-4563-96eb-3ca1a5df9970"}
{"level": "INFO", "timestamp": "2024-01-05 22:11:52", "message": "UE 'UE6' has been attached to Cell 'BX1230' at '2024-01-05 22:11:52'.", "test_id": "80dec4bf-db28-4563-96eb-3ca1a5df9970"}
{"level": "INFO", "timestamp": "2024-01-05 22:11:52", "message": "UE 'UE6' has been attached to Cell 'BX1230' at '2024-01-05 22:11:52'.", "test_id": "80dec4bf-db28-4563-96eb-3ca1a5df9970"}
{"level": "INFO", "timestamp": "2024-01-05 22:11:52", "message": "UE initialized with ID UE7 at 2024-01-05 22:12:07.871648", "test_id": "80dec4bf-db28-4563-96eb-3ca1a5df9970"}
{"level": "INFO", "timestamp": "2024-01-05 22:11:52", "message": "UE with ID UE7 added to Cell CX1352 at '2024-01-05 22:11:52'", "test_id": "80dec4bf-db28-4563-96eb-3ca1a5df9970"}
{"level": "INFO", "timestamp": "2024-01-05 22:11:52", "message": "UE 'UE7' has been attached to Cell 'CX1352' at '2024-01-05 22:11:52'.", "test_id": "80dec4bf-db28-4563-96eb-3ca1a5df9970"}
{"level": "INFO", "timestamp": "2024-01-05 22:11:52", "message": "UE 'UE7' has been attached to Cell 'CX1352' at '2024-01-05 22:11:52'.", "test_id": "80dec4bf-db28-4563-96eb-3ca1a5df9970"}
{"level": "INFO", "timestamp": "2024-01-05 22:11:52", "message": "UE initialized with ID UE8 at 2024-01-05 22:12:07.877867", "test_id": "80dec4bf-db28-4563-96eb-3ca1a5df9970"}
{"level": "INFO", "timestamp": "2024-01-05 22:11:52", "message": "UE with ID UE8 added to Cell CX1873 at '2024-01-05 22:11:52'", "test_id": "80dec4bf-db28-4563-96eb-3ca1a5df9970"}
{"level": "INFO", "timestamp": "2024-01-05 22:11:52", "message": "UE 'UE8' has been attached to Cell 'CX1873' at '2024-01-05 22:11:52'.", "test_id": "80dec4bf-db28-4563-96eb-3ca1a5df9970"}
{"level": "INFO", "timestamp": "2024-01-05 22:11:52", "message": "UE 'UE8' has been attached to Cell 'CX1873' at '2024-01-05 22:11:52'.", "test_id": "80dec4bf-db28-4563-96eb-3ca1a5df9970"}
{"level": "INFO", "timestamp": "2024-01-05 22:11:52", "message": "UE initialized with ID UE9 at 2024-01-05 22:12:07.884390", "test_id": "80dec4bf-db28-4563-96eb-3ca1a5df9970"}
{"level": "INFO", "timestamp": "2024-01-05 22:11:52", "message": "UE with ID UE9 added to Cell CX5103 at '2024-01-05 22:11:52'", "test_id": "80dec4bf-db28-4563-96eb-3ca1a5df9970"}
{"level": "INFO", "timestamp": "2024-01-05 22:11:52", "message": "UE 'UE9' has been attached to Cell 'CX5103' at '2024-01-05 22:11:52'.", "test_id": "80dec4bf-db28-4563-96eb-3ca1a5df9970"}
{"level": "INFO", "timestamp": "2024-01-05 22:11:52", "message": "UE 'UE9' has been attached to Cell 'CX5103' at '2024-01-05 22:11:52'.", "test_id": "80dec4bf-db28-4563-96eb-3ca1a5df9970"}
{"level": "INFO", "timestamp": "2024-01-05 22:11:52", "message": "UE initialized with ID UE10 at 2024-01-05 22:12:07.890883", "test_id": "80dec4bf-db28-4563-96eb-3ca1a5df9970"}
{"level": "INFO", "timestamp": "2024-01-05 22:11:52", "message": "UE with ID UE10 added to Cell Ax1242 at '2024-01-05 22:11:52'", "test_id": "80dec4bf-db28-4563-96eb-3ca1a5df9970"}
{"level": "INFO", "timestamp": "2024-01-05 22:11:52", "message": "UE 'UE10' has been attached to Cell 'Ax1242' at '2024-01-05 22:11:52'.", "test_id": "80dec4bf-db28-4563-96eb-3ca1a5df9970"}
{"level": "INFO", "timestamp": "2024-01-05 22:11:52", "message": "UE 'UE10' has been attached to Cell 'Ax1242' at '2024-01-05 22:11:52'.", "test_id": "80dec4bf-db28-4563-96eb-3ca1a5df9970"}
{"level": "INFO", "timestamp": "2024-01-05 22:33:24", "message": "UE initialized with ID UE1 at 2024-01-05 22:33:42.049170", "test_id": "5913f924-4775-453a-9ed1-a62b35bce13d"}
{"level": "INFO", "timestamp": "2024-01-05 22:33:24", "message": "UE with ID UE1 added to Cell Ax1242 at '2024-01-05 22:33:24'", "test_id": "5913f924-4775-453a-9ed1-a62b35bce13d"}
{"level": "INFO", "timestamp": "2024-01-05 22:33:24", "message": "UE 'UE1' has been attached to Cell 'Ax1242' at '2024-01-05 22:33:24'.", "test_id": "5913f924-4775-453a-9ed1-a62b35bce13d"}
{"level": "INFO", "timestamp": "2024-01-05 22:33:24", "message": "UE 'UE1' has been attached to Cell 'Ax1242' at '2024-01-05 22:33:24'.", "test_id": "5913f924-4775-453a-9ed1-a62b35bce13d"}
{"level": "INFO", "timestamp": "2024-01-05 22:33:24", "message": "UE initialized with ID UE2 at 2024-01-05 22:33:42.058340", "test_id": "5913f924-4775-453a-9ed1-a62b35bce13d"}
{"level": "INFO", "timestamp": "2024-01-05 22:33:24", "message": "UE with ID UE2 added to Cell AX1112 at '2024-01-05 22:33:24'", "test_id": "5913f924-4775-453a-9ed1-a62b35bce13d"}
{"level": "INFO", "timestamp": "2024-01-05 22:33:24", "message": "UE 'UE2' has been attached to Cell 'AX1112' at '2024-01-05 22:33:24'.", "test_id": "5913f924-4775-453a-9ed1-a62b35bce13d"}
{"level": "INFO", "timestamp": "2024-01-05 22:33:24", "message": "UE 'UE2' has been attached to Cell 'AX1112' at '2024-01-05 22:33:24'.", "test_id": "5913f924-4775-453a-9ed1-a62b35bce13d"}
{"level": "INFO", "timestamp": "2024-01-05 22:33:24", "message": "UE initialized with ID UE3 at 2024-01-05 22:33:42.065205", "test_id": "5913f924-4775-453a-9ed1-a62b35bce13d"}
{"level": "INFO", "timestamp": "2024-01-05 22:33:24", "message": "UE with ID UE3 added to Cell AX9980 at '2024-01-05 22:33:24'", "test_id": "5913f924-4775-453a-9ed1-a62b35bce13d"}
{"level": "INFO", "timestamp": "2024-01-05 22:33:24", "message": "UE 'UE3' has been attached to Cell 'AX9980' at '2024-01-05 22:33:24'.", "test_id": "5913f924-4775-453a-9ed1-a62b35bce13d"}
{"level": "INFO", "timestamp": "2024-01-05 22:33:24", "message": "UE 'UE3' has been attached to Cell 'AX9980' at '2024-01-05 22:33:24'.", "test_id": "5913f924-4775-453a-9ed1-a62b35bce13d"}
{"level": "INFO", "timestamp": "2024-01-05 22:33:24", "message": "UE initialized with ID UE4 at 2024-01-05 22:33:42.071752", "test_id": "5913f924-4775-453a-9ed1-a62b35bce13d"}
{"level": "INFO", "timestamp": "2024-01-05 22:33:24", "message": "UE with ID UE4 added to Cell BX1453 at '2024-01-05 22:33:24'", "test_id": "5913f924-4775-453a-9ed1-a62b35bce13d"}
{"level": "INFO", "timestamp": "2024-01-05 22:33:24", "message": "UE 'UE4' has been attached to Cell 'BX1453' at '2024-01-05 22:33:24'.", "test_id": "5913f924-4775-453a-9ed1-a62b35bce13d"}
{"level": "INFO", "timestamp": "2024-01-05 22:33:24", "message": "UE 'UE4' has been attached to Cell 'BX1453' at '2024-01-05 22:33:24'.", "test_id": "5913f924-4775-453a-9ed1-a62b35bce13d"}
{"level": "INFO", "timestamp": "2024-01-05 22:33:24", "message": "UE initialized with ID UE5 at 2024-01-05 22:33:42.077930", "test_id": "5913f924-4775-453a-9ed1-a62b35bce13d"}
{"level": "INFO", "timestamp": "2024-01-05 22:33:24", "message": "UE with ID UE5 added to Cell BX1334 at '2024-01-05 22:33:24'", "test_id": "5913f924-4775-453a-9ed1-a62b35bce13d"}
{"level": "INFO", "timestamp": "2024-01-05 22:33:24", "message": "UE 'UE5' has been attached to Cell 'BX1334' at '2024-01-05 22:33:24'.", "test_id": "5913f924-4775-453a-9ed1-a62b35bce13d"}
{"level": "INFO", "timestamp": "2024-01-05 22:33:24", "message": "UE 'UE5' has been attached to Cell 'BX1334' at '2024-01-05 22:33:24'.", "test_id": "5913f924-4775-453a-9ed1-a62b35bce13d"}
{"level": "INFO", "timestamp": "2024-01-05 22:33:24", "message": "UE initialized with ID UE6 at 2024-01-05 22:33:42.083637", "test_id": "5913f924-4775-453a-9ed1-a62b35bce13d"}
{"level": "INFO", "timestamp": "2024-01-05 22:33:24", "message": "UE with ID UE6 added to Cell BX1230 at '2024-01-05 22:33:24'", "test_id": "5913f924-4775-453a-9ed1-a62b35bce13d"}
{"level": "INFO", "timestamp": "2024-01-05 22:33:24", "message": "UE 'UE6' has been attached to Cell 'BX1230' at '2024-01-05 22:33:24'.", "test_id": "5913f924-4775-453a-9ed1-a62b35bce13d"}
{"level": "INFO", "timestamp": "2024-01-05 22:33:24", "message": "UE 'UE6' has been attached to Cell 'BX1230' at '2024-01-05 22:33:24'.", "test_id": "5913f924-4775-453a-9ed1-a62b35bce13d"}
{"level": "INFO", "timestamp": "2024-01-05 22:33:24", "message": "UE initialized with ID UE7 at 2024-01-05 22:33:42.089500", "test_id": "5913f924-4775-453a-9ed1-a62b35bce13d"}
{"level": "INFO", "timestamp": "2024-01-05 22:33:24", "message": "UE with ID UE7 added to Cell CX1352 at '2024-01-05 22:33:24'", "test_id": "5913f924-4775-453a-9ed1-a62b35bce13d"}
{"level": "INFO", "timestamp": "2024-01-05 22:33:24", "message": "UE 'UE7' has been attached to Cell 'CX1352' at '2024-01-05 22:33:24'.", "test_id": "5913f924-4775-453a-9ed1-a62b35bce13d"}
{"level": "INFO", "timestamp": "2024-01-05 22:33:24", "message": "UE 'UE7' has been attached to Cell 'CX1352' at '2024-01-05 22:33:24'.", "test_id": "5913f924-4775-453a-9ed1-a62b35bce13d"}
{"level": "INFO", "timestamp": "2024-01-05 22:33:24", "message": "UE initialized with ID UE8 at 2024-01-05 22:33:42.095340", "test_id": "5913f924-4775-453a-9ed1-a62b35bce13d"}
{"level": "INFO", "timestamp": "2024-01-05 22:33:24", "message": "UE with ID UE8 added to Cell CX1873 at '2024-01-05 22:33:24'", "test_id": "5913f924-4775-453a-9ed1-a62b35bce13d"}
{"level": "INFO", "timestamp": "2024-01-05 22:33:24", "message": "UE 'UE8' has been attached to Cell 'CX1873' at '2024-01-05 22:33:24'.", "test_id": "5913f924-4775-453a-9ed1-a62b35bce13d"}
{"level": "INFO", "timestamp": "2024-01-05 22:33:24", "message": "UE 'UE8' has been attached to Cell 'CX1873' at '2024-01-05 22:33:24'.", "test_id": "5913f924-4775-453a-9ed1-a62b35bce13d"}
{"level": "INFO", "timestamp": "2024-01-05 22:33:24", "message": "UE initialized with ID UE9 at 2024-01-05 22:33:42.101472", "test_id": "5913f924-4775-453a-9ed1-a62b35bce13d"}
{"level": "INFO", "timestamp": "2024-01-05 22:33:24", "message": "UE with ID UE9 added to Cell CX5103 at '2024-01-05 22:33:24'", "test_id": "5913f924-4775-453a-9ed1-a62b35bce13d"}
{"level": "INFO", "timestamp": "2024-01-05 22:33:24", "message": "UE 'UE9' has been attached to Cell 'CX5103' at '2024-01-05 22:33:24'.", "test_id": "5913f924-4775-453a-9ed1-a62b35bce13d"}
{"level": "INFO", "timestamp": "2024-01-05 22:33:24", "message": "UE 'UE9' has been attached to Cell 'CX5103' at '2024-01-05 22:33:24'.", "test_id": "5913f924-4775-453a-9ed1-a62b35bce13d"}
{"level": "INFO", "timestamp": "2024-01-05 22:33:24", "message": "UE initialized with ID UE10 at 2024-01-05 22:33:42.107301", "test_id": "5913f924-4775-453a-9ed1-a62b35bce13d"}
{"level": "INFO", "timestamp": "2024-01-05 22:33:24", "message": "UE with ID UE10 added to Cell Ax1242 at '2024-01-05 22:33:24'", "test_id": "5913f924-4775-453a-9ed1-a62b35bce13d"}
{"level": "INFO", "timestamp": "2024-01-05 22:33:24", "message": "UE 'UE10' has been attached to Cell 'Ax1242' at '2024-01-05 22:33:24'.", "test_id": "5913f924-4775-453a-9ed1-a62b35bce13d"}
{"level": "INFO", "timestamp": "2024-01-05 22:33:24", "message": "UE 'UE10' has been attached to Cell 'Ax1242' at '2024-01-05 22:33:24'.", "test_id": "5913f924-4775-453a-9ed1-a62b35bce13d"}
{"level": "INFO", "timestamp": "2024-01-05 23:20:23", "message": "UE initialized with ID UE1 at 2024-01-05 23:20:41.222498", "test_id": "e8dec760-c528-4eef-812d-23629b04dc3e"}
{"level": "INFO", "timestamp": "2024-01-05 23:20:23", "message": "UE with ID UE1 added to Cell Ax1242 at '2024-01-05 23:20:23'", "test_id": "e8dec760-c528-4eef-812d-23629b04dc3e"}
{"level": "INFO", "timestamp": "2024-01-05 23:20:23", "message": "UE 'UE1' has been attached to Cell 'Ax1242' at '2024-01-05 23:20:23'.", "test_id": "e8dec760-c528-4eef-812d-23629b04dc3e"}
{"level": "INFO", "timestamp": "2024-01-05 23:20:23", "message": "UE 'UE1' has been attached to Cell 'Ax1242' at '2024-01-05 23:20:23'.", "test_id": "e8dec760-c528-4eef-812d-23629b04dc3e"}
{"level": "INFO", "timestamp": "2024-01-05 23:20:23", "message": "UE initialized with ID UE2 at 2024-01-05 23:20:41.231749", "test_id": "e8dec760-c528-4eef-812d-23629b04dc3e"}
{"level": "INFO", "timestamp": "2024-01-05 23:20:23", "message": "UE with ID UE2 added to Cell AX1112 at '2024-01-05 23:20:23'", "test_id": "e8dec760-c528-4eef-812d-23629b04dc3e"}
{"level": "INFO", "timestamp": "2024-01-05 23:20:23", "message": "UE 'UE2' has been attached to Cell 'AX1112' at '2024-01-05 23:20:23'.", "test_id": "e8dec760-c528-4eef-812d-23629b04dc3e"}
{"level": "INFO", "timestamp": "2024-01-05 23:20:23", "message": "UE 'UE2' has been attached to Cell 'AX1112' at '2024-01-05 23:20:23'.", "test_id": "e8dec760-c528-4eef-812d-23629b04dc3e"}
{"level": "INFO", "timestamp": "2024-01-05 23:20:23", "message": "UE initialized with ID UE3 at 2024-01-05 23:20:41.238500", "test_id": "e8dec760-c528-4eef-812d-23629b04dc3e"}
{"level": "INFO", "timestamp": "2024-01-05 23:20:23", "message": "UE with ID UE3 added to Cell AX9980 at '2024-01-05 23:20:23'", "test_id": "e8dec760-c528-4eef-812d-23629b04dc3e"}
{"level": "INFO", "timestamp": "2024-01-05 23:20:23", "message": "UE 'UE3' has been attached to Cell 'AX9980' at '2024-01-05 23:20:23'.", "test_id": "e8dec760-c528-4eef-812d-23629b04dc3e"}
{"level": "INFO", "timestamp": "2024-01-05 23:20:23", "message": "UE 'UE3' has been attached to Cell 'AX9980' at '2024-01-05 23:20:23'.", "test_id": "e8dec760-c528-4eef-812d-23629b04dc3e"}
{"level": "INFO", "timestamp": "2024-01-05 23:20:23", "message": "UE initialized with ID UE4 at 2024-01-05 23:20:41.244596", "test_id": "e8dec760-c528-4eef-812d-23629b04dc3e"}
{"level": "INFO", "timestamp": "2024-01-05 23:20:23", "message": "UE with ID UE4 added to Cell BX1453 at '2024-01-05 23:20:23'", "test_id": "e8dec760-c528-4eef-812d-23629b04dc3e"}
{"level": "INFO", "timestamp": "2024-01-05 23:20:23", "message": "UE 'UE4' has been attached to Cell 'BX1453' at '2024-01-05 23:20:23'.", "test_id": "e8dec760-c528-4eef-812d-23629b04dc3e"}
{"level": "INFO", "timestamp": "2024-01-05 23:20:23", "message": "UE 'UE4' has been attached to Cell 'BX1453' at '2024-01-05 23:20:23'.", "test_id": "e8dec760-c528-4eef-812d-23629b04dc3e"}
{"level": "INFO", "timestamp": "2024-01-05 23:20:23", "message": "UE initialized with ID UE5 at 2024-01-05 23:20:41.250724", "test_id": "e8dec760-c528-4eef-812d-23629b04dc3e"}
{"level": "INFO", "timestamp": "2024-01-05 23:20:23", "message": "UE with ID UE5 added to Cell BX1334 at '2024-01-05 23:20:23'", "test_id": "e8dec760-c528-4eef-812d-23629b04dc3e"}
{"level": "INFO", "timestamp": "2024-01-05 23:20:23", "message": "UE 'UE5' has been attached to Cell 'BX1334' at '2024-01-05 23:20:23'.", "test_id": "e8dec760-c528-4eef-812d-23629b04dc3e"}
{"level": "INFO", "timestamp": "2024-01-05 23:20:23", "message": "UE 'UE5' has been attached to Cell 'BX1334' at '2024-01-05 23:20:23'.", "test_id": "e8dec760-c528-4eef-812d-23629b04dc3e"}
{"level": "INFO", "timestamp": "2024-01-05 23:20:23", "message": "UE initialized with ID UE6 at 2024-01-05 23:20:41.257338", "test_id": "e8dec760-c528-4eef-812d-23629b04dc3e"}
{"level": "INFO", "timestamp": "2024-01-05 23:20:23", "message": "UE with ID UE6 added to Cell BX1230 at '2024-01-05 23:20:23'", "test_id": "e8dec760-c528-4eef-812d-23629b04dc3e"}
{"level": "INFO", "timestamp": "2024-01-05 23:20:23", "message": "UE 'UE6' has been attached to Cell 'BX1230' at '2024-01-05 23:20:23'.", "test_id": "e8dec760-c528-4eef-812d-23629b04dc3e"}
{"level": "INFO", "timestamp": "2024-01-05 23:20:23", "message": "UE 'UE6' has been attached to Cell 'BX1230' at '2024-01-05 23:20:23'.", "test_id": "e8dec760-c528-4eef-812d-23629b04dc3e"}
{"level": "INFO", "timestamp": "2024-01-05 23:20:23", "message": "UE initialized with ID UE7 at 2024-01-05 23:20:41.263446", "test_id": "e8dec760-c528-4eef-812d-23629b04dc3e"}
{"level": "INFO", "timestamp": "2024-01-05 23:20:23", "message": "UE with ID UE7 added to Cell CX1352 at '2024-01-05 23:20:23'", "test_id": "e8dec760-c528-4eef-812d-23629b04dc3e"}
{"level": "INFO", "timestamp": "2024-01-05 23:20:23", "message": "UE 'UE7' has been attached to Cell 'CX1352' at '2024-01-05 23:20:23'.", "test_id": "e8dec760-c528-4eef-812d-23629b04dc3e"}
{"level": "INFO", "timestamp": "2024-01-05 23:20:23", "message": "UE 'UE7' has been attached to Cell 'CX1352' at '2024-01-05 23:20:23'.", "test_id": "e8dec760-c528-4eef-812d-23629b04dc3e"}
{"level": "INFO", "timestamp": "2024-01-05 23:20:23", "message": "UE initialized with ID UE8 at 2024-01-05 23:20:41.269427", "test_id": "e8dec760-c528-4eef-812d-23629b04dc3e"}
{"level": "INFO", "timestamp": "2024-01-05 23:20:23", "message": "UE with ID UE8 added to Cell CX1873 at '2024-01-05 23:20:23'", "test_id": "e8dec760-c528-4eef-812d-23629b04dc3e"}
{"level": "INFO", "timestamp": "2024-01-05 23:20:23", "message": "UE 'UE8' has been attached to Cell 'CX1873' at '2024-01-05 23:20:23'.", "test_id": "e8dec760-c528-4eef-812d-23629b04dc3e"}
{"level": "INFO", "timestamp": "2024-01-05 23:20:23", "message": "UE 'UE8' has been attached to Cell 'CX1873' at '2024-01-05 23:20:23'.", "test_id": "e8dec760-c528-4eef-812d-23629b04dc3e"}
{"level": "INFO", "timestamp": "2024-01-05 23:20:23", "message": "UE initialized with ID UE9 at 2024-01-05 23:20:41.275364", "test_id": "e8dec760-c528-4eef-812d-23629b04dc3e"}
{"level": "INFO", "timestamp": "2024-01-05 23:20:23", "message": "UE with ID UE9 added to Cell CX5103 at '2024-01-05 23:20:23'", "test_id": "e8dec760-c528-4eef-812d-23629b04dc3e"}
{"level": "INFO", "timestamp": "2024-01-05 23:20:23", "message": "UE 'UE9' has been attached to Cell 'CX5103' at '2024-01-05 23:20:23'.", "test_id": "e8dec760-c528-4eef-812d-23629b04dc3e"}
{"level": "INFO", "timestamp": "2024-01-05 23:20:23", "message": "UE 'UE9' has been attached to Cell 'CX5103' at '2024-01-05 23:20:23'.", "test_id": "e8dec760-c528-4eef-812d-23629b04dc3e"}
{"level": "INFO", "timestamp": "2024-01-05 23:20:23", "message": "UE initialized with ID UE10 at 2024-01-05 23:20:41.281153", "test_id": "e8dec760-c528-4eef-812d-23629b04dc3e"}
{"level": "INFO", "timestamp": "2024-01-05 23:20:23", "message": "UE with ID UE10 added to Cell Ax1242 at '2024-01-05 23:20:23'", "test_id": "e8dec760-c528-4eef-812d-23629b04dc3e"}
{"level": "INFO", "timestamp": "2024-01-05 23:20:23", "message": "UE 'UE10' has been attached to Cell 'Ax1242' at '2024-01-05 23:20:23'.", "test_id": "e8dec760-c528-4eef-812d-23629b04dc3e"}
{"level": "INFO", "timestamp": "2024-01-05 23:20:23", "message": "UE 'UE10' has been attached to Cell 'Ax1242' at '2024-01-05 23:20:23'.", "test_id": "e8dec760-c528-4eef-812d-23629b04dc3e"}
{"level": "INFO", "timestamp": "2024-01-05 23:33:01", "message": "UE initialized with ID UE1 at 2024-01-05 23:33:16.568355", "test_id": "bdc408cc-9984-4048-92bf-2fc7c20254f4"}
{"level": "INFO", "timestamp": "2024-01-05 23:33:01", "message": "UE with ID UE1 added to Cell Ax1242 at '2024-01-05 23:33:01'", "test_id": "bdc408cc-9984-4048-92bf-2fc7c20254f4"}
{"level": "INFO", "timestamp": "2024-01-05 23:33:01", "message": "UE 'UE1' has been attached to Cell 'Ax1242' at '2024-01-05 23:33:01'.", "test_id": "bdc408cc-9984-4048-92bf-2fc7c20254f4"}
{"level": "INFO", "timestamp": "2024-01-05 23:33:01", "message": "UE 'UE1' has been attached to Cell 'Ax1242' at '2024-01-05 23:33:01'.", "test_id": "bdc408cc-9984-4048-92bf-2fc7c20254f4"}
{"level": "INFO", "timestamp": "2024-01-05 23:33:01", "message": "UE initialized with ID UE2 at 2024-01-05 23:33:16.576975", "test_id": "bdc408cc-9984-4048-92bf-2fc7c20254f4"}
{"level": "INFO", "timestamp": "2024-01-05 23:33:01", "message": "UE with ID UE2 added to Cell AX1112 at '2024-01-05 23:33:01'", "test_id": "bdc408cc-9984-4048-92bf-2fc7c20254f4"}
{"level": "INFO", "timestamp": "2024-01-05 23:33:01", "message": "UE 'UE2' has been attached to Cell 'AX1112' at '2024-01-05 23:33:01'.", "test_id": "bdc408cc-9984-4048-92bf-2fc7c20254f4"}
{"level": "INFO", "timestamp": "2024-01-05 23:33:01", "message": "UE 'UE2' has been attached to Cell 'AX1112' at '2024-01-05 23:33:01'.", "test_id": "bdc408cc-9984-4048-92bf-2fc7c20254f4"}
{"level": "INFO", "timestamp": "2024-01-05 23:33:01", "message": "UE initialized with ID UE3 at 2024-01-05 23:33:16.583888", "test_id": "bdc408cc-9984-4048-92bf-2fc7c20254f4"}
{"level": "INFO", "timestamp": "2024-01-05 23:33:01", "message": "UE with ID UE3 added to Cell AX9980 at '2024-01-05 23:33:01'", "test_id": "bdc408cc-9984-4048-92bf-2fc7c20254f4"}
{"level": "INFO", "timestamp": "2024-01-05 23:33:01", "message": "UE 'UE3' has been attached to Cell 'AX9980' at '2024-01-05 23:33:01'.", "test_id": "bdc408cc-9984-4048-92bf-2fc7c20254f4"}
{"level": "INFO", "timestamp": "2024-01-05 23:33:01", "message": "UE 'UE3' has been attached to Cell 'AX9980' at '2024-01-05 23:33:01'.", "test_id": "bdc408cc-9984-4048-92bf-2fc7c20254f4"}
{"level": "INFO", "timestamp": "2024-01-05 23:33:01", "message": "UE initialized with ID UE4 at 2024-01-05 23:33:16.589908", "test_id": "bdc408cc-9984-4048-92bf-2fc7c20254f4"}
{"level": "INFO", "timestamp": "2024-01-05 23:33:01", "message": "UE with ID UE4 added to Cell BX1453 at '2024-01-05 23:33:01'", "test_id": "bdc408cc-9984-4048-92bf-2fc7c20254f4"}
{"level": "INFO", "timestamp": "2024-01-05 23:33:01", "message": "UE 'UE4' has been attached to Cell 'BX1453' at '2024-01-05 23:33:01'.", "test_id": "bdc408cc-9984-4048-92bf-2fc7c20254f4"}
{"level": "INFO", "timestamp": "2024-01-05 23:33:01", "message": "UE 'UE4' has been attached to Cell 'BX1453' at '2024-01-05 23:33:01'.", "test_id": "bdc408cc-9984-4048-92bf-2fc7c20254f4"}
{"level": "INFO", "timestamp": "2024-01-05 23:33:01", "message": "UE initialized with ID UE5 at 2024-01-05 23:33:16.596239", "test_id": "bdc408cc-9984-4048-92bf-2fc7c20254f4"}
{"level": "INFO", "timestamp": "2024-01-05 23:33:01", "message": "UE with ID UE5 added to Cell BX1334 at '2024-01-05 23:33:01'", "test_id": "bdc408cc-9984-4048-92bf-2fc7c20254f4"}
{"level": "INFO", "timestamp": "2024-01-05 23:33:01", "message": "UE 'UE5' has been attached to Cell 'BX1334' at '2024-01-05 23:33:01'.", "test_id": "bdc408cc-9984-4048-92bf-2fc7c20254f4"}
{"level": "INFO", "timestamp": "2024-01-05 23:33:01", "message": "UE 'UE5' has been attached to Cell 'BX1334' at '2024-01-05 23:33:01'.", "test_id": "bdc408cc-9984-4048-92bf-2fc7c20254f4"}
{"level": "INFO", "timestamp": "2024-01-05 23:33:01", "message": "UE initialized with ID UE6 at 2024-01-05 23:33:16.602816", "test_id": "bdc408cc-9984-4048-92bf-2fc7c20254f4"}
{"level": "INFO", "timestamp": "2024-01-05 23:33:01", "message": "UE with ID UE6 added to Cell BX1230 at '2024-01-05 23:33:01'", "test_id": "bdc408cc-9984-4048-92bf-2fc7c20254f4"}
{"level": "INFO", "timestamp": "2024-01-05 23:33:01", "message": "UE 'UE6' has been attached to Cell 'BX1230' at '2024-01-05 23:33:01'.", "test_id": "bdc408cc-9984-4048-92bf-2fc7c20254f4"}
{"level": "INFO", "timestamp": "2024-01-05 23:33:01", "message": "UE 'UE6' has been attached to Cell 'BX1230' at '2024-01-05 23:33:01'.", "test_id": "bdc408cc-9984-4048-92bf-2fc7c20254f4"}
{"level": "INFO", "timestamp": "2024-01-05 23:33:01", "message": "UE initialized with ID UE7 at 2024-01-05 23:33:16.608682", "test_id": "bdc408cc-9984-4048-92bf-2fc7c20254f4"}
{"level": "INFO", "timestamp": "2024-01-05 23:33:01", "message": "UE with ID UE7 added to Cell CX1352 at '2024-01-05 23:33:01'", "test_id": "bdc408cc-9984-4048-92bf-2fc7c20254f4"}
{"level": "INFO", "timestamp": "2024-01-05 23:33:01", "message": "UE 'UE7' has been attached to Cell 'CX1352' at '2024-01-05 23:33:01'.", "test_id": "bdc408cc-9984-4048-92bf-2fc7c20254f4"}
{"level": "INFO", "timestamp": "2024-01-05 23:33:01", "message": "UE 'UE7' has been attached to Cell 'CX1352' at '2024-01-05 23:33:01'.", "test_id": "bdc408cc-9984-4048-92bf-2fc7c20254f4"}
{"level": "INFO", "timestamp": "2024-01-05 23:33:01", "message": "UE initialized with ID UE8 at 2024-01-05 23:33:16.614618", "test_id": "bdc408cc-9984-4048-92bf-2fc7c20254f4"}
{"level": "INFO", "timestamp": "2024-01-05 23:33:01", "message": "UE with ID UE8 added to Cell CX1873 at '2024-01-05 23:33:01'", "test_id": "bdc408cc-9984-4048-92bf-2fc7c20254f4"}
{"level": "INFO", "timestamp": "2024-01-05 23:33:01", "message": "UE 'UE8' has been attached to Cell 'CX1873' at '2024-01-05 23:33:01'.", "test_id": "bdc408cc-9984-4048-92bf-2fc7c20254f4"}
{"level": "INFO", "timestamp": "2024-01-05 23:33:01", "message": "UE 'UE8' has been attached to Cell 'CX1873' at '2024-01-05 23:33:01'.", "test_id": "bdc408cc-9984-4048-92bf-2fc7c20254f4"}
{"level": "INFO", "timestamp": "2024-01-05 23:33:01", "message": "UE initialized with ID UE9 at 2024-01-05 23:33:16.620592", "test_id": "bdc408cc-9984-4048-92bf-2fc7c20254f4"}
{"level": "INFO", "timestamp": "2024-01-05 23:33:01", "message": "UE with ID UE9 added to Cell CX5103 at '2024-01-05 23:33:01'", "test_id": "bdc408cc-9984-4048-92bf-2fc7c20254f4"}
{"level": "INFO", "timestamp": "2024-01-05 23:33:01", "message": "UE 'UE9' has been attached to Cell 'CX5103' at '2024-01-05 23:33:01'.", "test_id": "bdc408cc-9984-4048-92bf-2fc7c20254f4"}
{"level": "INFO", "timestamp": "2024-01-05 23:33:01", "message": "UE 'UE9' has been attached to Cell 'CX5103' at '2024-01-05 23:33:01'.", "test_id": "bdc408cc-9984-4048-92bf-2fc7c20254f4"}
{"level": "INFO", "timestamp": "2024-01-05 23:33:01", "message": "UE initialized with ID UE10 at 2024-01-05 23:33:16.626473", "test_id": "bdc408cc-9984-4048-92bf-2fc7c20254f4"}
{"level": "INFO", "timestamp": "2024-01-05 23:33:01", "message": "UE with ID UE10 added to Cell Ax1242 at '2024-01-05 23:33:01'", "test_id": "bdc408cc-9984-4048-92bf-2fc7c20254f4"}
{"level": "INFO", "timestamp": "2024-01-05 23:33:01", "message": "UE 'UE10' has been attached to Cell 'Ax1242' at '2024-01-05 23:33:01'.", "test_id": "bdc408cc-9984-4048-92bf-2fc7c20254f4"}
{"level": "INFO", "timestamp": "2024-01-05 23:33:01", "message": "UE 'UE10' has been attached to Cell 'Ax1242' at '2024-01-05 23:33:01'.", "test_id": "bdc408cc-9984-4048-92bf-2fc7c20254f4"}
{"level": "INFO", "timestamp": "2024-01-05 23:36:49", "message": "UE initialized with ID UE1 at 2024-01-05 23:37:04.535738", "test_id": "6ccaf092-f839-47c4-a160-056c3106776c"}
{"level": "INFO", "timestamp": "2024-01-05 23:36:49", "message": "UE with ID UE1 added to Cell Ax1242 at '2024-01-05 23:36:49'", "test_id": "6ccaf092-f839-47c4-a160-056c3106776c"}
{"level": "INFO", "timestamp": "2024-01-05 23:36:49", "message": "UE 'UE1' has been attached to Cell 'Ax1242' at '2024-01-05 23:36:49'.", "test_id": "6ccaf092-f839-47c4-a160-056c3106776c"}
{"level": "INFO", "timestamp": "2024-01-05 23:36:49", "message": "UE 'UE1' has been attached to Cell 'Ax1242' at '2024-01-05 23:36:49'.", "test_id": "6ccaf092-f839-47c4-a160-056c3106776c"}
{"level": "INFO", "timestamp": "2024-01-05 23:36:49", "message": "UE initialized with ID UE2 at 2024-01-05 23:37:04.544607", "test_id": "6ccaf092-f839-47c4-a160-056c3106776c"}
{"level": "INFO", "timestamp": "2024-01-05 23:36:49", "message": "UE with ID UE2 added to Cell AX1112 at '2024-01-05 23:36:49'", "test_id": "6ccaf092-f839-47c4-a160-056c3106776c"}
{"level": "INFO", "timestamp": "2024-01-05 23:36:49", "message": "UE 'UE2' has been attached to Cell 'AX1112' at '2024-01-05 23:36:49'.", "test_id": "6ccaf092-f839-47c4-a160-056c3106776c"}
{"level": "INFO", "timestamp": "2024-01-05 23:36:49", "message": "UE 'UE2' has been attached to Cell 'AX1112' at '2024-01-05 23:36:49'.", "test_id": "6ccaf092-f839-47c4-a160-056c3106776c"}
{"level": "INFO", "timestamp": "2024-01-05 23:36:49", "message": "UE initialized with ID UE3 at 2024-01-05 23:37:04.550967", "test_id": "6ccaf092-f839-47c4-a160-056c3106776c"}
{"level": "INFO", "timestamp": "2024-01-05 23:36:49", "message": "UE with ID UE3 added to Cell AX9980 at '2024-01-05 23:36:49'", "test_id": "6ccaf092-f839-47c4-a160-056c3106776c"}
{"level": "INFO", "timestamp": "2024-01-05 23:36:49", "message": "UE 'UE3' has been attached to Cell 'AX9980' at '2024-01-05 23:36:49'.", "test_id": "6ccaf092-f839-47c4-a160-056c3106776c"}
{"level": "INFO", "timestamp": "2024-01-05 23:36:49", "message": "UE 'UE3' has been attached to Cell 'AX9980' at '2024-01-05 23:36:49'.", "test_id": "6ccaf092-f839-47c4-a160-056c3106776c"}
{"level": "INFO", "timestamp": "2024-01-05 23:36:49", "message": "UE initialized with ID UE4 at 2024-01-05 23:37:04.557445", "test_id": "6ccaf092-f839-47c4-a160-056c3106776c"}
{"level": "INFO", "timestamp": "2024-01-05 23:36:49", "message": "UE with ID UE4 added to Cell BX1453 at '2024-01-05 23:36:49'", "test_id": "6ccaf092-f839-47c4-a160-056c3106776c"}
{"level": "INFO", "timestamp": "2024-01-05 23:36:49", "message": "UE 'UE4' has been attached to Cell 'BX1453' at '2024-01-05 23:36:49'.", "test_id": "6ccaf092-f839-47c4-a160-056c3106776c"}
{"level": "INFO", "timestamp": "2024-01-05 23:36:49", "message": "UE 'UE4' has been attached to Cell 'BX1453' at '2024-01-05 23:36:49'.", "test_id": "6ccaf092-f839-47c4-a160-056c3106776c"}
{"level": "INFO", "timestamp": "2024-01-05 23:36:49", "message": "UE initialized with ID UE5 at 2024-01-05 23:37:04.563688", "test_id": "6ccaf092-f839-47c4-a160-056c3106776c"}
{"level": "INFO", "timestamp": "2024-01-05 23:36:49", "message": "UE with ID UE5 added to Cell BX1334 at '2024-01-05 23:36:49'", "test_id": "6ccaf092-f839-47c4-a160-056c3106776c"}
{"level": "INFO", "timestamp": "2024-01-05 23:36:49", "message": "UE 'UE5' has been attached to Cell 'BX1334' at '2024-01-05 23:36:49'.", "test_id": "6ccaf092-f839-47c4-a160-056c3106776c"}
{"level": "INFO", "timestamp": "2024-01-05 23:36:49", "message": "UE 'UE5' has been attached to Cell 'BX1334' at '2024-01-05 23:36:49'.", "test_id": "6ccaf092-f839-47c4-a160-056c3106776c"}
{"level": "INFO", "timestamp": "2024-01-05 23:36:49", "message": "UE initialized with ID UE6 at 2024-01-05 23:37:04.570230", "test_id": "6ccaf092-f839-47c4-a160-056c3106776c"}
{"level": "INFO", "timestamp": "2024-01-05 23:36:49", "message": "UE with ID UE6 added to Cell BX1230 at '2024-01-05 23:36:49'", "test_id": "6ccaf092-f839-47c4-a160-056c3106776c"}
{"level": "INFO", "timestamp": "2024-01-05 23:36:49", "message": "UE 'UE6' has been attached to Cell 'BX1230' at '2024-01-05 23:36:49'.", "test_id": "6ccaf092-f839-47c4-a160-056c3106776c"}
{"level": "INFO", "timestamp": "2024-01-05 23:36:49", "message": "UE 'UE6' has been attached to Cell 'BX1230' at '2024-01-05 23:36:49'.", "test_id": "6ccaf092-f839-47c4-a160-056c3106776c"}
{"level": "INFO", "timestamp": "2024-01-05 23:36:49", "message": "UE initialized with ID UE7 at 2024-01-05 23:37:04.576798", "test_id": "6ccaf092-f839-47c4-a160-056c3106776c"}
{"level": "INFO", "timestamp": "2024-01-05 23:36:49", "message": "UE with ID UE7 added to Cell CX1352 at '2024-01-05 23:36:49'", "test_id": "6ccaf092-f839-47c4-a160-056c3106776c"}
{"level": "INFO", "timestamp": "2024-01-05 23:36:49", "message": "UE 'UE7' has been attached to Cell 'CX1352' at '2024-01-05 23:36:49'.", "test_id": "6ccaf092-f839-47c4-a160-056c3106776c"}
{"level": "INFO", "timestamp": "2024-01-05 23:36:49", "message": "UE 'UE7' has been attached to Cell 'CX1352' at '2024-01-05 23:36:49'.", "test_id": "6ccaf092-f839-47c4-a160-056c3106776c"}
{"level": "INFO", "timestamp": "2024-01-05 23:36:49", "message": "UE initialized with ID UE8 at 2024-01-05 23:37:04.582596", "test_id": "6ccaf092-f839-47c4-a160-056c3106776c"}
{"level": "INFO", "timestamp": "2024-01-05 23:36:49", "message": "UE with ID UE8 added to Cell CX1873 at '2024-01-05 23:36:49'", "test_id": "6ccaf092-f839-47c4-a160-056c3106776c"}
{"level": "INFO", "timestamp": "2024-01-05 23:36:49", "message": "UE 'UE8' has been attached to Cell 'CX1873' at '2024-01-05 23:36:49'.", "test_id": "6ccaf092-f839-47c4-a160-056c3106776c"}
{"level": "INFO", "timestamp": "2024-01-05 23:36:49", "message": "UE 'UE8' has been attached to Cell 'CX1873' at '2024-01-05 23:36:49'.", "test_id": "6ccaf092-f839-47c4-a160-056c3106776c"}
{"level": "INFO", "timestamp": "2024-01-05 23:36:49", "message": "UE initialized with ID UE9 at 2024-01-05 23:37:04.588112", "test_id": "6ccaf092-f839-47c4-a160-056c3106776c"}
{"level": "INFO", "timestamp": "2024-01-05 23:36:49", "message": "UE with ID UE9 added to Cell CX5103 at '2024-01-05 23:36:49'", "test_id": "6ccaf092-f839-47c4-a160-056c3106776c"}
{"level": "INFO", "timestamp": "2024-01-05 23:36:49", "message": "UE 'UE9' has been attached to Cell 'CX5103' at '2024-01-05 23:36:49'.", "test_id": "6ccaf092-f839-47c4-a160-056c3106776c"}
{"level": "INFO", "timestamp": "2024-01-05 23:36:49", "message": "UE 'UE9' has been attached to Cell 'CX5103' at '2024-01-05 23:36:49'.", "test_id": "6ccaf092-f839-47c4-a160-056c3106776c"}
{"level": "INFO", "timestamp": "2024-01-05 23:36:49", "message": "UE initialized with ID UE10 at 2024-01-05 23:37:04.594094", "test_id": "6ccaf092-f839-47c4-a160-056c3106776c"}
{"level": "INFO", "timestamp": "2024-01-05 23:36:49", "message": "UE with ID UE10 added to Cell Ax1242 at '2024-01-05 23:36:49'", "test_id": "6ccaf092-f839-47c4-a160-056c3106776c"}
{"level": "INFO", "timestamp": "2024-01-05 23:36:49", "message": "UE 'UE10' has been attached to Cell 'Ax1242' at '2024-01-05 23:36:49'.", "test_id": "6ccaf092-f839-47c4-a160-056c3106776c"}
{"level": "INFO", "timestamp": "2024-01-05 23:36:49", "message": "UE 'UE10' has been attached to Cell 'Ax1242' at '2024-01-05 23:36:49'.", "test_id": "6ccaf092-f839-47c4-a160-056c3106776c"}
